
===========================================================================
report_checks -unconstrained
===========================================================================
======================= Typical Corner ===================================

Startpoint: binv (input port clocked by fake_clk)
Endpoint: zero (output port clocked by fake_clk)
Path Group: fake_clk
Path Type: max

Fanout     Cap    Slew   Delay    Time   Description
-----------------------------------------------------------------------------
                  0.15    0.00    0.00   clock fake_clk (rise edge)
                          0.00    0.00   clock network delay (ideal)
                          2.00    2.00 ^ input external delay
    32    0.15    0.70    0.51    2.51 ^ binv (in)
                                         binv (net)
                  0.70    0.00    2.51 ^ _1410_/S (sky130_fd_sc_hd__mux2_1)
     4    0.01    0.09    0.45    2.95 v _1410_/X (sky130_fd_sc_hd__mux2_1)
                                         _0084_ (net)
                  0.09    0.00    2.95 v _1406_/A (sky130_fd_sc_hd__xor2_1)
     2    0.01    0.07    0.19    3.15 v _1406_/X (sky130_fd_sc_hd__xor2_1)
                                         _0090_ (net)
                  0.07    0.00    3.15 v _1407_/B (sky130_fd_sc_hd__and2_0)
     1    0.00    0.03    0.15    3.30 v _1407_/X (sky130_fd_sc_hd__and2_0)
                                         _0087_ (net)
                  0.03    0.00    3.30 v _1404_/SLEEP (sky130_fd_sc_hd__lpflow_inputiso1p_1)
     2    0.01    0.07    0.25    3.56 v _1404_/X (sky130_fd_sc_hd__lpflow_inputiso1p_1)
                                         _0088_ (net)
                  0.07    0.00    3.56 v _1575_/A (sky130_fd_sc_hd__and2_0)
     1    0.00    0.03    0.14    3.69 v _1575_/X (sky130_fd_sc_hd__and2_0)
                                         _0579_ (net)
                  0.03    0.00    3.69 v _1572_/SLEEP (sky130_fd_sc_hd__lpflow_inputiso1p_1)
     2    0.01    0.07    0.25    3.95 v _1572_/X (sky130_fd_sc_hd__lpflow_inputiso1p_1)
                                         _0580_ (net)
                  0.07    0.00    3.95 v _1729_/A (sky130_fd_sc_hd__and2_0)
     1    0.00    0.03    0.14    4.08 v _1729_/X (sky130_fd_sc_hd__and2_0)
                                         _1030_ (net)
                  0.03    0.00    4.08 v _1726_/SLEEP (sky130_fd_sc_hd__lpflow_inputiso1p_1)
     2    0.01    0.07    0.25    4.33 v _1726_/X (sky130_fd_sc_hd__lpflow_inputiso1p_1)
                                         _1031_ (net)
                  0.07    0.00    4.33 v _1757_/A (sky130_fd_sc_hd__and2_0)
     1    0.00    0.03    0.14    4.47 v _1757_/X (sky130_fd_sc_hd__and2_0)
                                         _1112_ (net)
                  0.03    0.00    4.47 v _1754_/SLEEP (sky130_fd_sc_hd__lpflow_inputiso1p_1)
     2    0.01    0.07    0.25    4.72 v _1754_/X (sky130_fd_sc_hd__lpflow_inputiso1p_1)
                                         _1113_ (net)
                  0.07    0.00    4.72 v _1771_/A (sky130_fd_sc_hd__and2_0)
     1    0.00    0.03    0.14    4.86 v _1771_/X (sky130_fd_sc_hd__and2_0)
                                         _1153_ (net)
                  0.03    0.00    4.86 v _1768_/SLEEP (sky130_fd_sc_hd__lpflow_inputiso1p_1)
     2    0.01    0.06    0.25    5.11 v _1768_/X (sky130_fd_sc_hd__lpflow_inputiso1p_1)
                                         _1154_ (net)
                  0.06    0.00    5.11 v _1785_/A (sky130_fd_sc_hd__and2_0)
     1    0.00    0.03    0.13    5.25 v _1785_/X (sky130_fd_sc_hd__and2_0)
                                         _1194_ (net)
                  0.03    0.00    5.25 v _1782_/SLEEP (sky130_fd_sc_hd__lpflow_inputiso1p_1)
     2    0.01    0.07    0.25    5.50 v _1782_/X (sky130_fd_sc_hd__lpflow_inputiso1p_1)
                                         _1195_ (net)
                  0.07    0.00    5.50 v _1799_/A (sky130_fd_sc_hd__and2_0)
     1    0.00    0.03    0.14    5.63 v _1799_/X (sky130_fd_sc_hd__and2_0)
                                         _1235_ (net)
                  0.03    0.00    5.63 v _1796_/SLEEP (sky130_fd_sc_hd__lpflow_inputiso1p_1)
     2    0.01    0.06    0.25    5.89 v _1796_/X (sky130_fd_sc_hd__lpflow_inputiso1p_1)
                                         _1236_ (net)
                  0.06    0.00    5.89 v _1813_/A (sky130_fd_sc_hd__and2_0)
     1    0.00    0.03    0.13    6.02 v _1813_/X (sky130_fd_sc_hd__and2_0)
                                         _1276_ (net)
                  0.03    0.00    6.02 v _1810_/SLEEP (sky130_fd_sc_hd__lpflow_inputiso1p_1)
     2    0.01    0.07    0.25    6.27 v _1810_/X (sky130_fd_sc_hd__lpflow_inputiso1p_1)
                                         _1277_ (net)
                  0.07    0.00    6.27 v _1827_/A (sky130_fd_sc_hd__and2_0)
     1    0.00    0.03    0.13    6.41 v _1827_/X (sky130_fd_sc_hd__and2_0)
                                         _1317_ (net)
                  0.03    0.00    6.41 v _1824_/SLEEP (sky130_fd_sc_hd__lpflow_inputiso1p_1)
     2    0.01    0.07    0.26    6.66 v _1824_/X (sky130_fd_sc_hd__lpflow_inputiso1p_1)
                                         _1318_ (net)
                  0.07    0.00    6.66 v _1841_/A (sky130_fd_sc_hd__and2_0)
     1    0.00    0.03    0.14    6.80 v _1841_/X (sky130_fd_sc_hd__and2_0)
                                         _1358_ (net)
                  0.03    0.00    6.80 v _1838_/SLEEP (sky130_fd_sc_hd__lpflow_inputiso1p_1)
     2    0.01    0.07    0.25    7.05 v _1838_/X (sky130_fd_sc_hd__lpflow_inputiso1p_1)
                                         _0178_ (net)
                  0.07    0.00    7.05 v _1435_/A (sky130_fd_sc_hd__and2_0)
     1    0.00    0.03    0.14    7.19 v _1435_/X (sky130_fd_sc_hd__and2_0)
                                         _0169_ (net)
                  0.03    0.00    7.19 v _1432_/SLEEP (sky130_fd_sc_hd__lpflow_inputiso1p_1)
     2    0.01    0.07    0.25    7.44 v _1432_/X (sky130_fd_sc_hd__lpflow_inputiso1p_1)
                                         _0170_ (net)
                  0.07    0.00    7.44 v _1449_/A (sky130_fd_sc_hd__and2_0)
     1    0.00    0.03    0.14    7.58 v _1449_/X (sky130_fd_sc_hd__and2_0)
                                         _0210_ (net)
                  0.03    0.00    7.58 v _1446_/SLEEP (sky130_fd_sc_hd__lpflow_inputiso1p_1)
     2    0.01    0.07    0.25    7.83 v _1446_/X (sky130_fd_sc_hd__lpflow_inputiso1p_1)
                                         _0211_ (net)
                  0.07    0.00    7.83 v _1463_/A (sky130_fd_sc_hd__and2_0)
     1    0.00    0.03    0.14    7.96 v _1463_/X (sky130_fd_sc_hd__and2_0)
                                         _0251_ (net)
                  0.03    0.00    7.96 v _1460_/SLEEP (sky130_fd_sc_hd__lpflow_inputiso1p_1)
     2    0.01    0.06    0.25    8.22 v _1460_/X (sky130_fd_sc_hd__lpflow_inputiso1p_1)
                                         _0252_ (net)
                  0.06    0.00    8.22 v _1477_/A (sky130_fd_sc_hd__and2_0)
     1    0.00    0.03    0.13    8.35 v _1477_/X (sky130_fd_sc_hd__and2_0)
                                         _0292_ (net)
                  0.03    0.00    8.35 v _1474_/SLEEP (sky130_fd_sc_hd__lpflow_inputiso1p_1)
     2    0.01    0.07    0.25    8.60 v _1474_/X (sky130_fd_sc_hd__lpflow_inputiso1p_1)
                                         _0293_ (net)
                  0.07    0.00    8.60 v _1491_/A (sky130_fd_sc_hd__and2_0)
     1    0.00    0.03    0.14    8.74 v _1491_/X (sky130_fd_sc_hd__and2_0)
                                         _0333_ (net)
                  0.03    0.00    8.74 v _1488_/SLEEP (sky130_fd_sc_hd__lpflow_inputiso1p_1)
     2    0.01    0.07    0.25    8.99 v _1488_/X (sky130_fd_sc_hd__lpflow_inputiso1p_1)
                                         _0334_ (net)
                  0.07    0.00    8.99 v _1505_/A (sky130_fd_sc_hd__and2_0)
     1    0.00    0.03    0.13    9.12 v _1505_/X (sky130_fd_sc_hd__and2_0)
                                         _0374_ (net)
                  0.03    0.00    9.12 v _1502_/SLEEP (sky130_fd_sc_hd__lpflow_inputiso1p_1)
     2    0.01    0.06    0.25    9.37 v _1502_/X (sky130_fd_sc_hd__lpflow_inputiso1p_1)
                                         _0375_ (net)
                  0.06    0.00    9.37 v _1519_/A (sky130_fd_sc_hd__and2_0)
     1    0.00    0.03    0.13    9.51 v _1519_/X (sky130_fd_sc_hd__and2_0)
                                         _0415_ (net)
                  0.03    0.00    9.51 v _1516_/SLEEP (sky130_fd_sc_hd__lpflow_inputiso1p_1)
     2    0.01    0.07    0.25    9.76 v _1516_/X (sky130_fd_sc_hd__lpflow_inputiso1p_1)
                                         _0416_ (net)
                  0.07    0.00    9.76 v _1533_/A (sky130_fd_sc_hd__and2_0)
     1    0.00    0.03    0.14    9.90 v _1533_/X (sky130_fd_sc_hd__and2_0)
                                         _0456_ (net)
                  0.03    0.00    9.90 v _1530_/SLEEP (sky130_fd_sc_hd__lpflow_inputiso1p_1)
     2    0.01    0.06    0.25   10.15 v _1530_/X (sky130_fd_sc_hd__lpflow_inputiso1p_1)
                                         _0457_ (net)
                  0.06    0.00   10.15 v _1547_/A (sky130_fd_sc_hd__and2_0)
     1    0.00    0.03    0.13   10.28 v _1547_/X (sky130_fd_sc_hd__and2_0)
                                         _0497_ (net)
                  0.03    0.00   10.28 v _1544_/SLEEP (sky130_fd_sc_hd__lpflow_inputiso1p_1)
     2    0.01    0.06    0.25   10.53 v _1544_/X (sky130_fd_sc_hd__lpflow_inputiso1p_1)
                                         _0498_ (net)
                  0.06    0.00   10.53 v _1561_/A (sky130_fd_sc_hd__and2_0)
     1    0.00    0.03    0.14   10.67 v _1561_/X (sky130_fd_sc_hd__and2_0)
                                         _0538_ (net)
                  0.03    0.00   10.67 v _1558_/SLEEP (sky130_fd_sc_hd__lpflow_inputiso1p_1)
     2    0.01    0.07    0.25   10.92 v _1558_/X (sky130_fd_sc_hd__lpflow_inputiso1p_1)
                                         _0539_ (net)
                  0.07    0.00   10.92 v _1589_/A (sky130_fd_sc_hd__and2_0)
     1    0.00    0.03    0.13   11.05 v _1589_/X (sky130_fd_sc_hd__and2_0)
                                         _0620_ (net)
                  0.03    0.00   11.05 v _1586_/SLEEP (sky130_fd_sc_hd__lpflow_inputiso1p_1)
     2    0.01    0.07    0.25   11.31 v _1586_/X (sky130_fd_sc_hd__lpflow_inputiso1p_1)
                                         _0621_ (net)
                  0.07    0.00   11.31 v _1603_/A (sky130_fd_sc_hd__and2_0)
     1    0.00    0.03    0.14   11.44 v _1603_/X (sky130_fd_sc_hd__and2_0)
                                         _0661_ (net)
                  0.03    0.00   11.44 v _1600_/SLEEP (sky130_fd_sc_hd__lpflow_inputiso1p_1)
     2    0.01    0.07    0.25   11.70 v _1600_/X (sky130_fd_sc_hd__lpflow_inputiso1p_1)
                                         _0662_ (net)
                  0.07    0.00   11.70 v _1617_/A (sky130_fd_sc_hd__and2_0)
     1    0.00    0.03    0.14   11.84 v _1617_/X (sky130_fd_sc_hd__and2_0)
                                         _0702_ (net)
                  0.03    0.00   11.84 v _1614_/SLEEP (sky130_fd_sc_hd__lpflow_inputiso1p_1)
     2    0.01    0.07    0.25   12.09 v _1614_/X (sky130_fd_sc_hd__lpflow_inputiso1p_1)
                                         _0703_ (net)
                  0.07    0.00   12.09 v _1631_/A (sky130_fd_sc_hd__and2_0)
     1    0.00    0.03    0.14   12.22 v _1631_/X (sky130_fd_sc_hd__and2_0)
                                         _0743_ (net)
                  0.03    0.00   12.22 v _1628_/SLEEP (sky130_fd_sc_hd__lpflow_inputiso1p_1)
     2    0.01    0.06    0.25   12.47 v _1628_/X (sky130_fd_sc_hd__lpflow_inputiso1p_1)
                                         _0744_ (net)
                  0.06    0.00   12.48 v _1645_/A (sky130_fd_sc_hd__and2_0)
     1    0.00    0.03    0.13   12.61 v _1645_/X (sky130_fd_sc_hd__and2_0)
                                         _0784_ (net)
                  0.03    0.00   12.61 v _1642_/SLEEP (sky130_fd_sc_hd__lpflow_inputiso1p_1)
     2    0.01    0.06    0.25   12.86 v _1642_/X (sky130_fd_sc_hd__lpflow_inputiso1p_1)
                                         _0785_ (net)
                  0.06    0.00   12.86 v _1659_/A (sky130_fd_sc_hd__and2_0)
     1    0.00    0.03    0.13   13.00 v _1659_/X (sky130_fd_sc_hd__and2_0)
                                         _0825_ (net)
                  0.03    0.00   13.00 v _1656_/SLEEP (sky130_fd_sc_hd__lpflow_inputiso1p_1)
     2    0.01    0.07    0.25   13.25 v _1656_/X (sky130_fd_sc_hd__lpflow_inputiso1p_1)
                                         _0826_ (net)
                  0.07    0.00   13.25 v _1673_/A (sky130_fd_sc_hd__and2_0)
     1    0.00    0.03    0.14   13.38 v _1673_/X (sky130_fd_sc_hd__and2_0)
                                         _0866_ (net)
                  0.03    0.00   13.38 v _1670_/SLEEP (sky130_fd_sc_hd__lpflow_inputiso1p_1)
     2    0.01    0.07    0.25   13.63 v _1670_/X (sky130_fd_sc_hd__lpflow_inputiso1p_1)
                                         _0867_ (net)
                  0.07    0.00   13.63 v _1687_/A (sky130_fd_sc_hd__and2_0)
     1    0.00    0.03    0.14   13.77 v _1687_/X (sky130_fd_sc_hd__and2_0)
                                         _0907_ (net)
                  0.03    0.00   13.77 v _1684_/SLEEP (sky130_fd_sc_hd__lpflow_inputiso1p_1)
     2    0.01    0.07    0.25   14.02 v _1684_/X (sky130_fd_sc_hd__lpflow_inputiso1p_1)
                                         _0908_ (net)
                  0.07    0.00   14.02 v _1701_/A (sky130_fd_sc_hd__and2_0)
     1    0.00    0.03    0.14   14.16 v _1701_/X (sky130_fd_sc_hd__and2_0)
                                         _0948_ (net)
                  0.03    0.00   14.16 v _1698_/SLEEP (sky130_fd_sc_hd__lpflow_inputiso1p_1)
     2    0.01    0.07    0.25   14.41 v _1698_/X (sky130_fd_sc_hd__lpflow_inputiso1p_1)
                                         _0949_ (net)
                  0.07    0.00   14.41 v _1715_/A (sky130_fd_sc_hd__and2_0)
     1    0.00    0.03    0.14   14.55 v _1715_/X (sky130_fd_sc_hd__and2_0)
                                         _0989_ (net)
                  0.03    0.00   14.55 v _1712_/SLEEP (sky130_fd_sc_hd__lpflow_inputiso1p_1)
     2    0.01    0.07    0.25   14.80 v _1712_/X (sky130_fd_sc_hd__lpflow_inputiso1p_1)
                                         _0990_ (net)
                  0.07    0.00   14.80 v _1743_/A (sky130_fd_sc_hd__and2_0)
     1    0.00    0.03    0.14   14.93 v _1743_/X (sky130_fd_sc_hd__and2_0)
                                         _1071_ (net)
                  0.03    0.00   14.93 v _1740_/SLEEP (sky130_fd_sc_hd__lpflow_inputiso1p_1)
     3    0.01    0.08    0.28   15.21 v _1740_/X (sky130_fd_sc_hd__lpflow_inputiso1p_1)
                                         _0030_ (net)
                  0.08    0.00   15.21 v _1422_/A (sky130_fd_sc_hd__xor2_1)
     2    0.00    0.07    0.19   15.40 v _1422_/X (sky130_fd_sc_hd__xor2_1)
                                         _0108_ (net)
                  0.07    0.00   15.40 v _1411_/A1 (sky130_fd_sc_hd__mux2_1)
     1    0.00    0.06    0.31   15.71 v _1411_/X (sky130_fd_sc_hd__mux2_1)
                                         _0105_ (net)
                  0.06    0.00   15.71 v _1412_/A1 (sky130_fd_sc_hd__mux2_1)
     2    0.00    0.06    0.32   16.03 v _1412_/X (sky130_fd_sc_hd__mux2_1)
                                         _0043_ (net)
                  0.06    0.00   16.03 v _1395_/A (sky130_fd_sc_hd__nor4_1)
     1    0.00    0.29    0.34   16.37 ^ _1395_/Y (sky130_fd_sc_hd__nor4_1)
                                         _0039_ (net)
                  0.29    0.00   16.37 ^ _1397_/C (sky130_fd_sc_hd__nand4_1)
     1    0.00    0.10    0.13   16.50 v _1397_/Y (sky130_fd_sc_hd__nand4_1)
                                         _0041_ (net)
                  0.10    0.00   16.50 v _1398_/B (sky130_fd_sc_hd__nor2_1)
     1    0.04    0.65    0.55   17.05 ^ _1398_/Y (sky130_fd_sc_hd__nor2_1)
                                         zero (net)
                  0.65    0.00   17.05 ^ zero (out)
                                 17.05   data arrival time

                  0.15   10.00   10.00   clock fake_clk (rise edge)
                          0.00   10.00   clock network delay (ideal)
                         -0.25    9.75   clock uncertainty
                          0.00    9.75   clock reconvergence pessimism
                         -2.00    7.75   output external delay
                                  7.75   data required time
-----------------------------------------------------------------------------
                                  7.75   data required time
                                -17.05   data arrival time
-----------------------------------------------------------------------------
                                 -9.30   slack (VIOLATED)




===========================================================================
report_checks --slack_max -0.01
============================================================================
======================= Typical Corner ===================================

Startpoint: binv (input port clocked by fake_clk)
Endpoint: zero (output port clocked by fake_clk)
Path Group: fake_clk
Path Type: max

Fanout     Cap    Slew   Delay    Time   Description
-----------------------------------------------------------------------------
                  0.15    0.00    0.00   clock fake_clk (rise edge)
                          0.00    0.00   clock network delay (ideal)
                          2.00    2.00 ^ input external delay
    32    0.15    0.70    0.51    2.51 ^ binv (in)
                                         binv (net)
                  0.70    0.00    2.51 ^ _1410_/S (sky130_fd_sc_hd__mux2_1)
     4    0.01    0.09    0.45    2.95 v _1410_/X (sky130_fd_sc_hd__mux2_1)
                                         _0084_ (net)
                  0.09    0.00    2.95 v _1406_/A (sky130_fd_sc_hd__xor2_1)
     2    0.01    0.07    0.19    3.15 v _1406_/X (sky130_fd_sc_hd__xor2_1)
                                         _0090_ (net)
                  0.07    0.00    3.15 v _1407_/B (sky130_fd_sc_hd__and2_0)
     1    0.00    0.03    0.15    3.30 v _1407_/X (sky130_fd_sc_hd__and2_0)
                                         _0087_ (net)
                  0.03    0.00    3.30 v _1404_/SLEEP (sky130_fd_sc_hd__lpflow_inputiso1p_1)
     2    0.01    0.07    0.25    3.56 v _1404_/X (sky130_fd_sc_hd__lpflow_inputiso1p_1)
                                         _0088_ (net)
                  0.07    0.00    3.56 v _1575_/A (sky130_fd_sc_hd__and2_0)
     1    0.00    0.03    0.14    3.69 v _1575_/X (sky130_fd_sc_hd__and2_0)
                                         _0579_ (net)
                  0.03    0.00    3.69 v _1572_/SLEEP (sky130_fd_sc_hd__lpflow_inputiso1p_1)
     2    0.01    0.07    0.25    3.95 v _1572_/X (sky130_fd_sc_hd__lpflow_inputiso1p_1)
                                         _0580_ (net)
                  0.07    0.00    3.95 v _1729_/A (sky130_fd_sc_hd__and2_0)
     1    0.00    0.03    0.14    4.08 v _1729_/X (sky130_fd_sc_hd__and2_0)
                                         _1030_ (net)
                  0.03    0.00    4.08 v _1726_/SLEEP (sky130_fd_sc_hd__lpflow_inputiso1p_1)
     2    0.01    0.07    0.25    4.33 v _1726_/X (sky130_fd_sc_hd__lpflow_inputiso1p_1)
                                         _1031_ (net)
                  0.07    0.00    4.33 v _1757_/A (sky130_fd_sc_hd__and2_0)
     1    0.00    0.03    0.14    4.47 v _1757_/X (sky130_fd_sc_hd__and2_0)
                                         _1112_ (net)
                  0.03    0.00    4.47 v _1754_/SLEEP (sky130_fd_sc_hd__lpflow_inputiso1p_1)
     2    0.01    0.07    0.25    4.72 v _1754_/X (sky130_fd_sc_hd__lpflow_inputiso1p_1)
                                         _1113_ (net)
                  0.07    0.00    4.72 v _1771_/A (sky130_fd_sc_hd__and2_0)
     1    0.00    0.03    0.14    4.86 v _1771_/X (sky130_fd_sc_hd__and2_0)
                                         _1153_ (net)
                  0.03    0.00    4.86 v _1768_/SLEEP (sky130_fd_sc_hd__lpflow_inputiso1p_1)
     2    0.01    0.06    0.25    5.11 v _1768_/X (sky130_fd_sc_hd__lpflow_inputiso1p_1)
                                         _1154_ (net)
                  0.06    0.00    5.11 v _1785_/A (sky130_fd_sc_hd__and2_0)
     1    0.00    0.03    0.13    5.25 v _1785_/X (sky130_fd_sc_hd__and2_0)
                                         _1194_ (net)
                  0.03    0.00    5.25 v _1782_/SLEEP (sky130_fd_sc_hd__lpflow_inputiso1p_1)
     2    0.01    0.07    0.25    5.50 v _1782_/X (sky130_fd_sc_hd__lpflow_inputiso1p_1)
                                         _1195_ (net)
                  0.07    0.00    5.50 v _1799_/A (sky130_fd_sc_hd__and2_0)
     1    0.00    0.03    0.14    5.63 v _1799_/X (sky130_fd_sc_hd__and2_0)
                                         _1235_ (net)
                  0.03    0.00    5.63 v _1796_/SLEEP (sky130_fd_sc_hd__lpflow_inputiso1p_1)
     2    0.01    0.06    0.25    5.89 v _1796_/X (sky130_fd_sc_hd__lpflow_inputiso1p_1)
                                         _1236_ (net)
                  0.06    0.00    5.89 v _1813_/A (sky130_fd_sc_hd__and2_0)
     1    0.00    0.03    0.13    6.02 v _1813_/X (sky130_fd_sc_hd__and2_0)
                                         _1276_ (net)
                  0.03    0.00    6.02 v _1810_/SLEEP (sky130_fd_sc_hd__lpflow_inputiso1p_1)
     2    0.01    0.07    0.25    6.27 v _1810_/X (sky130_fd_sc_hd__lpflow_inputiso1p_1)
                                         _1277_ (net)
                  0.07    0.00    6.27 v _1827_/A (sky130_fd_sc_hd__and2_0)
     1    0.00    0.03    0.13    6.41 v _1827_/X (sky130_fd_sc_hd__and2_0)
                                         _1317_ (net)
                  0.03    0.00    6.41 v _1824_/SLEEP (sky130_fd_sc_hd__lpflow_inputiso1p_1)
     2    0.01    0.07    0.26    6.66 v _1824_/X (sky130_fd_sc_hd__lpflow_inputiso1p_1)
                                         _1318_ (net)
                  0.07    0.00    6.66 v _1841_/A (sky130_fd_sc_hd__and2_0)
     1    0.00    0.03    0.14    6.80 v _1841_/X (sky130_fd_sc_hd__and2_0)
                                         _1358_ (net)
                  0.03    0.00    6.80 v _1838_/SLEEP (sky130_fd_sc_hd__lpflow_inputiso1p_1)
     2    0.01    0.07    0.25    7.05 v _1838_/X (sky130_fd_sc_hd__lpflow_inputiso1p_1)
                                         _0178_ (net)
                  0.07    0.00    7.05 v _1435_/A (sky130_fd_sc_hd__and2_0)
     1    0.00    0.03    0.14    7.19 v _1435_/X (sky130_fd_sc_hd__and2_0)
                                         _0169_ (net)
                  0.03    0.00    7.19 v _1432_/SLEEP (sky130_fd_sc_hd__lpflow_inputiso1p_1)
     2    0.01    0.07    0.25    7.44 v _1432_/X (sky130_fd_sc_hd__lpflow_inputiso1p_1)
                                         _0170_ (net)
                  0.07    0.00    7.44 v _1449_/A (sky130_fd_sc_hd__and2_0)
     1    0.00    0.03    0.14    7.58 v _1449_/X (sky130_fd_sc_hd__and2_0)
                                         _0210_ (net)
                  0.03    0.00    7.58 v _1446_/SLEEP (sky130_fd_sc_hd__lpflow_inputiso1p_1)
     2    0.01    0.07    0.25    7.83 v _1446_/X (sky130_fd_sc_hd__lpflow_inputiso1p_1)
                                         _0211_ (net)
                  0.07    0.00    7.83 v _1463_/A (sky130_fd_sc_hd__and2_0)
     1    0.00    0.03    0.14    7.96 v _1463_/X (sky130_fd_sc_hd__and2_0)
                                         _0251_ (net)
                  0.03    0.00    7.96 v _1460_/SLEEP (sky130_fd_sc_hd__lpflow_inputiso1p_1)
     2    0.01    0.06    0.25    8.22 v _1460_/X (sky130_fd_sc_hd__lpflow_inputiso1p_1)
                                         _0252_ (net)
                  0.06    0.00    8.22 v _1477_/A (sky130_fd_sc_hd__and2_0)
     1    0.00    0.03    0.13    8.35 v _1477_/X (sky130_fd_sc_hd__and2_0)
                                         _0292_ (net)
                  0.03    0.00    8.35 v _1474_/SLEEP (sky130_fd_sc_hd__lpflow_inputiso1p_1)
     2    0.01    0.07    0.25    8.60 v _1474_/X (sky130_fd_sc_hd__lpflow_inputiso1p_1)
                                         _0293_ (net)
                  0.07    0.00    8.60 v _1491_/A (sky130_fd_sc_hd__and2_0)
     1    0.00    0.03    0.14    8.74 v _1491_/X (sky130_fd_sc_hd__and2_0)
                                         _0333_ (net)
                  0.03    0.00    8.74 v _1488_/SLEEP (sky130_fd_sc_hd__lpflow_inputiso1p_1)
     2    0.01    0.07    0.25    8.99 v _1488_/X (sky130_fd_sc_hd__lpflow_inputiso1p_1)
                                         _0334_ (net)
                  0.07    0.00    8.99 v _1505_/A (sky130_fd_sc_hd__and2_0)
     1    0.00    0.03    0.13    9.12 v _1505_/X (sky130_fd_sc_hd__and2_0)
                                         _0374_ (net)
                  0.03    0.00    9.12 v _1502_/SLEEP (sky130_fd_sc_hd__lpflow_inputiso1p_1)
     2    0.01    0.06    0.25    9.37 v _1502_/X (sky130_fd_sc_hd__lpflow_inputiso1p_1)
                                         _0375_ (net)
                  0.06    0.00    9.37 v _1519_/A (sky130_fd_sc_hd__and2_0)
     1    0.00    0.03    0.13    9.51 v _1519_/X (sky130_fd_sc_hd__and2_0)
                                         _0415_ (net)
                  0.03    0.00    9.51 v _1516_/SLEEP (sky130_fd_sc_hd__lpflow_inputiso1p_1)
     2    0.01    0.07    0.25    9.76 v _1516_/X (sky130_fd_sc_hd__lpflow_inputiso1p_1)
                                         _0416_ (net)
                  0.07    0.00    9.76 v _1533_/A (sky130_fd_sc_hd__and2_0)
     1    0.00    0.03    0.14    9.90 v _1533_/X (sky130_fd_sc_hd__and2_0)
                                         _0456_ (net)
                  0.03    0.00    9.90 v _1530_/SLEEP (sky130_fd_sc_hd__lpflow_inputiso1p_1)
     2    0.01    0.06    0.25   10.15 v _1530_/X (sky130_fd_sc_hd__lpflow_inputiso1p_1)
                                         _0457_ (net)
                  0.06    0.00   10.15 v _1547_/A (sky130_fd_sc_hd__and2_0)
     1    0.00    0.03    0.13   10.28 v _1547_/X (sky130_fd_sc_hd__and2_0)
                                         _0497_ (net)
                  0.03    0.00   10.28 v _1544_/SLEEP (sky130_fd_sc_hd__lpflow_inputiso1p_1)
     2    0.01    0.06    0.25   10.53 v _1544_/X (sky130_fd_sc_hd__lpflow_inputiso1p_1)
                                         _0498_ (net)
                  0.06    0.00   10.53 v _1561_/A (sky130_fd_sc_hd__and2_0)
     1    0.00    0.03    0.14   10.67 v _1561_/X (sky130_fd_sc_hd__and2_0)
                                         _0538_ (net)
                  0.03    0.00   10.67 v _1558_/SLEEP (sky130_fd_sc_hd__lpflow_inputiso1p_1)
     2    0.01    0.07    0.25   10.92 v _1558_/X (sky130_fd_sc_hd__lpflow_inputiso1p_1)
                                         _0539_ (net)
                  0.07    0.00   10.92 v _1589_/A (sky130_fd_sc_hd__and2_0)
     1    0.00    0.03    0.13   11.05 v _1589_/X (sky130_fd_sc_hd__and2_0)
                                         _0620_ (net)
                  0.03    0.00   11.05 v _1586_/SLEEP (sky130_fd_sc_hd__lpflow_inputiso1p_1)
     2    0.01    0.07    0.25   11.31 v _1586_/X (sky130_fd_sc_hd__lpflow_inputiso1p_1)
                                         _0621_ (net)
                  0.07    0.00   11.31 v _1603_/A (sky130_fd_sc_hd__and2_0)
     1    0.00    0.03    0.14   11.44 v _1603_/X (sky130_fd_sc_hd__and2_0)
                                         _0661_ (net)
                  0.03    0.00   11.44 v _1600_/SLEEP (sky130_fd_sc_hd__lpflow_inputiso1p_1)
     2    0.01    0.07    0.25   11.70 v _1600_/X (sky130_fd_sc_hd__lpflow_inputiso1p_1)
                                         _0662_ (net)
                  0.07    0.00   11.70 v _1617_/A (sky130_fd_sc_hd__and2_0)
     1    0.00    0.03    0.14   11.84 v _1617_/X (sky130_fd_sc_hd__and2_0)
                                         _0702_ (net)
                  0.03    0.00   11.84 v _1614_/SLEEP (sky130_fd_sc_hd__lpflow_inputiso1p_1)
     2    0.01    0.07    0.25   12.09 v _1614_/X (sky130_fd_sc_hd__lpflow_inputiso1p_1)
                                         _0703_ (net)
                  0.07    0.00   12.09 v _1631_/A (sky130_fd_sc_hd__and2_0)
     1    0.00    0.03    0.14   12.22 v _1631_/X (sky130_fd_sc_hd__and2_0)
                                         _0743_ (net)
                  0.03    0.00   12.22 v _1628_/SLEEP (sky130_fd_sc_hd__lpflow_inputiso1p_1)
     2    0.01    0.06    0.25   12.47 v _1628_/X (sky130_fd_sc_hd__lpflow_inputiso1p_1)
                                         _0744_ (net)
                  0.06    0.00   12.48 v _1645_/A (sky130_fd_sc_hd__and2_0)
     1    0.00    0.03    0.13   12.61 v _1645_/X (sky130_fd_sc_hd__and2_0)
                                         _0784_ (net)
                  0.03    0.00   12.61 v _1642_/SLEEP (sky130_fd_sc_hd__lpflow_inputiso1p_1)
     2    0.01    0.06    0.25   12.86 v _1642_/X (sky130_fd_sc_hd__lpflow_inputiso1p_1)
                                         _0785_ (net)
                  0.06    0.00   12.86 v _1659_/A (sky130_fd_sc_hd__and2_0)
     1    0.00    0.03    0.13   13.00 v _1659_/X (sky130_fd_sc_hd__and2_0)
                                         _0825_ (net)
                  0.03    0.00   13.00 v _1656_/SLEEP (sky130_fd_sc_hd__lpflow_inputiso1p_1)
     2    0.01    0.07    0.25   13.25 v _1656_/X (sky130_fd_sc_hd__lpflow_inputiso1p_1)
                                         _0826_ (net)
                  0.07    0.00   13.25 v _1673_/A (sky130_fd_sc_hd__and2_0)
     1    0.00    0.03    0.14   13.38 v _1673_/X (sky130_fd_sc_hd__and2_0)
                                         _0866_ (net)
                  0.03    0.00   13.38 v _1670_/SLEEP (sky130_fd_sc_hd__lpflow_inputiso1p_1)
     2    0.01    0.07    0.25   13.63 v _1670_/X (sky130_fd_sc_hd__lpflow_inputiso1p_1)
                                         _0867_ (net)
                  0.07    0.00   13.63 v _1687_/A (sky130_fd_sc_hd__and2_0)
     1    0.00    0.03    0.14   13.77 v _1687_/X (sky130_fd_sc_hd__and2_0)
                                         _0907_ (net)
                  0.03    0.00   13.77 v _1684_/SLEEP (sky130_fd_sc_hd__lpflow_inputiso1p_1)
     2    0.01    0.07    0.25   14.02 v _1684_/X (sky130_fd_sc_hd__lpflow_inputiso1p_1)
                                         _0908_ (net)
                  0.07    0.00   14.02 v _1701_/A (sky130_fd_sc_hd__and2_0)
     1    0.00    0.03    0.14   14.16 v _1701_/X (sky130_fd_sc_hd__and2_0)
                                         _0948_ (net)
                  0.03    0.00   14.16 v _1698_/SLEEP (sky130_fd_sc_hd__lpflow_inputiso1p_1)
     2    0.01    0.07    0.25   14.41 v _1698_/X (sky130_fd_sc_hd__lpflow_inputiso1p_1)
                                         _0949_ (net)
                  0.07    0.00   14.41 v _1715_/A (sky130_fd_sc_hd__and2_0)
     1    0.00    0.03    0.14   14.55 v _1715_/X (sky130_fd_sc_hd__and2_0)
                                         _0989_ (net)
                  0.03    0.00   14.55 v _1712_/SLEEP (sky130_fd_sc_hd__lpflow_inputiso1p_1)
     2    0.01    0.07    0.25   14.80 v _1712_/X (sky130_fd_sc_hd__lpflow_inputiso1p_1)
                                         _0990_ (net)
                  0.07    0.00   14.80 v _1743_/A (sky130_fd_sc_hd__and2_0)
     1    0.00    0.03    0.14   14.93 v _1743_/X (sky130_fd_sc_hd__and2_0)
                                         _1071_ (net)
                  0.03    0.00   14.93 v _1740_/SLEEP (sky130_fd_sc_hd__lpflow_inputiso1p_1)
     3    0.01    0.08    0.28   15.21 v _1740_/X (sky130_fd_sc_hd__lpflow_inputiso1p_1)
                                         _0030_ (net)
                  0.08    0.00   15.21 v _1422_/A (sky130_fd_sc_hd__xor2_1)
     2    0.00    0.07    0.19   15.40 v _1422_/X (sky130_fd_sc_hd__xor2_1)
                                         _0108_ (net)
                  0.07    0.00   15.40 v _1411_/A1 (sky130_fd_sc_hd__mux2_1)
     1    0.00    0.06    0.31   15.71 v _1411_/X (sky130_fd_sc_hd__mux2_1)
                                         _0105_ (net)
                  0.06    0.00   15.71 v _1412_/A1 (sky130_fd_sc_hd__mux2_1)
     2    0.00    0.06    0.32   16.03 v _1412_/X (sky130_fd_sc_hd__mux2_1)
                                         _0043_ (net)
                  0.06    0.00   16.03 v _1395_/A (sky130_fd_sc_hd__nor4_1)
     1    0.00    0.29    0.34   16.37 ^ _1395_/Y (sky130_fd_sc_hd__nor4_1)
                                         _0039_ (net)
                  0.29    0.00   16.37 ^ _1397_/C (sky130_fd_sc_hd__nand4_1)
     1    0.00    0.10    0.13   16.50 v _1397_/Y (sky130_fd_sc_hd__nand4_1)
                                         _0041_ (net)
                  0.10    0.00   16.50 v _1398_/B (sky130_fd_sc_hd__nor2_1)
     1    0.04    0.65    0.55   17.05 ^ _1398_/Y (sky130_fd_sc_hd__nor2_1)
                                         zero (net)
                  0.65    0.00   17.05 ^ zero (out)
                                 17.05   data arrival time

                  0.15   10.00   10.00   clock fake_clk (rise edge)
                          0.00   10.00   clock network delay (ideal)
                         -0.25    9.75   clock uncertainty
                          0.00    9.75   clock reconvergence pessimism
                         -2.00    7.75   output external delay
                                  7.75   data required time
-----------------------------------------------------------------------------
                                  7.75   data required time
                                -17.05   data arrival time
-----------------------------------------------------------------------------
                                 -9.30   slack (VIOLATED)




===========================================================================
 report_check_types -max_slew -max_cap -max_fanout -violators
============================================================================
======================= Typical Corner ===================================

max slew

Pin                                    Limit    Slew   Slack
------------------------------------------------------------
_1567_/S                                0.75    1.24   -0.49 (VIOLATED)
_1553_/S                                0.75    1.24   -0.49 (VIOLATED)
_1565_/S                                0.75    1.24   -0.49 (VIOLATED)
_1551_/S                                0.75    1.24   -0.49 (VIOLATED)
_1595_/S                                0.75    1.24   -0.49 (VIOLATED)
_1593_/S                                0.75    1.24   -0.49 (VIOLATED)
_1523_/S                                0.75    1.24   -0.49 (VIOLATED)
_1525_/S                                0.75    1.24   -0.49 (VIOLATED)
_1607_/S                                0.75    1.24   -0.49 (VIOLATED)
_1609_/S                                0.75    1.24   -0.49 (VIOLATED)
_1621_/S                                0.75    1.24   -0.49 (VIOLATED)
_1623_/S                                0.75    1.24   -0.49 (VIOLATED)
_1635_/S                                0.75    1.24   -0.49 (VIOLATED)
_1539_/S                                0.75    1.24   -0.49 (VIOLATED)
_1637_/S                                0.75    1.24   -0.49 (VIOLATED)
_1537_/S                                0.75    1.24   -0.49 (VIOLATED)
_1483_/S                                0.75    1.24   -0.49 (VIOLATED)
_1497_/S                                0.75    1.24   -0.49 (VIOLATED)
_1481_/S                                0.75    1.24   -0.49 (VIOLATED)
_1495_/S                                0.75    1.24   -0.49 (VIOLATED)
_1509_/S                                0.75    1.24   -0.49 (VIOLATED)
_1511_/S                                0.75    1.24   -0.49 (VIOLATED)
_1831_/S                                0.75    1.24   -0.49 (VIOLATED)
_1833_/S                                0.75    1.24   -0.49 (VIOLATED)
_1469_/S                                0.75    1.24   -0.49 (VIOLATED)
_1455_/S                                0.75    1.24   -0.49 (VIOLATED)
_1467_/S                                0.75    1.24   -0.49 (VIOLATED)
_1453_/S                                0.75    1.24   -0.49 (VIOLATED)
_1441_/S                                0.75    1.24   -0.49 (VIOLATED)
_1819_/S                                0.75    1.24   -0.49 (VIOLATED)
_1845_/S                                0.75    1.24   -0.49 (VIOLATED)
_1439_/S                                0.75    1.24   -0.49 (VIOLATED)
_1817_/S                                0.75    1.24   -0.49 (VIOLATED)
_1847_/S                                0.75    1.24   -0.49 (VIOLATED)
_1649_/S                                0.75    1.24   -0.49 (VIOLATED)
_1651_/S                                0.75    1.24   -0.49 (VIOLATED)
_1425_/S                                0.75    1.24   -0.49 (VIOLATED)
_1427_/S                                0.75    1.24   -0.49 (VIOLATED)
_1411_/S                                0.75    1.24   -0.49 (VIOLATED)
_1805_/S                                0.75    1.24   -0.49 (VIOLATED)
_1413_/S                                0.75    1.24   -0.49 (VIOLATED)
_1803_/S                                0.75    1.24   -0.49 (VIOLATED)
_1663_/S                                0.75    1.24   -0.49 (VIOLATED)
_1665_/S                                0.75    1.24   -0.49 (VIOLATED)
_1679_/S                                0.75    1.24   -0.49 (VIOLATED)
_1677_/S                                0.75    1.24   -0.49 (VIOLATED)
_1791_/S                                0.75    1.24   -0.49 (VIOLATED)
_1691_/S                                0.75    1.24   -0.49 (VIOLATED)
_1693_/S                                0.75    1.24   -0.49 (VIOLATED)
_1789_/S                                0.75    1.24   -0.49 (VIOLATED)
_1705_/S                                0.75    1.24   -0.49 (VIOLATED)
_1707_/S                                0.75    1.24   -0.49 (VIOLATED)
_1719_/S                                0.75    1.24   -0.49 (VIOLATED)
_1721_/S                                0.75    1.24   -0.49 (VIOLATED)
_1747_/S                                0.75    1.24   -0.49 (VIOLATED)
_1749_/S                                0.75    1.24   -0.49 (VIOLATED)
_1581_/S                                0.75    1.24   -0.49 (VIOLATED)
_1775_/S                                0.75    1.24   -0.49 (VIOLATED)
_1579_/S                                0.75    1.24   -0.49 (VIOLATED)
_1777_/S                                0.75    1.24   -0.49 (VIOLATED)
_1733_/S                                0.75    1.24   -0.49 (VIOLATED)
_1735_/S                                0.75    1.24   -0.49 (VIOLATED)
_1761_/S                                0.75    1.24   -0.49 (VIOLATED)
_1763_/S                                0.75    1.24   -0.49 (VIOLATED)
select[0]                               0.75    1.24   -0.49 (VIOLATED)

max fanout

Pin                                   Limit Fanout  Slack
---------------------------------------------------------
select[0]                                10     64    -54 (VIOLATED)
ainv                                     10     32    -22 (VIOLATED)
binv                                     10     32    -22 (VIOLATED)
select[1]                                10     32    -22 (VIOLATED)


max slew violations count Typical: 65
max fanout violations count Typical: 4
max cap violations count Typical: 0

===========================================================================
report_parasitic_annotation -report_unannotated
============================================================================
Found 32 unannotated drivers.
 fake_clk
 _1879_/HI
 _1880_/HI
 _1881_/HI
 _1882_/HI
 _1883_/HI
 _1884_/HI
 _1885_/HI
 _1886_/HI
 _1887_/HI
 _1888_/HI
 _1889_/HI
 _1890_/HI
 _1891_/HI
 _1892_/HI
 _1893_/HI
 _1894_/HI
 _1895_/HI
 _1896_/HI
 _1897_/HI
 _1898_/HI
 _1899_/HI
 _1900_/HI
 _1901_/HI
 _1902_/HI
 _1903_/HI
 _1904_/HI
 _1905_/HI
 _1906_/HI
 _1907_/HI
 _1908_/HI
 _1909_/HI
Found 0 partially unannotated drivers.

===========================================================================
max slew violation count 65
max fanout violation count 4
max cap violation count 0
============================================================================

===========================================================================
check_setup -verbose -unconstrained_endpoints -multiple_clock -no_clock -no_input_delay -loops -generated_clocks
===========================================================================
