
===========================================================================
 report_power
============================================================================
======================= Fastest Corner ===================================

Group                  Internal  Switching    Leakage      Total
                          Power      Power      Power      Power (Watts)
----------------------------------------------------------------
Sequential             0.00e+00   0.00e+00   0.00e+00   0.00e+00   0.0%
Combinational          1.41e-12   1.29e-11   3.61e-09   3.63e-09  75.0%
Clock                  0.00e+00   0.00e+00   1.21e-09   1.21e-09  25.0%
Macro                  0.00e+00   0.00e+00   0.00e+00   0.00e+00   0.0%
Pad                    0.00e+00   0.00e+00   0.00e+00   0.00e+00   0.0%
----------------------------------------------------------------
Total                  1.41e-12   1.29e-11   4.82e-09   4.83e-09 100.0%
                           0.0%       0.3%      99.7%

======================= Slowest Corner ===================================

Group                  Internal  Switching    Leakage      Total
                          Power      Power      Power      Power (Watts)
----------------------------------------------------------------
Sequential             0.00e+00   0.00e+00   0.00e+00   0.00e+00   0.0%
Combinational          1.03e-12   8.66e-12   3.37e-06   3.37e-06 100.0%
Clock                  0.00e+00   0.00e+00   1.21e-09   1.21e-09   0.0%
Macro                  0.00e+00   0.00e+00   0.00e+00   0.00e+00   0.0%
Pad                    0.00e+00   0.00e+00   0.00e+00   0.00e+00   0.0%
----------------------------------------------------------------
Total                  1.03e-12   8.66e-12   3.37e-06   3.37e-06 100.0%
                           0.0%       0.0%     100.0%

======================= Typical Corner ===================================

Group                  Internal  Switching    Leakage      Total
                          Power      Power      Power      Power (Watts)
----------------------------------------------------------------
Sequential             0.00e+00   0.00e+00   0.00e+00   0.00e+00   0.0%
Combinational          1.25e-12   1.10e-11   2.45e-09   2.47e-09  67.2%
Clock                  0.00e+00   0.00e+00   1.21e-09   1.21e-09  32.8%
Macro                  0.00e+00   0.00e+00   0.00e+00   0.00e+00   0.0%
Pad                    0.00e+00   0.00e+00   0.00e+00   0.00e+00   0.0%
----------------------------------------------------------------
Total                  1.25e-12   1.10e-11   3.66e-09   3.67e-09 100.0%
                           0.0%       0.3%      99.7%

