
===========================================================================
report_checks -unconstrained
===========================================================================
======================= Fastest Corner ===================================

Startpoint: ainv (input port)
Endpoint: result[0] (output port)
Path Group: unconstrained
Path Type: max
Corner: Fastest

Fanout     Cap    Slew   Delay    Time   Description
-----------------------------------------------------------------------------
                          0.00    0.00 ^ input external delay
     1    0.00    0.01    0.01    0.01 ^ ainv (in)
                                         ainv (net)
                  0.01    0.00    0.01 ^ input33/A (sky130_fd_sc_hd__clkbuf_2)
     1    0.01    0.05    0.08    0.08 ^ input33/X (sky130_fd_sc_hd__clkbuf_2)
                                         net33 (net)
                  0.05    0.00    0.08 ^ fanout127/A (sky130_fd_sc_hd__buf_8)
     8    0.08    0.10    0.11    0.20 ^ fanout127/X (sky130_fd_sc_hd__buf_8)
                                         net127 (net)
                  0.10    0.00    0.20 ^ fanout124/A (sky130_fd_sc_hd__buf_8)
     5    0.04    0.05    0.09    0.29 ^ fanout124/X (sky130_fd_sc_hd__buf_8)
                                         net124 (net)
                  0.05    0.00    0.29 ^ _1409_/S (sky130_fd_sc_hd__mux2_4)
     4    0.02    0.05    0.20    0.50 v _1409_/X (sky130_fd_sc_hd__mux2_4)
                                         _0082_ (net)
                  0.05    0.00    0.50 v _1406_/B (sky130_fd_sc_hd__xor2_2)
     2    0.01    0.04    0.10    0.60 v _1406_/X (sky130_fd_sc_hd__xor2_2)
                                         _0090_ (net)
                  0.04    0.00    0.60 v _1407_/A (sky130_fd_sc_hd__and2_0)
     1    0.00    0.03    0.09    0.69 v _1407_/X (sky130_fd_sc_hd__and2_0)
                                         _0087_ (net)
                  0.03    0.00    0.69 v _1404_/SLEEP (sky130_fd_sc_hd__lpflow_inputiso1p_1)
     2    0.01    0.05    0.15    0.84 v _1404_/X (sky130_fd_sc_hd__lpflow_inputiso1p_1)
                                         _0088_ (net)
                  0.05    0.00    0.84 v _1575_/A (sky130_fd_sc_hd__and2_4)
     1    0.00    0.02    0.09    0.93 v _1575_/X (sky130_fd_sc_hd__and2_4)
                                         _0579_ (net)
                  0.02    0.00    0.93 v _1572_/SLEEP (sky130_fd_sc_hd__lpflow_inputiso1p_1)
     2    0.01    0.05    0.15    1.08 v _1572_/X (sky130_fd_sc_hd__lpflow_inputiso1p_1)
                                         _0580_ (net)
                  0.05    0.00    1.08 v _1729_/B (sky130_fd_sc_hd__and2_0)
     1    0.00    0.03    0.10    1.18 v _1729_/X (sky130_fd_sc_hd__and2_0)
                                         _1030_ (net)
                  0.03    0.00    1.18 v _1726_/SLEEP (sky130_fd_sc_hd__lpflow_inputiso1p_1)
     2    0.01    0.05    0.15    1.33 v _1726_/X (sky130_fd_sc_hd__lpflow_inputiso1p_1)
                                         _1031_ (net)
                  0.05    0.00    1.33 v _1757_/A (sky130_fd_sc_hd__and2_4)
     1    0.00    0.02    0.09    1.42 v _1757_/X (sky130_fd_sc_hd__and2_4)
                                         _1112_ (net)
                  0.02    0.00    1.42 v _1754_/SLEEP (sky130_fd_sc_hd__lpflow_inputiso1p_1)
     2    0.01    0.05    0.15    1.58 v _1754_/X (sky130_fd_sc_hd__lpflow_inputiso1p_1)
                                         _1113_ (net)
                  0.05    0.00    1.58 v _1771_/A (sky130_fd_sc_hd__and2_4)
     1    0.00    0.02    0.09    1.67 v _1771_/X (sky130_fd_sc_hd__and2_4)
                                         _1153_ (net)
                  0.02    0.00    1.67 v _1768_/SLEEP (sky130_fd_sc_hd__lpflow_inputiso1p_1)
     2    0.01    0.05    0.15    1.82 v _1768_/X (sky130_fd_sc_hd__lpflow_inputiso1p_1)
                                         _1154_ (net)
                  0.05    0.00    1.82 v _1785_/A (sky130_fd_sc_hd__and2_4)
     1    0.00    0.02    0.09    1.91 v _1785_/X (sky130_fd_sc_hd__and2_4)
                                         _1194_ (net)
                  0.02    0.00    1.91 v _1782_/SLEEP (sky130_fd_sc_hd__lpflow_inputiso1p_1)
     2    0.01    0.05    0.15    2.06 v _1782_/X (sky130_fd_sc_hd__lpflow_inputiso1p_1)
                                         _1195_ (net)
                  0.05    0.00    2.06 v _1799_/A (sky130_fd_sc_hd__and2_4)
     1    0.00    0.02    0.09    2.15 v _1799_/X (sky130_fd_sc_hd__and2_4)
                                         _1235_ (net)
                  0.02    0.00    2.15 v _1796_/SLEEP (sky130_fd_sc_hd__lpflow_inputiso1p_1)
     2    0.01    0.05    0.15    2.30 v _1796_/X (sky130_fd_sc_hd__lpflow_inputiso1p_1)
                                         _1236_ (net)
                  0.05    0.00    2.30 v _1813_/A (sky130_fd_sc_hd__and2_0)
     1    0.00    0.03    0.09    2.38 v _1813_/X (sky130_fd_sc_hd__and2_0)
                                         _1276_ (net)
                  0.03    0.00    2.38 v _1810_/SLEEP (sky130_fd_sc_hd__lpflow_inputiso1p_1)
     2    0.01    0.05    0.16    2.54 v _1810_/X (sky130_fd_sc_hd__lpflow_inputiso1p_1)
                                         _1277_ (net)
                  0.05    0.00    2.54 v _1827_/A (sky130_fd_sc_hd__and2_4)
     1    0.00    0.02    0.09    2.63 v _1827_/X (sky130_fd_sc_hd__and2_4)
                                         _1317_ (net)
                  0.02    0.00    2.63 v _1824_/SLEEP (sky130_fd_sc_hd__lpflow_inputiso1p_1)
     2    0.01    0.06    0.16    2.79 v _1824_/X (sky130_fd_sc_hd__lpflow_inputiso1p_1)
                                         _1318_ (net)
                  0.06    0.00    2.79 v _1841_/A (sky130_fd_sc_hd__and2_4)
     1    0.00    0.02    0.09    2.88 v _1841_/X (sky130_fd_sc_hd__and2_4)
                                         _1358_ (net)
                  0.02    0.00    2.88 v _1838_/SLEEP (sky130_fd_sc_hd__lpflow_inputiso1p_1)
     2    0.01    0.05    0.15    3.03 v _1838_/X (sky130_fd_sc_hd__lpflow_inputiso1p_1)
                                         _0178_ (net)
                  0.05    0.00    3.03 v _1435_/A (sky130_fd_sc_hd__and2_4)
     1    0.00    0.02    0.09    3.12 v _1435_/X (sky130_fd_sc_hd__and2_4)
                                         _0169_ (net)
                  0.02    0.00    3.12 v _1432_/SLEEP (sky130_fd_sc_hd__lpflow_inputiso1p_1)
     2    0.01    0.05    0.15    3.27 v _1432_/X (sky130_fd_sc_hd__lpflow_inputiso1p_1)
                                         _0170_ (net)
                  0.05    0.00    3.27 v _1449_/A (sky130_fd_sc_hd__and2_4)
     1    0.00    0.02    0.09    3.36 v _1449_/X (sky130_fd_sc_hd__and2_4)
                                         _0210_ (net)
                  0.02    0.00    3.36 v _1446_/SLEEP (sky130_fd_sc_hd__lpflow_inputiso1p_1)
     2    0.01    0.05    0.15    3.50 v _1446_/X (sky130_fd_sc_hd__lpflow_inputiso1p_1)
                                         _0211_ (net)
                  0.05    0.00    3.50 v _1463_/A (sky130_fd_sc_hd__and2_4)
     1    0.00    0.02    0.09    3.59 v _1463_/X (sky130_fd_sc_hd__and2_4)
                                         _0251_ (net)
                  0.02    0.00    3.59 v _1460_/SLEEP (sky130_fd_sc_hd__lpflow_inputiso1p_1)
     2    0.01    0.05    0.15    3.74 v _1460_/X (sky130_fd_sc_hd__lpflow_inputiso1p_1)
                                         _0252_ (net)
                  0.05    0.00    3.74 v _1477_/B (sky130_fd_sc_hd__and2_0)
     1    0.00    0.02    0.10    3.84 v _1477_/X (sky130_fd_sc_hd__and2_0)
                                         _0292_ (net)
                  0.02    0.00    3.84 v _1474_/SLEEP (sky130_fd_sc_hd__lpflow_inputiso1p_1)
     2    0.01    0.05    0.15    3.99 v _1474_/X (sky130_fd_sc_hd__lpflow_inputiso1p_1)
                                         _0293_ (net)
                  0.05    0.00    3.99 v _1491_/A (sky130_fd_sc_hd__and2_4)
     1    0.00    0.02    0.09    4.08 v _1491_/X (sky130_fd_sc_hd__and2_4)
                                         _0333_ (net)
                  0.02    0.00    4.08 v _1488_/SLEEP (sky130_fd_sc_hd__lpflow_inputiso1p_1)
     2    0.01    0.05    0.15    4.23 v _1488_/X (sky130_fd_sc_hd__lpflow_inputiso1p_1)
                                         _0334_ (net)
                  0.05    0.00    4.23 v _1505_/A (sky130_fd_sc_hd__and2_4)
     1    0.00    0.02    0.09    4.32 v _1505_/X (sky130_fd_sc_hd__and2_4)
                                         _0374_ (net)
                  0.02    0.00    4.32 v _1502_/SLEEP (sky130_fd_sc_hd__lpflow_inputiso1p_1)
     2    0.01    0.05    0.15    4.46 v _1502_/X (sky130_fd_sc_hd__lpflow_inputiso1p_1)
                                         _0375_ (net)
                  0.05    0.00    4.46 v _1519_/A (sky130_fd_sc_hd__and2_4)
     1    0.00    0.02    0.09    4.56 v _1519_/X (sky130_fd_sc_hd__and2_4)
                                         _0415_ (net)
                  0.02    0.00    4.56 v _1516_/SLEEP (sky130_fd_sc_hd__lpflow_inputiso1p_1)
     2    0.01    0.05    0.15    4.71 v _1516_/X (sky130_fd_sc_hd__lpflow_inputiso1p_1)
                                         _0416_ (net)
                  0.05    0.00    4.71 v _1533_/A (sky130_fd_sc_hd__and2_4)
     1    0.00    0.02    0.09    4.80 v _1533_/X (sky130_fd_sc_hd__and2_4)
                                         _0456_ (net)
                  0.02    0.00    4.80 v _1530_/SLEEP (sky130_fd_sc_hd__lpflow_inputiso1p_1)
     2    0.01    0.05    0.15    4.94 v _1530_/X (sky130_fd_sc_hd__lpflow_inputiso1p_1)
                                         _0457_ (net)
                  0.05    0.00    4.94 v _1547_/B (sky130_fd_sc_hd__and2_0)
     1    0.00    0.02    0.10    5.04 v _1547_/X (sky130_fd_sc_hd__and2_0)
                                         _0497_ (net)
                  0.02    0.00    5.04 v _1544_/SLEEP (sky130_fd_sc_hd__lpflow_inputiso1p_1)
     2    0.01    0.05    0.15    5.18 v _1544_/X (sky130_fd_sc_hd__lpflow_inputiso1p_1)
                                         _0498_ (net)
                  0.05    0.00    5.19 v _1561_/A (sky130_fd_sc_hd__and2_4)
     1    0.00    0.02    0.09    5.27 v _1561_/X (sky130_fd_sc_hd__and2_4)
                                         _0538_ (net)
                  0.02    0.00    5.27 v _1558_/SLEEP (sky130_fd_sc_hd__lpflow_inputiso1p_1)
     2    0.01    0.05    0.15    5.42 v _1558_/X (sky130_fd_sc_hd__lpflow_inputiso1p_1)
                                         _0539_ (net)
                  0.05    0.00    5.42 v _1589_/A (sky130_fd_sc_hd__and2_0)
     1    0.00    0.02    0.08    5.51 v _1589_/X (sky130_fd_sc_hd__and2_0)
                                         _0620_ (net)
                  0.02    0.00    5.51 v _1586_/SLEEP (sky130_fd_sc_hd__lpflow_inputiso1p_1)
     2    0.01    0.05    0.15    5.66 v _1586_/X (sky130_fd_sc_hd__lpflow_inputiso1p_1)
                                         _0621_ (net)
                  0.05    0.00    5.66 v _1603_/A (sky130_fd_sc_hd__and2_4)
     1    0.00    0.02    0.09    5.75 v _1603_/X (sky130_fd_sc_hd__and2_4)
                                         _0661_ (net)
                  0.02    0.00    5.75 v _1600_/SLEEP (sky130_fd_sc_hd__lpflow_inputiso1p_1)
     2    0.01    0.04    0.14    5.89 v _1600_/X (sky130_fd_sc_hd__lpflow_inputiso1p_1)
                                         _0662_ (net)
                  0.04    0.00    5.89 v _1617_/A (sky130_fd_sc_hd__and2_0)
     1    0.00    0.03    0.08    5.98 v _1617_/X (sky130_fd_sc_hd__and2_0)
                                         _0702_ (net)
                  0.03    0.00    5.98 v _1614_/SLEEP (sky130_fd_sc_hd__lpflow_inputiso1p_1)
     2    0.01    0.05    0.15    6.12 v _1614_/X (sky130_fd_sc_hd__lpflow_inputiso1p_1)
                                         _0703_ (net)
                  0.05    0.00    6.12 v _1631_/A (sky130_fd_sc_hd__and2_4)
     1    0.00    0.02    0.09    6.21 v _1631_/X (sky130_fd_sc_hd__and2_4)
                                         _0743_ (net)
                  0.02    0.00    6.21 v _1628_/SLEEP (sky130_fd_sc_hd__lpflow_inputiso1p_1)
     2    0.01    0.04    0.14    6.35 v _1628_/X (sky130_fd_sc_hd__lpflow_inputiso1p_1)
                                         _0744_ (net)
                  0.04    0.00    6.35 v _1645_/A (sky130_fd_sc_hd__and2_0)
     1    0.00    0.02    0.08    6.43 v _1645_/X (sky130_fd_sc_hd__and2_0)
                                         _0784_ (net)
                  0.02    0.00    6.43 v _1642_/SLEEP (sky130_fd_sc_hd__lpflow_inputiso1p_1)
     2    0.01    0.04    0.14    6.57 v _1642_/X (sky130_fd_sc_hd__lpflow_inputiso1p_1)
                                         _0785_ (net)
                  0.04    0.00    6.57 v _1659_/A (sky130_fd_sc_hd__and2_0)
     1    0.00    0.02    0.08    6.66 v _1659_/X (sky130_fd_sc_hd__and2_0)
                                         _0825_ (net)
                  0.02    0.00    6.66 v _1656_/SLEEP (sky130_fd_sc_hd__lpflow_inputiso1p_1)
     2    0.01    0.04    0.14    6.79 v _1656_/X (sky130_fd_sc_hd__lpflow_inputiso1p_1)
                                         _0826_ (net)
                  0.04    0.00    6.80 v _1673_/A (sky130_fd_sc_hd__and2_0)
     1    0.00    0.03    0.09    6.88 v _1673_/X (sky130_fd_sc_hd__and2_0)
                                         _0866_ (net)
                  0.03    0.00    6.88 v _1670_/SLEEP (sky130_fd_sc_hd__lpflow_inputiso1p_1)
     2    0.00    0.04    0.14    7.02 v _1670_/X (sky130_fd_sc_hd__lpflow_inputiso1p_1)
                                         _0867_ (net)
                  0.04    0.00    7.02 v _1687_/A (sky130_fd_sc_hd__and2_0)
     1    0.00    0.03    0.08    7.11 v _1687_/X (sky130_fd_sc_hd__and2_0)
                                         _0907_ (net)
                  0.03    0.00    7.11 v _1684_/SLEEP (sky130_fd_sc_hd__lpflow_inputiso1p_1)
     2    0.00    0.04    0.14    7.25 v _1684_/X (sky130_fd_sc_hd__lpflow_inputiso1p_1)
                                         _0908_ (net)
                  0.04    0.00    7.25 v _1701_/A (sky130_fd_sc_hd__and2_0)
     1    0.00    0.03    0.08    7.33 v _1701_/X (sky130_fd_sc_hd__and2_0)
                                         _0948_ (net)
                  0.03    0.00    7.33 v _1698_/SLEEP (sky130_fd_sc_hd__lpflow_inputiso1p_1)
     2    0.01    0.04    0.14    7.47 v _1698_/X (sky130_fd_sc_hd__lpflow_inputiso1p_1)
                                         _0949_ (net)
                  0.04    0.00    7.47 v _1715_/A (sky130_fd_sc_hd__and2_0)
     1    0.00    0.03    0.08    7.56 v _1715_/X (sky130_fd_sc_hd__and2_0)
                                         _0989_ (net)
                  0.03    0.00    7.56 v _1712_/SLEEP (sky130_fd_sc_hd__lpflow_inputiso1p_1)
     2    0.01    0.05    0.15    7.70 v _1712_/X (sky130_fd_sc_hd__lpflow_inputiso1p_1)
                                         _0990_ (net)
                  0.05    0.00    7.70 v _1743_/A (sky130_fd_sc_hd__and2_4)
     1    0.00    0.02    0.09    7.79 v _1743_/X (sky130_fd_sc_hd__and2_4)
                                         _1071_ (net)
                  0.02    0.00    7.79 v _1740_/SLEEP (sky130_fd_sc_hd__lpflow_inputiso1p_1)
     3    0.01    0.07    0.17    7.96 v _1740_/X (sky130_fd_sc_hd__lpflow_inputiso1p_1)
                                         _0030_ (net)
                  0.07    0.00    7.96 v _1422_/A (sky130_fd_sc_hd__xor2_1)
     2    0.01    0.13    0.15    8.11 ^ _1422_/X (sky130_fd_sc_hd__xor2_1)
                                         _0108_ (net)
                  0.13    0.00    8.11 ^ _1411_/A1 (sky130_fd_sc_hd__mux2_4)
     1    0.00    0.03    0.11    8.22 ^ _1411_/X (sky130_fd_sc_hd__mux2_4)
                                         _0105_ (net)
                  0.03    0.00    8.22 ^ _1412_/A1 (sky130_fd_sc_hd__mux2_4)
     2    0.01    0.04    0.10    8.32 ^ _1412_/X (sky130_fd_sc_hd__mux2_4)
                                         _0043_ (net)
                  0.04    0.00    8.32 ^ _1910_/A (sky130_fd_sc_hd__clkbuf_1)
     1    0.01    0.07    0.08    8.40 ^ _1910_/X (sky130_fd_sc_hd__clkbuf_1)
                                         net72 (net)
                  0.07    0.00    8.40 ^ output72/A (sky130_fd_sc_hd__buf_2)
     1    0.75    2.71    1.90   10.30 ^ output72/X (sky130_fd_sc_hd__buf_2)
                                         result[0] (net)
                  2.71    0.04   10.34 ^ result[0] (out)
                                 10.34   data arrival time
-----------------------------------------------------------------------------
(Path is unconstrained)



======================= Slowest Corner ===================================

Startpoint: ainv (input port)
Endpoint: overflow (output port)
Path Group: unconstrained
Path Type: max
Corner: Slowest

Fanout     Cap    Slew   Delay    Time   Description
-----------------------------------------------------------------------------
                          0.00    0.00 ^ input external delay
     1    0.00    0.03    0.02    0.02 ^ ainv (in)
                                         ainv (net)
                  0.03    0.00    0.02 ^ input33/A (sky130_fd_sc_hd__clkbuf_2)
     1    0.01    0.10    0.20    0.21 ^ input33/X (sky130_fd_sc_hd__clkbuf_2)
                                         net33 (net)
                  0.10    0.00    0.21 ^ fanout127/A (sky130_fd_sc_hd__buf_8)
     8    0.07    0.20    0.28    0.50 ^ fanout127/X (sky130_fd_sc_hd__buf_8)
                                         net127 (net)
                  0.20    0.00    0.50 ^ fanout124/A (sky130_fd_sc_hd__buf_8)
     5    0.04    0.11    0.26    0.76 ^ fanout124/X (sky130_fd_sc_hd__buf_8)
                                         net124 (net)
                  0.11    0.00    0.77 ^ _1409_/S (sky130_fd_sc_hd__mux2_4)
     4    0.02    0.11    0.62    1.38 v _1409_/X (sky130_fd_sc_hd__mux2_4)
                                         _0082_ (net)
                  0.11    0.00    1.38 v _1406_/B (sky130_fd_sc_hd__xor2_2)
     2    0.01    0.11    0.29    1.67 v _1406_/X (sky130_fd_sc_hd__xor2_2)
                                         _0090_ (net)
                  0.11    0.00    1.68 v _1407_/A (sky130_fd_sc_hd__and2_0)
     1    0.00    0.08    0.29    1.96 v _1407_/X (sky130_fd_sc_hd__and2_0)
                                         _0087_ (net)
                  0.08    0.00    1.96 v _1404_/SLEEP (sky130_fd_sc_hd__lpflow_inputiso1p_1)
     2    0.01    0.14    0.56    2.53 v _1404_/X (sky130_fd_sc_hd__lpflow_inputiso1p_1)
                                         _0088_ (net)
                  0.14    0.00    2.53 v _1575_/A (sky130_fd_sc_hd__and2_4)
     1    0.00    0.05    0.27    2.80 v _1575_/X (sky130_fd_sc_hd__and2_4)
                                         _0579_ (net)
                  0.05    0.00    2.80 v _1572_/SLEEP (sky130_fd_sc_hd__lpflow_inputiso1p_1)
     2    0.01    0.14    0.54    3.34 v _1572_/X (sky130_fd_sc_hd__lpflow_inputiso1p_1)
                                         _0580_ (net)
                  0.14    0.00    3.34 v _1729_/B (sky130_fd_sc_hd__and2_0)
     1    0.00    0.07    0.33    3.67 v _1729_/X (sky130_fd_sc_hd__and2_0)
                                         _1030_ (net)
                  0.07    0.00    3.67 v _1726_/SLEEP (sky130_fd_sc_hd__lpflow_inputiso1p_1)
     2    0.01    0.14    0.55    4.22 v _1726_/X (sky130_fd_sc_hd__lpflow_inputiso1p_1)
                                         _1031_ (net)
                  0.14    0.00    4.22 v _1757_/A (sky130_fd_sc_hd__and2_4)
     1    0.00    0.05    0.27    4.49 v _1757_/X (sky130_fd_sc_hd__and2_4)
                                         _1112_ (net)
                  0.05    0.00    4.49 v _1754_/SLEEP (sky130_fd_sc_hd__lpflow_inputiso1p_1)
     2    0.01    0.15    0.55    5.04 v _1754_/X (sky130_fd_sc_hd__lpflow_inputiso1p_1)
                                         _1113_ (net)
                  0.15    0.00    5.04 v _1771_/A (sky130_fd_sc_hd__and2_4)
     1    0.00    0.05    0.27    5.31 v _1771_/X (sky130_fd_sc_hd__and2_4)
                                         _1153_ (net)
                  0.05    0.00    5.31 v _1768_/SLEEP (sky130_fd_sc_hd__lpflow_inputiso1p_1)
     2    0.01    0.15    0.55    5.86 v _1768_/X (sky130_fd_sc_hd__lpflow_inputiso1p_1)
                                         _1154_ (net)
                  0.15    0.00    5.86 v _1785_/A (sky130_fd_sc_hd__and2_4)
     1    0.00    0.05    0.27    6.14 v _1785_/X (sky130_fd_sc_hd__and2_4)
                                         _1194_ (net)
                  0.05    0.00    6.14 v _1782_/SLEEP (sky130_fd_sc_hd__lpflow_inputiso1p_1)
     2    0.01    0.15    0.55    6.69 v _1782_/X (sky130_fd_sc_hd__lpflow_inputiso1p_1)
                                         _1195_ (net)
                  0.15    0.00    6.69 v _1799_/A (sky130_fd_sc_hd__and2_4)
     1    0.00    0.04    0.27    6.96 v _1799_/X (sky130_fd_sc_hd__and2_4)
                                         _1235_ (net)
                  0.04    0.00    6.96 v _1796_/SLEEP (sky130_fd_sc_hd__lpflow_inputiso1p_1)
     2    0.01    0.14    0.53    7.49 v _1796_/X (sky130_fd_sc_hd__lpflow_inputiso1p_1)
                                         _1236_ (net)
                  0.14    0.00    7.49 v _1813_/A (sky130_fd_sc_hd__and2_0)
     1    0.00    0.06    0.28    7.77 v _1813_/X (sky130_fd_sc_hd__and2_0)
                                         _1276_ (net)
                  0.06    0.00    7.77 v _1810_/SLEEP (sky130_fd_sc_hd__lpflow_inputiso1p_1)
     2    0.01    0.16    0.57    8.34 v _1810_/X (sky130_fd_sc_hd__lpflow_inputiso1p_1)
                                         _1277_ (net)
                  0.16    0.00    8.34 v _1827_/A (sky130_fd_sc_hd__and2_4)
     1    0.00    0.05    0.28    8.62 v _1827_/X (sky130_fd_sc_hd__and2_4)
                                         _1317_ (net)
                  0.05    0.00    8.62 v _1824_/SLEEP (sky130_fd_sc_hd__lpflow_inputiso1p_1)
     2    0.01    0.16    0.57    9.18 v _1824_/X (sky130_fd_sc_hd__lpflow_inputiso1p_1)
                                         _1318_ (net)
                  0.16    0.00    9.18 v _1841_/A (sky130_fd_sc_hd__and2_4)
     1    0.00    0.04    0.28    9.46 v _1841_/X (sky130_fd_sc_hd__and2_4)
                                         _1358_ (net)
                  0.04    0.00    9.46 v _1838_/SLEEP (sky130_fd_sc_hd__lpflow_inputiso1p_1)
     2    0.01    0.14    0.54   10.00 v _1838_/X (sky130_fd_sc_hd__lpflow_inputiso1p_1)
                                         _0178_ (net)
                  0.14    0.00   10.00 v _1435_/A (sky130_fd_sc_hd__and2_4)
     1    0.00    0.05    0.27   10.28 v _1435_/X (sky130_fd_sc_hd__and2_4)
                                         _0169_ (net)
                  0.05    0.00   10.28 v _1432_/SLEEP (sky130_fd_sc_hd__lpflow_inputiso1p_1)
     2    0.01    0.14    0.55   10.82 v _1432_/X (sky130_fd_sc_hd__lpflow_inputiso1p_1)
                                         _0170_ (net)
                  0.14    0.00   10.82 v _1449_/A (sky130_fd_sc_hd__and2_4)
     1    0.00    0.05    0.27   11.09 v _1449_/X (sky130_fd_sc_hd__and2_4)
                                         _0210_ (net)
                  0.05    0.00   11.09 v _1446_/SLEEP (sky130_fd_sc_hd__lpflow_inputiso1p_1)
     2    0.01    0.14    0.54   11.63 v _1446_/X (sky130_fd_sc_hd__lpflow_inputiso1p_1)
                                         _0211_ (net)
                  0.14    0.00   11.63 v _1463_/A (sky130_fd_sc_hd__and2_4)
     1    0.00    0.05    0.27   11.90 v _1463_/X (sky130_fd_sc_hd__and2_4)
                                         _0251_ (net)
                  0.05    0.00   11.90 v _1460_/SLEEP (sky130_fd_sc_hd__lpflow_inputiso1p_1)
     2    0.01    0.13    0.53   12.43 v _1460_/X (sky130_fd_sc_hd__lpflow_inputiso1p_1)
                                         _0252_ (net)
                  0.13    0.00   12.43 v _1477_/B (sky130_fd_sc_hd__and2_0)
     1    0.00    0.06    0.31   12.75 v _1477_/X (sky130_fd_sc_hd__and2_0)
                                         _0292_ (net)
                  0.06    0.00   12.75 v _1474_/SLEEP (sky130_fd_sc_hd__lpflow_inputiso1p_1)
     2    0.01    0.15    0.55   13.30 v _1474_/X (sky130_fd_sc_hd__lpflow_inputiso1p_1)
                                         _0293_ (net)
                  0.15    0.00   13.30 v _1491_/A (sky130_fd_sc_hd__and2_4)
     1    0.00    0.05    0.27   13.57 v _1491_/X (sky130_fd_sc_hd__and2_4)
                                         _0333_ (net)
                  0.05    0.00   13.57 v _1488_/SLEEP (sky130_fd_sc_hd__lpflow_inputiso1p_1)
     2    0.01    0.15    0.55   14.12 v _1488_/X (sky130_fd_sc_hd__lpflow_inputiso1p_1)
                                         _0334_ (net)
                  0.15    0.00   14.12 v _1505_/A (sky130_fd_sc_hd__and2_4)
     1    0.00    0.04    0.27   14.39 v _1505_/X (sky130_fd_sc_hd__and2_4)
                                         _0374_ (net)
                  0.04    0.00   14.39 v _1502_/SLEEP (sky130_fd_sc_hd__lpflow_inputiso1p_1)
     2    0.01    0.14    0.54   14.93 v _1502_/X (sky130_fd_sc_hd__lpflow_inputiso1p_1)
                                         _0375_ (net)
                  0.14    0.00   14.93 v _1519_/A (sky130_fd_sc_hd__and2_4)
     1    0.00    0.05    0.27   15.20 v _1519_/X (sky130_fd_sc_hd__and2_4)
                                         _0415_ (net)
                  0.05    0.00   15.20 v _1516_/SLEEP (sky130_fd_sc_hd__lpflow_inputiso1p_1)
     2    0.01    0.15    0.55   15.75 v _1516_/X (sky130_fd_sc_hd__lpflow_inputiso1p_1)
                                         _0416_ (net)
                  0.15    0.00   15.75 v _1533_/A (sky130_fd_sc_hd__and2_4)
     1    0.00    0.04    0.27   16.02 v _1533_/X (sky130_fd_sc_hd__and2_4)
                                         _0456_ (net)
                  0.04    0.00   16.02 v _1530_/SLEEP (sky130_fd_sc_hd__lpflow_inputiso1p_1)
     2    0.01    0.14    0.53   16.56 v _1530_/X (sky130_fd_sc_hd__lpflow_inputiso1p_1)
                                         _0457_ (net)
                  0.14    0.00   16.56 v _1547_/B (sky130_fd_sc_hd__and2_0)
     1    0.00    0.06    0.31   16.87 v _1547_/X (sky130_fd_sc_hd__and2_0)
                                         _0497_ (net)
                  0.06    0.00   16.87 v _1544_/SLEEP (sky130_fd_sc_hd__lpflow_inputiso1p_1)
     2    0.01    0.14    0.54   17.41 v _1544_/X (sky130_fd_sc_hd__lpflow_inputiso1p_1)
                                         _0498_ (net)
                  0.14    0.00   17.42 v _1561_/A (sky130_fd_sc_hd__and2_4)
     1    0.00    0.05    0.27   17.68 v _1561_/X (sky130_fd_sc_hd__and2_4)
                                         _0538_ (net)
                  0.05    0.00   17.68 v _1558_/SLEEP (sky130_fd_sc_hd__lpflow_inputiso1p_1)
     2    0.01    0.14    0.54   18.23 v _1558_/X (sky130_fd_sc_hd__lpflow_inputiso1p_1)
                                         _0539_ (net)
                  0.14    0.00   18.23 v _1589_/A (sky130_fd_sc_hd__and2_0)
     1    0.00    0.06    0.28   18.50 v _1589_/X (sky130_fd_sc_hd__and2_0)
                                         _0620_ (net)
                  0.06    0.00   18.50 v _1586_/SLEEP (sky130_fd_sc_hd__lpflow_inputiso1p_1)
     2    0.01    0.15    0.55   19.06 v _1586_/X (sky130_fd_sc_hd__lpflow_inputiso1p_1)
                                         _0621_ (net)
                  0.15    0.00   19.06 v _1603_/A (sky130_fd_sc_hd__and2_4)
     1    0.00    0.05    0.27   19.33 v _1603_/X (sky130_fd_sc_hd__and2_4)
                                         _0661_ (net)
                  0.05    0.00   19.33 v _1600_/SLEEP (sky130_fd_sc_hd__lpflow_inputiso1p_1)
     2    0.01    0.13    0.52   19.85 v _1600_/X (sky130_fd_sc_hd__lpflow_inputiso1p_1)
                                         _0662_ (net)
                  0.13    0.00   19.85 v _1617_/A (sky130_fd_sc_hd__and2_0)
     1    0.00    0.07    0.27   20.13 v _1617_/X (sky130_fd_sc_hd__and2_0)
                                         _0702_ (net)
                  0.07    0.00   20.13 v _1614_/SLEEP (sky130_fd_sc_hd__lpflow_inputiso1p_1)
     2    0.01    0.13    0.54   20.67 v _1614_/X (sky130_fd_sc_hd__lpflow_inputiso1p_1)
                                         _0703_ (net)
                  0.13    0.00   20.67 v _1631_/A (sky130_fd_sc_hd__and2_4)
     1    0.00    0.04    0.26   20.93 v _1631_/X (sky130_fd_sc_hd__and2_4)
                                         _0743_ (net)
                  0.04    0.00   20.93 v _1628_/SLEEP (sky130_fd_sc_hd__lpflow_inputiso1p_1)
     2    0.01    0.12    0.52   21.45 v _1628_/X (sky130_fd_sc_hd__lpflow_inputiso1p_1)
                                         _0744_ (net)
                  0.12    0.00   21.45 v _1645_/A (sky130_fd_sc_hd__and2_0)
     1    0.00    0.06    0.27   21.71 v _1645_/X (sky130_fd_sc_hd__and2_0)
                                         _0784_ (net)
                  0.06    0.00   21.71 v _1642_/SLEEP (sky130_fd_sc_hd__lpflow_inputiso1p_1)
     2    0.01    0.12    0.52   22.24 v _1642_/X (sky130_fd_sc_hd__lpflow_inputiso1p_1)
                                         _0785_ (net)
                  0.12    0.00   22.24 v _1659_/A (sky130_fd_sc_hd__and2_0)
     1    0.00    0.06    0.27   22.50 v _1659_/X (sky130_fd_sc_hd__and2_0)
                                         _0825_ (net)
                  0.06    0.00   22.50 v _1656_/SLEEP (sky130_fd_sc_hd__lpflow_inputiso1p_1)
     2    0.01    0.12    0.52   23.02 v _1656_/X (sky130_fd_sc_hd__lpflow_inputiso1p_1)
                                         _0826_ (net)
                  0.12    0.00   23.02 v _1673_/A (sky130_fd_sc_hd__and2_0)
     1    0.00    0.07    0.28   23.30 v _1673_/X (sky130_fd_sc_hd__and2_0)
                                         _0866_ (net)
                  0.07    0.00   23.30 v _1670_/SLEEP (sky130_fd_sc_hd__lpflow_inputiso1p_1)
     2    0.00    0.11    0.52   23.82 v _1670_/X (sky130_fd_sc_hd__lpflow_inputiso1p_1)
                                         _0867_ (net)
                  0.11    0.00   23.82 v _1687_/A (sky130_fd_sc_hd__and2_0)
     1    0.00    0.07    0.27   24.10 v _1687_/X (sky130_fd_sc_hd__and2_0)
                                         _0907_ (net)
                  0.07    0.00   24.10 v _1684_/SLEEP (sky130_fd_sc_hd__lpflow_inputiso1p_1)
     2    0.00    0.11    0.52   24.61 v _1684_/X (sky130_fd_sc_hd__lpflow_inputiso1p_1)
                                         _0908_ (net)
                  0.11    0.00   24.61 v _1701_/A (sky130_fd_sc_hd__and2_0)
     1    0.00    0.07    0.27   24.89 v _1701_/X (sky130_fd_sc_hd__and2_0)
                                         _0948_ (net)
                  0.07    0.00   24.89 v _1698_/SLEEP (sky130_fd_sc_hd__lpflow_inputiso1p_1)
     2    0.01    0.12    0.53   25.41 v _1698_/X (sky130_fd_sc_hd__lpflow_inputiso1p_1)
                                         _0949_ (net)
                  0.12    0.00   25.41 v _1715_/A (sky130_fd_sc_hd__and2_0)
     1    0.00    0.07    0.27   25.69 v _1715_/X (sky130_fd_sc_hd__and2_0)
                                         _0989_ (net)
                  0.07    0.00   25.69 v _1712_/SLEEP (sky130_fd_sc_hd__lpflow_inputiso1p_1)
     2    0.01    0.13    0.54   26.22 v _1712_/X (sky130_fd_sc_hd__lpflow_inputiso1p_1)
                                         _0990_ (net)
                  0.13    0.00   26.23 v _1743_/A (sky130_fd_sc_hd__and2_4)
     1    0.00    0.04    0.26   26.49 v _1743_/X (sky130_fd_sc_hd__and2_4)
                                         _1071_ (net)
                  0.04    0.00   26.49 v _1740_/SLEEP (sky130_fd_sc_hd__lpflow_inputiso1p_1)
     3    0.01    0.19    0.60   27.09 v _1740_/X (sky130_fd_sc_hd__lpflow_inputiso1p_1)
                                         _0030_ (net)
                  0.19    0.00   27.09 v _1421_/A (sky130_fd_sc_hd__and2_0)
     1    0.00    0.06    0.30   27.39 v _1421_/X (sky130_fd_sc_hd__and2_0)
                                         _0128_ (net)
                  0.06    0.00   27.39 v _1418_/SLEEP (sky130_fd_sc_hd__lpflow_inputiso1p_1)
     2    0.01    0.16    0.57   27.96 v _1418_/X (sky130_fd_sc_hd__lpflow_inputiso1p_1)
                                         net70 (net)
                  0.16    0.00   27.96 v _1399_/A (sky130_fd_sc_hd__xor2_1)
     1    0.01    0.34    0.41   28.37 ^ _1399_/X (sky130_fd_sc_hd__xor2_1)
                                         net71 (net)
                  0.34    0.00   28.37 ^ output71/A (sky130_fd_sc_hd__buf_2)
     1    0.75    5.62    4.22   32.58 ^ output71/X (sky130_fd_sc_hd__buf_2)
                                         overflow (net)
                  5.62    0.04   32.62 ^ overflow (out)
                                 32.62   data arrival time
-----------------------------------------------------------------------------
(Path is unconstrained)



======================= Typical Corner ===================================

Startpoint: ainv (input port)
Endpoint: result[0] (output port)
Path Group: unconstrained
Path Type: max
Corner: Typical

Fanout     Cap    Slew   Delay    Time   Description
-----------------------------------------------------------------------------
                          0.00    0.00 ^ input external delay
     1    0.00    0.02    0.01    0.01 ^ ainv (in)
                                         ainv (net)
                  0.02    0.00    0.01 ^ input33/A (sky130_fd_sc_hd__clkbuf_2)
     1    0.01    0.07    0.11    0.12 ^ input33/X (sky130_fd_sc_hd__clkbuf_2)
                                         net33 (net)
                  0.07    0.00    0.12 ^ fanout127/A (sky130_fd_sc_hd__buf_8)
     8    0.07    0.13    0.16    0.29 ^ fanout127/X (sky130_fd_sc_hd__buf_8)
                                         net127 (net)
                  0.13    0.00    0.29 ^ fanout124/A (sky130_fd_sc_hd__buf_8)
     5    0.04    0.07    0.14    0.43 ^ fanout124/X (sky130_fd_sc_hd__buf_8)
                                         net124 (net)
                  0.07    0.00    0.43 ^ _1409_/S (sky130_fd_sc_hd__mux2_4)
     4    0.02    0.07    0.33    0.76 v _1409_/X (sky130_fd_sc_hd__mux2_4)
                                         _0082_ (net)
                  0.07    0.00    0.76 v _1406_/B (sky130_fd_sc_hd__xor2_2)
     2    0.01    0.05    0.16    0.92 v _1406_/X (sky130_fd_sc_hd__xor2_2)
                                         _0090_ (net)
                  0.05    0.00    0.92 v _1407_/A (sky130_fd_sc_hd__and2_0)
     1    0.00    0.05    0.14    1.06 v _1407_/X (sky130_fd_sc_hd__and2_0)
                                         _0087_ (net)
                  0.05    0.00    1.06 v _1404_/SLEEP (sky130_fd_sc_hd__lpflow_inputiso1p_1)
     2    0.01    0.07    0.25    1.31 v _1404_/X (sky130_fd_sc_hd__lpflow_inputiso1p_1)
                                         _0088_ (net)
                  0.07    0.00    1.31 v _1575_/A (sky130_fd_sc_hd__and2_4)
     1    0.00    0.03    0.14    1.45 v _1575_/X (sky130_fd_sc_hd__and2_4)
                                         _0579_ (net)
                  0.03    0.00    1.45 v _1572_/SLEEP (sky130_fd_sc_hd__lpflow_inputiso1p_1)
     2    0.01    0.07    0.24    1.69 v _1572_/X (sky130_fd_sc_hd__lpflow_inputiso1p_1)
                                         _0580_ (net)
                  0.07    0.00    1.69 v _1729_/B (sky130_fd_sc_hd__and2_0)
     1    0.00    0.04    0.16    1.85 v _1729_/X (sky130_fd_sc_hd__and2_0)
                                         _1030_ (net)
                  0.04    0.00    1.85 v _1726_/SLEEP (sky130_fd_sc_hd__lpflow_inputiso1p_1)
     2    0.01    0.07    0.25    2.10 v _1726_/X (sky130_fd_sc_hd__lpflow_inputiso1p_1)
                                         _1031_ (net)
                  0.07    0.00    2.10 v _1757_/A (sky130_fd_sc_hd__and2_4)
     1    0.00    0.03    0.14    2.24 v _1757_/X (sky130_fd_sc_hd__and2_4)
                                         _1112_ (net)
                  0.03    0.00    2.24 v _1754_/SLEEP (sky130_fd_sc_hd__lpflow_inputiso1p_1)
     2    0.01    0.07    0.25    2.49 v _1754_/X (sky130_fd_sc_hd__lpflow_inputiso1p_1)
                                         _1113_ (net)
                  0.07    0.00    2.49 v _1771_/A (sky130_fd_sc_hd__and2_4)
     1    0.00    0.03    0.14    2.63 v _1771_/X (sky130_fd_sc_hd__and2_4)
                                         _1153_ (net)
                  0.03    0.00    2.63 v _1768_/SLEEP (sky130_fd_sc_hd__lpflow_inputiso1p_1)
     2    0.01    0.07    0.25    2.88 v _1768_/X (sky130_fd_sc_hd__lpflow_inputiso1p_1)
                                         _1154_ (net)
                  0.07    0.00    2.88 v _1785_/A (sky130_fd_sc_hd__and2_4)
     1    0.00    0.03    0.14    3.02 v _1785_/X (sky130_fd_sc_hd__and2_4)
                                         _1194_ (net)
                  0.03    0.00    3.02 v _1782_/SLEEP (sky130_fd_sc_hd__lpflow_inputiso1p_1)
     2    0.01    0.07    0.25    3.27 v _1782_/X (sky130_fd_sc_hd__lpflow_inputiso1p_1)
                                         _1195_ (net)
                  0.07    0.00    3.27 v _1799_/A (sky130_fd_sc_hd__and2_4)
     1    0.00    0.03    0.14    3.41 v _1799_/X (sky130_fd_sc_hd__and2_4)
                                         _1235_ (net)
                  0.03    0.00    3.41 v _1796_/SLEEP (sky130_fd_sc_hd__lpflow_inputiso1p_1)
     2    0.01    0.07    0.24    3.65 v _1796_/X (sky130_fd_sc_hd__lpflow_inputiso1p_1)
                                         _1236_ (net)
                  0.07    0.00    3.65 v _1813_/A (sky130_fd_sc_hd__and2_0)
     1    0.00    0.03    0.13    3.79 v _1813_/X (sky130_fd_sc_hd__and2_0)
                                         _1276_ (net)
                  0.03    0.00    3.79 v _1810_/SLEEP (sky130_fd_sc_hd__lpflow_inputiso1p_1)
     2    0.01    0.08    0.26    4.04 v _1810_/X (sky130_fd_sc_hd__lpflow_inputiso1p_1)
                                         _1277_ (net)
                  0.08    0.00    4.04 v _1827_/A (sky130_fd_sc_hd__and2_4)
     1    0.00    0.03    0.14    4.19 v _1827_/X (sky130_fd_sc_hd__and2_4)
                                         _1317_ (net)
                  0.03    0.00    4.19 v _1824_/SLEEP (sky130_fd_sc_hd__lpflow_inputiso1p_1)
     2    0.01    0.08    0.26    4.44 v _1824_/X (sky130_fd_sc_hd__lpflow_inputiso1p_1)
                                         _1318_ (net)
                  0.08    0.00    4.44 v _1841_/A (sky130_fd_sc_hd__and2_4)
     1    0.00    0.03    0.14    4.59 v _1841_/X (sky130_fd_sc_hd__and2_4)
                                         _1358_ (net)
                  0.03    0.00    4.59 v _1838_/SLEEP (sky130_fd_sc_hd__lpflow_inputiso1p_1)
     2    0.01    0.07    0.24    4.83 v _1838_/X (sky130_fd_sc_hd__lpflow_inputiso1p_1)
                                         _0178_ (net)
                  0.07    0.00    4.83 v _1435_/A (sky130_fd_sc_hd__and2_4)
     1    0.00    0.03    0.14    4.97 v _1435_/X (sky130_fd_sc_hd__and2_4)
                                         _0169_ (net)
                  0.03    0.00    4.97 v _1432_/SLEEP (sky130_fd_sc_hd__lpflow_inputiso1p_1)
     2    0.01    0.07    0.25    5.22 v _1432_/X (sky130_fd_sc_hd__lpflow_inputiso1p_1)
                                         _0170_ (net)
                  0.07    0.00    5.22 v _1449_/A (sky130_fd_sc_hd__and2_4)
     1    0.00    0.03    0.14    5.36 v _1449_/X (sky130_fd_sc_hd__and2_4)
                                         _0210_ (net)
                  0.03    0.00    5.36 v _1446_/SLEEP (sky130_fd_sc_hd__lpflow_inputiso1p_1)
     2    0.01    0.07    0.24    5.60 v _1446_/X (sky130_fd_sc_hd__lpflow_inputiso1p_1)
                                         _0211_ (net)
                  0.07    0.00    5.60 v _1463_/A (sky130_fd_sc_hd__and2_4)
     1    0.00    0.03    0.14    5.74 v _1463_/X (sky130_fd_sc_hd__and2_4)
                                         _0251_ (net)
                  0.03    0.00    5.74 v _1460_/SLEEP (sky130_fd_sc_hd__lpflow_inputiso1p_1)
     2    0.01    0.07    0.24    5.98 v _1460_/X (sky130_fd_sc_hd__lpflow_inputiso1p_1)
                                         _0252_ (net)
                  0.07    0.00    5.98 v _1477_/B (sky130_fd_sc_hd__and2_0)
     1    0.00    0.03    0.15    6.13 v _1477_/X (sky130_fd_sc_hd__and2_0)
                                         _0292_ (net)
                  0.03    0.00    6.13 v _1474_/SLEEP (sky130_fd_sc_hd__lpflow_inputiso1p_1)
     2    0.01    0.07    0.25    6.38 v _1474_/X (sky130_fd_sc_hd__lpflow_inputiso1p_1)
                                         _0293_ (net)
                  0.07    0.00    6.38 v _1491_/A (sky130_fd_sc_hd__and2_4)
     1    0.00    0.03    0.14    6.52 v _1491_/X (sky130_fd_sc_hd__and2_4)
                                         _0333_ (net)
                  0.03    0.00    6.52 v _1488_/SLEEP (sky130_fd_sc_hd__lpflow_inputiso1p_1)
     2    0.01    0.07    0.25    6.77 v _1488_/X (sky130_fd_sc_hd__lpflow_inputiso1p_1)
                                         _0334_ (net)
                  0.07    0.00    6.77 v _1505_/A (sky130_fd_sc_hd__and2_4)
     1    0.00    0.03    0.14    6.91 v _1505_/X (sky130_fd_sc_hd__and2_4)
                                         _0374_ (net)
                  0.03    0.00    6.91 v _1502_/SLEEP (sky130_fd_sc_hd__lpflow_inputiso1p_1)
     2    0.01    0.07    0.25    7.16 v _1502_/X (sky130_fd_sc_hd__lpflow_inputiso1p_1)
                                         _0375_ (net)
                  0.07    0.00    7.16 v _1519_/A (sky130_fd_sc_hd__and2_4)
     1    0.00    0.03    0.14    7.30 v _1519_/X (sky130_fd_sc_hd__and2_4)
                                         _0415_ (net)
                  0.03    0.00    7.30 v _1516_/SLEEP (sky130_fd_sc_hd__lpflow_inputiso1p_1)
     2    0.01    0.07    0.25    7.55 v _1516_/X (sky130_fd_sc_hd__lpflow_inputiso1p_1)
                                         _0416_ (net)
                  0.07    0.00    7.55 v _1533_/A (sky130_fd_sc_hd__and2_4)
     1    0.00    0.03    0.14    7.68 v _1533_/X (sky130_fd_sc_hd__and2_4)
                                         _0456_ (net)
                  0.03    0.00    7.69 v _1530_/SLEEP (sky130_fd_sc_hd__lpflow_inputiso1p_1)
     2    0.01    0.07    0.24    7.93 v _1530_/X (sky130_fd_sc_hd__lpflow_inputiso1p_1)
                                         _0457_ (net)
                  0.07    0.00    7.93 v _1547_/B (sky130_fd_sc_hd__and2_0)
     1    0.00    0.03    0.15    8.08 v _1547_/X (sky130_fd_sc_hd__and2_0)
                                         _0497_ (net)
                  0.03    0.00    8.08 v _1544_/SLEEP (sky130_fd_sc_hd__lpflow_inputiso1p_1)
     2    0.01    0.07    0.24    8.32 v _1544_/X (sky130_fd_sc_hd__lpflow_inputiso1p_1)
                                         _0498_ (net)
                  0.07    0.00    8.32 v _1561_/A (sky130_fd_sc_hd__and2_4)
     1    0.00    0.03    0.14    8.46 v _1561_/X (sky130_fd_sc_hd__and2_4)
                                         _0538_ (net)
                  0.03    0.00    8.46 v _1558_/SLEEP (sky130_fd_sc_hd__lpflow_inputiso1p_1)
     2    0.01    0.07    0.24    8.70 v _1558_/X (sky130_fd_sc_hd__lpflow_inputiso1p_1)
                                         _0539_ (net)
                  0.07    0.00    8.70 v _1589_/A (sky130_fd_sc_hd__and2_0)
     1    0.00    0.03    0.13    8.84 v _1589_/X (sky130_fd_sc_hd__and2_0)
                                         _0620_ (net)
                  0.03    0.00    8.84 v _1586_/SLEEP (sky130_fd_sc_hd__lpflow_inputiso1p_1)
     2    0.01    0.07    0.25    9.09 v _1586_/X (sky130_fd_sc_hd__lpflow_inputiso1p_1)
                                         _0621_ (net)
                  0.07    0.00    9.09 v _1603_/A (sky130_fd_sc_hd__and2_4)
     1    0.00    0.03    0.14    9.23 v _1603_/X (sky130_fd_sc_hd__and2_4)
                                         _0661_ (net)
                  0.03    0.00    9.23 v _1600_/SLEEP (sky130_fd_sc_hd__lpflow_inputiso1p_1)
     2    0.01    0.06    0.23    9.46 v _1600_/X (sky130_fd_sc_hd__lpflow_inputiso1p_1)
                                         _0662_ (net)
                  0.06    0.00    9.46 v _1617_/A (sky130_fd_sc_hd__and2_0)
     1    0.00    0.04    0.13    9.59 v _1617_/X (sky130_fd_sc_hd__and2_0)
                                         _0702_ (net)
                  0.04    0.00    9.60 v _1614_/SLEEP (sky130_fd_sc_hd__lpflow_inputiso1p_1)
     2    0.01    0.07    0.24    9.84 v _1614_/X (sky130_fd_sc_hd__lpflow_inputiso1p_1)
                                         _0703_ (net)
                  0.07    0.00    9.84 v _1631_/A (sky130_fd_sc_hd__and2_4)
     1    0.00    0.03    0.14    9.97 v _1631_/X (sky130_fd_sc_hd__and2_4)
                                         _0743_ (net)
                  0.03    0.00    9.97 v _1628_/SLEEP (sky130_fd_sc_hd__lpflow_inputiso1p_1)
     2    0.01    0.06    0.23   10.20 v _1628_/X (sky130_fd_sc_hd__lpflow_inputiso1p_1)
                                         _0744_ (net)
                  0.06    0.00   10.20 v _1645_/A (sky130_fd_sc_hd__and2_0)
     1    0.00    0.03    0.13   10.33 v _1645_/X (sky130_fd_sc_hd__and2_0)
                                         _0784_ (net)
                  0.03    0.00   10.33 v _1642_/SLEEP (sky130_fd_sc_hd__lpflow_inputiso1p_1)
     2    0.01    0.06    0.23   10.56 v _1642_/X (sky130_fd_sc_hd__lpflow_inputiso1p_1)
                                         _0785_ (net)
                  0.06    0.00   10.56 v _1659_/A (sky130_fd_sc_hd__and2_0)
     1    0.00    0.03    0.13   10.69 v _1659_/X (sky130_fd_sc_hd__and2_0)
                                         _0825_ (net)
                  0.03    0.00   10.69 v _1656_/SLEEP (sky130_fd_sc_hd__lpflow_inputiso1p_1)
     2    0.01    0.06    0.23   10.92 v _1656_/X (sky130_fd_sc_hd__lpflow_inputiso1p_1)
                                         _0826_ (net)
                  0.06    0.00   10.92 v _1673_/A (sky130_fd_sc_hd__and2_0)
     1    0.00    0.04    0.14   11.06 v _1673_/X (sky130_fd_sc_hd__and2_0)
                                         _0866_ (net)
                  0.04    0.00   11.06 v _1670_/SLEEP (sky130_fd_sc_hd__lpflow_inputiso1p_1)
     2    0.00    0.06    0.23   11.29 v _1670_/X (sky130_fd_sc_hd__lpflow_inputiso1p_1)
                                         _0867_ (net)
                  0.06    0.00   11.29 v _1687_/A (sky130_fd_sc_hd__and2_0)
     1    0.00    0.04    0.13   11.42 v _1687_/X (sky130_fd_sc_hd__and2_0)
                                         _0907_ (net)
                  0.04    0.00   11.42 v _1684_/SLEEP (sky130_fd_sc_hd__lpflow_inputiso1p_1)
     2    0.00    0.06    0.23   11.65 v _1684_/X (sky130_fd_sc_hd__lpflow_inputiso1p_1)
                                         _0908_ (net)
                  0.06    0.00   11.65 v _1701_/A (sky130_fd_sc_hd__and2_0)
     1    0.00    0.04    0.13   11.78 v _1701_/X (sky130_fd_sc_hd__and2_0)
                                         _0948_ (net)
                  0.04    0.00   11.78 v _1698_/SLEEP (sky130_fd_sc_hd__lpflow_inputiso1p_1)
     2    0.01    0.06    0.23   12.01 v _1698_/X (sky130_fd_sc_hd__lpflow_inputiso1p_1)
                                         _0949_ (net)
                  0.06    0.00   12.01 v _1715_/A (sky130_fd_sc_hd__and2_0)
     1    0.00    0.04    0.13   12.14 v _1715_/X (sky130_fd_sc_hd__and2_0)
                                         _0989_ (net)
                  0.04    0.00   12.14 v _1712_/SLEEP (sky130_fd_sc_hd__lpflow_inputiso1p_1)
     2    0.01    0.07    0.24   12.38 v _1712_/X (sky130_fd_sc_hd__lpflow_inputiso1p_1)
                                         _0990_ (net)
                  0.07    0.00   12.38 v _1743_/A (sky130_fd_sc_hd__and2_4)
     1    0.00    0.03    0.14   12.52 v _1743_/X (sky130_fd_sc_hd__and2_4)
                                         _1071_ (net)
                  0.03    0.00   12.52 v _1740_/SLEEP (sky130_fd_sc_hd__lpflow_inputiso1p_1)
     3    0.01    0.10    0.27   12.79 v _1740_/X (sky130_fd_sc_hd__lpflow_inputiso1p_1)
                                         _0030_ (net)
                  0.10    0.00   12.79 v _1422_/A (sky130_fd_sc_hd__xor2_1)
     2    0.01    0.19    0.22   13.01 ^ _1422_/X (sky130_fd_sc_hd__xor2_1)
                                         _0108_ (net)
                  0.19    0.00   13.01 ^ _1411_/A1 (sky130_fd_sc_hd__mux2_4)
     1    0.00    0.04    0.18   13.19 ^ _1411_/X (sky130_fd_sc_hd__mux2_4)
                                         _0105_ (net)
                  0.04    0.00   13.19 ^ _1412_/A1 (sky130_fd_sc_hd__mux2_4)
     2    0.01    0.06    0.16   13.35 ^ _1412_/X (sky130_fd_sc_hd__mux2_4)
                                         _0043_ (net)
                  0.06    0.00   13.35 ^ _1910_/A (sky130_fd_sc_hd__clkbuf_1)
     1    0.01    0.10    0.12   13.47 ^ _1910_/X (sky130_fd_sc_hd__clkbuf_1)
                                         net72 (net)
                  0.10    0.00   13.47 ^ output72/A (sky130_fd_sc_hd__buf_2)
     1    0.75    3.59    2.59   16.06 ^ output72/X (sky130_fd_sc_hd__buf_2)
                                         result[0] (net)
                  3.59    0.04   16.09 ^ result[0] (out)
                                 16.09   data arrival time
-----------------------------------------------------------------------------
(Path is unconstrained)




===========================================================================
report_checks --slack_max -0.01
============================================================================
======================= Fastest Corner ===================================

No paths found.

======================= Slowest Corner ===================================

No paths found.

======================= Typical Corner ===================================

No paths found.


===========================================================================
 report_check_types -max_slew -max_cap -max_fanout -violators
============================================================================
======================= Fastest Corner ===================================

max slew

Pin                                    Limit    Slew   Slack
------------------------------------------------------------
output98/X                              1.51    2.72   -1.21 (VIOLATED)
output103/X                             1.51    2.72   -1.20 (VIOLATED)
output100/X                             1.51    2.72   -1.20 (VIOLATED)
output75/X                              1.51    2.72   -1.20 (VIOLATED)
output78/X                              1.51    2.72   -1.20 (VIOLATED)
output85/X                              1.51    2.72   -1.20 (VIOLATED)
output94/X                              1.51    2.72   -1.20 (VIOLATED)
output93/X                              1.51    2.71   -1.20 (VIOLATED)
output99/X                              1.51    2.71   -1.20 (VIOLATED)
output92/X                              1.51    2.71   -1.20 (VIOLATED)
output90/X                              1.51    2.71   -1.20 (VIOLATED)
output88/X                              1.51    2.71   -1.20 (VIOLATED)
output95/X                              1.51    2.71   -1.20 (VIOLATED)
output74/X                              1.51    2.71   -1.20 (VIOLATED)
output91/X                              1.51    2.71   -1.20 (VIOLATED)
output96/X                              1.51    2.71   -1.20 (VIOLATED)
output83/X                              1.51    2.71   -1.20 (VIOLATED)
output86/X                              1.51    2.71   -1.20 (VIOLATED)
output73/X                              1.51    2.71   -1.20 (VIOLATED)
output70/X                              1.51    2.71   -1.20 (VIOLATED)
output97/X                              1.51    2.71   -1.20 (VIOLATED)
output72/X                              1.51    2.71   -1.20 (VIOLATED)
output101/X                             1.51    2.71   -1.20 (VIOLATED)
output89/X                              1.51    2.71   -1.20 (VIOLATED)
output102/X                             1.51    2.71   -1.20 (VIOLATED)
output71/X                              1.51    2.71   -1.20 (VIOLATED)
output82/X                              1.51    1.68   -0.17 (VIOLATED)
output84/X                              1.51    1.68   -0.17 (VIOLATED)
output79/X                              1.51    1.68   -0.17 (VIOLATED)
output81/X                              1.51    1.68   -0.17 (VIOLATED)
output87/X                              1.51    1.68   -0.17 (VIOLATED)
output76/X                              1.51    1.68   -0.17 (VIOLATED)
output77/X                              1.51    1.68   -0.17 (VIOLATED)
output80/X                              1.51    1.68   -0.17 (VIOLATED)
output104/X                             1.51    1.55   -0.03 (VIOLATED)

max capacitance

Pin                                    Limit     Cap   Slack
------------------------------------------------------------
output98/X                              0.42    0.75   -0.33 (VIOLATED)
output83/X                              0.42    0.75   -0.33 (VIOLATED)
output94/X                              0.42    0.75   -0.33 (VIOLATED)
output95/X                              0.42    0.75   -0.33 (VIOLATED)
output70/X                              0.42    0.75   -0.33 (VIOLATED)
output88/X                              0.42    0.75   -0.33 (VIOLATED)
output93/X                              0.42    0.75   -0.33 (VIOLATED)
output71/X                              0.42    0.75   -0.33 (VIOLATED)
output101/X                             0.42    0.75   -0.33 (VIOLATED)
output85/X                              0.42    0.75   -0.33 (VIOLATED)
output78/X                              0.42    0.75   -0.33 (VIOLATED)
output92/X                              0.42    0.75   -0.33 (VIOLATED)
output103/X                             0.42    0.75   -0.33 (VIOLATED)
output73/X                              0.42    0.75   -0.33 (VIOLATED)
output75/X                              0.42    0.75   -0.33 (VIOLATED)
output86/X                              0.42    0.75   -0.33 (VIOLATED)
output89/X                              0.42    0.75   -0.33 (VIOLATED)
output99/X                              0.42    0.75   -0.33 (VIOLATED)
output100/X                             0.42    0.75   -0.33 (VIOLATED)
output90/X                              0.42    0.75   -0.33 (VIOLATED)
output74/X                              0.42    0.75   -0.33 (VIOLATED)
output97/X                              0.42    0.75   -0.33 (VIOLATED)
output91/X                              0.42    0.75   -0.33 (VIOLATED)
output72/X                              0.42    0.75   -0.33 (VIOLATED)
output102/X                             0.42    0.75   -0.33 (VIOLATED)
output96/X                              0.42    0.75   -0.33 (VIOLATED)
output82/X                              0.68    0.75   -0.08 (VIOLATED)
output84/X                              0.68    0.75   -0.08 (VIOLATED)
output81/X                              0.68    0.75   -0.08 (VIOLATED)
output76/X                              0.68    0.75   -0.08 (VIOLATED)
output77/X                              0.68    0.75   -0.08 (VIOLATED)
output79/X                              0.68    0.75   -0.08 (VIOLATED)
output80/X                              0.68    0.75   -0.08 (VIOLATED)
output87/X                              0.68    0.75   -0.08 (VIOLATED)
output104/X                             0.74    0.75   -0.01 (VIOLATED)


max slew violations count Fastest: 35
max fanout violations count Fastest: 0
max cap violations count Fastest: 35
======================= Slowest Corner ===================================

max slew

Pin                                    Limit    Slew   Slack
------------------------------------------------------------
output98/X                              1.51    5.63   -4.12 (VIOLATED)
output75/X                              1.51    5.63   -4.12 (VIOLATED)
output83/X                              1.51    5.63   -4.12 (VIOLATED)
output94/X                              1.51    5.63   -4.12 (VIOLATED)
output93/X                              1.51    5.63   -4.12 (VIOLATED)
output99/X                              1.51    5.63   -4.12 (VIOLATED)
output103/X                             1.51    5.63   -4.12 (VIOLATED)
output92/X                              1.51    5.63   -4.12 (VIOLATED)
output85/X                              1.51    5.63   -4.12 (VIOLATED)
output100/X                             1.51    5.63   -4.12 (VIOLATED)
output88/X                              1.51    5.62   -4.12 (VIOLATED)
output78/X                              1.51    5.62   -4.12 (VIOLATED)
output95/X                              1.51    5.62   -4.12 (VIOLATED)
output90/X                              1.51    5.62   -4.12 (VIOLATED)
output96/X                              1.51    5.62   -4.11 (VIOLATED)
output91/X                              1.51    5.62   -4.11 (VIOLATED)
output86/X                              1.51    5.62   -4.11 (VIOLATED)
output74/X                              1.51    5.62   -4.11 (VIOLATED)
output71/X                              1.51    5.62   -4.11 (VIOLATED)
output70/X                              1.51    5.62   -4.11 (VIOLATED)
output97/X                              1.51    5.62   -4.11 (VIOLATED)
output72/X                              1.51    5.62   -4.11 (VIOLATED)
output101/X                             1.51    5.62   -4.11 (VIOLATED)
output73/X                              1.51    5.62   -4.11 (VIOLATED)
output89/X                              1.51    5.62   -4.11 (VIOLATED)
output102/X                             1.51    5.62   -4.11 (VIOLATED)
output82/X                              1.51    3.39   -1.89 (VIOLATED)
output84/X                              1.51    3.39   -1.88 (VIOLATED)
output81/X                              1.51    3.39   -1.88 (VIOLATED)
output79/X                              1.51    3.39   -1.88 (VIOLATED)
output76/X                              1.51    3.39   -1.88 (VIOLATED)
output77/X                              1.51    3.39   -1.88 (VIOLATED)
output87/X                              1.51    3.39   -1.88 (VIOLATED)
output80/X                              1.51    3.39   -1.88 (VIOLATED)
output104/X                             1.51    3.18   -1.67 (VIOLATED)

max capacitance

Pin                                    Limit     Cap   Slack
------------------------------------------------------------
output98/X                              0.20    0.75   -0.55 (VIOLATED)
output83/X                              0.20    0.75   -0.55 (VIOLATED)
output94/X                              0.20    0.75   -0.55 (VIOLATED)
output95/X                              0.20    0.75   -0.55 (VIOLATED)
output70/X                              0.20    0.75   -0.55 (VIOLATED)
output88/X                              0.20    0.75   -0.55 (VIOLATED)
output93/X                              0.20    0.75   -0.55 (VIOLATED)
output71/X                              0.20    0.75   -0.55 (VIOLATED)
output101/X                             0.20    0.75   -0.55 (VIOLATED)
output85/X                              0.20    0.75   -0.55 (VIOLATED)
output78/X                              0.20    0.75   -0.55 (VIOLATED)
output92/X                              0.20    0.75   -0.55 (VIOLATED)
output103/X                             0.20    0.75   -0.55 (VIOLATED)
output73/X                              0.20    0.75   -0.55 (VIOLATED)
output75/X                              0.20    0.75   -0.55 (VIOLATED)
output86/X                              0.20    0.75   -0.55 (VIOLATED)
output89/X                              0.20    0.75   -0.55 (VIOLATED)
output99/X                              0.20    0.75   -0.55 (VIOLATED)
output100/X                             0.20    0.75   -0.55 (VIOLATED)
output90/X                              0.20    0.75   -0.55 (VIOLATED)
output74/X                              0.20    0.75   -0.55 (VIOLATED)
output97/X                              0.20    0.75   -0.55 (VIOLATED)
output91/X                              0.20    0.75   -0.55 (VIOLATED)
output72/X                              0.20    0.75   -0.55 (VIOLATED)
output102/X                             0.20    0.75   -0.55 (VIOLATED)
output96/X                              0.20    0.75   -0.55 (VIOLATED)
output82/X                              0.33    0.75   -0.42 (VIOLATED)
output84/X                              0.33    0.75   -0.42 (VIOLATED)
output81/X                              0.33    0.75   -0.42 (VIOLATED)
output76/X                              0.33    0.75   -0.42 (VIOLATED)
output77/X                              0.33    0.75   -0.42 (VIOLATED)
output79/X                              0.33    0.75   -0.42 (VIOLATED)
output80/X                              0.33    0.75   -0.42 (VIOLATED)
output87/X                              0.33    0.75   -0.42 (VIOLATED)
output104/X                             0.35    0.75   -0.40 (VIOLATED)


max slew violations count Slowest: 35
max fanout violations count Slowest: 0
max cap violations count Slowest: 35
======================= Typical Corner ===================================

max slew

Pin                                    Limit    Slew   Slack
------------------------------------------------------------
output89/X                              1.51    3.59   -2.08 (VIOLATED)
output73/X                              1.51    3.59   -2.08 (VIOLATED)
output70/X                              1.51    3.59   -2.08 (VIOLATED)
output101/X                             1.51    3.59   -2.08 (VIOLATED)
output78/X                              1.51    3.59   -2.08 (VIOLATED)
output102/X                             1.51    3.59   -2.08 (VIOLATED)
output85/X                              1.51    3.59   -2.08 (VIOLATED)
output100/X                             1.51    3.59   -2.08 (VIOLATED)
output103/X                             1.51    3.59   -2.08 (VIOLATED)
output74/X                              1.51    3.59   -2.08 (VIOLATED)
output72/X                              1.51    3.59   -2.08 (VIOLATED)
output86/X                              1.51    3.59   -2.08 (VIOLATED)
output95/X                              1.51    3.59   -2.08 (VIOLATED)
output90/X                              1.51    3.59   -2.08 (VIOLATED)
output98/X                              1.51    3.59   -2.08 (VIOLATED)
output88/X                              1.51    3.59   -2.08 (VIOLATED)
output97/X                              1.51    3.59   -2.08 (VIOLATED)
output91/X                              1.51    3.58   -2.07 (VIOLATED)
output94/X                              1.51    3.58   -2.07 (VIOLATED)
output75/X                              1.51    3.58   -2.07 (VIOLATED)
output93/X                              1.51    3.58   -2.07 (VIOLATED)
output96/X                              1.51    3.58   -2.07 (VIOLATED)
output92/X                              1.51    3.58   -2.07 (VIOLATED)
output99/X                              1.51    3.58   -2.07 (VIOLATED)
output83/X                              1.51    3.58   -2.07 (VIOLATED)
output71/X                              1.51    3.58   -2.07 (VIOLATED)
output82/X                              1.51    2.20   -0.69 (VIOLATED)
output84/X                              1.51    2.20   -0.69 (VIOLATED)
output81/X                              1.51    2.20   -0.69 (VIOLATED)
output76/X                              1.51    2.20   -0.69 (VIOLATED)
output77/X                              1.51    2.19   -0.69 (VIOLATED)
output80/X                              1.51    2.19   -0.69 (VIOLATED)
output79/X                              1.51    2.19   -0.69 (VIOLATED)
output87/X                              1.51    2.19   -0.68 (VIOLATED)
output104/X                             1.51    2.03   -0.52 (VIOLATED)

max capacitance

Pin                                    Limit     Cap   Slack
------------------------------------------------------------
output98/X                              0.32    0.75   -0.44 (VIOLATED)
output83/X                              0.32    0.75   -0.44 (VIOLATED)
output94/X                              0.32    0.75   -0.44 (VIOLATED)
output95/X                              0.32    0.75   -0.44 (VIOLATED)
output70/X                              0.32    0.75   -0.44 (VIOLATED)
output88/X                              0.32    0.75   -0.44 (VIOLATED)
output93/X                              0.32    0.75   -0.44 (VIOLATED)
output71/X                              0.32    0.75   -0.44 (VIOLATED)
output101/X                             0.32    0.75   -0.44 (VIOLATED)
output85/X                              0.32    0.75   -0.44 (VIOLATED)
output78/X                              0.32    0.75   -0.43 (VIOLATED)
output92/X                              0.32    0.75   -0.43 (VIOLATED)
output103/X                             0.32    0.75   -0.43 (VIOLATED)
output73/X                              0.32    0.75   -0.43 (VIOLATED)
output75/X                              0.32    0.75   -0.43 (VIOLATED)
output86/X                              0.32    0.75   -0.43 (VIOLATED)
output89/X                              0.32    0.75   -0.43 (VIOLATED)
output99/X                              0.32    0.75   -0.43 (VIOLATED)
output100/X                             0.32    0.75   -0.43 (VIOLATED)
output90/X                              0.32    0.75   -0.43 (VIOLATED)
output74/X                              0.32    0.75   -0.43 (VIOLATED)
output97/X                              0.32    0.75   -0.43 (VIOLATED)
output91/X                              0.32    0.75   -0.43 (VIOLATED)
output72/X                              0.32    0.75   -0.43 (VIOLATED)
output102/X                             0.32    0.75   -0.43 (VIOLATED)
output96/X                              0.32    0.75   -0.43 (VIOLATED)
output82/X                              0.52    0.75   -0.23 (VIOLATED)
output84/X                              0.52    0.75   -0.23 (VIOLATED)
output81/X                              0.52    0.75   -0.23 (VIOLATED)
output76/X                              0.52    0.75   -0.23 (VIOLATED)
output77/X                              0.52    0.75   -0.23 (VIOLATED)
output79/X                              0.52    0.75   -0.23 (VIOLATED)
output80/X                              0.52    0.75   -0.23 (VIOLATED)
output87/X                              0.52    0.75   -0.23 (VIOLATED)
output104/X                             0.56    0.75   -0.19 (VIOLATED)


max slew violations count Typical: 35
max fanout violations count Typical: 0
max cap violations count Typical: 35

===========================================================================
report_parasitic_annotation -report_unannotated
============================================================================
Found 32 unannotated drivers.
 fake_clk
 _1425__150/HI
 _1439__151/HI
 _1453__152/HI
 _1467__153/HI
 _1481__154/HI
 _1495__155/HI
 _1509__156/HI
 _1523__157/HI
 _1537__158/HI
 _1551__128/HI
 _1565__129/HI
 _1579__130/HI
 _1593__131/HI
 _1607__132/HI
 _1621__133/HI
 _1635__134/HI
 _1649__135/HI
 _1663__136/HI
 _1677__137/HI
 _1691__138/HI
 _1705__139/HI
 _1719__140/HI
 _1733__141/HI
 _1747__142/HI
 _1761__143/HI
 _1775__144/HI
 _1789__145/HI
 _1803__146/HI
 _1817__147/HI
 _1831__148/HI
 _1845__149/HI
Found 0 partially unannotated drivers.

===========================================================================
max slew violation count 35
max fanout violation count 0
max cap violation count 35
============================================================================

===========================================================================
check_setup -verbose -unconstrained_endpoints -multiple_clock -no_clock -no_input_delay -loops -generated_clocks
===========================================================================
Warning: There are 70 input ports missing set_input_delay.
  a[0]
  a[10]
  a[11]
  a[12]
  a[13]
  a[14]
  a[15]
  a[16]
  a[17]
  a[18]
  a[19]
  a[1]
  a[20]
  a[21]
  a[22]
  a[23]
  a[24]
  a[25]
  a[26]
  a[27]
  a[28]
  a[29]
  a[2]
  a[30]
  a[31]
  a[3]
  a[4]
  a[5]
  a[6]
  a[7]
  a[8]
  a[9]
  ainv
  b[0]
  b[10]
  b[11]
  b[12]
  b[13]
  b[14]
  b[15]
  b[16]
  b[17]
  b[18]
  b[19]
  b[1]
  b[20]
  b[21]
  b[22]
  b[23]
  b[24]
  b[25]
  b[26]
  b[27]
  b[28]
  b[29]
  b[2]
  b[30]
  b[31]
  b[3]
  b[4]
  b[5]
  b[6]
  b[7]
  b[8]
  b[9]
  binv
  cin
  fake_clk
  select[0]
  select[1]
Warning: There are 35 unconstrained endpoints.
  cout
  overflow
  result[0]
  result[10]
  result[11]
  result[12]
  result[13]
  result[14]
  result[15]
  result[16]
  result[17]
  result[18]
  result[19]
  result[1]
  result[20]
  result[21]
  result[22]
  result[23]
  result[24]
  result[25]
  result[26]
  result[27]
  result[28]
  result[29]
  result[2]
  result[30]
  result[31]
  result[3]
  result[4]
  result[5]
  result[6]
  result[7]
  result[8]
  result[9]
  zero
