
===========================================================================
 report_power
============================================================================
======================= Fastest Corner ===================================

Group                  Internal  Switching    Leakage      Total
                          Power      Power      Power      Power (Watts)
----------------------------------------------------------------
Sequential             0.00e+00   0.00e+00   0.00e+00   0.00e+00   0.0%
Combinational          1.09e-12   1.27e-11   2.36e-09   2.37e-09  61.0%
Clock                  0.00e+00   0.00e+00   1.52e-09   1.52e-09  39.0%
Macro                  0.00e+00   0.00e+00   0.00e+00   0.00e+00   0.0%
Pad                    0.00e+00   0.00e+00   0.00e+00   0.00e+00   0.0%
----------------------------------------------------------------
Total                  1.09e-12   1.27e-11   3.88e-09   3.89e-09 100.0%
                           0.0%       0.3%      99.6%

======================= Slowest Corner ===================================

Group                  Internal  Switching    Leakage      Total
                          Power      Power      Power      Power (Watts)
----------------------------------------------------------------
Sequential             0.00e+00   0.00e+00   0.00e+00   0.00e+00   0.0%
Combinational          8.39e-13   8.54e-12   2.98e-06   2.98e-06  99.9%
Clock                  0.00e+00   0.00e+00   1.52e-09   1.52e-09   0.1%
Macro                  0.00e+00   0.00e+00   0.00e+00   0.00e+00   0.0%
Pad                    0.00e+00   0.00e+00   0.00e+00   0.00e+00   0.0%
----------------------------------------------------------------
Total                  8.39e-13   8.54e-12   2.98e-06   2.98e-06 100.0%
                           0.0%       0.0%     100.0%

======================= Typical Corner ===================================

Group                  Internal  Switching    Leakage      Total
                          Power      Power      Power      Power (Watts)
----------------------------------------------------------------
Sequential             0.00e+00   0.00e+00   0.00e+00   0.00e+00   0.0%
Combinational          1.01e-12   1.08e-11   2.09e-09   2.10e-09  58.0%
Clock                  0.00e+00   0.00e+00   1.52e-09   1.52e-09  42.0%
Macro                  0.00e+00   0.00e+00   0.00e+00   0.00e+00   0.0%
Pad                    0.00e+00   0.00e+00   0.00e+00   0.00e+00   0.0%
----------------------------------------------------------------
Total                  1.01e-12   1.08e-11   3.61e-09   3.62e-09 100.0%
                           0.0%       0.3%      99.7%

