Instance,Terminal,Layer,X location,Y location,Voltage
FILLER_0_38_225,VGND,li1,109.7100,114.2400,0.000007
FILLER_0_38_222,VGND,li1,108.1000,114.2400,0.000007
FILLER_0_38_214,VGND,li1,105.8000,114.2400,0.000007
FILLER_0_38_202,VGND,li1,101.2000,114.2400,0.000007
FILLER_0_38_197,VGND,li1,96.6000,114.2400,0.000010
FILLER_0_38_195,VGND,li1,95.4500,114.2400,0.000011
FILLER_0_38_191,VGND,li1,93.6100,114.2400,0.000013
FILLER_0_38_184,VGND,li1,90.3900,114.2400,0.000014
FILLER_0_38_167,VGND,li1,82.5700,114.2400,0.000014
FILLER_0_38_153,VGND,li1,76.3600,114.2400,0.000011
FILLER_0_38_149,VGND,li1,74.2900,114.2400,0.000012
FILLER_0_38_141,VGND,li1,70.8400,114.2400,0.000013
FILLER_0_38_111,VGND,li1,56.8100,114.2400,0.000013
FILLER_0_38_104,VGND,li1,54.2800,114.2400,0.000012
FILLER_0_38_97,VGND,li1,51.0600,114.2400,0.000010
FILLER_0_38_90,VGND,li1,47.8400,114.2400,0.000010
FILLER_0_38_85,VGND,li1,45.0800,114.2400,0.000010
FILLER_0_38_83,VGND,li1,43.9300,114.2400,0.000010
FILLER_0_38_79,VGND,li1,42.0900,114.2400,0.000011
FILLER_0_38_72,VGND,li1,38.8700,114.2400,0.000012
FILLER_0_38_62,VGND,li1,34.9600,114.2400,0.000011
FILLER_0_38_57,VGND,li1,32.2000,114.2400,0.000010
FILLER_0_38_48,VGND,li1,29.4400,114.2400,0.000009
FILLER_0_38_41,VGND,li1,25.3000,114.2400,0.000007
FILLER_0_38_37,VGND,li1,22.7700,114.2400,0.000007
FILLER_0_38_29,VGND,li1,20.7000,114.2400,0.000006
FILLER_0_38_27,VGND,li1,18.1700,114.2400,0.000006
FILLER_0_38_15,VGND,li1,15.1800,114.2400,0.000007
FILLER_0_38_3,VGND,li1,9.6600,114.2400,0.000008
FILLER_0_37_225,VGND,li1,109.7100,114.2400,0.000007
FILLER_0_37_221,VGND,li1,107.8700,114.2400,0.000007
FILLER_0_37_209,VGND,li1,104.4200,114.2400,0.000007
FILLER_0_37_197,VGND,li1,98.9000,114.2400,0.000008
FILLER_0_37_185,VGND,li1,93.3800,114.2400,0.000013
FILLER_0_37_173,VGND,li1,87.8600,114.2400,0.000014
FILLER_0_37_150,VGND,li1,75.2100,114.2400,0.000011
FILLER_0_37_138,VGND,li1,71.7600,114.2400,0.000013
FILLER_0_37_125,VGND,li1,63.2500,114.2400,0.000014
FILLER_0_37_113,VGND,li1,60.2600,114.2400,0.000014
FILLER_0_37_111,VGND,li1,56.8100,114.2400,0.000013
FILLER_0_37_107,VGND,li1,55.6600,114.2400,0.000012
FILLER_0_37_95,VGND,li1,51.9800,114.2400,0.000010
FILLER_0_37_83,VGND,li1,46.4600,114.2400,0.000010
FILLER_0_37_65,VGND,li1,36.1100,114.2400,0.000012
FILLER_0_37_57,VGND,li1,33.5800,114.2400,0.000011
FILLER_0_37_48,VGND,li1,29.4400,114.2400,0.000009
FILLER_0_37_36,VGND,li1,24.8400,114.2400,0.000007
FILLER_0_37_24,VGND,li1,19.3200,114.2400,0.000006
FILLER_0_37_12,VGND,li1,13.8000,114.2400,0.000007
FILLER_0_36_227,VGND,li1,110.1700,108.8000,0.000001
FILLER_0_36_221,VGND,li1,108.5600,108.8000,0.000001
FILLER_0_36_209,VGND,li1,104.4200,108.8000,0.000001
FILLER_0_36_197,VGND,li1,98.9000,108.8000,0.000001
FILLER_0_36_195,VGND,li1,95.4500,108.8000,0.000001
FILLER_0_36_191,VGND,li1,94.3000,108.8000,0.000001
FILLER_0_36_179,VGND,li1,90.6200,108.8000,0.000002
FILLER_0_36_167,VGND,li1,85.1000,108.8000,0.000002
FILLER_0_36_144,VGND,li1,72.2200,108.8000,0.000003
FILLER_0_36_109,VGND,li1,58.4200,108.8000,0.000003
FILLER_0_36_97,VGND,li1,52.9000,108.8000,0.000003
FILLER_0_36_85,VGND,li1,47.3800,108.8000,0.000003
FILLER_0_36_82,VGND,li1,43.7000,108.8000,0.000004
FILLER_0_36_61,VGND,li1,34.0400,108.8000,0.000004
FILLER_0_36_53,VGND,li1,31.7400,108.8000,0.000004
FILLER_0_36_41,VGND,li1,27.1400,108.8000,0.000004
FILLER_0_36_29,VGND,li1,21.6200,108.8000,0.000003
FILLER_0_36_26,VGND,li1,17.9400,108.8000,0.000003
FILLER_0_36_18,VGND,li1,15.6400,108.8000,0.000004
FILLER_0_36_6,VGND,li1,11.0400,108.8000,0.000004
FILLER_0_35_225,VGND,li1,109.7100,108.8000,0.000001
FILLER_0_35_223,VGND,li1,108.3300,108.8000,0.000001
FILLER_0_35_217,VGND,li1,106.7200,108.8000,0.000001
FILLER_0_35_205,VGND,li1,102.5800,108.8000,0.000001
FILLER_0_35_193,VGND,li1,97.0600,108.8000,0.000001
FILLER_0_35_181,VGND,li1,91.5400,108.8000,0.000002
FILLER_0_35_169,VGND,li1,86.0200,108.8000,0.000002
FILLER_0_35_166,VGND,li1,82.3400,108.8000,0.000002
FILLER_0_35_155,VGND,li1,77.0500,108.8000,0.000002
FILLER_0_35_149,VGND,li1,75.4400,108.8000,0.000002
FILLER_0_35_137,VGND,li1,71.3000,108.8000,0.000003
FILLER_0_35_113,VGND,li1,60.2600,108.8000,0.000003
FILLER_0_35_108,VGND,li1,56.1200,108.8000,0.000003
FILLER_0_35_96,VGND,li1,52.4400,108.8000,0.000003
FILLER_0_35_84,VGND,li1,46.9200,108.8000,0.000003
FILLER_0_35_57,VGND,li1,33.1200,108.8000,0.000004
FILLER_0_35_52,VGND,li1,30.3600,108.8000,0.000004
FILLER_0_35_38,VGND,li1,23.4600,108.8000,0.000003
FILLER_0_35_31,VGND,li1,20.7000,108.8000,0.000003
FILLER_0_35_19,VGND,li1,17.0200,108.8000,0.000004
FILLER_0_35_7,VGND,li1,11.5000,108.8000,0.000004
FILLER_0_34_221,VGND,li1,108.1000,103.3600,0.000003
FILLER_0_34_209,VGND,li1,104.4200,103.3600,0.000003
FILLER_0_34_184,VGND,li1,90.6200,103.3600,0.000005
FILLER_0_34_174,VGND,li1,86.2500,103.3600,0.000005
FILLER_0_34_166,VGND,li1,83.7200,103.3600,0.000005
FILLER_0_34_158,VGND,li1,78.8900,103.3600,0.000004
FILLER_0_34_141,VGND,li1,73.1400,103.3600,0.000004
FILLER_0_34_139,VGND,li1,69.6900,103.3600,0.000005
FILLER_0_34_133,VGND,li1,66.9300,103.3600,0.000005
FILLER_0_34_121,VGND,li1,63.9400,103.3600,0.000005
FILLER_0_34_109,VGND,li1,58.4200,103.3600,0.000005
FILLER_0_34_97,VGND,li1,52.9000,103.3600,0.000005
FILLER_0_34_85,VGND,li1,47.3800,103.3600,0.000005
FILLER_0_34_83,VGND,li1,43.9300,103.3600,0.000006
FILLER_0_34_79,VGND,li1,42.7800,103.3600,0.000006
FILLER_0_34_72,VGND,li1,39.1000,103.3600,0.000007
FILLER_0_34_64,VGND,li1,35.6500,103.3600,0.000007
FILLER_0_34_52,VGND,li1,32.2000,103.3600,0.000008
FILLER_0_34_29,VGND,li1,19.5500,103.3600,0.000007
FILLER_0_34_27,VGND,li1,18.1700,103.3600,0.000007
FILLER_0_34_19,VGND,li1,16.1000,103.3600,0.000008
FILLER_0_34_7,VGND,li1,11.5000,103.3600,0.000008
FILLER_0_33_225,VGND,li1,109.7100,103.3600,0.000003
FILLER_0_33_221,VGND,li1,107.8700,103.3600,0.000003
FILLER_0_33_209,VGND,li1,104.4200,103.3600,0.000003
FILLER_0_33_177,VGND,li1,88.3200,103.3600,0.000005
FILLER_0_33_169,VGND,li1,83.4900,103.3600,0.000005
FILLER_0_33_165,VGND,li1,82.1100,103.3600,0.000005
FILLER_0_33_157,VGND,li1,79.5800,103.3600,0.000004
FILLER_0_33_149,VGND,li1,74.2900,103.3600,0.000004
FILLER_0_33_137,VGND,li1,71.3000,103.3600,0.000005
FILLER_0_33_128,VGND,li1,64.8600,103.3600,0.000005
FILLER_0_33_116,VGND,li1,61.6400,103.3600,0.000005
FILLER_0_33_110,VGND,li1,56.5800,103.3600,0.000005
FILLER_0_33_100,VGND,li1,51.7500,103.3600,0.000005
FILLER_0_33_96,VGND,li1,50.6000,103.3600,0.000005
FILLER_0_33_88,VGND,li1,46.2300,103.3600,0.000005
FILLER_0_33_84,VGND,li1,45.0800,103.3600,0.000005
FILLER_0_33_72,VGND,li1,41.4000,103.3600,0.000006
FILLER_0_33_57,VGND,li1,33.5800,103.3600,0.000008
FILLER_0_33_27,VGND,li1,18.6300,103.3600,0.000007
FILLER_0_33_15,VGND,li1,15.1800,103.3600,0.000008
FILLER_0_33_3,VGND,li1,9.6600,103.3600,0.000009
FILLER_0_32_221,VGND,li1,108.1000,97.9200,0.000003
FILLER_0_32_209,VGND,li1,104.4200,97.9200,0.000003
FILLER_0_32_197,VGND,li1,98.9000,97.9200,0.000004
FILLER_0_32_194,VGND,li1,95.2200,97.9200,0.000005
FILLER_0_32_178,VGND,li1,88.3200,97.9200,0.000006
FILLER_0_32_165,VGND,li1,81.6500,97.9200,0.000006
FILLER_0_32_141,VGND,li1,71.3000,97.9200,0.000007
FILLER_0_32_118,VGND,li1,60.0300,97.9200,0.000008
FILLER_0_32_100,VGND,li1,52.4400,97.9200,0.000007
FILLER_0_32_92,VGND,li1,48.0700,97.9200,0.000005
FILLER_0_32_78,VGND,li1,42.7800,97.9200,0.000006
FILLER_0_32_54,VGND,li1,33.1200,97.9200,0.000006
FILLER_0_32_41,VGND,li1,24.6100,97.9200,0.000005
FILLER_0_32_29,VGND,li1,21.6200,97.9200,0.000004
FILLER_0_32_27,VGND,li1,18.1700,97.9200,0.000005
FILLER_0_32_19,VGND,li1,16.1000,97.9200,0.000005
FILLER_0_32_7,VGND,li1,11.5000,97.9200,0.000006
FILLER_0_31_222,VGND,li1,108.1000,97.9200,0.000003
FILLER_0_31_214,VGND,li1,105.8000,97.9200,0.000003
FILLER_0_31_202,VGND,li1,101.2000,97.9200,0.000003
FILLER_0_31_190,VGND,li1,95.6800,97.9200,0.000004
FILLER_0_31_178,VGND,li1,90.1600,97.9200,0.000006
FILLER_0_31_164,VGND,li1,81.8800,97.9200,0.000006
FILLER_0_31_152,VGND,li1,78.2000,97.9200,0.000006
FILLER_0_31_141,VGND,li1,70.8400,97.9200,0.000007
FILLER_0_31_116,VGND,li1,61.6400,97.9200,0.000008
FILLER_0_31_108,VGND,li1,56.1200,97.9200,0.000007
FILLER_0_31_88,VGND,li1,46.2300,97.9200,0.000005
FILLER_0_31_73,VGND,li1,39.7900,97.9200,0.000006
FILLER_0_31_63,VGND,li1,34.7300,97.9200,0.000006
FILLER_0_31_57,VGND,li1,33.1200,97.9200,0.000006
FILLER_0_31_55,VGND,li1,31.0500,97.9200,0.000005
FILLER_0_31_49,VGND,li1,29.4400,97.9200,0.000005
FILLER_0_31_39,VGND,li1,24.1500,97.9200,0.000005
FILLER_0_31_31,VGND,li1,21.6200,97.9200,0.000004
FILLER_0_31_19,VGND,li1,17.0200,97.9200,0.000005
FILLER_0_31_7,VGND,li1,11.5000,97.9200,0.000006
FILLER_0_30_221,VGND,li1,108.1000,92.4800,0.000006
FILLER_0_30_209,VGND,li1,104.4200,92.4800,0.000005
FILLER_0_30_197,VGND,li1,98.9000,92.4800,0.000005
FILLER_0_30_194,VGND,li1,95.2200,92.4800,0.000005
FILLER_0_30_186,VGND,li1,92.9200,92.4800,0.000005
FILLER_0_30_177,VGND,li1,88.3200,92.4800,0.000005
FILLER_0_30_165,VGND,li1,84.1800,92.4800,0.000005
FILLER_0_30_153,VGND,li1,78.6600,92.4800,0.000004
FILLER_0_30_141,VGND,li1,73.1400,92.4800,0.000004
FILLER_0_30_138,VGND,li1,69.4600,92.4800,0.000005
FILLER_0_30_126,VGND,li1,66.2400,92.4800,0.000005
FILLER_0_30_114,VGND,li1,60.7200,92.4800,0.000005
FILLER_0_30_102,VGND,li1,55.2000,92.4800,0.000005
FILLER_0_30_85,VGND,li1,47.3800,92.4800,0.000004
FILLER_0_30_83,VGND,li1,43.9300,92.4800,0.000006
FILLER_0_30_72,VGND,li1,39.1000,92.4800,0.000008
FILLER_0_30_64,VGND,li1,36.8000,92.4800,0.000008
FILLER_0_30_47,VGND,li1,27.3700,92.4800,0.000009
FILLER_0_30_33,VGND,li1,20.9300,92.4800,0.000009
FILLER_0_30_29,VGND,li1,19.7800,92.4800,0.000009
FILLER_0_30_24,VGND,li1,17.4800,92.4800,0.000011
FILLER_0_30_6,VGND,li1,10.1200,92.4800,0.000013
FILLER_0_29_225,VGND,li1,109.7100,92.4800,0.000006
FILLER_0_29_217,VGND,li1,106.0300,92.4800,0.000005
FILLER_0_29_189,VGND,li1,92.9200,92.4800,0.000005
FILLER_0_29_169,VGND,li1,83.7200,92.4800,0.000005
FILLER_0_29_166,VGND,li1,82.3400,92.4800,0.000005
FILLER_0_29_159,VGND,li1,78.8900,92.4800,0.000004
FILLER_0_29_153,VGND,li1,77.2800,92.4800,0.000004
FILLER_0_29_141,VGND,li1,73.1400,92.4800,0.000004
FILLER_0_29_125,VGND,li1,63.2500,92.4800,0.000005
FILLER_0_29_113,VGND,li1,60.2600,92.4800,0.000005
FILLER_0_29_109,VGND,li1,56.3500,92.4800,0.000005
FILLER_0_29_97,VGND,li1,52.9000,92.4800,0.000004
FILLER_0_29_85,VGND,li1,47.3800,92.4800,0.000004
FILLER_0_29_73,VGND,li1,41.8600,92.4800,0.000006
FILLER_0_29_69,VGND,li1,37.4900,92.4800,0.000008
FILLER_0_29_65,VGND,li1,35.6500,92.4800,0.000008
FILLER_0_29_57,VGND,li1,33.5800,92.4800,0.000008
FILLER_0_29_55,VGND,li1,31.0500,92.4800,0.000009
FILLER_0_29_36,VGND,li1,23.0000,92.4800,0.000008
FILLER_0_29_7,VGND,li1,8.9700,92.4800,0.000013
FILLER_0_28_227,VGND,li1,110.1700,87.0400,0.000006
FILLER_0_28_219,VGND,li1,108.1000,87.0400,0.000006
FILLER_0_28_204,VGND,li1,100.0500,87.0400,0.000005
FILLER_0_28_183,VGND,li1,89.9300,87.0400,0.000006
FILLER_0_28_175,VGND,li1,87.8600,87.0400,0.000006
FILLER_0_28_163,VGND,li1,83.2600,87.0400,0.000006
FILLER_0_28_149,VGND,li1,74.5200,87.0400,0.000005
FILLER_0_28_141,VGND,li1,72.2200,87.0400,0.000006
FILLER_0_28_139,VGND,li1,69.6900,87.0400,0.000006
FILLER_0_28_114,VGND,li1,58.8800,87.0400,0.000008
FILLER_0_28_94,VGND,li1,48.9900,87.0400,0.000005
FILLER_0_28_88,VGND,li1,47.3800,87.0400,0.000005
FILLER_0_28_72,VGND,li1,41.4000,87.0400,0.000006
FILLER_0_28_66,VGND,li1,36.1100,87.0400,0.000007
FILLER_0_28_62,VGND,li1,34.2700,87.0400,0.000007
FILLER_0_28_58,VGND,li1,33.1200,87.0400,0.000007
FILLER_0_28_37,VGND,li1,23.2300,87.0400,0.000007
FILLER_0_28_29,VGND,li1,19.0900,87.0400,0.000007
FILLER_0_28_25,VGND,li1,17.7100,87.0400,0.000007
FILLER_0_28_3,VGND,li1,7.5900,87.0400,0.000011
FILLER_0_27_225,VGND,li1,109.7100,87.0400,0.000006
FILLER_0_27_219,VGND,li1,106.4900,87.0400,0.000006
FILLER_0_27_215,VGND,li1,105.3400,87.0400,0.000006
FILLER_0_27_203,VGND,li1,101.6600,87.0400,0.000005
FILLER_0_27_187,VGND,li1,91.7700,87.0400,0.000006
FILLER_0_27_181,VGND,li1,90.1600,87.0400,0.000006
FILLER_0_27_169,VGND,li1,86.0200,87.0400,0.000006
FILLER_0_27_167,VGND,li1,82.5700,87.0400,0.000006
FILLER_0_27_161,VGND,li1,80.9600,87.0400,0.000006
FILLER_0_27_148,VGND,li1,73.8300,87.0400,0.000006
FILLER_0_27_144,VGND,li1,72.6800,87.0400,0.000006
FILLER_0_27_113,VGND,li1,60.2600,87.0400,0.000008
FILLER_0_27_109,VGND,li1,56.3500,87.0400,0.000008
FILLER_0_27_89,VGND,li1,48.3000,87.0400,0.000005
FILLER_0_27_77,VGND,li1,41.6300,87.0400,0.000006
FILLER_0_27_69,VGND,li1,39.1000,87.0400,0.000007
FILLER_0_27_57,VGND,li1,34.5000,87.0400,0.000007
FILLER_0_27_51,VGND,li1,29.4400,87.0400,0.000007
FILLER_0_27_43,VGND,li1,27.1400,87.0400,0.000007
FILLER_0_27_31,VGND,li1,22.5400,87.0400,0.000006
FILLER_0_27_19,VGND,li1,17.0200,87.0400,0.000008
FILLER_0_27_7,VGND,li1,11.5000,87.0400,0.000010
FILLER_0_26_221,VGND,li1,108.1000,81.6000,0.000002
FILLER_0_26_209,VGND,li1,104.4200,81.6000,0.000002
FILLER_0_26_197,VGND,li1,98.9000,81.6000,0.000003
FILLER_0_26_192,VGND,li1,94.7600,81.6000,0.000004
FILLER_0_26_180,VGND,li1,91.0800,81.6000,0.000004
FILLER_0_26_168,VGND,li1,85.5600,81.6000,0.000005
FILLER_0_26_163,VGND,li1,80.9600,81.6000,0.000005
FILLER_0_26_153,VGND,li1,76.3600,81.6000,0.000004
FILLER_0_26_141,VGND,li1,73.1400,81.6000,0.000004
FILLER_0_26_139,VGND,li1,69.6900,81.6000,0.000005
FILLER_0_26_118,VGND,li1,60.4900,81.6000,0.000005
FILLER_0_26_110,VGND,li1,57.9600,81.6000,0.000005
FILLER_0_26_85,VGND,li1,46.0000,81.6000,0.000006
FILLER_0_26_82,VGND,li1,43.7000,81.6000,0.000007
FILLER_0_26_67,VGND,li1,37.0300,81.6000,0.000008
FILLER_0_26_52,VGND,li1,32.2000,81.6000,0.000007
FILLER_0_26_41,VGND,li1,26.2200,81.6000,0.000007
FILLER_0_26_29,VGND,li1,21.6200,81.6000,0.000006
FILLER_0_26_26,VGND,li1,17.9400,81.6000,0.000007
FILLER_0_26_18,VGND,li1,15.6400,81.6000,0.000008
FILLER_0_26_6,VGND,li1,11.0400,81.6000,0.000009
FILLER_0_25_220,VGND,li1,107.6400,81.6000,0.000002
FILLER_0_25_208,VGND,li1,103.9600,81.6000,0.000002
FILLER_0_25_196,VGND,li1,98.4400,81.6000,0.000003
FILLER_0_25_169,VGND,li1,84.6400,81.6000,0.000005
FILLER_0_25_167,VGND,li1,82.5700,81.6000,0.000005
FILLER_0_25_163,VGND,li1,80.7300,81.6000,0.000005
FILLER_0_25_148,VGND,li1,74.9800,81.6000,0.000004
FILLER_0_25_136,VGND,li1,70.8400,81.6000,0.000005
FILLER_0_25_132,VGND,li1,66.4700,81.6000,0.000005
FILLER_0_25_128,VGND,li1,64.6300,81.6000,0.000005
FILLER_0_25_116,VGND,li1,61.6400,81.6000,0.000005
FILLER_0_25_97,VGND,li1,50.8300,81.6000,0.000005
FILLER_0_25_85,VGND,li1,47.3800,81.6000,0.000006
FILLER_0_25_81,VGND,li1,43.0100,81.6000,0.000007
FILLER_0_25_77,VGND,li1,41.8600,81.6000,0.000007
FILLER_0_25_65,VGND,li1,38.1800,81.6000,0.000008
FILLER_0_25_54,VGND,li1,30.8200,81.6000,0.000007
FILLER_0_25_44,VGND,li1,25.9900,81.6000,0.000007
FILLER_0_25_32,VGND,li1,23.0000,81.6000,0.000006
FILLER_0_25_25,VGND,li1,17.4800,81.6000,0.000007
FILLER_0_25_13,VGND,li1,11.7300,81.6000,0.000009
FILLER_0_25_7,VGND,li1,10.1200,81.6000,0.000009
FILLER_0_24_213,VGND,li1,106.2600,76.1600,0.000004
FILLER_0_24_204,VGND,li1,100.7400,76.1600,0.000004
FILLER_0_24_195,VGND,li1,95.4500,76.1600,0.000004
FILLER_0_24_180,VGND,li1,90.1600,76.1600,0.000004
FILLER_0_24_168,VGND,li1,85.5600,76.1600,0.000004
FILLER_0_24_153,VGND,li1,77.2800,76.1600,0.000003
FILLER_0_24_141,VGND,li1,73.1400,76.1600,0.000003
FILLER_0_24_138,VGND,li1,69.4600,76.1600,0.000004
FILLER_0_24_126,VGND,li1,66.2400,76.1600,0.000004
FILLER_0_24_111,VGND,li1,59.3400,76.1600,0.000005
FILLER_0_24_101,VGND,li1,52.2100,76.1600,0.000004
FILLER_0_24_97,VGND,li1,51.0600,76.1600,0.000004
FILLER_0_24_85,VGND,li1,47.3800,76.1600,0.000004
FILLER_0_24_71,VGND,li1,38.4100,76.1600,0.000006
FILLER_0_24_59,VGND,li1,35.4200,76.1600,0.000006
FILLER_0_24_53,VGND,li1,30.5900,76.1600,0.000007
FILLER_0_24_38,VGND,li1,24.3800,76.1600,0.000006
FILLER_0_24_27,VGND,li1,18.1700,76.1600,0.000006
FILLER_0_23_225,VGND,li1,109.7100,76.1600,0.000004
FILLER_0_23_222,VGND,li1,108.1000,76.1600,0.000004
FILLER_0_23_203,VGND,li1,99.1300,76.1600,0.000004
FILLER_0_23_181,VGND,li1,89.0100,76.1600,0.000004
FILLER_0_23_169,VGND,li1,86.0200,76.1600,0.000004
FILLER_0_23_166,VGND,li1,82.3400,76.1600,0.000004
FILLER_0_23_157,VGND,li1,78.2000,76.1600,0.000003
FILLER_0_23_149,VGND,li1,75.9000,76.1600,0.000003
FILLER_0_23_137,VGND,li1,71.3000,76.1600,0.000004
FILLER_0_23_130,VGND,li1,66.2400,76.1600,0.000004
FILLER_0_23_113,VGND,li1,59.3400,76.1600,0.000005
FILLER_0_23_110,VGND,li1,56.5800,76.1600,0.000005
FILLER_0_23_102,VGND,li1,54.2800,76.1600,0.000005
FILLER_0_23_90,VGND,li1,49.6800,76.1600,0.000004
FILLER_0_23_57,VGND,li1,34.5000,76.1600,0.000006
FILLER_0_23_50,VGND,li1,29.9000,76.1600,0.000007
FILLER_0_23_32,VGND,li1,21.1600,76.1600,0.000006
FILLER_0_23_12,VGND,li1,11.7300,76.1600,0.000008
FILLER_0_23_3,VGND,li1,8.2800,76.1600,0.000008
FILLER_0_22_224,VGND,li1,108.7900,70.7200,0.000004
FILLER_0_22_212,VGND,li1,105.8000,70.7200,0.000004
FILLER_0_22_208,VGND,li1,101.4300,70.7200,0.000004
FILLER_0_22_202,VGND,li1,99.8200,70.7200,0.000004
FILLER_0_22_194,VGND,li1,95.2200,70.7200,0.000006
FILLER_0_22_183,VGND,li1,91.0800,70.7200,0.000007
FILLER_0_22_148,VGND,li1,74.0600,70.7200,0.000006
FILLER_0_22_139,VGND,li1,69.6900,70.7200,0.000007
FILLER_0_22_122,VGND,li1,62.1000,70.7200,0.000008
FILLER_0_22_114,VGND,li1,59.8000,70.7200,0.000007
FILLER_0_22_102,VGND,li1,55.2000,70.7200,0.000007
FILLER_0_22_83,VGND,li1,43.9300,70.7200,0.000006
FILLER_0_22_79,VGND,li1,42.7800,70.7200,0.000006
FILLER_0_22_67,VGND,li1,39.1000,70.7200,0.000006
FILLER_0_22_45,VGND,li1,26.4500,70.7200,0.000006
FILLER_0_22_41,VGND,li1,25.3000,70.7200,0.000006
FILLER_0_22_29,VGND,li1,21.6200,70.7200,0.000004
FILLER_0_22_26,VGND,li1,17.9400,70.7200,0.000004
FILLER_0_22_18,VGND,li1,15.6400,70.7200,0.000004
FILLER_0_22_6,VGND,li1,11.0400,70.7200,0.000005
FILLER_0_21_223,VGND,li1,108.3300,70.7200,0.000004
FILLER_0_21_219,VGND,li1,107.1800,70.7200,0.000004
FILLER_0_21_207,VGND,li1,103.5000,70.7200,0.000004
FILLER_0_21_195,VGND,li1,97.9800,70.7200,0.000005
FILLER_0_21_189,VGND,li1,92.6900,70.7200,0.000006
FILLER_0_21_181,VGND,li1,90.6200,70.7200,0.000007
FILLER_0_21_152,VGND,li1,75.6700,70.7200,0.000006
FILLER_0_21_140,VGND,li1,72.6800,70.7200,0.000007
FILLER_0_21_130,VGND,li1,66.0100,70.7200,0.000008
FILLER_0_21_113,VGND,li1,58.1900,70.7200,0.000007
FILLER_0_21_110,VGND,li1,56.5800,70.7200,0.000007
FILLER_0_21_92,VGND,li1,48.5300,70.7200,0.000005
FILLER_0_21_76,VGND,li1,40.9400,70.7200,0.000006
FILLER_0_21_64,VGND,li1,37.7200,70.7200,0.000006
FILLER_0_21_54,VGND,li1,30.8200,70.7200,0.000007
FILLER_0_21_30,VGND,li1,20.7000,70.7200,0.000004
FILLER_0_21_18,VGND,li1,16.5600,70.7200,0.000004
FILLER_0_21_6,VGND,li1,11.0400,70.7200,0.000005
FILLER_0_20_221,VGND,li1,108.1000,65.2800,0.000003
FILLER_0_20_209,VGND,li1,104.4200,65.2800,0.000002
FILLER_0_20_197,VGND,li1,98.9000,65.2800,0.000003
FILLER_0_20_190,VGND,li1,94.3000,65.2800,0.000003
FILLER_0_20_178,VGND,li1,90.1600,65.2800,0.000003
FILLER_0_20_166,VGND,li1,84.6400,65.2800,0.000003
FILLER_0_20_153,VGND,li1,76.1300,65.2800,0.000003
FILLER_0_20_141,VGND,li1,73.1400,65.2800,0.000004
FILLER_0_20_132,VGND,li1,66.4700,65.2800,0.000005
FILLER_0_20_110,VGND,li1,56.3500,65.2800,0.000005
FILLER_0_20_104,VGND,li1,54.7400,65.2800,0.000005
FILLER_0_20_82,VGND,li1,43.7000,65.2800,0.000004
FILLER_0_20_70,VGND,li1,40.4800,65.2800,0.000004
FILLER_0_20_58,VGND,li1,34.9600,65.2800,0.000004
FILLER_0_20_29,VGND,li1,19.5500,65.2800,0.000003
FILLER_0_20_26,VGND,li1,17.9400,65.2800,0.000003
FILLER_0_20_18,VGND,li1,15.6400,65.2800,0.000003
FILLER_0_20_6,VGND,li1,11.0400,65.2800,0.000003
FILLER_0_19_223,VGND,li1,108.3300,65.2800,0.000003
FILLER_0_19_215,VGND,li1,106.2600,65.2800,0.000003
FILLER_0_19_194,VGND,li1,95.4500,65.2800,0.000003
FILLER_0_19_181,VGND,li1,89.4700,65.2800,0.000003
FILLER_0_19_169,VGND,li1,86.0200,65.2800,0.000003
FILLER_0_19_165,VGND,li1,82.1100,65.2800,0.000003
FILLER_0_19_153,VGND,li1,78.6600,65.2800,0.000003
FILLER_0_19_141,VGND,li1,73.1400,65.2800,0.000004
FILLER_0_19_135,VGND,li1,67.8500,65.2800,0.000005
FILLER_0_19_117,VGND,li1,59.5700,65.2800,0.000005
FILLER_0_19_113,VGND,li1,58.4200,65.2800,0.000005
FILLER_0_19_111,VGND,li1,56.8100,65.2800,0.000005
FILLER_0_19_99,VGND,li1,53.8200,65.2800,0.000005
FILLER_0_19_87,VGND,li1,48.3000,65.2800,0.000004
FILLER_0_19_75,VGND,li1,42.7800,65.2800,0.000004
FILLER_0_19_57,VGND,li1,33.1200,65.2800,0.000004
FILLER_0_19_55,VGND,li1,31.0500,65.2800,0.000004
FILLER_0_19_49,VGND,li1,29.4400,65.2800,0.000004
FILLER_0_19_18,VGND,li1,15.6400,65.2800,0.000003
FILLER_0_19_6,VGND,li1,11.0400,65.2800,0.000003
FILLER_0_18_225,VGND,li1,109.7100,59.8400,0.000003
FILLER_0_18_217,VGND,li1,107.1800,59.8400,0.000003
FILLER_0_18_205,VGND,li1,102.5800,59.8400,0.000003
FILLER_0_18_197,VGND,li1,96.6000,59.8400,0.000005
FILLER_0_18_193,VGND,li1,94.9900,59.8400,0.000005
FILLER_0_18_176,VGND,li1,86.7100,59.8400,0.000006
FILLER_0_18_165,VGND,li1,82.3400,59.8400,0.000006
FILLER_0_18_153,VGND,li1,78.6600,59.8400,0.000005
FILLER_0_18_141,VGND,li1,73.1400,59.8400,0.000005
FILLER_0_18_139,VGND,li1,69.6900,59.8400,0.000005
FILLER_0_18_127,VGND,li1,66.7000,59.8400,0.000005
FILLER_0_18_121,VGND,li1,61.8700,59.8400,0.000005
FILLER_0_18_113,VGND,li1,59.3400,59.8400,0.000005
FILLER_0_18_101,VGND,li1,54.7400,59.8400,0.000004
FILLER_0_18_95,VGND,li1,49.4500,59.8400,0.000004
FILLER_0_18_89,VGND,li1,46.6900,59.8400,0.000004
FILLER_0_18_85,VGND,li1,45.5400,59.8400,0.000004
FILLER_0_18_76,VGND,li1,42.3200,59.8400,0.000005
FILLER_0_18_53,VGND,li1,31.2800,59.8400,0.000004
FILLER_0_18_41,VGND,li1,27.1400,59.8400,0.000003
FILLER_0_18_37,VGND,li1,22.7700,59.8400,0.000003
FILLER_0_18_33,VGND,li1,20.9300,59.8400,0.000002
FILLER_0_18_29,VGND,li1,19.7800,59.8400,0.000003
FILLER_0_18_27,VGND,li1,18.1700,59.8400,0.000003
FILLER_0_18_15,VGND,li1,15.1800,59.8400,0.000003
FILLER_0_18_3,VGND,li1,9.6600,59.8400,0.000003
FILLER_0_17_216,VGND,li1,106.7200,59.8400,0.000003
FILLER_0_17_204,VGND,li1,102.1200,59.8400,0.000003
FILLER_0_17_192,VGND,li1,96.6000,59.8400,0.000005
FILLER_0_17_165,VGND,li1,82.1100,59.8400,0.000006
FILLER_0_17_129,VGND,li1,67.6200,59.8400,0.000005
FILLER_0_17_117,VGND,li1,62.1000,59.8400,0.000005
FILLER_0_17_111,VGND,li1,56.8100,59.8400,0.000005
FILLER_0_17_107,VGND,li1,55.6600,59.8400,0.000005
FILLER_0_17_93,VGND,li1,48.7600,59.8400,0.000004
FILLER_0_17_80,VGND,li1,42.5500,59.8400,0.000005
FILLER_0_17_57,VGND,li1,32.6600,59.8400,0.000004
FILLER_0_17_55,VGND,li1,31.0500,59.8400,0.000004
FILLER_0_17_49,VGND,li1,29.4400,59.8400,0.000004
FILLER_0_17_37,VGND,li1,25.3000,59.8400,0.000003
FILLER_0_17_25,VGND,li1,19.7800,59.8400,0.000003
FILLER_0_17_13,VGND,li1,14.2600,59.8400,0.000003
FILLER_0_17_9,VGND,li1,9.8900,59.8400,0.000003
FILLER_0_16_221,VGND,li1,108.1000,54.4000,0.000003
FILLER_0_16_209,VGND,li1,104.4200,54.4000,0.000003
FILLER_0_16_197,VGND,li1,98.9000,54.4000,0.000004
FILLER_0_16_170,VGND,li1,84.1800,54.4000,0.000005
FILLER_0_16_162,VGND,li1,81.8800,54.4000,0.000005
FILLER_0_16_131,VGND,li1,66.0100,54.4000,0.000007
FILLER_0_16_127,VGND,li1,64.8600,54.4000,0.000007
FILLER_0_16_108,VGND,li1,55.4300,54.4000,0.000008
FILLER_0_16_98,VGND,li1,50.8300,54.4000,0.000007
FILLER_0_16_85,VGND,li1,44.8500,54.4000,0.000008
FILLER_0_16_76,VGND,li1,42.3200,54.4000,0.000008
FILLER_0_16_67,VGND,li1,37.2600,54.4000,0.000009
FILLER_0_16_58,VGND,li1,32.6600,54.4000,0.000010
FILLER_0_16_46,VGND,li1,29.4400,54.4000,0.000010
FILLER_0_16_42,VGND,li1,25.0700,54.4000,0.000009
FILLER_0_16_29,VGND,li1,20.7000,54.4000,0.000010
FILLER_0_16_3,VGND,li1,7.1300,54.4000,0.000013
FILLER_0_15_212,VGND,li1,105.8000,54.4000,0.000003
FILLER_0_15_207,VGND,li1,101.2000,54.4000,0.000004
FILLER_0_15_193,VGND,li1,95.2200,54.4000,0.000005
FILLER_0_15_181,VGND,li1,91.5400,54.4000,0.000005
FILLER_0_15_169,VGND,li1,86.0200,54.4000,0.000006
FILLER_0_15_167,VGND,li1,82.5700,54.4000,0.000005
FILLER_0_15_155,VGND,li1,79.5800,54.4000,0.000005
FILLER_0_15_132,VGND,li1,67.6200,54.4000,0.000007
FILLER_0_15_120,VGND,li1,63.4800,54.4000,0.000007
FILLER_0_15_113,VGND,li1,57.7300,54.4000,0.000008
FILLER_0_15_75,VGND,li1,41.8600,54.4000,0.000008
FILLER_0_15_57,VGND,li1,32.6600,54.4000,0.000010
FILLER_0_15_54,VGND,li1,30.8200,54.4000,0.000010
FILLER_0_15_35,VGND,li1,22.5400,54.4000,0.000008
FILLER_0_15_3,VGND,li1,7.3600,54.4000,0.000013
FILLER_0_14_170,VGND,li1,83.9500,48.9600,0.000009
FILLER_0_14_164,VGND,li1,81.6500,48.9600,0.000008
FILLER_0_14_152,VGND,li1,78.2000,48.9600,0.000006
FILLER_0_14_141,VGND,li1,70.8400,48.9600,0.000005
FILLER_0_14_132,VGND,li1,68.0800,48.9600,0.000005
FILLER_0_14_118,VGND,li1,60.0300,48.9600,0.000005
FILLER_0_14_106,VGND,li1,57.0400,48.9600,0.000005
FILLER_0_14_97,VGND,li1,51.0600,48.9600,0.000005
FILLER_0_14_85,VGND,li1,47.3800,48.9600,0.000005
FILLER_0_14_50,VGND,li1,30.3600,48.9600,0.000008
FILLER_0_14_29,VGND,li1,19.3200,48.9600,0.000008
FILLER_0_14_26,VGND,li1,17.9400,48.9600,0.000009
FILLER_0_14_7,VGND,li1,9.2000,48.9600,0.000011
FILLER_0_13_225,VGND,li1,109.7100,48.9600,0.000009
FILLER_0_13_216,VGND,li1,106.7200,48.9600,0.000009
FILLER_0_13_157,VGND,li1,79.5800,48.9600,0.000007
FILLER_0_13_149,VGND,li1,74.2900,48.9600,0.000005
FILLER_0_13_137,VGND,li1,71.3000,48.9600,0.000005
FILLER_0_13_125,VGND,li1,65.7800,48.9600,0.000005
FILLER_0_13_113,VGND,li1,60.2600,48.9600,0.000005
FILLER_0_13_110,VGND,li1,56.5800,48.9600,0.000005
FILLER_0_13_98,VGND,li1,53.3600,48.9600,0.000005
FILLER_0_13_86,VGND,li1,47.8400,48.9600,0.000005
FILLER_0_13_74,VGND,li1,42.3200,48.9600,0.000007
FILLER_0_13_53,VGND,li1,30.5900,48.9600,0.000008
FILLER_0_13_41,VGND,li1,27.1400,48.9600,0.000008
FILLER_0_13_33,VGND,li1,20.9300,48.9600,0.000007
FILLER_0_13_27,VGND,li1,19.3200,48.9600,0.000008
FILLER_0_13_15,VGND,li1,15.1800,48.9600,0.000009
FILLER_0_13_3,VGND,li1,9.6600,48.9600,0.000011
FILLER_0_12_221,VGND,li1,107.8700,43.5200,0.000008
FILLER_0_12_209,VGND,li1,104.4200,43.5200,0.000008
FILLER_0_12_197,VGND,li1,98.9000,43.5200,0.000007
FILLER_0_12_193,VGND,li1,94.9900,43.5200,0.000007
FILLER_0_12_176,VGND,li1,89.2400,43.5200,0.000007
FILLER_0_12_164,VGND,li1,83.7200,43.5200,0.000007
FILLER_0_12_141,VGND,li1,70.8400,43.5200,0.000008
FILLER_0_12_136,VGND,li1,69.0000,43.5200,0.000009
FILLER_0_12_118,VGND,li1,60.4900,43.5200,0.000010
FILLER_0_12_97,VGND,li1,50.8300,43.5200,0.000008
FILLER_0_12_82,VGND,li1,43.7000,43.5200,0.000009
FILLER_0_12_74,VGND,li1,41.4000,43.5200,0.000009
FILLER_0_12_41,VGND,li1,27.1400,43.5200,0.000008
FILLER_0_12_29,VGND,li1,21.6200,43.5200,0.000007
FILLER_0_12_27,VGND,li1,18.1700,43.5200,0.000008
FILLER_0_12_19,VGND,li1,16.1000,43.5200,0.000008
FILLER_0_12_7,VGND,li1,11.5000,43.5200,0.000009
FILLER_0_11_225,VGND,li1,109.7100,43.5200,0.000009
FILLER_0_11_218,VGND,li1,106.2600,43.5200,0.000008
FILLER_0_11_206,VGND,li1,103.0400,43.5200,0.000006
FILLER_0_11_192,VGND,li1,94.3000,43.5200,0.000007
FILLER_0_11_180,VGND,li1,91.0800,43.5200,0.000007
FILLER_0_11_176,VGND,li1,86.7100,43.5200,0.000007
FILLER_0_11_172,VGND,li1,85.5600,43.5200,0.000007
FILLER_0_11_162,VGND,li1,81.4200,43.5200,0.000007
FILLER_0_11_150,VGND,li1,77.2800,43.5200,0.000007
FILLER_0_11_146,VGND,li1,72.9100,43.5200,0.000007
FILLER_0_11_138,VGND,li1,70.8400,43.5200,0.000008
FILLER_0_11_125,VGND,li1,63.2500,43.5200,0.000010
FILLER_0_11_106,VGND,li1,55.6600,43.5200,0.000010
FILLER_0_11_78,VGND,li1,41.6300,43.5200,0.000009
FILLER_0_11_69,VGND,li1,38.6400,43.5200,0.000009
FILLER_0_11_57,VGND,li1,34.5000,43.5200,0.000009
FILLER_0_11_52,VGND,li1,30.3600,43.5200,0.000009
FILLER_0_11_45,VGND,li1,27.1400,43.5200,0.000008
FILLER_0_11_37,VGND,li1,22.7700,43.5200,0.000007
FILLER_0_11_28,VGND,li1,19.3200,43.5200,0.000007
FILLER_0_11_15,VGND,li1,13.1100,43.5200,0.000009
FILLER_0_11_7,VGND,li1,10.5800,43.5200,0.000009
FILLER_0_10_218,VGND,li1,107.1800,38.0800,0.000008
FILLER_0_10_206,VGND,li1,103.0400,38.0800,0.000007
FILLER_0_10_188,VGND,li1,92.2300,38.0800,0.000007
FILLER_0_10_184,VGND,li1,91.0800,38.0800,0.000007
FILLER_0_10_165,VGND,li1,81.6500,38.0800,0.000007
FILLER_0_10_161,VGND,li1,80.5000,38.0800,0.000006
FILLER_0_10_156,VGND,li1,77.7400,38.0800,0.000006
FILLER_0_10_145,VGND,li1,72.4500,38.0800,0.000006
FILLER_0_10_141,VGND,li1,71.3000,38.0800,0.000006
FILLER_0_10_134,VGND,li1,68.5400,38.0800,0.000006
FILLER_0_10_121,VGND,li1,62.1000,38.0800,0.000006
FILLER_0_10_85,VGND,li1,45.0800,38.0800,0.000006
FILLER_0_10_78,VGND,li1,42.7800,38.0800,0.000007
FILLER_0_10_69,VGND,li1,38.1800,38.0800,0.000007
FILLER_0_10_65,VGND,li1,35.6500,38.0800,0.000007
FILLER_0_10_61,VGND,li1,34.5000,38.0800,0.000007
FILLER_0_10_57,VGND,li1,31.9700,38.0800,0.000007
FILLER_0_10_53,VGND,li1,30.8200,38.0800,0.000007
FILLER_0_10_38,VGND,li1,24.3800,38.0800,0.000006
FILLER_0_10_27,VGND,li1,18.1700,38.0800,0.000006
FILLER_0_10_3,VGND,li1,7.1300,38.0800,0.000007
FILLER_0_9_223,VGND,li1,108.3300,38.0800,0.000008
FILLER_0_9_204,VGND,li1,100.2800,38.0800,0.000006
FILLER_0_9_181,VGND,li1,90.1600,38.0800,0.000007
FILLER_0_9_169,VGND,li1,86.0200,38.0800,0.000007
FILLER_0_9_167,VGND,li1,82.5700,38.0800,0.000007
FILLER_0_9_155,VGND,li1,79.5800,38.0800,0.000006
FILLER_0_9_148,VGND,li1,74.5200,38.0800,0.000005
FILLER_0_9_144,VGND,li1,71.9900,38.0800,0.000006
FILLER_0_9_132,VGND,li1,69.0000,38.0800,0.000006
FILLER_0_9_121,VGND,li1,61.4100,38.0800,0.000006
FILLER_0_9_113,VGND,li1,59.3400,38.0800,0.000006
FILLER_0_9_109,VGND,li1,56.3500,38.0800,0.000006
FILLER_0_9_101,VGND,li1,53.8200,38.0800,0.000006
FILLER_0_9_94,VGND,li1,49.2200,38.0800,0.000005
FILLER_0_9_86,VGND,li1,46.9200,38.0800,0.000006
FILLER_0_9_74,VGND,li1,42.3200,38.0800,0.000007
FILLER_0_9_69,VGND,li1,37.7200,38.0800,0.000007
FILLER_0_9_57,VGND,li1,34.5000,38.0800,0.000007
FILLER_0_9_52,VGND,li1,30.3600,38.0800,0.000007
FILLER_0_9_28,VGND,li1,20.2400,38.0800,0.000006
FILLER_0_9_19,VGND,li1,14.7200,38.0800,0.000007
FILLER_0_9_13,VGND,li1,12.1900,38.0800,0.000007
FILLER_0_9_9,VGND,li1,9.8900,38.0800,0.000007
FILLER_0_8_227,VGND,li1,110.1700,32.6400,0.000007
FILLER_0_8_219,VGND,li1,108.1000,32.6400,0.000007
FILLER_0_8_209,VGND,li1,101.8900,32.6400,0.000006
FILLER_0_8_192,VGND,li1,94.7600,32.6400,0.000007
FILLER_0_8_170,VGND,li1,83.9500,32.6400,0.000007
FILLER_0_8_166,VGND,li1,82.8000,32.6400,0.000007
FILLER_0_8_153,VGND,li1,76.8200,32.6400,0.000005
FILLER_0_8_141,VGND,li1,73.1400,32.6400,0.000006
FILLER_0_8_132,VGND,li1,68.0800,32.6400,0.000007
FILLER_0_8_121,VGND,li1,62.1000,32.6400,0.000007
FILLER_0_8_109,VGND,li1,58.4200,32.6400,0.000006
FILLER_0_8_97,VGND,li1,52.9000,32.6400,0.000006
FILLER_0_8_85,VGND,li1,47.3800,32.6400,0.000006
FILLER_0_8_82,VGND,li1,43.7000,32.6400,0.000006
FILLER_0_8_75,VGND,li1,40.9400,32.6400,0.000007
FILLER_0_8_63,VGND,li1,37.2600,32.6400,0.000007
FILLER_0_8_48,VGND,li1,28.2900,32.6400,0.000008
FILLER_0_8_41,VGND,li1,24.6100,32.6400,0.000007
FILLER_0_8_29,VGND,li1,21.6200,32.6400,0.000006
FILLER_0_8_27,VGND,li1,18.1700,32.6400,0.000006
FILLER_0_8_15,VGND,li1,15.1800,32.6400,0.000006
FILLER_0_8_3,VGND,li1,9.6600,32.6400,0.000006
FILLER_0_7_225,VGND,li1,109.7100,32.6400,0.000007
FILLER_0_7_217,VGND,li1,106.0300,32.6400,0.000007
FILLER_0_7_209,VGND,li1,103.5000,32.6400,0.000007
FILLER_0_7_203,VGND,li1,99.1300,32.6400,0.000006
FILLER_0_7_195,VGND,li1,97.0600,32.6400,0.000007
FILLER_0_7_186,VGND,li1,91.5400,32.6400,0.000007
FILLER_0_7_178,VGND,li1,89.2400,32.6400,0.000007
FILLER_0_7_153,VGND,li1,78.6600,32.6400,0.000006
FILLER_0_7_139,VGND,li1,69.9200,32.6400,0.000007
FILLER_0_7_113,VGND,li1,57.9600,32.6400,0.000006
FILLER_0_7_111,VGND,li1,56.8100,32.6400,0.000006
FILLER_0_7_105,VGND,li1,55.2000,32.6400,0.000006
FILLER_0_7_83,VGND,li1,43.9300,32.6400,0.000006
FILLER_0_7_79,VGND,li1,42.7800,32.6400,0.000006
FILLER_0_7_66,VGND,li1,36.1100,32.6400,0.000007
FILLER_0_7_52,VGND,li1,30.3600,32.6400,0.000008
FILLER_0_7_31,VGND,li1,20.0100,32.6400,0.000006
FILLER_0_7_26,VGND,li1,17.9400,32.6400,0.000006
FILLER_0_7_18,VGND,li1,15.6400,32.6400,0.000006
FILLER_0_7_6,VGND,li1,11.0400,32.6400,0.000006
FILLER_0_6_221,VGND,li1,108.1000,27.2000,0.000003
FILLER_0_6_209,VGND,li1,104.4200,27.2000,0.000003
FILLER_0_6_197,VGND,li1,98.9000,27.2000,0.000003
FILLER_0_6_190,VGND,li1,93.1500,27.2000,0.000004
FILLER_0_6_178,VGND,li1,90.1600,27.2000,0.000005
FILLER_0_6_166,VGND,li1,84.6400,27.2000,0.000005
FILLER_0_6_154,VGND,li1,79.1200,27.2000,0.000004
FILLER_0_6_141,VGND,li1,71.3000,27.2000,0.000005
FILLER_0_6_134,VGND,li1,68.5400,27.2000,0.000005
FILLER_0_6_108,VGND,li1,56.5800,27.2000,0.000006
FILLER_0_6_93,VGND,li1,48.5300,27.2000,0.000005
FILLER_0_6_85,VGND,li1,46.4600,27.2000,0.000006
FILLER_0_6_83,VGND,li1,43.9300,27.2000,0.000006
FILLER_0_6_79,VGND,li1,42.7800,27.2000,0.000007
FILLER_0_6_67,VGND,li1,37.0300,27.2000,0.000007
FILLER_0_6_55,VGND,li1,33.5800,27.2000,0.000008
FILLER_0_6_45,VGND,li1,26.9100,27.2000,0.000008
FILLER_0_6_19,VGND,li1,15.1800,27.2000,0.000008
FILLER_0_6_7,VGND,li1,11.5000,27.2000,0.000009
FILLER_0_5_222,VGND,li1,108.1000,27.2000,0.000003
FILLER_0_5_214,VGND,li1,105.8000,27.2000,0.000003
FILLER_0_5_202,VGND,li1,101.2000,27.2000,0.000003
FILLER_0_5_183,VGND,li1,90.3900,27.2000,0.000005
FILLER_0_5_166,VGND,li1,82.3400,27.2000,0.000005
FILLER_0_5_158,VGND,li1,80.0400,27.2000,0.000004
FILLER_0_5_146,VGND,li1,75.4400,27.2000,0.000004
FILLER_0_5_136,VGND,li1,68.7700,27.2000,0.000005
FILLER_0_5_124,VGND,li1,65.3200,27.2000,0.000006
FILLER_0_5_113,VGND,li1,57.9600,27.2000,0.000006
FILLER_0_5_109,VGND,li1,56.3500,27.2000,0.000006
FILLER_0_5_97,VGND,li1,52.9000,27.2000,0.000006
FILLER_0_5_80,VGND,li1,45.0800,27.2000,0.000006
FILLER_0_5_67,VGND,li1,36.5700,27.2000,0.000007
FILLER_0_5_61,VGND,li1,33.8100,27.2000,0.000008
FILLER_0_5_57,VGND,li1,32.6600,27.2000,0.000008
FILLER_0_5_55,VGND,li1,31.0500,27.2000,0.000008
FILLER_0_5_49,VGND,li1,29.4400,27.2000,0.000008
FILLER_0_5_40,VGND,li1,24.3800,27.2000,0.000007
FILLER_0_5_18,VGND,li1,16.5600,27.2000,0.000008
FILLER_0_5_6,VGND,li1,11.0400,27.2000,0.000009
FILLER_0_4_217,VGND,li1,107.1800,21.7600,0.000005
FILLER_0_4_202,VGND,li1,99.1300,21.7600,0.000006
FILLER_0_4_195,VGND,li1,95.4500,21.7600,0.000007
FILLER_0_4_177,VGND,li1,87.6300,21.7600,0.000008
FILLER_0_4_165,VGND,li1,81.8800,21.7600,0.000008
FILLER_0_4_141,VGND,li1,71.3000,21.7600,0.000007
FILLER_0_4_131,VGND,li1,66.7000,21.7600,0.000007
FILLER_0_4_119,VGND,li1,63.0200,21.7600,0.000007
FILLER_0_4_107,VGND,li1,57.5000,21.7600,0.000006
FILLER_0_4_85,VGND,li1,44.8500,21.7600,0.000005
FILLER_0_4_81,VGND,li1,43.4700,21.7600,0.000006
FILLER_0_4_69,VGND,li1,40.0200,21.7600,0.000006
FILLER_0_4_63,VGND,li1,34.7300,21.7600,0.000007
FILLER_0_4_59,VGND,li1,33.5800,21.7600,0.000007
FILLER_0_4_41,VGND,li1,25.7600,21.7600,0.000006
FILLER_0_4_29,VGND,li1,21.6200,21.7600,0.000005
FILLER_0_4_26,VGND,li1,17.9400,21.7600,0.000005
FILLER_0_4_18,VGND,li1,15.6400,21.7600,0.000005
FILLER_0_4_6,VGND,li1,11.0400,21.7600,0.000005
FILLER_0_3_225,VGND,li1,109.7100,21.7600,0.000005
FILLER_0_3_221,VGND,li1,107.8700,21.7600,0.000005
FILLER_0_3_213,VGND,li1,105.3400,21.7600,0.000005
FILLER_0_3_201,VGND,li1,100.7400,21.7600,0.000006
FILLER_0_3_190,VGND,li1,93.3800,21.7600,0.000008
FILLER_0_3_178,VGND,li1,90.1600,21.7600,0.000008
FILLER_0_3_155,VGND,li1,77.0500,21.7600,0.000008
FILLER_0_3_149,VGND,li1,75.4400,21.7600,0.000006
FILLER_0_3_122,VGND,li1,63.0200,21.7600,0.000007
FILLER_0_3_111,VGND,li1,56.8100,21.7600,0.000006
FILLER_0_3_103,VGND,li1,54.7400,21.7600,0.000006
FILLER_0_3_92,VGND,li1,48.0700,21.7600,0.000005
FILLER_0_3_86,VGND,li1,46.4600,21.7600,0.000005
FILLER_0_3_74,VGND,li1,42.3200,21.7600,0.000006
FILLER_0_3_57,VGND,li1,31.9700,21.7600,0.000007
FILLER_0_3_31,VGND,li1,20.0100,21.7600,0.000005
FILLER_0_3_27,VGND,li1,18.8600,21.7600,0.000005
FILLER_0_3_15,VGND,li1,15.1800,21.7600,0.000005
FILLER_0_3_3,VGND,li1,9.6600,21.7600,0.000005
FILLER_0_2_224,VGND,li1,109.4800,16.3200,0.000002
FILLER_0_2_212,VGND,li1,105.8000,16.3200,0.000002
FILLER_0_2_200,VGND,li1,100.2800,16.3200,0.000002
FILLER_0_2_195,VGND,li1,95.4500,16.3200,0.000003
FILLER_0_2_189,VGND,li1,93.8400,16.3200,0.000003
FILLER_0_2_177,VGND,li1,89.7000,16.3200,0.000003
FILLER_0_2_162,VGND,li1,80.5000,16.3200,0.000004
FILLER_0_2_150,VGND,li1,77.2800,16.3200,0.000003
FILLER_0_2_126,VGND,li1,64.4000,16.3200,0.000004
FILLER_0_2_114,VGND,li1,60.7200,16.3200,0.000003
FILLER_0_2_99,VGND,li1,53.8200,16.3200,0.000003
FILLER_0_2_89,VGND,li1,46.6900,16.3200,0.000002
FILLER_0_2_85,VGND,li1,45.5400,16.3200,0.000002
FILLER_0_2_81,VGND,li1,43.4700,16.3200,0.000002
FILLER_0_2_69,VGND,li1,40.0200,16.3200,0.000003
FILLER_0_2_56,VGND,li1,33.1200,16.3200,0.000003
FILLER_0_2_49,VGND,li1,28.5200,16.3200,0.000002
FILLER_0_2_41,VGND,li1,26.2200,16.3200,0.000002
FILLER_0_2_29,VGND,li1,21.6200,16.3200,0.000001
FILLER_0_2_27,VGND,li1,18.1700,16.3200,0.000002
FILLER_0_2_19,VGND,li1,16.1000,16.3200,0.000002
FILLER_0_2_7,VGND,li1,11.5000,16.3200,0.000002
FILLER_0_1_225,VGND,li1,109.7100,16.3200,0.000002
FILLER_0_1_223,VGND,li1,108.3300,16.3200,0.000002
FILLER_0_1_211,VGND,li1,105.3400,16.3200,0.000002
FILLER_0_1_199,VGND,li1,99.8200,16.3200,0.000002
FILLER_0_1_187,VGND,li1,94.3000,16.3200,0.000003
FILLER_0_1_164,VGND,li1,81.1900,16.3200,0.000004
FILLER_0_1_156,VGND,li1,79.1200,16.3200,0.000004
FILLER_0_1_133,VGND,li1,67.1600,16.3200,0.000004
FILLER_0_1_125,VGND,li1,64.8600,16.3200,0.000004
FILLER_0_1_113,VGND,li1,60.2600,16.3200,0.000003
FILLER_0_1_109,VGND,li1,56.3500,16.3200,0.000003
FILLER_0_1_97,VGND,li1,52.9000,16.3200,0.000003
FILLER_0_1_93,VGND,li1,48.5300,16.3200,0.000002
FILLER_0_1_89,VGND,li1,47.3800,16.3200,0.000002
FILLER_0_1_77,VGND,li1,43.7000,16.3200,0.000002
FILLER_0_1_61,VGND,li1,33.8100,16.3200,0.000003
FILLER_0_1_57,VGND,li1,32.6600,16.3200,0.000002
FILLER_0_1_55,VGND,li1,31.0500,16.3200,0.000002
FILLER_0_1_51,VGND,li1,29.9000,16.3200,0.000002
FILLER_0_1_39,VGND,li1,26.2200,16.3200,0.000002
FILLER_0_1_27,VGND,li1,20.7000,16.3200,0.000001
FILLER_0_1_15,VGND,li1,15.1800,16.3200,0.000002
FILLER_0_1_3,VGND,li1,9.6600,16.3200,0.000002
FILLER_0_0_225,VGND,li1,109.7100,10.8800,0.000007
FILLER_0_0_221,VGND,li1,107.8700,10.8800,0.000007
FILLER_0_0_209,VGND,li1,104.4200,10.8800,0.000007
FILLER_0_0_202,VGND,li1,99.3600,10.8800,0.000008
FILLER_0_0_197,VGND,li1,96.6000,10.8800,0.000010
FILLER_0_0_188,VGND,li1,92.9200,10.8800,0.000011
FILLER_0_0_181,VGND,li1,89.7000,10.8800,0.000012
FILLER_0_0_175,VGND,li1,86.7100,10.8800,0.000012
FILLER_0_0_169,VGND,li1,83.7200,10.8800,0.000013
FILLER_0_0_161,VGND,li1,80.2700,10.8800,0.000011
FILLER_0_0_153,VGND,li1,76.8200,10.8800,0.000010
FILLER_0_0_147,VGND,li1,73.8300,10.8800,0.000009
FILLER_0_0_141,VGND,li1,70.8400,10.8800,0.000009
FILLER_0_0_139,VGND,li1,69.6900,10.8800,0.000009
FILLER_0_0_135,VGND,li1,67.8500,10.8800,0.000009
FILLER_0_0_125,VGND,li1,63.9400,10.8800,0.000009
FILLER_0_0_118,VGND,li1,60.7200,10.8800,0.000009
FILLER_0_0_113,VGND,li1,57.9600,10.8800,0.000009
FILLER_0_0_111,VGND,li1,56.8100,10.8800,0.000009
FILLER_0_0_104,VGND,li1,54.2800,10.8800,0.000009
FILLER_0_0_97,VGND,li1,51.0600,10.8800,0.000008
FILLER_0_0_90,VGND,li1,47.8400,10.8800,0.000008
FILLER_0_0_85,VGND,li1,45.0800,10.8800,0.000010
FILLER_0_0_77,VGND,li1,41.6300,10.8800,0.000012
FILLER_0_0_48,VGND,li1,28.5200,10.8800,0.000009
FILLER_0_0_41,VGND,li1,25.3000,10.8800,0.000008
FILLER_0_0_34,VGND,li1,22.0800,10.8800,0.000006
FILLER_0_0_29,VGND,li1,19.3200,10.8800,0.000006
FILLER_0_0_27,VGND,li1,18.1700,10.8800,0.000006
FILLER_0_0_23,VGND,li1,16.3300,10.8800,0.000006
FILLER_0_0_15,VGND,li1,14.2600,10.8800,0.000006
FILLER_0_0_3,VGND,li1,9.6600,10.8800,0.000006
rebuffer11,VGND,li1,94.0700,48.9600,0.000009
rebuffer10,VGND,li1,86.2500,54.4000,0.000006
rebuffer9,VGND,li1,98.6700,43.5200,0.000007
rebuffer8,VGND,li1,97.7500,32.6400,0.000006
rebuffer7,VGND,li1,75.2100,59.8400,0.000004
rebuffer6,VGND,li1,88.0900,27.2000,0.000005
rebuffer5,VGND,li1,71.9900,70.7200,0.000007
rebuffer4,VGND,li1,73.8300,21.7600,0.000006
rebuffer3,VGND,li1,83.4900,70.7200,0.000008
clone2,VGND,li1,39.5600,48.9600,0.000008
clone1,VGND,li1,52.4400,54.4000,0.000008
_1551__128,VGND,li1,80.7300,97.9200,0.000006
fanout127,VGND,li1,27.1400,21.7600,0.000006
fanout126,VGND,li1,15.6400,81.6000,0.000008
fanout125,VGND,li1,73.1400,16.3200,0.000004
fanout124,VGND,li1,29.9000,21.7600,0.000007
fanout123,VGND,li1,84.1800,114.2400,0.000015
fanout122,VGND,li1,25.7600,103.3600,0.000008
fanout121,VGND,li1,58.4200,59.8400,0.000005
fanout120,VGND,li1,11.5000,54.4000,0.000013
fanout119,VGND,li1,26.2200,32.6400,0.000007
fanout118,VGND,li1,79.1200,97.9200,0.000006
fanout117,VGND,li1,63.9400,70.7200,0.000008
fanout116,VGND,li1,32.6600,92.4800,0.000009
fanout115,VGND,li1,25.7600,70.7200,0.000006
fanout114,VGND,li1,75.4400,48.9600,0.000005
fanout113,VGND,li1,80.0400,21.7600,0.000008
fanout112,VGND,li1,17.4800,54.4000,0.000011
fanout111,VGND,li1,28.0600,32.6400,0.000008
fanout110,VGND,li1,73.1400,97.9200,0.000006
fanout109,VGND,li1,25.3000,92.4800,0.000009
fanout108,VGND,li1,85.5600,59.8400,0.000006
fanout107,VGND,li1,28.9800,54.4000,0.000010
wire106,VGND,li1,43.9300,81.6000,0.000007
wire105,VGND,li1,37.9500,76.1600,0.000006
output104,VGND,li1,66.2400,10.8800,0.000009
output103,VGND,li1,7.8200,81.6000,0.000010
output102,VGND,li1,7.8200,97.9200,0.000008
output101,VGND,li1,30.3600,10.8800,0.000011
output100,VGND,li1,7.8200,43.5200,0.000010
output99,VGND,li1,7.8200,48.9600,0.000011
output98,VGND,li1,38.1800,10.8800,0.000012
output97,VGND,li1,7.8200,27.2000,0.000010
output96,VGND,li1,109.4800,43.5200,0.000009
output95,VGND,li1,85.1000,10.8800,0.000013
output94,VGND,li1,40.0200,10.8800,0.000012
output93,VGND,li1,78.6600,10.8800,0.000011
output92,VGND,li1,107.6400,43.5200,0.000008
output91,VGND,li1,109.4800,38.0800,0.000008
output90,VGND,li1,109.4800,48.9600,0.000009
output89,VGND,li1,107.6400,32.6400,0.000007
output88,VGND,li1,81.8800,10.8800,0.000012
output87,VGND,li1,58.8800,114.2400,0.000014
output86,VGND,li1,107.6400,87.0400,0.000006
output85,VGND,li1,107.6400,92.4800,0.000006
output84,VGND,li1,87.4000,114.2400,0.000014
output83,VGND,li1,43.2400,10.8800,0.000011
output82,VGND,li1,84.6400,114.2400,0.000015
output81,VGND,li1,72.6800,114.2400,0.000012
output80,VGND,li1,61.6400,114.2400,0.000014
output79,VGND,li1,92.0000,114.2400,0.000013
output78,VGND,li1,7.8200,97.9200,0.000008
output77,VGND,li1,40.4800,114.2400,0.000012
output76,VGND,li1,37.2600,114.2400,0.000012
output75,VGND,li1,7.8200,87.0400,0.000011
output74,VGND,li1,7.8200,92.4800,0.000014
output73,VGND,li1,7.8200,103.3600,0.000010
output72,VGND,li1,7.8200,43.5200,0.000010
output71,VGND,li1,94.7600,10.8800,0.000011
output70,VGND,li1,72.2200,10.8800,0.000009
input69,VGND,li1,7.8200,108.8000,0.000005
input68,VGND,li1,7.5900,21.7600,0.000005
input67,VGND,li1,46.2300,10.8800,0.000010
input66,VGND,li1,8.9700,114.2400,0.000008
input65,VGND,li1,7.5900,65.2800,0.000004
input64,VGND,li1,7.5900,70.7200,0.000005
input63,VGND,li1,20.4700,10.8800,0.000006
input62,VGND,li1,7.5900,59.8400,0.000004
input61,VGND,li1,8.0500,54.4000,0.000013
input60,VGND,li1,8.9700,38.0800,0.000007
input59,VGND,li1,7.5900,27.2000,0.000010
input58,VGND,li1,68.7700,10.8800,0.000009
input57,VGND,li1,75.2100,10.8800,0.000009
input56,VGND,li1,32.4300,10.8800,0.000011
input55,VGND,li1,91.3100,10.8800,0.000012
input54,VGND,li1,97.7500,10.8800,0.000010
input53,VGND,li1,109.7100,38.0800,0.000008
input52,VGND,li1,109.7100,54.4000,0.000003
input51,VGND,li1,109.7100,65.2800,0.000003
input50,VGND,li1,109.7100,54.4000,0.000003
input49,VGND,li1,109.7100,70.7200,0.000004
input48,VGND,li1,109.7100,81.6000,0.000003
input47,VGND,li1,109.7100,76.1600,0.000004
input46,VGND,li1,109.7100,92.4800,0.000006
input45,VGND,li1,49.4500,10.8800,0.000008
input44,VGND,li1,97.7500,114.2400,0.000010
input43,VGND,li1,89.4700,114.2400,0.000014
input42,VGND,li1,67.8500,114.2400,0.000014
input41,VGND,li1,75.2100,114.2400,0.000011
input40,VGND,li1,52.6700,114.2400,0.000010
input39,VGND,li1,49.4500,114.2400,0.000009
input38,VGND,li1,33.3500,114.2400,0.000011
input37,VGND,li1,23.6900,114.2400,0.000007
input36,VGND,li1,7.5900,92.4800,0.000014
input35,VGND,li1,7.5900,81.6000,0.000010
input34,VGND,li1,52.6700,10.8800,0.000008
input33,VGND,li1,7.8200,16.3200,0.000002
input32,VGND,li1,7.5900,65.2800,0.000004
input31,VGND,li1,7.5900,70.7200,0.000005
input30,VGND,li1,59.1100,10.8800,0.000009
input29,VGND,li1,8.9700,59.8400,0.000003
input28,VGND,li1,7.5900,38.0800,0.000007
input27,VGND,li1,7.5900,32.6400,0.000006
input26,VGND,li1,23.6900,10.8800,0.000008
input25,VGND,li1,62.3300,10.8800,0.000009
input24,VGND,li1,88.0900,10.8800,0.000012
input23,VGND,li1,26.9100,10.8800,0.000009
input22,VGND,li1,100.9700,10.8800,0.000008
input21,VGND,li1,109.7100,21.7600,0.000005
input20,VGND,li1,109.7100,27.2000,0.000003
input19,VGND,li1,109.7100,27.2000,0.000003
input18,VGND,li1,109.7100,70.7200,0.000004
input17,VGND,li1,109.7100,59.8400,0.000003
input16,VGND,li1,109.7100,65.2800,0.000003
input15,VGND,li1,109.7100,97.9200,0.000003
input14,VGND,li1,109.7100,81.6000,0.000003
input13,VGND,li1,109.7100,97.9200,0.000003
input12,VGND,li1,55.8900,10.8800,0.000009
input11,VGND,li1,109.7100,103.3600,0.000003
input10,VGND,li1,94.5300,114.2400,0.000011
input9,VGND,li1,69.2300,114.2400,0.000014
input8,VGND,li1,77.5100,114.2400,0.000012
input7,VGND,li1,55.8900,114.2400,0.000012
input6,VGND,li1,46.2300,114.2400,0.000010
input5,VGND,li1,43.0100,114.2400,0.000011
input4,VGND,li1,26.9100,114.2400,0.000008
input3,VGND,li1,7.5900,108.8000,0.000005
input2,VGND,li1,7.5900,76.1600,0.000008
input1,VGND,li1,17.2500,10.8800,0.000006
_1537__158,VGND,li1,69.2300,97.9200,0.000008
_1523__157,VGND,li1,79.8100,87.0400,0.000006
_1509__156,VGND,li1,45.3100,87.0400,0.000006
_1495__155,VGND,li1,41.1700,97.9200,0.000006
_1481__154,VGND,li1,40.7100,97.9200,0.000006
_1467__153,VGND,li1,34.2700,92.4800,0.000008
_1453__152,VGND,li1,26.4500,92.4800,0.000009
_1439__151,VGND,li1,28.7500,81.6000,0.000007
_1425__150,VGND,li1,67.3900,43.5200,0.000009
_1845__149,VGND,li1,35.6500,70.7200,0.000007
_1831__148,VGND,li1,43.4700,76.1600,0.000005
_1817__147,VGND,li1,49.9100,54.4000,0.000007
_1803__146,VGND,li1,34.2700,48.9600,0.000009
_1789__145,VGND,li1,25.9900,54.4000,0.000009
_1775__144,VGND,li1,28.7500,43.5200,0.000008
_1761__143,VGND,li1,33.8100,32.6400,0.000008
_1747__142,VGND,li1,75.2100,32.6400,0.000005
_1733__141,VGND,li1,41.1700,32.6400,0.000007
_1719__140,VGND,li1,82.1100,32.6400,0.000007
_1705__139,VGND,li1,93.1500,32.6400,0.000007
_1691__138,VGND,li1,87.6300,43.5200,0.000007
_1677__137,VGND,li1,91.7700,48.9600,0.000009
_1663__136,VGND,li1,83.9500,59.8400,0.000006
_1649__135,VGND,li1,77.0500,48.9600,0.000006
_1635__134,VGND,li1,67.8500,76.1600,0.000004
_1621__133,VGND,li1,81.6500,81.6000,0.000005
_1607__132,VGND,li1,94.9900,81.6000,0.000004
_1593__131,VGND,li1,90.3900,92.4800,0.000005
_1579__130,VGND,li1,53.1300,32.6400,0.000006
_1565__129,VGND,li1,86.7100,97.9200,0.000006
TAP_TAPCELL_ROW_38_241,VGND,li1,108.7900,114.5310,0.000007
TAP_TAPCELL_ROW_38_240,VGND,li1,95.9100,114.5310,0.000011
TAP_TAPCELL_ROW_38_239,VGND,li1,83.0300,114.5310,0.000014
TAP_TAPCELL_ROW_38_238,VGND,li1,70.1500,114.5310,0.000013
TAP_TAPCELL_ROW_38_237,VGND,li1,57.2700,114.5310,0.000013
TAP_TAPCELL_ROW_38_236,VGND,li1,44.3900,114.5310,0.000010
TAP_TAPCELL_ROW_38_235,VGND,li1,31.5100,114.5310,0.000010
TAP_TAPCELL_ROW_38_234,VGND,li1,18.6300,114.5310,0.000006
TAP_TAPCELL_ROW_37_233,VGND,li1,108.7900,113.9480,0.000007
TAP_TAPCELL_ROW_37_232,VGND,li1,83.0300,113.9480,0.000014
TAP_TAPCELL_ROW_37_231,VGND,li1,57.2700,113.9480,0.000013
TAP_TAPCELL_ROW_37_230,VGND,li1,31.5100,113.9480,0.000010
TAP_TAPCELL_ROW_36_229,VGND,li1,95.9100,109.0910,0.000001
TAP_TAPCELL_ROW_36_228,VGND,li1,70.1500,109.0910,0.000003
TAP_TAPCELL_ROW_36_227,VGND,li1,44.3900,109.0910,0.000003
TAP_TAPCELL_ROW_36_226,VGND,li1,18.6300,109.0910,0.000003
TAP_TAPCELL_ROW_35_225,VGND,li1,108.7900,108.5080,0.000001
TAP_TAPCELL_ROW_35_224,VGND,li1,83.0300,108.5080,0.000002
TAP_TAPCELL_ROW_35_223,VGND,li1,57.2700,108.5080,0.000003
TAP_TAPCELL_ROW_35_222,VGND,li1,31.5100,108.5080,0.000004
TAP_TAPCELL_ROW_34_221,VGND,li1,95.9100,103.6510,0.000004
TAP_TAPCELL_ROW_34_220,VGND,li1,70.1500,103.6510,0.000005
TAP_TAPCELL_ROW_34_219,VGND,li1,44.3900,103.6510,0.000006
TAP_TAPCELL_ROW_34_218,VGND,li1,18.6300,103.6510,0.000007
TAP_TAPCELL_ROW_33_217,VGND,li1,108.7900,103.0680,0.000003
TAP_TAPCELL_ROW_33_216,VGND,li1,83.0300,103.0680,0.000005
TAP_TAPCELL_ROW_33_215,VGND,li1,57.2700,103.0680,0.000005
TAP_TAPCELL_ROW_33_214,VGND,li1,31.5100,103.0680,0.000008
TAP_TAPCELL_ROW_32_213,VGND,li1,95.9100,98.2110,0.000004
TAP_TAPCELL_ROW_32_212,VGND,li1,70.1500,98.2110,0.000007
TAP_TAPCELL_ROW_32_211,VGND,li1,44.3900,98.2110,0.000006
TAP_TAPCELL_ROW_32_210,VGND,li1,18.6300,98.2110,0.000005
TAP_TAPCELL_ROW_31_209,VGND,li1,108.7900,97.6280,0.000003
TAP_TAPCELL_ROW_31_208,VGND,li1,83.0300,97.6280,0.000006
TAP_TAPCELL_ROW_31_207,VGND,li1,57.2700,97.6280,0.000007
TAP_TAPCELL_ROW_31_206,VGND,li1,31.5100,97.6280,0.000005
TAP_TAPCELL_ROW_30_205,VGND,li1,95.9100,92.7710,0.000005
TAP_TAPCELL_ROW_30_204,VGND,li1,70.1500,92.7710,0.000005
TAP_TAPCELL_ROW_30_203,VGND,li1,44.3900,92.7710,0.000006
TAP_TAPCELL_ROW_30_202,VGND,li1,18.6300,92.7710,0.000011
TAP_TAPCELL_ROW_29_201,VGND,li1,108.7900,92.1880,0.000006
TAP_TAPCELL_ROW_29_200,VGND,li1,83.0300,92.1880,0.000005
TAP_TAPCELL_ROW_29_199,VGND,li1,57.2700,92.1880,0.000005
TAP_TAPCELL_ROW_29_198,VGND,li1,31.5100,92.1880,0.000009
TAP_TAPCELL_ROW_28_197,VGND,li1,95.9100,87.3310,0.000006
TAP_TAPCELL_ROW_28_196,VGND,li1,70.1500,87.3310,0.000006
TAP_TAPCELL_ROW_28_195,VGND,li1,44.3900,87.3310,0.000006
TAP_TAPCELL_ROW_28_194,VGND,li1,18.6300,87.3310,0.000007
TAP_TAPCELL_ROW_27_193,VGND,li1,108.7900,86.7480,0.000006
TAP_TAPCELL_ROW_27_192,VGND,li1,83.0300,86.7480,0.000006
TAP_TAPCELL_ROW_27_191,VGND,li1,57.2700,86.7480,0.000008
TAP_TAPCELL_ROW_27_190,VGND,li1,31.5100,86.7480,0.000007
TAP_TAPCELL_ROW_26_189,VGND,li1,95.9100,81.8910,0.000004
TAP_TAPCELL_ROW_26_188,VGND,li1,70.1500,81.8910,0.000005
TAP_TAPCELL_ROW_26_187,VGND,li1,44.3900,81.8910,0.000007
TAP_TAPCELL_ROW_26_186,VGND,li1,18.6300,81.8910,0.000007
TAP_TAPCELL_ROW_25_185,VGND,li1,108.7900,81.3080,0.000002
TAP_TAPCELL_ROW_25_184,VGND,li1,83.0300,81.3080,0.000005
TAP_TAPCELL_ROW_25_183,VGND,li1,57.2700,81.3080,0.000005
TAP_TAPCELL_ROW_25_182,VGND,li1,31.5100,81.3080,0.000007
TAP_TAPCELL_ROW_24_181,VGND,li1,95.9100,76.4510,0.000004
TAP_TAPCELL_ROW_24_180,VGND,li1,70.1500,76.4510,0.000004
TAP_TAPCELL_ROW_24_179,VGND,li1,44.3900,76.4510,0.000005
TAP_TAPCELL_ROW_24_178,VGND,li1,18.6300,76.4510,0.000006
TAP_TAPCELL_ROW_23_177,VGND,li1,108.7900,75.8680,0.000004
TAP_TAPCELL_ROW_23_176,VGND,li1,83.0300,75.8680,0.000004
TAP_TAPCELL_ROW_23_175,VGND,li1,57.2700,75.8680,0.000005
TAP_TAPCELL_ROW_23_174,VGND,li1,31.5100,75.8680,0.000007
TAP_TAPCELL_ROW_22_173,VGND,li1,95.9100,71.0110,0.000006
TAP_TAPCELL_ROW_22_172,VGND,li1,70.1500,71.0110,0.000007
TAP_TAPCELL_ROW_22_171,VGND,li1,44.3900,71.0110,0.000006
TAP_TAPCELL_ROW_22_170,VGND,li1,18.6300,71.0110,0.000004
TAP_TAPCELL_ROW_21_169,VGND,li1,108.7900,70.4280,0.000004
TAP_TAPCELL_ROW_21_168,VGND,li1,83.0300,70.4280,0.000008
TAP_TAPCELL_ROW_21_167,VGND,li1,57.2700,70.4280,0.000007
TAP_TAPCELL_ROW_21_166,VGND,li1,31.5100,70.4280,0.000007
TAP_TAPCELL_ROW_20_165,VGND,li1,95.9100,65.5710,0.000003
TAP_TAPCELL_ROW_20_164,VGND,li1,70.1500,65.5710,0.000005
TAP_TAPCELL_ROW_20_163,VGND,li1,44.3900,65.5710,0.000004
TAP_TAPCELL_ROW_20_162,VGND,li1,18.6300,65.5710,0.000003
TAP_TAPCELL_ROW_19_161,VGND,li1,108.7900,64.9880,0.000003
TAP_TAPCELL_ROW_19_160,VGND,li1,83.0300,64.9880,0.000003
TAP_TAPCELL_ROW_19_159,VGND,li1,57.2700,64.9880,0.000005
TAP_TAPCELL_ROW_19_158,VGND,li1,31.5100,64.9880,0.000004
TAP_TAPCELL_ROW_18_157,VGND,li1,95.9100,60.1310,0.000005
TAP_TAPCELL_ROW_18_156,VGND,li1,70.1500,60.1310,0.000005
TAP_TAPCELL_ROW_18_155,VGND,li1,44.3900,60.1310,0.000004
TAP_TAPCELL_ROW_18_154,VGND,li1,18.6300,60.1310,0.000003
TAP_TAPCELL_ROW_17_153,VGND,li1,108.7900,59.5480,0.000003
TAP_TAPCELL_ROW_17_152,VGND,li1,83.0300,59.5480,0.000006
TAP_TAPCELL_ROW_17_151,VGND,li1,57.2700,59.5480,0.000005
TAP_TAPCELL_ROW_17_150,VGND,li1,31.5100,59.5480,0.000004
TAP_TAPCELL_ROW_16_149,VGND,li1,95.9100,54.6910,0.000005
TAP_TAPCELL_ROW_16_148,VGND,li1,70.1500,54.6910,0.000007
TAP_TAPCELL_ROW_16_147,VGND,li1,44.3900,54.6910,0.000008
TAP_TAPCELL_ROW_16_146,VGND,li1,18.6300,54.6910,0.000011
TAP_TAPCELL_ROW_15_145,VGND,li1,108.7900,54.1080,0.000003
TAP_TAPCELL_ROW_15_144,VGND,li1,83.0300,54.1080,0.000005
TAP_TAPCELL_ROW_15_143,VGND,li1,57.2700,54.1080,0.000008
TAP_TAPCELL_ROW_15_142,VGND,li1,31.5100,54.1080,0.000010
TAP_TAPCELL_ROW_14_141,VGND,li1,95.9100,49.2510,0.000009
TAP_TAPCELL_ROW_14_140,VGND,li1,70.1500,49.2510,0.000005
TAP_TAPCELL_ROW_14_139,VGND,li1,44.3900,49.2510,0.000006
TAP_TAPCELL_ROW_14_138,VGND,li1,18.6300,49.2510,0.000008
TAP_TAPCELL_ROW_13_137,VGND,li1,108.7900,48.6680,0.000009
TAP_TAPCELL_ROW_13_136,VGND,li1,83.0300,48.6680,0.000008
TAP_TAPCELL_ROW_13_135,VGND,li1,57.2700,48.6680,0.000005
TAP_TAPCELL_ROW_13_134,VGND,li1,31.5100,48.6680,0.000008
TAP_TAPCELL_ROW_12_133,VGND,li1,95.9100,43.8110,0.000007
TAP_TAPCELL_ROW_12_132,VGND,li1,70.1500,43.8110,0.000009
TAP_TAPCELL_ROW_12_131,VGND,li1,44.3900,43.8110,0.000009
TAP_TAPCELL_ROW_12_130,VGND,li1,18.6300,43.8110,0.000008
TAP_TAPCELL_ROW_11_129,VGND,li1,108.7900,43.2280,0.000009
TAP_TAPCELL_ROW_11_128,VGND,li1,83.0300,43.2280,0.000007
TAP_TAPCELL_ROW_11_127,VGND,li1,57.2700,43.2280,0.000010
TAP_TAPCELL_ROW_11_126,VGND,li1,31.5100,43.2280,0.000009
TAP_TAPCELL_ROW_10_125,VGND,li1,95.9100,38.3710,0.000007
TAP_TAPCELL_ROW_10_124,VGND,li1,70.1500,38.3710,0.000006
TAP_TAPCELL_ROW_10_123,VGND,li1,44.3900,38.3710,0.000006
TAP_TAPCELL_ROW_10_122,VGND,li1,18.6300,38.3710,0.000006
TAP_TAPCELL_ROW_9_121,VGND,li1,108.7900,37.7880,0.000008
TAP_TAPCELL_ROW_9_120,VGND,li1,83.0300,37.7880,0.000007
TAP_TAPCELL_ROW_9_119,VGND,li1,57.2700,37.7880,0.000006
TAP_TAPCELL_ROW_9_118,VGND,li1,31.5100,37.7880,0.000007
TAP_TAPCELL_ROW_8_117,VGND,li1,95.9100,32.9310,0.000007
TAP_TAPCELL_ROW_8_116,VGND,li1,70.1500,32.9310,0.000007
TAP_TAPCELL_ROW_8_115,VGND,li1,44.3900,32.9310,0.000006
TAP_TAPCELL_ROW_8_114,VGND,li1,18.6300,32.9310,0.000006
TAP_TAPCELL_ROW_7_113,VGND,li1,108.7900,32.3480,0.000007
TAP_TAPCELL_ROW_7_112,VGND,li1,83.0300,32.3480,0.000007
TAP_TAPCELL_ROW_7_111,VGND,li1,57.2700,32.3480,0.000006
TAP_TAPCELL_ROW_7_110,VGND,li1,31.5100,32.3480,0.000008
TAP_TAPCELL_ROW_6_109,VGND,li1,95.9100,27.4910,0.000004
TAP_TAPCELL_ROW_6_108,VGND,li1,70.1500,27.4910,0.000005
TAP_TAPCELL_ROW_6_107,VGND,li1,44.3900,27.4910,0.000006
TAP_TAPCELL_ROW_6_106,VGND,li1,18.6300,27.4910,0.000007
TAP_TAPCELL_ROW_5_105,VGND,li1,108.7900,26.9080,0.000003
TAP_TAPCELL_ROW_5_104,VGND,li1,83.0300,26.9080,0.000005
TAP_TAPCELL_ROW_5_103,VGND,li1,57.2700,26.9080,0.000006
TAP_TAPCELL_ROW_5_102,VGND,li1,31.5100,26.9080,0.000008
TAP_TAPCELL_ROW_4_101,VGND,li1,95.9100,22.0510,0.000007
TAP_TAPCELL_ROW_4_100,VGND,li1,70.1500,22.0510,0.000007
TAP_TAPCELL_ROW_4_99,VGND,li1,44.3900,22.0510,0.000005
TAP_TAPCELL_ROW_4_98,VGND,li1,18.6300,22.0510,0.000005
TAP_TAPCELL_ROW_3_97,VGND,li1,108.7900,21.4680,0.000005
TAP_TAPCELL_ROW_3_96,VGND,li1,83.0300,21.4680,0.000008
TAP_TAPCELL_ROW_3_95,VGND,li1,57.2700,21.4680,0.000006
TAP_TAPCELL_ROW_3_94,VGND,li1,31.5100,21.4680,0.000007
TAP_TAPCELL_ROW_2_93,VGND,li1,95.9100,16.6110,0.000002
TAP_TAPCELL_ROW_2_92,VGND,li1,70.1500,16.6110,0.000004
TAP_TAPCELL_ROW_2_91,VGND,li1,44.3900,16.6110,0.000002
TAP_TAPCELL_ROW_2_90,VGND,li1,18.6300,16.6110,0.000002
TAP_TAPCELL_ROW_1_89,VGND,li1,108.7900,16.0280,0.000002
TAP_TAPCELL_ROW_1_88,VGND,li1,83.0300,16.0280,0.000004
TAP_TAPCELL_ROW_1_87,VGND,li1,57.2700,16.0280,0.000003
TAP_TAPCELL_ROW_1_86,VGND,li1,31.5100,16.0280,0.000002
TAP_TAPCELL_ROW_0_85,VGND,li1,108.7900,11.1710,0.000007
TAP_TAPCELL_ROW_0_84,VGND,li1,95.9100,11.1710,0.000011
TAP_TAPCELL_ROW_0_83,VGND,li1,83.0300,11.1710,0.000012
TAP_TAPCELL_ROW_0_82,VGND,li1,70.1500,11.1710,0.000009
TAP_TAPCELL_ROW_0_81,VGND,li1,57.2700,11.1710,0.000009
TAP_TAPCELL_ROW_0_80,VGND,li1,44.3900,11.1710,0.000011
TAP_TAPCELL_ROW_0_79,VGND,li1,31.5100,11.1710,0.000011
TAP_TAPCELL_ROW_0_78,VGND,li1,18.6300,11.1710,0.000006
PHY_EDGE_ROW_38_Left_77,VGND,li1,6.2100,114.2400,0.000008
PHY_EDGE_ROW_37_Left_76,VGND,li1,6.2100,114.2400,0.000008
PHY_EDGE_ROW_36_Left_75,VGND,li1,6.2100,108.8000,0.000005
PHY_EDGE_ROW_35_Left_74,VGND,li1,6.2100,108.8000,0.000005
PHY_EDGE_ROW_34_Left_73,VGND,li1,6.2100,103.3600,0.000010
PHY_EDGE_ROW_33_Left_72,VGND,li1,6.2100,103.3600,0.000010
PHY_EDGE_ROW_32_Left_71,VGND,li1,6.2100,97.9200,0.000008
PHY_EDGE_ROW_31_Left_70,VGND,li1,6.2100,97.9200,0.000008
PHY_EDGE_ROW_30_Left_69,VGND,li1,6.2100,92.4800,0.000014
PHY_EDGE_ROW_29_Left_68,VGND,li1,6.2100,92.4800,0.000014
PHY_EDGE_ROW_28_Left_67,VGND,li1,6.2100,87.0400,0.000011
PHY_EDGE_ROW_27_Left_66,VGND,li1,6.2100,87.0400,0.000011
PHY_EDGE_ROW_26_Left_65,VGND,li1,6.2100,81.6000,0.000010
PHY_EDGE_ROW_25_Left_64,VGND,li1,6.2100,81.6000,0.000010
PHY_EDGE_ROW_24_Left_63,VGND,li1,6.2100,76.1600,0.000008
PHY_EDGE_ROW_23_Left_62,VGND,li1,6.2100,76.1600,0.000008
PHY_EDGE_ROW_22_Left_61,VGND,li1,6.2100,70.7200,0.000005
PHY_EDGE_ROW_21_Left_60,VGND,li1,6.2100,70.7200,0.000005
PHY_EDGE_ROW_20_Left_59,VGND,li1,6.2100,65.2800,0.000004
PHY_EDGE_ROW_19_Left_58,VGND,li1,6.2100,65.2800,0.000004
PHY_EDGE_ROW_18_Left_57,VGND,li1,6.2100,59.8400,0.000004
PHY_EDGE_ROW_17_Left_56,VGND,li1,6.2100,59.8400,0.000004
PHY_EDGE_ROW_16_Left_55,VGND,li1,6.2100,54.4000,0.000013
PHY_EDGE_ROW_15_Left_54,VGND,li1,6.2100,54.4000,0.000013
PHY_EDGE_ROW_14_Left_53,VGND,li1,6.2100,48.9600,0.000011
PHY_EDGE_ROW_13_Left_52,VGND,li1,6.2100,48.9600,0.000011
PHY_EDGE_ROW_12_Left_51,VGND,li1,6.2100,43.5200,0.000010
PHY_EDGE_ROW_11_Left_50,VGND,li1,6.2100,43.5200,0.000010
PHY_EDGE_ROW_10_Left_49,VGND,li1,6.2100,38.0800,0.000007
PHY_EDGE_ROW_9_Left_48,VGND,li1,6.2100,38.0800,0.000007
PHY_EDGE_ROW_8_Left_47,VGND,li1,6.2100,32.6400,0.000006
PHY_EDGE_ROW_7_Left_46,VGND,li1,6.2100,32.6400,0.000006
PHY_EDGE_ROW_6_Left_45,VGND,li1,6.2100,27.2000,0.000010
PHY_EDGE_ROW_5_Left_44,VGND,li1,6.2100,27.2000,0.000010
PHY_EDGE_ROW_4_Left_43,VGND,li1,6.2100,21.7600,0.000005
PHY_EDGE_ROW_3_Left_42,VGND,li1,6.2100,21.7600,0.000005
PHY_EDGE_ROW_2_Left_41,VGND,li1,6.2100,16.3200,0.000002
PHY_EDGE_ROW_1_Left_40,VGND,li1,6.2100,16.3200,0.000002
PHY_EDGE_ROW_0_Left_39,VGND,li1,6.2100,10.8800,0.000006
PHY_EDGE_ROW_38_Right_38,VGND,li1,111.0900,114.2400,0.000007
PHY_EDGE_ROW_37_Right_37,VGND,li1,111.0900,114.2400,0.000007
PHY_EDGE_ROW_36_Right_36,VGND,li1,111.0900,108.8000,0.000001
PHY_EDGE_ROW_35_Right_35,VGND,li1,111.0900,108.8000,0.000001
PHY_EDGE_ROW_34_Right_34,VGND,li1,111.0900,103.3600,0.000003
PHY_EDGE_ROW_33_Right_33,VGND,li1,111.0900,103.3600,0.000003
PHY_EDGE_ROW_32_Right_32,VGND,li1,111.0900,97.9200,0.000003
PHY_EDGE_ROW_31_Right_31,VGND,li1,111.0900,97.9200,0.000003
PHY_EDGE_ROW_30_Right_30,VGND,li1,111.0900,92.4800,0.000006
PHY_EDGE_ROW_29_Right_29,VGND,li1,111.0900,92.4800,0.000006
PHY_EDGE_ROW_28_Right_28,VGND,li1,111.0900,87.0400,0.000006
PHY_EDGE_ROW_27_Right_27,VGND,li1,111.0900,87.0400,0.000006
PHY_EDGE_ROW_26_Right_26,VGND,li1,111.0900,81.6000,0.000003
PHY_EDGE_ROW_25_Right_25,VGND,li1,111.0900,81.6000,0.000003
PHY_EDGE_ROW_24_Right_24,VGND,li1,111.0900,76.1600,0.000004
PHY_EDGE_ROW_23_Right_23,VGND,li1,111.0900,76.1600,0.000004
PHY_EDGE_ROW_22_Right_22,VGND,li1,111.0900,70.7200,0.000004
PHY_EDGE_ROW_21_Right_21,VGND,li1,111.0900,70.7200,0.000004
PHY_EDGE_ROW_20_Right_20,VGND,li1,111.0900,65.2800,0.000003
PHY_EDGE_ROW_19_Right_19,VGND,li1,111.0900,65.2800,0.000003
PHY_EDGE_ROW_18_Right_18,VGND,li1,111.0900,59.8400,0.000003
PHY_EDGE_ROW_17_Right_17,VGND,li1,111.0900,59.8400,0.000003
PHY_EDGE_ROW_16_Right_16,VGND,li1,111.0900,54.4000,0.000003
PHY_EDGE_ROW_15_Right_15,VGND,li1,111.0900,54.4000,0.000003
PHY_EDGE_ROW_14_Right_14,VGND,li1,111.0900,48.9600,0.000009
PHY_EDGE_ROW_13_Right_13,VGND,li1,111.0900,48.9600,0.000009
PHY_EDGE_ROW_12_Right_12,VGND,li1,111.0900,43.5200,0.000009
PHY_EDGE_ROW_11_Right_11,VGND,li1,111.0900,43.5200,0.000009
PHY_EDGE_ROW_10_Right_10,VGND,li1,111.0900,38.0800,0.000008
PHY_EDGE_ROW_9_Right_9,VGND,li1,111.0900,38.0800,0.000008
PHY_EDGE_ROW_8_Right_8,VGND,li1,111.0900,32.6400,0.000007
PHY_EDGE_ROW_7_Right_7,VGND,li1,111.0900,32.6400,0.000007
PHY_EDGE_ROW_6_Right_6,VGND,li1,111.0900,27.2000,0.000003
PHY_EDGE_ROW_5_Right_5,VGND,li1,111.0900,27.2000,0.000003
PHY_EDGE_ROW_4_Right_4,VGND,li1,111.0900,21.7600,0.000005
PHY_EDGE_ROW_3_Right_3,VGND,li1,111.0900,21.7600,0.000005
PHY_EDGE_ROW_2_Right_2,VGND,li1,111.0900,16.3200,0.000002
PHY_EDGE_ROW_1_Right_1,VGND,li1,111.0900,16.3200,0.000002
PHY_EDGE_ROW_0_Right_0,VGND,li1,111.0900,10.8800,0.000007
_1941_,VGND,li1,80.2700,43.5200,0.000007
_1940_,VGND,li1,72.9100,38.0800,0.000006
_1939_,VGND,li1,76.1300,38.0800,0.000005
_1938_,VGND,li1,83.9500,43.5200,0.000007
_1937_,VGND,li1,78.8900,38.0800,0.000006
_1936_,VGND,li1,82.1100,48.9600,0.000008
_1935_,VGND,li1,83.0300,48.9600,0.000008
_1934_,VGND,li1,73.8300,43.5200,0.000007
_1933_,VGND,li1,62.7900,76.1600,0.000005
_1932_,VGND,li1,79.8100,81.6000,0.000005
_1931_,VGND,li1,82.1100,81.6000,0.000005
_1930_,VGND,li1,81.1900,92.4800,0.000004
_1929_,VGND,li1,79.8100,92.4800,0.000004
_1928_,VGND,li1,69.6900,97.9200,0.000008
_1927_,VGND,li1,68.3100,97.9200,0.000008
_1926_,VGND,li1,78.8900,87.0400,0.000006
_1925_,VGND,li1,35.6500,81.6000,0.000008
_1924_,VGND,li1,38.4100,92.4800,0.000008
_1923_,VGND,li1,36.5700,92.4800,0.000008
_1922_,VGND,li1,30.5900,87.0400,0.000007
_1921_,VGND,li1,35.1900,87.0400,0.000007
_1920_,VGND,li1,34.7300,81.6000,0.000008
_1919_,VGND,li1,31.9700,76.1600,0.000007
_1918_,VGND,li1,38.4100,81.6000,0.000008
_1917_,VGND,li1,40.7100,43.5200,0.000009
_1916_,VGND,li1,32.8900,48.9600,0.000009
_1915_,VGND,li1,27.8300,48.9600,0.000008
_1914_,VGND,li1,36.5700,38.0800,0.000007
_1913_,VGND,li1,32.8900,38.0800,0.000007
_1912_,VGND,li1,38.8700,38.0800,0.000007
_1911_,VGND,li1,42.5500,32.6400,0.000007
_1910_,VGND,li1,38.8700,43.5200,0.000009
_1847_,VGND,li1,25.5300,65.2800,0.000004
_1846_,VGND,li1,28.7500,70.7200,0.000006
_1845_,VGND,li1,32.8900,70.7200,0.000007
_1844_,VGND,li1,19.5500,65.2800,0.000003
_1843_,VGND,li1,23.6900,65.2800,0.000004
_1842_,VGND,li1,33.3500,70.7200,0.000007
_1841_,VGND,li1,28.7500,70.7200,0.000006
_1840_,VGND,li1,21.8500,65.2800,0.000003
_1839_,VGND,li1,26.9100,65.2800,0.000004
_1838_,VGND,li1,23.2300,70.7200,0.000005
_1837_,VGND,li1,28.7500,65.2800,0.000004
_1836_,VGND,li1,31.0500,65.2800,0.000004
_1835_,VGND,li1,21.8500,59.8400,0.000002
_1834_,VGND,li1,23.6900,59.8400,0.000003
_1833_,VGND,li1,44.8500,76.1600,0.000005
_1832_,VGND,li1,40.7100,76.1600,0.000006
_1831_,VGND,li1,40.7100,76.1600,0.000006
_1830_,VGND,li1,51.2900,65.2800,0.000004
_1829_,VGND,li1,51.2900,70.7200,0.000006
_1828_,VGND,li1,43.0100,70.7200,0.000006
_1827_,VGND,li1,50.8300,70.7200,0.000006
_1826_,VGND,li1,46.2300,70.7200,0.000006
_1825_,VGND,li1,45.7700,65.2800,0.000004
_1824_,VGND,li1,48.0700,65.2800,0.000004
_1823_,VGND,li1,45.7700,70.7200,0.000006
_1822_,VGND,li1,48.0700,70.7200,0.000005
_1821_,VGND,li1,55.4300,70.7200,0.000007
_1820_,VGND,li1,54.0500,70.7200,0.000007
_1819_,VGND,li1,53.1300,54.4000,0.000008
_1818_,VGND,li1,45.7700,54.4000,0.000008
_1817_,VGND,li1,47.1500,54.4000,0.000007
_1816_,VGND,li1,61.8700,54.4000,0.000007
_1815_,VGND,li1,57.7300,54.4000,0.000008
_1814_,VGND,li1,46.6900,59.8400,0.000004
_1813_,VGND,li1,43.9300,59.8400,0.000004
_1812_,VGND,li1,50.8300,59.8400,0.000004
_1811_,VGND,li1,50.8300,59.8400,0.000004
_1810_,VGND,li1,48.0700,59.8400,0.000004
_1809_,VGND,li1,53.1300,48.9600,0.000005
_1808_,VGND,li1,53.5900,59.8400,0.000004
_1807_,VGND,li1,60.0300,54.4000,0.000008
_1806_,VGND,li1,58.6500,54.4000,0.000008
_1805_,VGND,li1,35.6500,59.8400,0.000005
_1804_,VGND,li1,31.9700,43.5200,0.000009
_1803_,VGND,li1,36.1100,43.5200,0.000009
_1802_,VGND,li1,36.5700,65.2800,0.000004
_1801_,VGND,li1,37.0300,59.8400,0.000005
_1800_,VGND,li1,35.1900,54.4000,0.000010
_1799_,VGND,li1,38.4100,54.4000,0.000009
_1798_,VGND,li1,34.7300,54.4000,0.000010
_1797_,VGND,li1,38.8700,59.8400,0.000005
_1796_,VGND,li1,39.3300,54.4000,0.000009
_1795_,VGND,li1,41.1700,59.8400,0.000005
_1794_,VGND,li1,33.8100,59.8400,0.000004
_1793_,VGND,li1,39.3300,65.2800,0.000004
_1792_,VGND,li1,39.7900,59.8400,0.000005
_1791_,VGND,li1,16.3300,54.4000,0.000011
_1790_,VGND,li1,25.0700,48.9600,0.000008
_1789_,VGND,li1,25.5300,54.4000,0.000009
_1788_,VGND,li1,11.7300,48.9600,0.000010
_1787_,VGND,li1,12.1900,54.4000,0.000013
_1786_,VGND,li1,21.3900,48.9600,0.000007
_1785_,VGND,li1,22.7700,48.9600,0.000008
_1784_,VGND,li1,20.0100,54.4000,0.000010
_1783_,VGND,li1,16.3300,48.9600,0.000009
_1782_,VGND,li1,23.6900,54.4000,0.000008
_1781_,VGND,li1,15.4100,54.4000,0.000011
_1780_,VGND,li1,8.9700,54.4000,0.000013
_1779_,VGND,li1,10.8100,59.8400,0.000003
_1778_,VGND,li1,14.4900,48.9600,0.000009
_1777_,VGND,li1,20.9300,38.0800,0.000005
_1776_,VGND,li1,27.3700,38.0800,0.000007
_1775_,VGND,li1,27.8300,38.0800,0.000007
_1774_,VGND,li1,9.4300,38.0800,0.000007
_1773_,VGND,li1,13.5700,38.0800,0.000007
_1772_,VGND,li1,24.6100,43.5200,0.000007
_1771_,VGND,li1,23.6900,38.0800,0.000006
_1770_,VGND,li1,16.7900,38.0800,0.000006
_1769_,VGND,li1,16.7900,38.0800,0.000006
_1768_,VGND,li1,21.3900,43.5200,0.000007
_1767_,VGND,li1,14.9500,43.5200,0.000008
_1766_,VGND,li1,17.2500,43.5200,0.000008
_1765_,VGND,li1,10.8100,38.0800,0.000007
_1764_,VGND,li1,13.5700,38.0800,0.000007
_1763_,VGND,li1,24.6100,32.6400,0.000007
_1762_,VGND,li1,31.0500,32.6400,0.000008
_1761_,VGND,li1,33.8100,32.6400,0.000008
_1760_,VGND,li1,20.9300,27.2000,0.000006
_1759_,VGND,li1,22.3100,21.7600,0.000005
_1758_,VGND,li1,29.2100,27.2000,0.000008
_1757_,VGND,li1,26.4500,27.2000,0.000008
_1756_,VGND,li1,24.6100,27.2000,0.000007
_1755_,VGND,li1,17.2500,27.2000,0.000007
_1754_,VGND,li1,21.3900,32.6400,0.000006
_1753_,VGND,li1,22.7700,27.2000,0.000007
_1752_,VGND,li1,20.4700,27.2000,0.000006
_1751_,VGND,li1,19.0900,32.6400,0.000006
_1750_,VGND,li1,30.5900,21.7600,0.000007
_1749_,VGND,li1,71.9900,21.7600,0.000007
_1748_,VGND,li1,72.4500,32.6400,0.000006
_1747_,VGND,li1,74.2900,27.2000,0.000004
_1746_,VGND,li1,71.0700,16.3200,0.000004
_1745_,VGND,li1,75.2100,16.3200,0.000003
_1744_,VGND,li1,77.0500,21.7600,0.000008
_1743_,VGND,li1,71.0700,27.2000,0.000005
_1742_,VGND,li1,68.3100,21.7600,0.000007
_1741_,VGND,li1,65.5500,21.7600,0.000007
_1740_,VGND,li1,68.7700,21.7600,0.000007
_1739_,VGND,li1,68.7700,16.3200,0.000004
_1738_,VGND,li1,66.4700,16.3200,0.000004
_1737_,VGND,li1,71.0700,16.3200,0.000004
_1736_,VGND,li1,68.3100,16.3200,0.000004
_1735_,VGND,li1,37.4900,21.7600,0.000007
_1734_,VGND,li1,38.4100,32.6400,0.000007
_1733_,VGND,li1,39.7900,27.2000,0.000007
_1732_,VGND,li1,35.1900,10.8800,0.000012
_1731_,VGND,li1,37.4900,16.3200,0.000003
_1730_,VGND,li1,38.4100,27.2000,0.000007
_1729_,VGND,li1,41.1700,27.2000,0.000007
_1728_,VGND,li1,33.8100,21.7600,0.000007
_1727_,VGND,li1,30.1300,16.3200,0.000002
_1726_,VGND,li1,35.1900,27.2000,0.000008
_1725_,VGND,li1,36.1100,16.3200,0.000003
_1724_,VGND,li1,36.1100,21.7600,0.000007
_1723_,VGND,li1,34.7300,16.3200,0.000003
_1722_,VGND,li1,40.2500,16.3200,0.000003
_1721_,VGND,li1,85.3300,21.7600,0.000008
_1720_,VGND,li1,79.8100,32.6400,0.000006
_1719_,VGND,li1,85.3300,32.6400,0.000007
_1718_,VGND,li1,85.3300,16.3200,0.000004
_1717_,VGND,li1,89.4700,16.3200,0.000003
_1716_,VGND,li1,84.8700,27.2000,0.000005
_1715_,VGND,li1,83.4900,21.7600,0.000008
_1714_,VGND,li1,81.1900,21.7600,0.000008
_1713_,VGND,li1,82.1100,16.3200,0.000004
_1712_,VGND,li1,85.7900,21.7600,0.000008
_1711_,VGND,li1,78.4300,21.7600,0.000008
_1710_,VGND,li1,84.4100,16.3200,0.000004
_1709_,VGND,li1,82.1100,16.3200,0.000004
_1708_,VGND,li1,86.2500,16.3200,0.000004
_1707_,VGND,li1,93.1500,27.2000,0.000004
_1706_,VGND,li1,86.2500,32.6400,0.000007
_1705_,VGND,li1,90.3900,32.6400,0.000007
_1704_,VGND,li1,95.9100,21.7600,0.000007
_1703_,VGND,li1,101.8900,21.7600,0.000005
_1702_,VGND,li1,93.6100,32.6400,0.000007
_1701_,VGND,li1,94.5300,27.2000,0.000004
_1700_,VGND,li1,96.8300,27.2000,0.000004
_1699_,VGND,li1,91.7700,21.7600,0.000008
_1698_,VGND,li1,94.0700,21.7600,0.000007
_1697_,VGND,li1,97.2900,21.7600,0.000007
_1696_,VGND,li1,89.4700,21.7600,0.000008
_1695_,VGND,li1,96.8300,16.3200,0.000002
_1694_,VGND,li1,104.6500,21.7600,0.000005
_1693_,VGND,li1,98.2100,38.0800,0.000007
_1692_,VGND,li1,83.9500,38.0800,0.000007
_1691_,VGND,li1,88.0900,38.0800,0.000007
_1690_,VGND,li1,103.2700,38.0800,0.000007
_1689_,VGND,li1,104.1900,32.6400,0.000007
_1688_,VGND,li1,94.0700,38.0800,0.000007
_1687_,VGND,li1,95.9100,43.5200,0.000007
_1686_,VGND,li1,97.7500,38.0800,0.000007
_1685_,VGND,li1,100.5100,32.6400,0.000006
_1684_,VGND,li1,92.6900,38.0800,0.000007
_1683_,VGND,li1,100.5100,32.6400,0.000006
_1682_,VGND,li1,94.9900,38.0800,0.000007
_1681_,VGND,li1,106.0300,38.0800,0.000008
_1680_,VGND,li1,107.4100,38.0800,0.000008
_1679_,VGND,li1,98.2100,48.9600,0.000008
_1678_,VGND,li1,86.2500,48.9600,0.000009
_1677_,VGND,li1,90.3900,48.9600,0.000009
_1676_,VGND,li1,102.3500,48.9600,0.000007
_1675_,VGND,li1,106.4900,48.9600,0.000009
_1674_,VGND,li1,94.0700,48.9600,0.000009
_1673_,VGND,li1,93.1500,43.5200,0.000007
_1672_,VGND,li1,97.2900,48.9600,0.000009
_1671_,VGND,li1,99.5900,54.4000,0.000004
_1670_,VGND,li1,100.0500,48.9600,0.000008
_1669_,VGND,li1,97.2900,54.4000,0.000004
_1668_,VGND,li1,102.3500,48.9600,0.000007
_1667_,VGND,li1,102.3500,54.4000,0.000003
_1666_,VGND,li1,104.1900,48.9600,0.000008
_1665_,VGND,li1,92.2300,59.8400,0.000005
_1664_,VGND,li1,85.3300,59.8400,0.000006
_1663_,VGND,li1,89.4700,59.8400,0.000006
_1662_,VGND,li1,98.2100,65.2800,0.000003
_1661_,VGND,li1,102.3500,65.2800,0.000002
_1660_,VGND,li1,89.4700,54.4000,0.000005
_1659_,VGND,li1,92.2300,54.4000,0.000005
_1658_,VGND,li1,88.5500,59.8400,0.000006
_1657_,VGND,li1,91.3100,65.2800,0.000003
_1656_,VGND,li1,94.5300,54.4000,0.000005
_1655_,VGND,li1,92.6900,59.8400,0.000005
_1654_,VGND,li1,93.6100,65.2800,0.000003
_1653_,VGND,li1,97.7500,59.8400,0.000004
_1652_,VGND,li1,99.1300,59.8400,0.000004
_1651_,VGND,li1,73.3700,48.9600,0.000005
_1650_,VGND,li1,73.3700,43.5200,0.000007
_1649_,VGND,li1,77.5100,43.5200,0.000007
_1648_,VGND,li1,72.4500,54.4000,0.000006
_1647_,VGND,li1,76.5900,54.4000,0.000005
_1646_,VGND,li1,72.9100,54.4000,0.000006
_1645_,VGND,li1,77.9700,59.8400,0.000005
_1644_,VGND,li1,71.9900,59.8400,0.000005
_1643_,VGND,li1,68.7700,54.4000,0.000007
_1642_,VGND,li1,80.2700,59.8400,0.000006
_1641_,VGND,li1,75.6700,54.4000,0.000005
_1640_,VGND,li1,70.1500,54.4000,0.000007
_1639_,VGND,li1,66.9300,54.4000,0.000007
_1638_,VGND,li1,79.3500,54.4000,0.000005
_1637_,VGND,li1,63.2500,70.7200,0.000008
_1636_,VGND,li1,63.2500,76.1600,0.000005
_1635_,VGND,li1,67.3900,70.7200,0.000008
_1634_,VGND,li1,60.9500,65.2800,0.000006
_1633_,VGND,li1,63.2500,65.2800,0.000006
_1632_,VGND,li1,68.3100,70.7200,0.000007
_1631_,VGND,li1,68.3100,65.2800,0.000005
_1630_,VGND,li1,64.6300,65.2800,0.000006
_1629_,VGND,li1,66.4700,65.2800,0.000005
_1628_,VGND,li1,69.2300,65.2800,0.000005
_1627_,VGND,li1,60.0300,70.7200,0.000007
_1626_,VGND,li1,57.7300,65.2800,0.000005
_1625_,VGND,li1,60.4900,65.2800,0.000006
_1624_,VGND,li1,63.2500,59.8400,0.000005
_1623_,VGND,li1,79.8100,70.7200,0.000007
_1622_,VGND,li1,78.4300,81.6000,0.000005
_1621_,VGND,li1,80.7300,76.1600,0.000004
_1620_,VGND,li1,78.4300,65.2800,0.000003
_1619_,VGND,li1,85.3300,70.7200,0.000008
_1618_,VGND,li1,80.2700,76.1600,0.000004
_1617_,VGND,li1,79.3500,70.7200,0.000007
_1616_,VGND,li1,76.1300,70.7200,0.000007
_1615_,VGND,li1,77.0500,70.7200,0.000007
_1614_,VGND,li1,81.6500,70.7200,0.000008
_1613_,VGND,li1,86.2500,70.7200,0.000008
_1612_,VGND,li1,88.5500,70.7200,0.000007
_1611_,VGND,li1,81.1900,65.2800,0.000003
_1610_,VGND,li1,88.0900,70.7200,0.000007
_1609_,VGND,li1,93.6100,76.1600,0.000004
_1608_,VGND,li1,88.0900,81.6000,0.000005
_1607_,VGND,li1,92.2300,81.6000,0.000004
_1606_,VGND,li1,101.4300,76.1600,0.000004
_1605_,VGND,li1,105.5700,76.1600,0.000004
_1604_,VGND,li1,93.6100,76.1600,0.000004
_1603_,VGND,li1,97.7500,76.1600,0.000004
_1602_,VGND,li1,97.2900,76.1600,0.000004
_1601_,VGND,li1,94.0700,70.7200,0.000006
_1600_,VGND,li1,93.6100,70.7200,0.000006
_1599_,VGND,li1,90.3900,76.1600,0.000004
_1598_,VGND,li1,97.2900,70.7200,0.000005
_1597_,VGND,li1,102.3500,70.7200,0.000004
_1596_,VGND,li1,102.8100,76.1600,0.000004
_1595_,VGND,li1,95.4500,92.4800,0.000005
_1594_,VGND,li1,86.2500,92.4800,0.000005
_1593_,VGND,li1,90.3900,92.4800,0.000005
_1592_,VGND,li1,101.8900,92.4800,0.000004
_1591_,VGND,li1,102.8100,87.0400,0.000005
_1590_,VGND,li1,91.7700,87.0400,0.000006
_1589_,VGND,li1,93.1500,87.0400,0.000006
_1588_,VGND,li1,97.7500,87.0400,0.000006
_1587_,VGND,li1,95.4500,87.0400,0.000006
_1586_,VGND,li1,94.5300,87.0400,0.000006
_1585_,VGND,li1,98.6700,92.4800,0.000005
_1584_,VGND,li1,97.7500,87.0400,0.000006
_1583_,VGND,li1,104.6500,92.4800,0.000005
_1582_,VGND,li1,105.5700,87.0400,0.000006
_1581_,VGND,li1,49.4500,21.7600,0.000005
_1580_,VGND,li1,46.2300,32.6400,0.000006
_1579_,VGND,li1,50.3700,32.6400,0.000005
_1578_,VGND,li1,48.9900,16.3200,0.000002
_1577_,VGND,li1,59.5700,21.7600,0.000007
_1576_,VGND,li1,50.3700,27.2000,0.000005
_1575_,VGND,li1,53.5900,27.2000,0.000006
_1574_,VGND,li1,53.1300,21.7600,0.000006
_1573_,VGND,li1,46.2300,21.7600,0.000005
_1572_,VGND,li1,48.9900,27.2000,0.000005
_1571_,VGND,li1,49.4500,21.7600,0.000005
_1570_,VGND,li1,51.7500,21.7600,0.000006
_1569_,VGND,li1,49.4500,16.3200,0.000002
_1568_,VGND,li1,57.2700,16.3200,0.000003
_1567_,VGND,li1,91.7700,103.3600,0.000005
_1566_,VGND,li1,85.3300,97.9200,0.000006
_1565_,VGND,li1,83.9500,97.9200,0.000006
_1564_,VGND,li1,98.2100,103.3600,0.000004
_1563_,VGND,li1,98.2100,103.3600,0.000004
_1562_,VGND,li1,85.3300,103.3600,0.000005
_1561_,VGND,li1,88.5500,103.3600,0.000005
_1560_,VGND,li1,90.8500,97.9200,0.000006
_1559_,VGND,li1,94.9900,103.3600,0.000004
_1558_,VGND,li1,93.6100,97.9200,0.000005
_1557_,VGND,li1,94.5300,103.3600,0.000004
_1556_,VGND,li1,92.2300,103.3600,0.000005
_1555_,VGND,li1,100.9700,103.3600,0.000003
_1554_,VGND,li1,100.9700,103.3600,0.000003
_1553_,VGND,li1,77.0500,108.8000,0.000002
_1552_,VGND,li1,73.3700,97.9200,0.000006
_1551_,VGND,li1,76.1300,97.9200,0.000006
_1550_,VGND,li1,79.3500,114.2400,0.000013
_1549_,VGND,li1,80.2700,114.2400,0.000013
_1548_,VGND,li1,76.1300,103.3600,0.000004
_1547_,VGND,li1,77.0500,103.3600,0.000004
_1546_,VGND,li1,80.7300,108.8000,0.000002
_1545_,VGND,li1,78.4300,108.8000,0.000002
_1544_,VGND,li1,80.7300,103.3600,0.000005
_1543_,VGND,li1,80.7300,108.8000,0.000002
_1542_,VGND,li1,73.8300,108.8000,0.000003
_1541_,VGND,li1,82.1100,114.2400,0.000014
_1540_,VGND,li1,76.5900,114.2400,0.000011
_1539_,VGND,li1,65.5500,108.8000,0.000004
_1538_,VGND,li1,62.3300,97.9200,0.000008
_1537_,VGND,li1,66.4700,97.9200,0.000008
_1536_,VGND,li1,65.0900,114.2400,0.000014
_1535_,VGND,li1,65.5500,114.2400,0.000014
_1534_,VGND,li1,66.0100,97.9200,0.000008
_1533_,VGND,li1,66.9300,103.3600,0.000005
_1532_,VGND,li1,64.6300,108.8000,0.000004
_1531_,VGND,li1,67.3900,108.8000,0.000003
_1530_,VGND,li1,68.3100,103.3600,0.000005
_1529_,VGND,li1,62.3300,108.8000,0.000004
_1528_,VGND,li1,68.7700,108.8000,0.000003
_1527_,VGND,li1,68.3100,114.2400,0.000014
_1526_,VGND,li1,71.0700,108.8000,0.000003
_1525_,VGND,li1,69.6900,87.0400,0.000006
_1524_,VGND,li1,76.1300,87.0400,0.000005
_1523_,VGND,li1,77.0500,87.0400,0.000005
_1522_,VGND,li1,63.2500,81.6000,0.000005
_1521_,VGND,li1,67.3900,81.6000,0.000005
_1520_,VGND,li1,67.8500,87.0400,0.000007
_1519_,VGND,li1,61.4100,87.0400,0.000008
_1518_,VGND,li1,64.6300,87.0400,0.000008
_1517_,VGND,li1,64.6300,92.4800,0.000005
_1516_,VGND,li1,66.9300,92.4800,0.000005
_1515_,VGND,li1,64.1700,87.0400,0.000008
_1514_,VGND,li1,66.4700,87.0400,0.000007
_1513_,VGND,li1,65.5500,81.6000,0.000005
_1512_,VGND,li1,67.3900,81.6000,0.000005
_1511_,VGND,li1,49.4500,81.6000,0.000005
_1510_,VGND,li1,41.1700,81.6000,0.000007
_1509_,VGND,li1,44.3900,87.0400,0.000006
_1508_,VGND,li1,54.5100,76.1600,0.000005
_1507_,VGND,li1,54.9700,81.6000,0.000005
_1506_,VGND,li1,50.8300,87.0400,0.000007
_1505_,VGND,li1,54.0500,87.0400,0.000007
_1504_,VGND,li1,51.7500,87.0400,0.000007
_1503_,VGND,li1,54.5100,87.0400,0.000007
_1502_,VGND,li1,56.8100,87.0400,0.000008
_1501_,VGND,li1,54.9700,81.6000,0.000005
_1500_,VGND,li1,52.6700,81.6000,0.000005
_1499_,VGND,li1,52.2100,81.6000,0.000005
_1498_,VGND,li1,58.1900,81.6000,0.000005
_1497_,VGND,li1,50.8300,97.9200,0.000006
_1496_,VGND,li1,41.6300,92.4800,0.000006
_1495_,VGND,li1,43.9300,97.9200,0.000006
_1494_,VGND,li1,54.0500,103.3600,0.000005
_1493_,VGND,li1,55.4300,97.9200,0.000007
_1492_,VGND,li1,46.2300,97.9200,0.000005
_1491_,VGND,li1,48.0700,103.3600,0.000005
_1490_,VGND,li1,49.9100,97.9200,0.000006
_1489_,VGND,li1,47.6100,97.9200,0.000005
_1488_,VGND,li1,54.0500,97.9200,0.000007
_1487_,VGND,li1,58.6500,97.9200,0.000007
_1486_,VGND,li1,51.2900,92.4800,0.000004
_1485_,VGND,li1,58.1900,103.3600,0.000005
_1484_,VGND,li1,58.1900,97.9200,0.000007
_1483_,VGND,li1,38.8700,108.8000,0.000004
_1482_,VGND,li1,37.0300,97.9200,0.000006
_1481_,VGND,li1,37.9500,97.9200,0.000006
_1480_,VGND,li1,38.8700,114.2400,0.000012
_1479_,VGND,li1,39.7900,108.8000,0.000004
_1478_,VGND,li1,37.0300,103.3600,0.000007
_1477_,VGND,li1,37.4900,103.3600,0.000007
_1476_,VGND,li1,36.1100,108.8000,0.000004
_1475_,VGND,li1,43.0100,108.8000,0.000004
_1474_,VGND,li1,40.7100,103.3600,0.000006
_1473_,VGND,li1,35.6500,108.8000,0.000004
_1472_,VGND,li1,42.0900,108.8000,0.000004
_1471_,VGND,li1,43.0100,114.2400,0.000011
_1470_,VGND,li1,41.6300,114.2400,0.000011
_1469_,VGND,li1,26.9100,103.3600,0.000008
_1468_,VGND,li1,28.7500,92.4800,0.000009
_1467_,VGND,li1,29.6700,92.4800,0.000009
_1466_,VGND,li1,22.3100,103.3600,0.000007
_1465_,VGND,li1,25.9900,108.8000,0.000004
_1464_,VGND,li1,26.4500,97.9200,0.000005
_1463_,VGND,li1,26.4500,97.9200,0.000005
_1462_,VGND,li1,23.2300,103.3600,0.000007
_1461_,VGND,li1,20.4700,103.3600,0.000006
_1460_,VGND,li1,30.1300,103.3600,0.000008
_1459_,VGND,li1,28.2900,103.3600,0.000008
_1458_,VGND,li1,29.2100,97.9200,0.000005
_1457_,VGND,li1,22.3100,108.8000,0.000003
_1456_,VGND,li1,28.7500,108.8000,0.000004
_1455_,VGND,li1,16.7900,92.4800,0.000011
_1454_,VGND,li1,30.1300,87.0400,0.000007
_1453_,VGND,li1,25.9900,87.0400,0.000007
_1452_,VGND,li1,10.3500,87.0400,0.000010
_1451_,VGND,li1,12.6500,92.4800,0.000012
_1450_,VGND,li1,20.9300,87.0400,0.000006
_1449_,VGND,li1,20.4700,92.4800,0.000009
_1448_,VGND,li1,15.4100,87.0400,0.000008
_1447_,VGND,li1,15.4100,92.4800,0.000011
_1446_,VGND,li1,24.6100,92.4800,0.000009
_1445_,VGND,li1,13.1100,92.4800,0.000012
_1444_,VGND,li1,22.3100,92.4800,0.000008
_1443_,VGND,li1,9.8900,92.4800,0.000013
_1442_,VGND,li1,13.1100,87.0400,0.000009
_1441_,VGND,li1,20.9300,76.1600,0.000006
_1440_,VGND,li1,27.8300,76.1600,0.000007
_1439_,VGND,li1,28.2900,81.6000,0.000007
_1438_,VGND,li1,10.3500,76.1600,0.000008
_1437_,VGND,li1,14.4900,76.1600,0.000007
_1436_,VGND,li1,26.9100,76.1600,0.000007
_1435_,VGND,li1,23.6900,76.1600,0.000006
_1434_,VGND,li1,16.3300,76.1600,0.000007
_1433_,VGND,li1,13.5700,76.1600,0.000007
_1432_,VGND,li1,19.0900,81.6000,0.000007
_1431_,VGND,li1,13.1100,81.6000,0.000009
_1430_,VGND,li1,19.0900,76.1600,0.000006
_1429_,VGND,li1,10.3500,76.1600,0.000008
_1428_,VGND,li1,17.2500,76.1600,0.000007
_1427_,VGND,li1,65.0900,38.0800,0.000006
_1426_,VGND,li1,63.9400,43.5200,0.000010
_1425_,VGND,li1,66.2400,43.5200,0.000009
_1424_,VGND,li1,60.4900,27.2000,0.000006
_1423_,VGND,li1,61.4100,27.2000,0.000006
_1422_,VGND,li1,64.6300,32.6400,0.000007
_1421_,VGND,li1,65.0900,32.6400,0.000007
_1420_,VGND,li1,62.3300,32.6400,0.000007
_1419_,VGND,li1,59.5700,32.6400,0.000007
_1418_,VGND,li1,66.0100,27.2000,0.000006
_1417_,VGND,li1,62.7900,38.0800,0.000006
_1416_,VGND,li1,65.0900,38.0800,0.000006
_1415_,VGND,li1,58.6500,27.2000,0.000006
_1414_,VGND,li1,64.1700,27.2000,0.000006
_1413_,VGND,li1,46.2300,43.5200,0.000008
_1412_,VGND,li1,47.3800,43.5200,0.000008
_1411_,VGND,li1,60.2600,43.5200,0.000010
_1410_,VGND,li1,52.9000,38.0800,0.000006
_1409_,VGND,li1,55.6600,43.5200,0.000010
_1408_,VGND,li1,57.2700,38.0800,0.000006
_1407_,VGND,li1,60.0300,38.0800,0.000006
_1406_,VGND,li1,51.2900,43.5200,0.000008
_1405_,VGND,li1,48.9900,38.0800,0.000005
_1404_,VGND,li1,50.8300,38.0800,0.000006
_1403_,VGND,li1,46.6900,38.0800,0.000006
_1402_,VGND,li1,43.0100,43.5200,0.000009
_1401_,VGND,li1,52.2100,43.5200,0.000008
_1400_,VGND,li1,59.1100,43.5200,0.000010
_1399_,VGND,li1,67.8500,32.6400,0.000007
_1398_,VGND,li1,60.9500,48.9600,0.000005
_1397_,VGND,li1,65.0900,48.9600,0.000005
_1396_,VGND,li1,32.8900,81.6000,0.000008
_1395_,VGND,li1,35.6500,48.9600,0.000009
_1394_,VGND,li1,74.9800,38.0800,0.000005
_1393_,VGND,li1,69.2300,92.4800,0.000005
_1392_,VGND,li1,62.7900,48.9600,0.000005
_1391_,VGND,li1,37.4900,87.0400,0.000007
_1390_,VGND,li1,40.2500,38.0800,0.000007
_1389_,VGND,li1,87.1700,48.9600,0.000009
_1388_,VGND,li1,77.9700,81.6000,0.000005
