Instance,Terminal,Layer,X location,Y location,Voltage
FILLER_0_38_225,VPWR,li1,109.7100,116.9600,1.799993
FILLER_0_38_222,VPWR,li1,108.1000,116.9600,1.799993
FILLER_0_38_214,VPWR,li1,105.8000,116.9600,1.799993
FILLER_0_38_202,VPWR,li1,101.2000,116.9600,1.799993
FILLER_0_38_197,VPWR,li1,96.6000,116.9600,1.799992
FILLER_0_38_195,VPWR,li1,95.4500,116.9600,1.799990
FILLER_0_38_191,VPWR,li1,93.6100,116.9600,1.799989
FILLER_0_38_184,VPWR,li1,90.3900,116.9600,1.799988
FILLER_0_38_167,VPWR,li1,82.5700,116.9600,1.799987
FILLER_0_38_153,VPWR,li1,76.3600,116.9600,1.799989
FILLER_0_38_149,VPWR,li1,74.2900,116.9600,1.799990
FILLER_0_38_141,VPWR,li1,70.8400,116.9600,1.799990
FILLER_0_38_111,VPWR,li1,56.8100,116.9600,1.799988
FILLER_0_38_104,VPWR,li1,54.2800,116.9600,1.799989
FILLER_0_38_97,VPWR,li1,51.0600,116.9600,1.799990
FILLER_0_38_90,VPWR,li1,47.8400,116.9600,1.799991
FILLER_0_38_85,VPWR,li1,45.0800,116.9600,1.799993
FILLER_0_38_83,VPWR,li1,43.9300,116.9600,1.799992
FILLER_0_38_79,VPWR,li1,42.0900,116.9600,1.799991
FILLER_0_38_72,VPWR,li1,38.8700,116.9600,1.799991
FILLER_0_38_62,VPWR,li1,34.9600,116.9600,1.799992
FILLER_0_38_57,VPWR,li1,32.2000,116.9600,1.799993
FILLER_0_38_48,VPWR,li1,29.4400,116.9600,1.799993
FILLER_0_38_41,VPWR,li1,25.3000,116.9600,1.799994
FILLER_0_38_37,VPWR,li1,22.7700,116.9600,1.799995
FILLER_0_38_29,VPWR,li1,20.7000,116.9600,1.799996
FILLER_0_38_27,VPWR,li1,18.1700,116.9600,1.799997
FILLER_0_38_15,VPWR,li1,15.1800,116.9600,1.799997
FILLER_0_38_3,VPWR,li1,9.6600,116.9600,1.799997
FILLER_0_37_225,VPWR,li1,109.7100,111.5200,1.799998
FILLER_0_37_221,VPWR,li1,107.8700,111.5200,1.799998
FILLER_0_37_209,VPWR,li1,104.4200,111.5200,1.799998
FILLER_0_37_197,VPWR,li1,98.9000,111.5200,1.799998
FILLER_0_37_185,VPWR,li1,93.3800,111.5200,1.799998
FILLER_0_37_173,VPWR,li1,87.8600,111.5200,1.799997
FILLER_0_37_150,VPWR,li1,75.2100,111.5200,1.799997
FILLER_0_37_138,VPWR,li1,71.7600,111.5200,1.799997
FILLER_0_37_125,VPWR,li1,63.2500,111.5200,1.799997
FILLER_0_37_113,VPWR,li1,60.2600,111.5200,1.799997
FILLER_0_37_111,VPWR,li1,56.8100,111.5200,1.799997
FILLER_0_37_107,VPWR,li1,55.6600,111.5200,1.799997
FILLER_0_37_95,VPWR,li1,51.9800,111.5200,1.799998
FILLER_0_37_83,VPWR,li1,46.4600,111.5200,1.799998
FILLER_0_37_65,VPWR,li1,36.1100,111.5200,1.799998
FILLER_0_37_57,VPWR,li1,33.5800,111.5200,1.799998
FILLER_0_37_48,VPWR,li1,29.4400,111.5200,1.799998
FILLER_0_37_36,VPWR,li1,24.8400,111.5200,1.799998
FILLER_0_37_24,VPWR,li1,19.3200,111.5200,1.799998
FILLER_0_37_12,VPWR,li1,13.8000,111.5200,1.799997
FILLER_0_36_227,VPWR,li1,110.1700,111.5200,1.799998
FILLER_0_36_221,VPWR,li1,108.5600,111.5200,1.799998
FILLER_0_36_209,VPWR,li1,104.4200,111.5200,1.799998
FILLER_0_36_197,VPWR,li1,98.9000,111.5200,1.799998
FILLER_0_36_195,VPWR,li1,95.4500,111.5200,1.799998
FILLER_0_36_191,VPWR,li1,94.3000,111.5200,1.799998
FILLER_0_36_179,VPWR,li1,90.6200,111.5200,1.799997
FILLER_0_36_167,VPWR,li1,85.1000,111.5200,1.799996
FILLER_0_36_144,VPWR,li1,72.2200,111.5200,1.799997
FILLER_0_36_109,VPWR,li1,58.4200,111.5200,1.799997
FILLER_0_36_97,VPWR,li1,52.9000,111.5200,1.799998
FILLER_0_36_85,VPWR,li1,47.3800,111.5200,1.799998
FILLER_0_36_82,VPWR,li1,43.7000,111.5200,1.799998
FILLER_0_36_61,VPWR,li1,34.0400,111.5200,1.799998
FILLER_0_36_53,VPWR,li1,31.7400,111.5200,1.799998
FILLER_0_36_41,VPWR,li1,27.1400,111.5200,1.799998
FILLER_0_36_29,VPWR,li1,21.6200,111.5200,1.799998
FILLER_0_36_26,VPWR,li1,17.9400,111.5200,1.799998
FILLER_0_36_18,VPWR,li1,15.6400,111.5200,1.799997
FILLER_0_36_6,VPWR,li1,11.0400,111.5200,1.799996
FILLER_0_35_225,VPWR,li1,109.7100,106.0800,1.799998
FILLER_0_35_223,VPWR,li1,108.3300,106.0800,1.799998
FILLER_0_35_217,VPWR,li1,106.7200,106.0800,1.799998
FILLER_0_35_205,VPWR,li1,102.5800,106.0800,1.799998
FILLER_0_35_193,VPWR,li1,97.0600,106.0800,1.799998
FILLER_0_35_181,VPWR,li1,91.5400,106.0800,1.799997
FILLER_0_35_169,VPWR,li1,86.0200,106.0800,1.799997
FILLER_0_35_166,VPWR,li1,82.3400,106.0800,1.799997
FILLER_0_35_155,VPWR,li1,77.0500,106.0800,1.799997
FILLER_0_35_149,VPWR,li1,75.4400,106.0800,1.799997
FILLER_0_35_137,VPWR,li1,71.3000,106.0800,1.799997
FILLER_0_35_113,VPWR,li1,60.2600,106.0800,1.799996
FILLER_0_35_108,VPWR,li1,56.1200,106.0800,1.799996
FILLER_0_35_96,VPWR,li1,52.4400,106.0800,1.799996
FILLER_0_35_84,VPWR,li1,46.9200,106.0800,1.799996
FILLER_0_35_57,VPWR,li1,33.1200,106.0800,1.799993
FILLER_0_35_52,VPWR,li1,30.3600,106.0800,1.799993
FILLER_0_35_38,VPWR,li1,23.4600,106.0800,1.799993
FILLER_0_35_31,VPWR,li1,20.7000,106.0800,1.799994
FILLER_0_35_19,VPWR,li1,17.0200,106.0800,1.799994
FILLER_0_35_7,VPWR,li1,11.5000,106.0800,1.799993
FILLER_0_34_221,VPWR,li1,108.1000,106.0800,1.799998
FILLER_0_34_209,VPWR,li1,104.4200,106.0800,1.799998
FILLER_0_34_184,VPWR,li1,90.6200,106.0800,1.799997
FILLER_0_34_174,VPWR,li1,86.2500,106.0800,1.799997
FILLER_0_34_166,VPWR,li1,83.7200,106.0800,1.799997
FILLER_0_34_158,VPWR,li1,78.8900,106.0800,1.799997
FILLER_0_34_141,VPWR,li1,73.1400,106.0800,1.799997
FILLER_0_34_139,VPWR,li1,69.6900,106.0800,1.799997
FILLER_0_34_133,VPWR,li1,66.9300,106.0800,1.799996
FILLER_0_34_121,VPWR,li1,63.9400,106.0800,1.799996
FILLER_0_34_109,VPWR,li1,58.4200,106.0800,1.799996
FILLER_0_34_97,VPWR,li1,52.9000,106.0800,1.799996
FILLER_0_34_85,VPWR,li1,47.3800,106.0800,1.799996
FILLER_0_34_83,VPWR,li1,43.9300,106.0800,1.799995
FILLER_0_34_79,VPWR,li1,42.7800,106.0800,1.799995
FILLER_0_34_72,VPWR,li1,39.1000,106.0800,1.799994
FILLER_0_34_64,VPWR,li1,35.6500,106.0800,1.799994
FILLER_0_34_52,VPWR,li1,32.2000,106.0800,1.799993
FILLER_0_34_29,VPWR,li1,19.5500,106.0800,1.799995
FILLER_0_34_27,VPWR,li1,18.1700,106.0800,1.799995
FILLER_0_34_19,VPWR,li1,16.1000,106.0800,1.799994
FILLER_0_34_7,VPWR,li1,11.5000,106.0800,1.799993
FILLER_0_33_225,VPWR,li1,109.7100,100.6400,1.799996
FILLER_0_33_221,VPWR,li1,107.8700,100.6400,1.799996
FILLER_0_33_209,VPWR,li1,104.4200,100.6400,1.799996
FILLER_0_33_177,VPWR,li1,88.3200,100.6400,1.799994
FILLER_0_33_169,VPWR,li1,83.4900,100.6400,1.799994
FILLER_0_33_165,VPWR,li1,82.1100,100.6400,1.799994
FILLER_0_33_157,VPWR,li1,79.5800,100.6400,1.799994
FILLER_0_33_149,VPWR,li1,74.2900,100.6400,1.799995
FILLER_0_33_137,VPWR,li1,71.3000,100.6400,1.799995
FILLER_0_33_128,VPWR,li1,64.8600,100.6400,1.799994
FILLER_0_33_116,VPWR,li1,61.6400,100.6400,1.799994
FILLER_0_33_110,VPWR,li1,56.5800,100.6400,1.799994
FILLER_0_33_100,VPWR,li1,51.7500,100.6400,1.799994
FILLER_0_33_96,VPWR,li1,50.6000,100.6400,1.799994
FILLER_0_33_88,VPWR,li1,46.2300,100.6400,1.799996
FILLER_0_33_84,VPWR,li1,45.0800,100.6400,1.799996
FILLER_0_33_72,VPWR,li1,41.4000,100.6400,1.799995
FILLER_0_33_57,VPWR,li1,33.5800,100.6400,1.799994
FILLER_0_33_27,VPWR,li1,18.6300,100.6400,1.799995
FILLER_0_33_15,VPWR,li1,15.1800,100.6400,1.799994
FILLER_0_33_3,VPWR,li1,9.6600,100.6400,1.799993
FILLER_0_32_221,VPWR,li1,108.1000,100.6400,1.799996
FILLER_0_32_209,VPWR,li1,104.4200,100.6400,1.799996
FILLER_0_32_197,VPWR,li1,98.9000,100.6400,1.799996
FILLER_0_32_194,VPWR,li1,95.2200,100.6400,1.799995
FILLER_0_32_178,VPWR,li1,88.3200,100.6400,1.799994
FILLER_0_32_165,VPWR,li1,81.6500,100.6400,1.799994
FILLER_0_32_141,VPWR,li1,71.3000,100.6400,1.799995
FILLER_0_32_118,VPWR,li1,60.0300,100.6400,1.799994
FILLER_0_32_100,VPWR,li1,52.4400,100.6400,1.799994
FILLER_0_32_92,VPWR,li1,48.0700,100.6400,1.799995
FILLER_0_32_78,VPWR,li1,42.7800,100.6400,1.799995
FILLER_0_32_54,VPWR,li1,33.1200,100.6400,1.799994
FILLER_0_32_41,VPWR,li1,24.6100,100.6400,1.799994
FILLER_0_32_29,VPWR,li1,21.6200,100.6400,1.799995
FILLER_0_32_27,VPWR,li1,18.1700,100.6400,1.799995
FILLER_0_32_19,VPWR,li1,16.1000,100.6400,1.799994
FILLER_0_32_7,VPWR,li1,11.5000,100.6400,1.799994
FILLER_0_31_222,VPWR,li1,108.1000,95.2000,1.799998
FILLER_0_31_214,VPWR,li1,105.8000,95.2000,1.799999
FILLER_0_31_202,VPWR,li1,101.2000,95.2000,1.799999
FILLER_0_31_190,VPWR,li1,95.6800,95.2000,1.799998
FILLER_0_31_178,VPWR,li1,90.1600,95.2000,1.799998
FILLER_0_31_164,VPWR,li1,81.8800,95.2000,1.799997
FILLER_0_31_152,VPWR,li1,78.2000,95.2000,1.799997
FILLER_0_31_141,VPWR,li1,70.8400,95.2000,1.799997
FILLER_0_31_116,VPWR,li1,61.6400,95.2000,1.799996
FILLER_0_31_108,VPWR,li1,56.1200,95.2000,1.799995
FILLER_0_31_88,VPWR,li1,46.2300,95.2000,1.799996
FILLER_0_31_73,VPWR,li1,39.7900,95.2000,1.799995
FILLER_0_31_63,VPWR,li1,34.7300,95.2000,1.799994
FILLER_0_31_57,VPWR,li1,33.1200,95.2000,1.799994
FILLER_0_31_55,VPWR,li1,31.0500,95.2000,1.799994
FILLER_0_31_49,VPWR,li1,29.4400,95.2000,1.799994
FILLER_0_31_39,VPWR,li1,24.1500,95.2000,1.799994
FILLER_0_31_31,VPWR,li1,21.6200,95.2000,1.799995
FILLER_0_31_19,VPWR,li1,17.0200,95.2000,1.799995
FILLER_0_31_7,VPWR,li1,11.5000,95.2000,1.799993
FILLER_0_30_221,VPWR,li1,108.1000,95.2000,1.799998
FILLER_0_30_209,VPWR,li1,104.4200,95.2000,1.799999
FILLER_0_30_197,VPWR,li1,98.9000,95.2000,1.799999
FILLER_0_30_194,VPWR,li1,95.2200,95.2000,1.799998
FILLER_0_30_186,VPWR,li1,92.9200,95.2000,1.799998
FILLER_0_30_177,VPWR,li1,88.3200,95.2000,1.799998
FILLER_0_30_165,VPWR,li1,84.1800,95.2000,1.799997
FILLER_0_30_153,VPWR,li1,78.6600,95.2000,1.799997
FILLER_0_30_141,VPWR,li1,73.1400,95.2000,1.799997
FILLER_0_30_138,VPWR,li1,69.4600,95.2000,1.799996
FILLER_0_30_126,VPWR,li1,66.2400,95.2000,1.799996
FILLER_0_30_114,VPWR,li1,60.7200,95.2000,1.799996
FILLER_0_30_102,VPWR,li1,55.2000,95.2000,1.799995
FILLER_0_30_85,VPWR,li1,47.3800,95.2000,1.799996
FILLER_0_30_83,VPWR,li1,43.9300,95.2000,1.799996
FILLER_0_30_72,VPWR,li1,39.1000,95.2000,1.799995
FILLER_0_30_64,VPWR,li1,36.8000,95.2000,1.799995
FILLER_0_30_47,VPWR,li1,27.3700,95.2000,1.799994
FILLER_0_30_33,VPWR,li1,20.9300,95.2000,1.799995
FILLER_0_30_29,VPWR,li1,19.7800,95.2000,1.799995
FILLER_0_30_24,VPWR,li1,17.4800,95.2000,1.799995
FILLER_0_30_6,VPWR,li1,10.1200,95.2000,1.799993
FILLER_0_29_225,VPWR,li1,109.7100,89.7600,1.799990
FILLER_0_29_217,VPWR,li1,106.0300,89.7600,1.799990
FILLER_0_29_189,VPWR,li1,92.9200,89.7600,1.799991
FILLER_0_29_169,VPWR,li1,83.7200,89.7600,1.799992
FILLER_0_29_166,VPWR,li1,82.3400,89.7600,1.799992
FILLER_0_29_159,VPWR,li1,78.8900,89.7600,1.799992
FILLER_0_29_153,VPWR,li1,77.2800,89.7600,1.799992
FILLER_0_29_141,VPWR,li1,73.1400,89.7600,1.799994
FILLER_0_29_125,VPWR,li1,63.2500,89.7600,1.799992
FILLER_0_29_113,VPWR,li1,60.2600,89.7600,1.799992
FILLER_0_29_109,VPWR,li1,56.3500,89.7600,1.799992
FILLER_0_29_97,VPWR,li1,52.9000,89.7600,1.799992
FILLER_0_29_85,VPWR,li1,47.3800,89.7600,1.799993
FILLER_0_29_73,VPWR,li1,41.8600,89.7600,1.799993
FILLER_0_29_69,VPWR,li1,37.4900,89.7600,1.799992
FILLER_0_29_65,VPWR,li1,35.6500,89.7600,1.799991
FILLER_0_29_57,VPWR,li1,33.5800,89.7600,1.799991
FILLER_0_29_55,VPWR,li1,31.0500,89.7600,1.799990
FILLER_0_29_36,VPWR,li1,23.0000,89.7600,1.799990
FILLER_0_29_7,VPWR,li1,8.9700,89.7600,1.799988
FILLER_0_28_227,VPWR,li1,110.1700,89.7600,1.799990
FILLER_0_28_219,VPWR,li1,108.1000,89.7600,1.799990
FILLER_0_28_204,VPWR,li1,100.0500,89.7600,1.799992
FILLER_0_28_183,VPWR,li1,89.9300,89.7600,1.799991
FILLER_0_28_175,VPWR,li1,87.8600,89.7600,1.799991
FILLER_0_28_163,VPWR,li1,83.2600,89.7600,1.799992
FILLER_0_28_149,VPWR,li1,74.5200,89.7600,1.799993
FILLER_0_28_141,VPWR,li1,72.2200,89.7600,1.799994
FILLER_0_28_139,VPWR,li1,69.6900,89.7600,1.799993
FILLER_0_28_114,VPWR,li1,58.8800,89.7600,1.799992
FILLER_0_28_94,VPWR,li1,48.9900,89.7600,1.799993
FILLER_0_28_88,VPWR,li1,47.3800,89.7600,1.799993
FILLER_0_28_72,VPWR,li1,41.4000,89.7600,1.799993
FILLER_0_28_66,VPWR,li1,36.1100,89.7600,1.799991
FILLER_0_28_62,VPWR,li1,34.2700,89.7600,1.799991
FILLER_0_28_58,VPWR,li1,33.1200,89.7600,1.799991
FILLER_0_28_37,VPWR,li1,23.2300,89.7600,1.799990
FILLER_0_28_29,VPWR,li1,19.0900,89.7600,1.799991
FILLER_0_28_25,VPWR,li1,17.7100,89.7600,1.799991
FILLER_0_28_3,VPWR,li1,7.5900,89.7600,1.799987
FILLER_0_27_225,VPWR,li1,109.7100,84.3200,1.799994
FILLER_0_27_219,VPWR,li1,106.4900,84.3200,1.799994
FILLER_0_27_215,VPWR,li1,105.3400,84.3200,1.799994
FILLER_0_27_203,VPWR,li1,101.6600,84.3200,1.799995
FILLER_0_27_187,VPWR,li1,91.7700,84.3200,1.799995
FILLER_0_27_181,VPWR,li1,90.1600,84.3200,1.799995
FILLER_0_27_169,VPWR,li1,86.0200,84.3200,1.799994
FILLER_0_27_167,VPWR,li1,82.5700,84.3200,1.799994
FILLER_0_27_161,VPWR,li1,80.9600,84.3200,1.799994
FILLER_0_27_148,VPWR,li1,73.8300,84.3200,1.799995
FILLER_0_27_144,VPWR,li1,72.6800,84.3200,1.799995
FILLER_0_27_113,VPWR,li1,60.2600,84.3200,1.799994
FILLER_0_27_109,VPWR,li1,56.3500,84.3200,1.799994
FILLER_0_27_89,VPWR,li1,48.3000,84.3200,1.799995
FILLER_0_27_77,VPWR,li1,41.6300,84.3200,1.799995
FILLER_0_27_69,VPWR,li1,39.1000,84.3200,1.799995
FILLER_0_27_57,VPWR,li1,34.5000,84.3200,1.799995
FILLER_0_27_51,VPWR,li1,29.4400,84.3200,1.799995
FILLER_0_27_43,VPWR,li1,27.1400,84.3200,1.799996
FILLER_0_27_31,VPWR,li1,22.5400,84.3200,1.799996
FILLER_0_27_19,VPWR,li1,17.0200,84.3200,1.799996
FILLER_0_27_7,VPWR,li1,11.5000,84.3200,1.799995
FILLER_0_26_221,VPWR,li1,108.1000,84.3200,1.799994
FILLER_0_26_209,VPWR,li1,104.4200,84.3200,1.799994
FILLER_0_26_197,VPWR,li1,98.9000,84.3200,1.799996
FILLER_0_26_192,VPWR,li1,94.7600,84.3200,1.799995
FILLER_0_26_180,VPWR,li1,91.0800,84.3200,1.799995
FILLER_0_26_168,VPWR,li1,85.5600,84.3200,1.799994
FILLER_0_26_163,VPWR,li1,80.9600,84.3200,1.799994
FILLER_0_26_153,VPWR,li1,76.3600,84.3200,1.799994
FILLER_0_26_141,VPWR,li1,73.1400,84.3200,1.799995
FILLER_0_26_139,VPWR,li1,69.6900,84.3200,1.799995
FILLER_0_26_118,VPWR,li1,60.4900,84.3200,1.799994
FILLER_0_26_110,VPWR,li1,57.9600,84.3200,1.799994
FILLER_0_26_85,VPWR,li1,46.0000,84.3200,1.799995
FILLER_0_26_82,VPWR,li1,43.7000,84.3200,1.799996
FILLER_0_26_67,VPWR,li1,37.0300,84.3200,1.799995
FILLER_0_26_52,VPWR,li1,32.2000,84.3200,1.799995
FILLER_0_26_41,VPWR,li1,26.2200,84.3200,1.799996
FILLER_0_26_29,VPWR,li1,21.6200,84.3200,1.799996
FILLER_0_26_26,VPWR,li1,17.9400,84.3200,1.799996
FILLER_0_26_18,VPWR,li1,15.6400,84.3200,1.799996
FILLER_0_26_6,VPWR,li1,11.0400,84.3200,1.799995
FILLER_0_25_220,VPWR,li1,107.6400,78.8800,1.799997
FILLER_0_25_208,VPWR,li1,103.9600,78.8800,1.799997
FILLER_0_25_196,VPWR,li1,98.4400,78.8800,1.799997
FILLER_0_25_169,VPWR,li1,84.6400,78.8800,1.799996
FILLER_0_25_167,VPWR,li1,82.5700,78.8800,1.799996
FILLER_0_25_163,VPWR,li1,80.7300,78.8800,1.799996
FILLER_0_25_148,VPWR,li1,74.9800,78.8800,1.799997
FILLER_0_25_136,VPWR,li1,70.8400,78.8800,1.799997
FILLER_0_25_132,VPWR,li1,66.4700,78.8800,1.799996
FILLER_0_25_128,VPWR,li1,64.6300,78.8800,1.799996
FILLER_0_25_116,VPWR,li1,61.6400,78.8800,1.799995
FILLER_0_25_97,VPWR,li1,50.8300,78.8800,1.799995
FILLER_0_25_85,VPWR,li1,47.3800,78.8800,1.799995
FILLER_0_25_81,VPWR,li1,43.0100,78.8800,1.799994
FILLER_0_25_77,VPWR,li1,41.8600,78.8800,1.799993
FILLER_0_25_65,VPWR,li1,38.1800,78.8800,1.799993
FILLER_0_25_54,VPWR,li1,30.8200,78.8800,1.799991
FILLER_0_25_44,VPWR,li1,25.9900,78.8800,1.799991
FILLER_0_25_32,VPWR,li1,23.0000,78.8800,1.799991
FILLER_0_25_25,VPWR,li1,17.4800,78.8800,1.799992
FILLER_0_25_13,VPWR,li1,11.7300,78.8800,1.799988
FILLER_0_25_7,VPWR,li1,10.1200,78.8800,1.799988
FILLER_0_24_213,VPWR,li1,106.2600,78.8800,1.799997
FILLER_0_24_204,VPWR,li1,100.7400,78.8800,1.799997
FILLER_0_24_195,VPWR,li1,95.4500,78.8800,1.799997
FILLER_0_24_180,VPWR,li1,90.1600,78.8800,1.799996
FILLER_0_24_168,VPWR,li1,85.5600,78.8800,1.799996
FILLER_0_24_153,VPWR,li1,77.2800,78.8800,1.799997
FILLER_0_24_141,VPWR,li1,73.1400,78.8800,1.799997
FILLER_0_24_138,VPWR,li1,69.4600,78.8800,1.799997
FILLER_0_24_126,VPWR,li1,66.2400,78.8800,1.799996
FILLER_0_24_111,VPWR,li1,59.3400,78.8800,1.799995
FILLER_0_24_101,VPWR,li1,52.2100,78.8800,1.799995
FILLER_0_24_97,VPWR,li1,51.0600,78.8800,1.799995
FILLER_0_24_85,VPWR,li1,47.3800,78.8800,1.799995
FILLER_0_24_71,VPWR,li1,38.4100,78.8800,1.799993
FILLER_0_24_59,VPWR,li1,35.4200,78.8800,1.799992
FILLER_0_24_53,VPWR,li1,30.5900,78.8800,1.799991
FILLER_0_24_38,VPWR,li1,24.3800,78.8800,1.799991
FILLER_0_24_27,VPWR,li1,18.1700,78.8800,1.799992
FILLER_0_23_225,VPWR,li1,109.7100,73.4400,1.799996
FILLER_0_23_222,VPWR,li1,108.1000,73.4400,1.799996
FILLER_0_23_203,VPWR,li1,99.1300,73.4400,1.799996
FILLER_0_23_181,VPWR,li1,89.0100,73.4400,1.799994
FILLER_0_23_169,VPWR,li1,86.0200,73.4400,1.799994
FILLER_0_23_166,VPWR,li1,82.3400,73.4400,1.799994
FILLER_0_23_157,VPWR,li1,78.2000,73.4400,1.799994
FILLER_0_23_149,VPWR,li1,75.9000,73.4400,1.799994
FILLER_0_23_137,VPWR,li1,71.3000,73.4400,1.799994
FILLER_0_23_130,VPWR,li1,66.2400,73.4400,1.799994
FILLER_0_23_113,VPWR,li1,59.3400,73.4400,1.799994
FILLER_0_23_110,VPWR,li1,56.5800,73.4400,1.799994
FILLER_0_23_102,VPWR,li1,54.2800,73.4400,1.799994
FILLER_0_23_90,VPWR,li1,49.6800,73.4400,1.799995
FILLER_0_23_57,VPWR,li1,34.5000,73.4400,1.799994
FILLER_0_23_50,VPWR,li1,29.9000,73.4400,1.799994
FILLER_0_23_32,VPWR,li1,21.1600,73.4400,1.799995
FILLER_0_23_12,VPWR,li1,11.7300,73.4400,1.799995
FILLER_0_23_3,VPWR,li1,8.2800,73.4400,1.799995
FILLER_0_22_224,VPWR,li1,108.7900,73.4400,1.799996
FILLER_0_22_212,VPWR,li1,105.8000,73.4400,1.799996
FILLER_0_22_208,VPWR,li1,101.4300,73.4400,1.799996
FILLER_0_22_202,VPWR,li1,99.8200,73.4400,1.799996
FILLER_0_22_194,VPWR,li1,95.2200,73.4400,1.799995
FILLER_0_22_183,VPWR,li1,91.0800,73.4400,1.799994
FILLER_0_22_148,VPWR,li1,74.0600,73.4400,1.799994
FILLER_0_22_139,VPWR,li1,69.6900,73.4400,1.799994
FILLER_0_22_122,VPWR,li1,62.1000,73.4400,1.799993
FILLER_0_22_114,VPWR,li1,59.8000,73.4400,1.799994
FILLER_0_22_102,VPWR,li1,55.2000,73.4400,1.799994
FILLER_0_22_83,VPWR,li1,43.9300,73.4400,1.799995
FILLER_0_22_79,VPWR,li1,42.7800,73.4400,1.799995
FILLER_0_22_67,VPWR,li1,39.1000,73.4400,1.799994
FILLER_0_22_45,VPWR,li1,26.4500,73.4400,1.799994
FILLER_0_22_41,VPWR,li1,25.3000,73.4400,1.799995
FILLER_0_22_29,VPWR,li1,21.6200,73.4400,1.799995
FILLER_0_22_26,VPWR,li1,17.9400,73.4400,1.799996
FILLER_0_22_18,VPWR,li1,15.6400,73.4400,1.799996
FILLER_0_22_6,VPWR,li1,11.0400,73.4400,1.799995
FILLER_0_21_223,VPWR,li1,108.3300,68.0000,1.799997
FILLER_0_21_219,VPWR,li1,107.1800,68.0000,1.799997
FILLER_0_21_207,VPWR,li1,103.5000,68.0000,1.799998
FILLER_0_21_195,VPWR,li1,97.9800,68.0000,1.799998
FILLER_0_21_189,VPWR,li1,92.6900,68.0000,1.799997
FILLER_0_21_181,VPWR,li1,90.6200,68.0000,1.799996
FILLER_0_21_152,VPWR,li1,75.6700,68.0000,1.799995
FILLER_0_21_140,VPWR,li1,72.6800,68.0000,1.799996
FILLER_0_21_130,VPWR,li1,66.0100,68.0000,1.799995
FILLER_0_21_113,VPWR,li1,58.1900,68.0000,1.799994
FILLER_0_21_110,VPWR,li1,56.5800,68.0000,1.799994
FILLER_0_21_92,VPWR,li1,48.5300,68.0000,1.799994
FILLER_0_21_76,VPWR,li1,40.9400,68.0000,1.799994
FILLER_0_21_64,VPWR,li1,37.7200,68.0000,1.799994
FILLER_0_21_54,VPWR,li1,30.8200,68.0000,1.799993
FILLER_0_21_30,VPWR,li1,20.7000,68.0000,1.799995
FILLER_0_21_18,VPWR,li1,16.5600,68.0000,1.799996
FILLER_0_21_6,VPWR,li1,11.0400,68.0000,1.799995
FILLER_0_20_221,VPWR,li1,108.1000,68.0000,1.799997
FILLER_0_20_209,VPWR,li1,104.4200,68.0000,1.799998
FILLER_0_20_197,VPWR,li1,98.9000,68.0000,1.799998
FILLER_0_20_190,VPWR,li1,94.3000,68.0000,1.799997
FILLER_0_20_178,VPWR,li1,90.1600,68.0000,1.799996
FILLER_0_20_166,VPWR,li1,84.6400,68.0000,1.799995
FILLER_0_20_153,VPWR,li1,76.1300,68.0000,1.799995
FILLER_0_20_141,VPWR,li1,73.1400,68.0000,1.799996
FILLER_0_20_132,VPWR,li1,66.4700,68.0000,1.799995
FILLER_0_20_110,VPWR,li1,56.3500,68.0000,1.799994
FILLER_0_20_104,VPWR,li1,54.7400,68.0000,1.799994
FILLER_0_20_82,VPWR,li1,43.7000,68.0000,1.799994
FILLER_0_20_70,VPWR,li1,40.4800,68.0000,1.799994
FILLER_0_20_58,VPWR,li1,34.9600,68.0000,1.799993
FILLER_0_20_29,VPWR,li1,19.5500,68.0000,1.799996
FILLER_0_20_26,VPWR,li1,17.9400,68.0000,1.799996
FILLER_0_20_18,VPWR,li1,15.6400,68.0000,1.799996
FILLER_0_20_6,VPWR,li1,11.0400,68.0000,1.799995
FILLER_0_19_223,VPWR,li1,108.3300,62.5600,1.799997
FILLER_0_19_215,VPWR,li1,106.2600,62.5600,1.799997
FILLER_0_19_194,VPWR,li1,95.4500,62.5600,1.799997
FILLER_0_19_181,VPWR,li1,89.4700,62.5600,1.799996
FILLER_0_19_169,VPWR,li1,86.0200,62.5600,1.799996
FILLER_0_19_165,VPWR,li1,82.1100,62.5600,1.799996
FILLER_0_19_153,VPWR,li1,78.6600,62.5600,1.799997
FILLER_0_19_141,VPWR,li1,73.1400,62.5600,1.799997
FILLER_0_19_135,VPWR,li1,67.8500,62.5600,1.799997
FILLER_0_19_117,VPWR,li1,59.5700,62.5600,1.799997
FILLER_0_19_113,VPWR,li1,58.4200,62.5600,1.799997
FILLER_0_19_111,VPWR,li1,56.8100,62.5600,1.799997
FILLER_0_19_99,VPWR,li1,53.8200,62.5600,1.799997
FILLER_0_19_87,VPWR,li1,48.3000,62.5600,1.799997
FILLER_0_19_75,VPWR,li1,42.7800,62.5600,1.799997
FILLER_0_19_57,VPWR,li1,33.1200,62.5600,1.799996
FILLER_0_19_55,VPWR,li1,31.0500,62.5600,1.799996
FILLER_0_19_49,VPWR,li1,29.4400,62.5600,1.799996
FILLER_0_19_18,VPWR,li1,15.6400,62.5600,1.799997
FILLER_0_19_6,VPWR,li1,11.0400,62.5600,1.799997
FILLER_0_18_225,VPWR,li1,109.7100,62.5600,1.799997
FILLER_0_18_217,VPWR,li1,107.1800,62.5600,1.799997
FILLER_0_18_205,VPWR,li1,102.5800,62.5600,1.799997
FILLER_0_18_197,VPWR,li1,96.6000,62.5600,1.799997
FILLER_0_18_193,VPWR,li1,94.9900,62.5600,1.799996
FILLER_0_18_176,VPWR,li1,86.7100,62.5600,1.799996
FILLER_0_18_165,VPWR,li1,82.3400,62.5600,1.799996
FILLER_0_18_153,VPWR,li1,78.6600,62.5600,1.799997
FILLER_0_18_141,VPWR,li1,73.1400,62.5600,1.799997
FILLER_0_18_139,VPWR,li1,69.6900,62.5600,1.799997
FILLER_0_18_127,VPWR,li1,66.7000,62.5600,1.799997
FILLER_0_18_121,VPWR,li1,61.8700,62.5600,1.799997
FILLER_0_18_113,VPWR,li1,59.3400,62.5600,1.799997
FILLER_0_18_101,VPWR,li1,54.7400,62.5600,1.799997
FILLER_0_18_95,VPWR,li1,49.4500,62.5600,1.799997
FILLER_0_18_89,VPWR,li1,46.6900,62.5600,1.799997
FILLER_0_18_85,VPWR,li1,45.5400,62.5600,1.799997
FILLER_0_18_76,VPWR,li1,42.3200,62.5600,1.799997
FILLER_0_18_53,VPWR,li1,31.2800,62.5600,1.799996
FILLER_0_18_41,VPWR,li1,27.1400,62.5600,1.799996
FILLER_0_18_37,VPWR,li1,22.7700,62.5600,1.799997
FILLER_0_18_33,VPWR,li1,20.9300,62.5600,1.799997
FILLER_0_18_29,VPWR,li1,19.7800,62.5600,1.799997
FILLER_0_18_27,VPWR,li1,18.1700,62.5600,1.799997
FILLER_0_18_15,VPWR,li1,15.1800,62.5600,1.799997
FILLER_0_18_3,VPWR,li1,9.6600,62.5600,1.799997
FILLER_0_17_216,VPWR,li1,106.7200,57.1200,1.799996
FILLER_0_17_204,VPWR,li1,102.1200,57.1200,1.799996
FILLER_0_17_192,VPWR,li1,96.6000,57.1200,1.799995
FILLER_0_17_165,VPWR,li1,82.1100,57.1200,1.799992
FILLER_0_17_129,VPWR,li1,67.6200,57.1200,1.799993
FILLER_0_17_117,VPWR,li1,62.1000,57.1200,1.799992
FILLER_0_17_111,VPWR,li1,56.8100,57.1200,1.799992
FILLER_0_17_107,VPWR,li1,55.6600,57.1200,1.799992
FILLER_0_17_93,VPWR,li1,48.7600,57.1200,1.799993
FILLER_0_17_80,VPWR,li1,42.5500,57.1200,1.799994
FILLER_0_17_57,VPWR,li1,32.6600,57.1200,1.799993
FILLER_0_17_55,VPWR,li1,31.0500,57.1200,1.799993
FILLER_0_17_49,VPWR,li1,29.4400,57.1200,1.799993
FILLER_0_17_37,VPWR,li1,25.3000,57.1200,1.799994
FILLER_0_17_25,VPWR,li1,19.7800,57.1200,1.799994
FILLER_0_17_13,VPWR,li1,14.2600,57.1200,1.799994
FILLER_0_17_9,VPWR,li1,9.8900,57.1200,1.799992
FILLER_0_16_221,VPWR,li1,108.1000,57.1200,1.799996
FILLER_0_16_209,VPWR,li1,104.4200,57.1200,1.799996
FILLER_0_16_197,VPWR,li1,98.9000,57.1200,1.799996
FILLER_0_16_170,VPWR,li1,84.1800,57.1200,1.799992
FILLER_0_16_162,VPWR,li1,81.8800,57.1200,1.799992
FILLER_0_16_131,VPWR,li1,66.0100,57.1200,1.799993
FILLER_0_16_127,VPWR,li1,64.8600,57.1200,1.799993
FILLER_0_16_108,VPWR,li1,55.4300,57.1200,1.799992
FILLER_0_16_98,VPWR,li1,50.8300,57.1200,1.799993
FILLER_0_16_85,VPWR,li1,44.8500,57.1200,1.799995
FILLER_0_16_76,VPWR,li1,42.3200,57.1200,1.799994
FILLER_0_16_67,VPWR,li1,37.2600,57.1200,1.799993
FILLER_0_16_58,VPWR,li1,32.6600,57.1200,1.799993
FILLER_0_16_46,VPWR,li1,29.4400,57.1200,1.799993
FILLER_0_16_42,VPWR,li1,25.0700,57.1200,1.799994
FILLER_0_16_29,VPWR,li1,20.7000,57.1200,1.799994
FILLER_0_16_3,VPWR,li1,7.1300,57.1200,1.799992
FILLER_0_15_212,VPWR,li1,105.8000,51.6800,1.799991
FILLER_0_15_207,VPWR,li1,101.2000,51.6800,1.799992
FILLER_0_15_193,VPWR,li1,95.2200,51.6800,1.799993
FILLER_0_15_181,VPWR,li1,91.5400,51.6800,1.799992
FILLER_0_15_169,VPWR,li1,86.0200,51.6800,1.799992
FILLER_0_15_167,VPWR,li1,82.5700,51.6800,1.799993
FILLER_0_15_155,VPWR,li1,79.5800,51.6800,1.799994
FILLER_0_15_132,VPWR,li1,67.6200,51.6800,1.799994
FILLER_0_15_120,VPWR,li1,63.4800,51.6800,1.799994
FILLER_0_15_113,VPWR,li1,57.7300,51.6800,1.799993
FILLER_0_15_75,VPWR,li1,41.8600,51.6800,1.799992
FILLER_0_15_57,VPWR,li1,32.6600,51.6800,1.799989
FILLER_0_15_54,VPWR,li1,30.8200,51.6800,1.799989
FILLER_0_15_35,VPWR,li1,22.5400,51.6800,1.799990
FILLER_0_15_3,VPWR,li1,7.3600,51.6800,1.799987
FILLER_0_14_170,VPWR,li1,83.9500,51.6800,1.799993
FILLER_0_14_164,VPWR,li1,81.6500,51.6800,1.799993
FILLER_0_14_152,VPWR,li1,78.2000,51.6800,1.799994
FILLER_0_14_141,VPWR,li1,70.8400,51.6800,1.799995
FILLER_0_14_132,VPWR,li1,68.0800,51.6800,1.799994
FILLER_0_14_118,VPWR,li1,60.0300,51.6800,1.799993
FILLER_0_14_106,VPWR,li1,57.0400,51.6800,1.799993
FILLER_0_14_97,VPWR,li1,51.0600,51.6800,1.799992
FILLER_0_14_85,VPWR,li1,47.3800,51.6800,1.799993
FILLER_0_14_50,VPWR,li1,30.3600,51.6800,1.799989
FILLER_0_14_29,VPWR,li1,19.3200,51.6800,1.799991
FILLER_0_14_26,VPWR,li1,17.9400,51.6800,1.799990
FILLER_0_14_7,VPWR,li1,9.2000,51.6800,1.799987
FILLER_0_13_225,VPWR,li1,109.7100,46.2400,1.799991
FILLER_0_13_216,VPWR,li1,106.7200,46.2400,1.799991
FILLER_0_13_157,VPWR,li1,79.5800,46.2400,1.799992
FILLER_0_13_149,VPWR,li1,74.2900,46.2400,1.799993
FILLER_0_13_137,VPWR,li1,71.3000,46.2400,1.799994
FILLER_0_13_125,VPWR,li1,65.7800,46.2400,1.799993
FILLER_0_13_113,VPWR,li1,60.2600,46.2400,1.799992
FILLER_0_13_110,VPWR,li1,56.5800,46.2400,1.799992
FILLER_0_13_98,VPWR,li1,53.3600,46.2400,1.799992
FILLER_0_13_86,VPWR,li1,47.8400,46.2400,1.799993
FILLER_0_13_74,VPWR,li1,42.3200,46.2400,1.799994
FILLER_0_13_53,VPWR,li1,30.5900,46.2400,1.799993
FILLER_0_13_41,VPWR,li1,27.1400,46.2400,1.799993
FILLER_0_13_33,VPWR,li1,20.9300,46.2400,1.799994
FILLER_0_13_27,VPWR,li1,19.3200,46.2400,1.799995
FILLER_0_13_15,VPWR,li1,15.1800,46.2400,1.799994
FILLER_0_13_3,VPWR,li1,9.6600,46.2400,1.799993
FILLER_0_12_221,VPWR,li1,107.8700,46.2400,1.799991
FILLER_0_12_209,VPWR,li1,104.4200,46.2400,1.799992
FILLER_0_12_197,VPWR,li1,98.9000,46.2400,1.799993
FILLER_0_12_193,VPWR,li1,94.9900,46.2400,1.799992
FILLER_0_12_176,VPWR,li1,89.2400,46.2400,1.799991
FILLER_0_12_164,VPWR,li1,83.7200,46.2400,1.799991
FILLER_0_12_141,VPWR,li1,70.8400,46.2400,1.799994
FILLER_0_12_136,VPWR,li1,69.0000,46.2400,1.799993
FILLER_0_12_118,VPWR,li1,60.4900,46.2400,1.799992
FILLER_0_12_97,VPWR,li1,50.8300,46.2400,1.799993
FILLER_0_12_82,VPWR,li1,43.7000,46.2400,1.799994
FILLER_0_12_74,VPWR,li1,41.4000,46.2400,1.799994
FILLER_0_12_41,VPWR,li1,27.1400,46.2400,1.799993
FILLER_0_12_29,VPWR,li1,21.6200,46.2400,1.799994
FILLER_0_12_27,VPWR,li1,18.1700,46.2400,1.799995
FILLER_0_12_19,VPWR,li1,16.1000,46.2400,1.799994
FILLER_0_12_7,VPWR,li1,11.5000,46.2400,1.799994
FILLER_0_11_225,VPWR,li1,109.7100,40.8000,1.799988
FILLER_0_11_218,VPWR,li1,106.2600,40.8000,1.799989
FILLER_0_11_206,VPWR,li1,103.0400,40.8000,1.799990
FILLER_0_11_192,VPWR,li1,94.3000,40.8000,1.799992
FILLER_0_11_180,VPWR,li1,91.0800,40.8000,1.799992
FILLER_0_11_176,VPWR,li1,86.7100,40.8000,1.799992
FILLER_0_11_172,VPWR,li1,85.5600,40.8000,1.799992
FILLER_0_11_162,VPWR,li1,81.4200,40.8000,1.799992
FILLER_0_11_150,VPWR,li1,77.2800,40.8000,1.799992
FILLER_0_11_146,VPWR,li1,72.9100,40.8000,1.799993
FILLER_0_11_138,VPWR,li1,70.8400,40.8000,1.799994
FILLER_0_11_125,VPWR,li1,63.2500,40.8000,1.799991
FILLER_0_11_106,VPWR,li1,55.6600,40.8000,1.799991
FILLER_0_11_78,VPWR,li1,41.6300,40.8000,1.799992
FILLER_0_11_69,VPWR,li1,38.6400,40.8000,1.799991
FILLER_0_11_57,VPWR,li1,34.5000,40.8000,1.799991
FILLER_0_11_52,VPWR,li1,30.3600,40.8000,1.799991
FILLER_0_11_45,VPWR,li1,27.1400,40.8000,1.799991
FILLER_0_11_37,VPWR,li1,22.7700,40.8000,1.799992
FILLER_0_11_28,VPWR,li1,19.3200,40.8000,1.799992
FILLER_0_11_15,VPWR,li1,13.1100,40.8000,1.799990
FILLER_0_11_7,VPWR,li1,10.5800,40.8000,1.799989
FILLER_0_10_218,VPWR,li1,107.1800,40.8000,1.799989
FILLER_0_10_206,VPWR,li1,103.0400,40.8000,1.799990
FILLER_0_10_188,VPWR,li1,92.2300,40.8000,1.799992
FILLER_0_10_184,VPWR,li1,91.0800,40.8000,1.799992
FILLER_0_10_165,VPWR,li1,81.6500,40.8000,1.799992
FILLER_0_10_161,VPWR,li1,80.5000,40.8000,1.799992
FILLER_0_10_156,VPWR,li1,77.7400,40.8000,1.799992
FILLER_0_10_145,VPWR,li1,72.4500,40.8000,1.799994
FILLER_0_10_141,VPWR,li1,71.3000,40.8000,1.799994
FILLER_0_10_134,VPWR,li1,68.5400,40.8000,1.799993
FILLER_0_10_121,VPWR,li1,62.1000,40.8000,1.799991
FILLER_0_10_85,VPWR,li1,45.0800,40.8000,1.799993
FILLER_0_10_78,VPWR,li1,42.7800,40.8000,1.799992
FILLER_0_10_69,VPWR,li1,38.1800,40.8000,1.799991
FILLER_0_10_65,VPWR,li1,35.6500,40.8000,1.799991
FILLER_0_10_61,VPWR,li1,34.5000,40.8000,1.799991
FILLER_0_10_57,VPWR,li1,31.9700,40.8000,1.799991
FILLER_0_10_53,VPWR,li1,30.8200,40.8000,1.799991
FILLER_0_10_38,VPWR,li1,24.3800,40.8000,1.799992
FILLER_0_10_27,VPWR,li1,18.1700,40.8000,1.799992
FILLER_0_10_3,VPWR,li1,7.1300,40.8000,1.799988
FILLER_0_9_223,VPWR,li1,108.3300,35.3600,1.799994
FILLER_0_9_204,VPWR,li1,100.2800,35.3600,1.799994
FILLER_0_9_181,VPWR,li1,90.1600,35.3600,1.799994
FILLER_0_9_169,VPWR,li1,86.0200,35.3600,1.799994
FILLER_0_9_167,VPWR,li1,82.5700,35.3600,1.799994
FILLER_0_9_155,VPWR,li1,79.5800,35.3600,1.799994
FILLER_0_9_148,VPWR,li1,74.5200,35.3600,1.799995
FILLER_0_9_144,VPWR,li1,71.9900,35.3600,1.799996
FILLER_0_9_132,VPWR,li1,69.0000,35.3600,1.799995
FILLER_0_9_121,VPWR,li1,61.4100,35.3600,1.799995
FILLER_0_9_113,VPWR,li1,59.3400,35.3600,1.799995
FILLER_0_9_109,VPWR,li1,56.3500,35.3600,1.799995
FILLER_0_9_101,VPWR,li1,53.8200,35.3600,1.799995
FILLER_0_9_94,VPWR,li1,49.2200,35.3600,1.799996
FILLER_0_9_86,VPWR,li1,46.9200,35.3600,1.799996
FILLER_0_9_74,VPWR,li1,42.3200,35.3600,1.799996
FILLER_0_9_69,VPWR,li1,37.7200,35.3600,1.799995
FILLER_0_9_57,VPWR,li1,34.5000,35.3600,1.799994
FILLER_0_9_52,VPWR,li1,30.3600,35.3600,1.799994
FILLER_0_9_28,VPWR,li1,20.2400,35.3600,1.799996
FILLER_0_9_19,VPWR,li1,14.7200,35.3600,1.799995
FILLER_0_9_13,VPWR,li1,12.1900,35.3600,1.799995
FILLER_0_9_9,VPWR,li1,9.8900,35.3600,1.799995
FILLER_0_8_227,VPWR,li1,110.1700,35.3600,1.799994
FILLER_0_8_219,VPWR,li1,108.1000,35.3600,1.799994
FILLER_0_8_209,VPWR,li1,101.8900,35.3600,1.799994
FILLER_0_8_192,VPWR,li1,94.7600,35.3600,1.799995
FILLER_0_8_170,VPWR,li1,83.9500,35.3600,1.799994
FILLER_0_8_166,VPWR,li1,82.8000,35.3600,1.799994
FILLER_0_8_153,VPWR,li1,76.8200,35.3600,1.799995
FILLER_0_8_141,VPWR,li1,73.1400,35.3600,1.799996
FILLER_0_8_132,VPWR,li1,68.0800,35.3600,1.799995
FILLER_0_8_121,VPWR,li1,62.1000,35.3600,1.799995
FILLER_0_8_109,VPWR,li1,58.4200,35.3600,1.799995
FILLER_0_8_97,VPWR,li1,52.9000,35.3600,1.799995
FILLER_0_8_85,VPWR,li1,47.3800,35.3600,1.799996
FILLER_0_8_82,VPWR,li1,43.7000,35.3600,1.799996
FILLER_0_8_75,VPWR,li1,40.9400,35.3600,1.799996
FILLER_0_8_63,VPWR,li1,37.2600,35.3600,1.799995
FILLER_0_8_48,VPWR,li1,28.2900,35.3600,1.799994
FILLER_0_8_41,VPWR,li1,24.6100,35.3600,1.799994
FILLER_0_8_29,VPWR,li1,21.6200,35.3600,1.799995
FILLER_0_8_27,VPWR,li1,18.1700,35.3600,1.799995
FILLER_0_8_15,VPWR,li1,15.1800,35.3600,1.799995
FILLER_0_8_3,VPWR,li1,9.6600,35.3600,1.799995
FILLER_0_7_225,VPWR,li1,109.7100,29.9200,1.799994
FILLER_0_7_217,VPWR,li1,106.0300,29.9200,1.799994
FILLER_0_7_209,VPWR,li1,103.5000,29.9200,1.799995
FILLER_0_7_203,VPWR,li1,99.1300,29.9200,1.799996
FILLER_0_7_195,VPWR,li1,97.0600,29.9200,1.799995
FILLER_0_7_186,VPWR,li1,91.5400,29.9200,1.799995
FILLER_0_7_178,VPWR,li1,89.2400,29.9200,1.799995
FILLER_0_7_153,VPWR,li1,78.6600,29.9200,1.799995
FILLER_0_7_139,VPWR,li1,69.9200,29.9200,1.799994
FILLER_0_7_113,VPWR,li1,57.9600,29.9200,1.799992
FILLER_0_7_111,VPWR,li1,56.8100,29.9200,1.799993
FILLER_0_7_105,VPWR,li1,55.2000,29.9200,1.799993
FILLER_0_7_83,VPWR,li1,43.9300,29.9200,1.799994
FILLER_0_7_79,VPWR,li1,42.7800,29.9200,1.799994
FILLER_0_7_66,VPWR,li1,36.1100,29.9200,1.799993
FILLER_0_7_52,VPWR,li1,30.3600,29.9200,1.799992
FILLER_0_7_31,VPWR,li1,20.0100,29.9200,1.799993
FILLER_0_7_26,VPWR,li1,17.9400,29.9200,1.799994
FILLER_0_7_18,VPWR,li1,15.6400,29.9200,1.799993
FILLER_0_7_6,VPWR,li1,11.0400,29.9200,1.799992
FILLER_0_6_221,VPWR,li1,108.1000,29.9200,1.799994
FILLER_0_6_209,VPWR,li1,104.4200,29.9200,1.799995
FILLER_0_6_197,VPWR,li1,98.9000,29.9200,1.799996
FILLER_0_6_190,VPWR,li1,93.1500,29.9200,1.799995
FILLER_0_6_178,VPWR,li1,90.1600,29.9200,1.799995
FILLER_0_6_166,VPWR,li1,84.6400,29.9200,1.799995
FILLER_0_6_154,VPWR,li1,79.1200,29.9200,1.799995
FILLER_0_6_141,VPWR,li1,71.3000,29.9200,1.799994
FILLER_0_6_134,VPWR,li1,68.5400,29.9200,1.799993
FILLER_0_6_108,VPWR,li1,56.5800,29.9200,1.799993
FILLER_0_6_93,VPWR,li1,48.5300,29.9200,1.799993
FILLER_0_6_85,VPWR,li1,46.4600,29.9200,1.799994
FILLER_0_6_83,VPWR,li1,43.9300,29.9200,1.799994
FILLER_0_6_79,VPWR,li1,42.7800,29.9200,1.799994
FILLER_0_6_67,VPWR,li1,37.0300,29.9200,1.799993
FILLER_0_6_55,VPWR,li1,33.5800,29.9200,1.799992
FILLER_0_6_45,VPWR,li1,26.9100,29.9200,1.799992
FILLER_0_6_19,VPWR,li1,15.1800,29.9200,1.799993
FILLER_0_6_7,VPWR,li1,11.5000,29.9200,1.799992
FILLER_0_5_222,VPWR,li1,108.1000,24.4800,1.799995
FILLER_0_5_214,VPWR,li1,105.8000,24.4800,1.799995
FILLER_0_5_202,VPWR,li1,101.2000,24.4800,1.799995
FILLER_0_5_183,VPWR,li1,90.3900,24.4800,1.799993
FILLER_0_5_166,VPWR,li1,82.3400,24.4800,1.799993
FILLER_0_5_158,VPWR,li1,80.0400,24.4800,1.799993
FILLER_0_5_146,VPWR,li1,75.4400,24.4800,1.799994
FILLER_0_5_136,VPWR,li1,68.7700,24.4800,1.799995
FILLER_0_5_124,VPWR,li1,65.3200,24.4800,1.799995
FILLER_0_5_113,VPWR,li1,57.9600,24.4800,1.799995
FILLER_0_5_109,VPWR,li1,56.3500,24.4800,1.799995
FILLER_0_5_97,VPWR,li1,52.9000,24.4800,1.799995
FILLER_0_5_80,VPWR,li1,45.0800,24.4800,1.799995
FILLER_0_5_67,VPWR,li1,36.5700,24.4800,1.799994
FILLER_0_5_61,VPWR,li1,33.8100,24.4800,1.799994
FILLER_0_5_57,VPWR,li1,32.6600,24.4800,1.799994
FILLER_0_5_55,VPWR,li1,31.0500,24.4800,1.799994
FILLER_0_5_49,VPWR,li1,29.4400,24.4800,1.799994
FILLER_0_5_40,VPWR,li1,24.3800,24.4800,1.799995
FILLER_0_5_18,VPWR,li1,16.5600,24.4800,1.799997
FILLER_0_5_6,VPWR,li1,11.0400,24.4800,1.799996
FILLER_0_4_217,VPWR,li1,107.1800,24.4800,1.799995
FILLER_0_4_202,VPWR,li1,99.1300,24.4800,1.799995
FILLER_0_4_195,VPWR,li1,95.4500,24.4800,1.799994
FILLER_0_4_177,VPWR,li1,87.6300,24.4800,1.799993
FILLER_0_4_165,VPWR,li1,81.8800,24.4800,1.799993
FILLER_0_4_141,VPWR,li1,71.3000,24.4800,1.799995
FILLER_0_4_131,VPWR,li1,66.7000,24.4800,1.799995
FILLER_0_4_119,VPWR,li1,63.0200,24.4800,1.799995
FILLER_0_4_107,VPWR,li1,57.5000,24.4800,1.799995
FILLER_0_4_85,VPWR,li1,44.8500,24.4800,1.799995
FILLER_0_4_81,VPWR,li1,43.4700,24.4800,1.799995
FILLER_0_4_69,VPWR,li1,40.0200,24.4800,1.799994
FILLER_0_4_63,VPWR,li1,34.7300,24.4800,1.799994
FILLER_0_4_59,VPWR,li1,33.5800,24.4800,1.799994
FILLER_0_4_41,VPWR,li1,25.7600,24.4800,1.799995
FILLER_0_4_29,VPWR,li1,21.6200,24.4800,1.799996
FILLER_0_4_26,VPWR,li1,17.9400,24.4800,1.799997
FILLER_0_4_18,VPWR,li1,15.6400,24.4800,1.799997
FILLER_0_4_6,VPWR,li1,11.0400,24.4800,1.799996
FILLER_0_3_225,VPWR,li1,109.7100,19.0400,1.799998
FILLER_0_3_221,VPWR,li1,107.8700,19.0400,1.799998
FILLER_0_3_213,VPWR,li1,105.3400,19.0400,1.799998
FILLER_0_3_201,VPWR,li1,100.7400,19.0400,1.799998
FILLER_0_3_190,VPWR,li1,93.3800,19.0400,1.799997
FILLER_0_3_178,VPWR,li1,90.1600,19.0400,1.799996
FILLER_0_3_155,VPWR,li1,77.0500,19.0400,1.799995
FILLER_0_3_149,VPWR,li1,75.4400,19.0400,1.799995
FILLER_0_3_122,VPWR,li1,63.0200,19.0400,1.799995
FILLER_0_3_111,VPWR,li1,56.8100,19.0400,1.799995
FILLER_0_3_103,VPWR,li1,54.7400,19.0400,1.799995
FILLER_0_3_92,VPWR,li1,48.0700,19.0400,1.799996
FILLER_0_3_86,VPWR,li1,46.4600,19.0400,1.799996
FILLER_0_3_74,VPWR,li1,42.3200,19.0400,1.799996
FILLER_0_3_57,VPWR,li1,31.9700,19.0400,1.799994
FILLER_0_3_31,VPWR,li1,20.0100,19.0400,1.799996
FILLER_0_3_27,VPWR,li1,18.8600,19.0400,1.799996
FILLER_0_3_15,VPWR,li1,15.1800,19.0400,1.799996
FILLER_0_3_3,VPWR,li1,9.6600,19.0400,1.799996
FILLER_0_2_224,VPWR,li1,109.4800,19.0400,1.799998
FILLER_0_2_212,VPWR,li1,105.8000,19.0400,1.799998
FILLER_0_2_200,VPWR,li1,100.2800,19.0400,1.799998
FILLER_0_2_195,VPWR,li1,95.4500,19.0400,1.799997
FILLER_0_2_189,VPWR,li1,93.8400,19.0400,1.799997
FILLER_0_2_177,VPWR,li1,89.7000,19.0400,1.799996
FILLER_0_2_162,VPWR,li1,80.5000,19.0400,1.799995
FILLER_0_2_150,VPWR,li1,77.2800,19.0400,1.799995
FILLER_0_2_126,VPWR,li1,64.4000,19.0400,1.799995
FILLER_0_2_114,VPWR,li1,60.7200,19.0400,1.799995
FILLER_0_2_99,VPWR,li1,53.8200,19.0400,1.799995
FILLER_0_2_89,VPWR,li1,46.6900,19.0400,1.799996
FILLER_0_2_85,VPWR,li1,45.5400,19.0400,1.799996
FILLER_0_2_81,VPWR,li1,43.4700,19.0400,1.799996
FILLER_0_2_69,VPWR,li1,40.0200,19.0400,1.799995
FILLER_0_2_56,VPWR,li1,33.1200,19.0400,1.799994
FILLER_0_2_49,VPWR,li1,28.5200,19.0400,1.799994
FILLER_0_2_41,VPWR,li1,26.2200,19.0400,1.799994
FILLER_0_2_29,VPWR,li1,21.6200,19.0400,1.799996
FILLER_0_2_27,VPWR,li1,18.1700,19.0400,1.799996
FILLER_0_2_19,VPWR,li1,16.1000,19.0400,1.799996
FILLER_0_2_7,VPWR,li1,11.5000,19.0400,1.799996
FILLER_0_1_225,VPWR,li1,109.7100,13.6000,1.799992
FILLER_0_1_223,VPWR,li1,108.3300,13.6000,1.799992
FILLER_0_1_211,VPWR,li1,105.3400,13.6000,1.799992
FILLER_0_1_199,VPWR,li1,99.8200,13.6000,1.799992
FILLER_0_1_187,VPWR,li1,94.3000,13.6000,1.799988
FILLER_0_1_164,VPWR,li1,81.1900,13.6000,1.799986
FILLER_0_1_156,VPWR,li1,79.1200,13.6000,1.799987
FILLER_0_1_133,VPWR,li1,67.1600,13.6000,1.799990
FILLER_0_1_125,VPWR,li1,64.8600,13.6000,1.799990
FILLER_0_1_113,VPWR,li1,60.2600,13.6000,1.799990
FILLER_0_1_109,VPWR,li1,56.3500,13.6000,1.799990
FILLER_0_1_97,VPWR,li1,52.9000,13.6000,1.799990
FILLER_0_1_93,VPWR,li1,48.5300,13.6000,1.799991
FILLER_0_1_89,VPWR,li1,47.3800,13.6000,1.799991
FILLER_0_1_77,VPWR,li1,43.7000,13.6000,1.799990
FILLER_0_1_61,VPWR,li1,33.8100,13.6000,1.799988
FILLER_0_1_57,VPWR,li1,32.6600,13.6000,1.799988
FILLER_0_1_55,VPWR,li1,31.0500,13.6000,1.799989
FILLER_0_1_51,VPWR,li1,29.9000,13.6000,1.799989
FILLER_0_1_39,VPWR,li1,26.2200,13.6000,1.799990
FILLER_0_1_27,VPWR,li1,20.7000,13.6000,1.799993
FILLER_0_1_15,VPWR,li1,15.1800,13.6000,1.799994
FILLER_0_1_3,VPWR,li1,9.6600,13.6000,1.799994
FILLER_0_0_225,VPWR,li1,109.7100,13.6000,1.799992
FILLER_0_0_221,VPWR,li1,107.8700,13.6000,1.799992
FILLER_0_0_209,VPWR,li1,104.4200,13.6000,1.799992
FILLER_0_0_202,VPWR,li1,99.3600,13.6000,1.799992
FILLER_0_0_197,VPWR,li1,96.6000,13.6000,1.799990
FILLER_0_0_188,VPWR,li1,92.9200,13.6000,1.799987
FILLER_0_0_181,VPWR,li1,89.7000,13.6000,1.799986
FILLER_0_0_175,VPWR,li1,86.7100,13.6000,1.799986
FILLER_0_0_169,VPWR,li1,83.7200,13.6000,1.799986
FILLER_0_0_161,VPWR,li1,80.2700,13.6000,1.799987
FILLER_0_0_153,VPWR,li1,76.8200,13.6000,1.799988
FILLER_0_0_147,VPWR,li1,73.8300,13.6000,1.799989
FILLER_0_0_141,VPWR,li1,70.8400,13.6000,1.799990
FILLER_0_0_139,VPWR,li1,69.6900,13.6000,1.799990
FILLER_0_0_135,VPWR,li1,67.8500,13.6000,1.799990
FILLER_0_0_125,VPWR,li1,63.9400,13.6000,1.799990
FILLER_0_0_118,VPWR,li1,60.7200,13.6000,1.799990
FILLER_0_0_113,VPWR,li1,57.9600,13.6000,1.799990
FILLER_0_0_111,VPWR,li1,56.8100,13.6000,1.799990
FILLER_0_0_104,VPWR,li1,54.2800,13.6000,1.799990
FILLER_0_0_97,VPWR,li1,51.0600,13.6000,1.799991
FILLER_0_0_90,VPWR,li1,47.8400,13.6000,1.799991
FILLER_0_0_85,VPWR,li1,45.0800,13.6000,1.799991
FILLER_0_0_77,VPWR,li1,41.6300,13.6000,1.799988
FILLER_0_0_48,VPWR,li1,28.5200,13.6000,1.799989
FILLER_0_0_41,VPWR,li1,25.3000,13.6000,1.799992
FILLER_0_0_34,VPWR,li1,22.0800,13.6000,1.799993
FILLER_0_0_29,VPWR,li1,19.3200,13.6000,1.799994
FILLER_0_0_27,VPWR,li1,18.1700,13.6000,1.799994
FILLER_0_0_23,VPWR,li1,16.3300,13.6000,1.799994
FILLER_0_0_15,VPWR,li1,14.2600,13.6000,1.799994
FILLER_0_0_3,VPWR,li1,9.6600,13.6000,1.799994
rebuffer11,VPWR,li1,94.0700,51.6800,1.799993
rebuffer10,VPWR,li1,86.2500,57.1200,1.799992
rebuffer9,VPWR,li1,98.6700,40.8000,1.799992
rebuffer8,VPWR,li1,97.7500,35.3600,1.799995
rebuffer7,VPWR,li1,75.2100,57.1200,1.799993
rebuffer6,VPWR,li1,88.0900,24.4800,1.799993
rebuffer5,VPWR,li1,71.9900,73.4400,1.799995
rebuffer4,VPWR,li1,73.8300,24.4800,1.799994
rebuffer3,VPWR,li1,83.4900,73.4400,1.799994
clone2,VPWR,li1,39.5600,51.6800,1.799990
clone1,VPWR,li1,52.4400,51.6800,1.799992
_1551__128,VPWR,li1,80.7300,100.6400,1.799994
fanout127,VPWR,li1,27.1400,19.0400,1.799994
fanout126,VPWR,li1,15.6400,78.8800,1.799990
fanout125,VPWR,li1,73.1400,19.0400,1.799995
fanout124,VPWR,li1,29.9000,24.4800,1.799994
fanout123,VPWR,li1,84.1800,111.5200,1.799996
fanout122,VPWR,li1,25.7600,106.0800,1.799993
fanout121,VPWR,li1,58.4200,57.1200,1.799992
fanout120,VPWR,li1,11.5000,57.1200,1.799992
fanout119,VPWR,li1,26.2200,35.3600,1.799994
fanout118,VPWR,li1,79.1200,100.6400,1.799994
fanout117,VPWR,li1,63.9400,73.4400,1.799993
fanout116,VPWR,li1,32.6600,95.2000,1.799994
fanout115,VPWR,li1,25.7600,68.0000,1.799993
fanout114,VPWR,li1,75.4400,46.2400,1.799992
fanout113,VPWR,li1,80.0400,24.4800,1.799993
fanout112,VPWR,li1,17.4800,57.1200,1.799995
fanout111,VPWR,li1,28.0600,29.9200,1.799992
fanout110,VPWR,li1,73.1400,100.6400,1.799995
fanout109,VPWR,li1,25.3000,89.7600,1.799990
fanout108,VPWR,li1,85.5600,62.5600,1.799996
fanout107,VPWR,li1,28.9800,51.6800,1.799989
wire106,VPWR,li1,43.9300,78.8800,1.799994
wire105,VPWR,li1,37.9500,73.4400,1.799994
output104,VPWR,li1,66.2400,13.6000,1.799990
output103,VPWR,li1,7.8200,78.8800,1.799987
output102,VPWR,li1,7.8200,95.2000,1.799992
output101,VPWR,li1,30.3600,13.6000,1.799989
output100,VPWR,li1,7.8200,46.2400,1.799992
output99,VPWR,li1,7.8200,51.6800,1.799987
output98,VPWR,li1,38.1800,13.6000,1.799988
output97,VPWR,li1,7.8200,29.9200,1.799991
output96,VPWR,li1,109.4800,46.2400,1.799991
output95,VPWR,li1,85.1000,13.6000,1.799986
output94,VPWR,li1,40.0200,13.6000,1.799988
output93,VPWR,li1,78.6600,13.6000,1.799987
output92,VPWR,li1,107.6400,40.8000,1.799989
output91,VPWR,li1,109.4800,40.8000,1.799988
output90,VPWR,li1,109.4800,51.6800,1.799990
output89,VPWR,li1,107.6400,29.9200,1.799994
output88,VPWR,li1,81.8800,13.6000,1.799986
output87,VPWR,li1,58.8800,116.9600,1.799988
output86,VPWR,li1,107.6400,84.3200,1.799994
output85,VPWR,li1,107.6400,89.7600,1.799990
output84,VPWR,li1,87.4000,116.9600,1.799987
output83,VPWR,li1,43.2400,13.6000,1.799990
output82,VPWR,li1,84.6400,116.9600,1.799987
output81,VPWR,li1,72.6800,116.9600,1.799990
output80,VPWR,li1,61.6400,116.9600,1.799988
output79,VPWR,li1,92.0000,116.9600,1.799989
output78,VPWR,li1,7.8200,100.6400,1.799992
output77,VPWR,li1,40.4800,116.9600,1.799991
output76,VPWR,li1,37.2600,116.9600,1.799991
output75,VPWR,li1,7.8200,84.3200,1.799993
output74,VPWR,li1,7.8200,89.7600,1.799987
output73,VPWR,li1,7.8200,106.0800,1.799992
output72,VPWR,li1,7.8200,40.8000,1.799988
output71,VPWR,li1,94.7600,13.6000,1.799988
output70,VPWR,li1,72.2200,13.6000,1.799990
input69,VPWR,li1,7.8200,106.0800,1.799992
input68,VPWR,li1,7.5900,24.4800,1.799996
input67,VPWR,li1,46.2300,13.6000,1.799991
input66,VPWR,li1,8.9700,111.5200,1.799996
input65,VPWR,li1,7.5900,68.0000,1.799995
input64,VPWR,li1,7.5900,73.4400,1.799995
input63,VPWR,li1,20.4700,13.6000,1.799993
input62,VPWR,li1,7.5900,57.1200,1.799992
input61,VPWR,li1,8.0500,57.1200,1.799992
input60,VPWR,li1,8.9700,35.3600,1.799995
input59,VPWR,li1,7.5900,24.4800,1.799996
input58,VPWR,li1,68.7700,13.6000,1.799990
input57,VPWR,li1,75.2100,13.6000,1.799989
input56,VPWR,li1,32.4300,13.6000,1.799988
input55,VPWR,li1,91.3100,13.6000,1.799987
input54,VPWR,li1,97.7500,13.6000,1.799990
input53,VPWR,li1,109.7100,35.3600,1.799994
input52,VPWR,li1,109.7100,51.6800,1.799990
input51,VPWR,li1,109.7100,68.0000,1.799997
input50,VPWR,li1,109.7100,57.1200,1.799995
input49,VPWR,li1,109.7100,68.0000,1.799997
input48,VPWR,li1,109.7100,84.3200,1.799994
input47,VPWR,li1,109.7100,78.8800,1.799997
input46,VPWR,li1,109.7100,95.2000,1.799998
input45,VPWR,li1,49.4500,13.6000,1.799991
input44,VPWR,li1,97.7500,116.9600,1.799992
input43,VPWR,li1,89.4700,116.9600,1.799988
input42,VPWR,li1,67.8500,116.9600,1.799989
input41,VPWR,li1,75.2100,116.9600,1.799990
input40,VPWR,li1,52.6700,116.9600,1.799990
input39,VPWR,li1,49.4500,116.9600,1.799991
input38,VPWR,li1,33.3500,116.9600,1.799992
input37,VPWR,li1,23.6900,116.9600,1.799995
input36,VPWR,li1,7.5900,95.2000,1.799992
input35,VPWR,li1,7.5900,84.3200,1.799993
input34,VPWR,li1,52.6700,13.6000,1.799990
input33,VPWR,li1,7.8200,19.0400,1.799996
input32,VPWR,li1,7.5900,62.5600,1.799997
input31,VPWR,li1,7.5900,68.0000,1.799995
input30,VPWR,li1,59.1100,13.6000,1.799990
input29,VPWR,li1,8.9700,57.1200,1.799992
input28,VPWR,li1,7.5900,35.3600,1.799995
input27,VPWR,li1,7.5900,29.9200,1.799991
input26,VPWR,li1,23.6900,13.6000,1.799992
input25,VPWR,li1,62.3300,13.6000,1.799990
input24,VPWR,li1,88.0900,13.6000,1.799986
input23,VPWR,li1,26.9100,13.6000,1.799990
input22,VPWR,li1,100.9700,13.6000,1.799992
input21,VPWR,li1,109.7100,24.4800,1.799995
input20,VPWR,li1,109.7100,29.9200,1.799994
input19,VPWR,li1,109.7100,24.4800,1.799995
input18,VPWR,li1,109.7100,73.4400,1.799996
input17,VPWR,li1,109.7100,57.1200,1.799995
input16,VPWR,li1,109.7100,62.5600,1.799997
input15,VPWR,li1,109.7100,95.2000,1.799998
input14,VPWR,li1,109.7100,78.8800,1.799997
input13,VPWR,li1,109.7100,100.6400,1.799996
input12,VPWR,li1,55.8900,13.6000,1.799990
input11,VPWR,li1,109.7100,106.0800,1.799998
input10,VPWR,li1,94.5300,116.9600,1.799990
input9,VPWR,li1,69.2300,116.9600,1.799989
input8,VPWR,li1,77.5100,116.9600,1.799989
input7,VPWR,li1,55.8900,116.9600,1.799989
input6,VPWR,li1,46.2300,116.9600,1.799993
input5,VPWR,li1,43.0100,116.9600,1.799992
input4,VPWR,li1,26.9100,116.9600,1.799994
input3,VPWR,li1,7.5900,111.5200,1.799996
input2,VPWR,li1,7.5900,78.8800,1.799987
input1,VPWR,li1,17.2500,13.6000,1.799994
_1537__158,VPWR,li1,69.2300,100.6400,1.799995
_1523__157,VPWR,li1,79.8100,89.7600,1.799992
_1509__156,VPWR,li1,45.3100,89.7600,1.799994
_1495__155,VPWR,li1,41.1700,95.2000,1.799995
_1481__154,VPWR,li1,40.7100,100.6400,1.799995
_1467__153,VPWR,li1,34.2700,95.2000,1.799994
_1453__152,VPWR,li1,26.4500,95.2000,1.799994
_1439__151,VPWR,li1,28.7500,84.3200,1.799995
_1425__150,VPWR,li1,67.3900,46.2400,1.799993
_1845__149,VPWR,li1,35.6500,73.4400,1.799994
_1831__148,VPWR,li1,43.4700,78.8800,1.799994
_1817__147,VPWR,li1,49.9100,57.1200,1.799993
_1803__146,VPWR,li1,34.2700,51.6800,1.799989
_1789__145,VPWR,li1,25.9900,57.1200,1.799994
_1775__144,VPWR,li1,28.7500,40.8000,1.799991
_1761__143,VPWR,li1,33.8100,35.3600,1.799994
_1747__142,VPWR,li1,75.2100,29.9200,1.799995
_1733__141,VPWR,li1,41.1700,29.9200,1.799994
_1719__140,VPWR,li1,82.1100,29.9200,1.799995
_1705__139,VPWR,li1,93.1500,35.3600,1.799994
_1691__138,VPWR,li1,87.6300,40.8000,1.799992
_1677__137,VPWR,li1,91.7700,46.2400,1.799992
_1663__136,VPWR,li1,83.9500,62.5600,1.799996
_1649__135,VPWR,li1,77.0500,46.2400,1.799992
_1635__134,VPWR,li1,67.8500,73.4400,1.799994
_1621__133,VPWR,li1,81.6500,78.8800,1.799996
_1607__132,VPWR,li1,94.9900,78.8800,1.799997
_1593__131,VPWR,li1,90.3900,95.2000,1.799998
_1579__130,VPWR,li1,53.1300,29.9200,1.799993
_1565__129,VPWR,li1,86.7100,100.6400,1.799994
TAP_TAPCELL_ROW_38_241,VPWR,li1,108.7900,116.6530,1.799993
TAP_TAPCELL_ROW_38_240,VPWR,li1,95.9100,116.6530,1.799990
TAP_TAPCELL_ROW_38_239,VPWR,li1,83.0300,116.6530,1.799987
TAP_TAPCELL_ROW_38_238,VPWR,li1,70.1500,116.6530,1.799990
TAP_TAPCELL_ROW_38_237,VPWR,li1,57.2700,116.6530,1.799988
TAP_TAPCELL_ROW_38_236,VPWR,li1,44.3900,116.6530,1.799992
TAP_TAPCELL_ROW_38_235,VPWR,li1,31.5100,116.6530,1.799993
TAP_TAPCELL_ROW_38_234,VPWR,li1,18.6300,116.6530,1.799997
TAP_TAPCELL_ROW_37_233,VPWR,li1,108.7900,111.8260,1.799998
TAP_TAPCELL_ROW_37_232,VPWR,li1,83.0300,111.8260,1.799996
TAP_TAPCELL_ROW_37_231,VPWR,li1,57.2700,111.8260,1.799997
TAP_TAPCELL_ROW_37_230,VPWR,li1,31.5100,111.8260,1.799998
TAP_TAPCELL_ROW_36_229,VPWR,li1,95.9100,111.2130,1.799998
TAP_TAPCELL_ROW_36_228,VPWR,li1,70.1500,111.2130,1.799997
TAP_TAPCELL_ROW_36_227,VPWR,li1,44.3900,111.2130,1.799998
TAP_TAPCELL_ROW_36_226,VPWR,li1,18.6300,111.2130,1.799998
TAP_TAPCELL_ROW_35_225,VPWR,li1,108.7900,106.3860,1.799998
TAP_TAPCELL_ROW_35_224,VPWR,li1,83.0300,106.3860,1.799997
TAP_TAPCELL_ROW_35_223,VPWR,li1,57.2700,106.3860,1.799996
TAP_TAPCELL_ROW_35_222,VPWR,li1,31.5100,106.3860,1.799993
TAP_TAPCELL_ROW_34_221,VPWR,li1,95.9100,105.7730,1.799997
TAP_TAPCELL_ROW_34_220,VPWR,li1,70.1500,105.7730,1.799997
TAP_TAPCELL_ROW_34_219,VPWR,li1,44.3900,105.7730,1.799995
TAP_TAPCELL_ROW_34_218,VPWR,li1,18.6300,105.7730,1.799995
TAP_TAPCELL_ROW_33_217,VPWR,li1,108.7900,100.9460,1.799996
TAP_TAPCELL_ROW_33_216,VPWR,li1,83.0300,100.9460,1.799994
TAP_TAPCELL_ROW_33_215,VPWR,li1,57.2700,100.9460,1.799994
TAP_TAPCELL_ROW_33_214,VPWR,li1,31.5100,100.9460,1.799994
TAP_TAPCELL_ROW_32_213,VPWR,li1,95.9100,100.3330,1.799995
TAP_TAPCELL_ROW_32_212,VPWR,li1,70.1500,100.3330,1.799995
TAP_TAPCELL_ROW_32_211,VPWR,li1,44.3900,100.3330,1.799995
TAP_TAPCELL_ROW_32_210,VPWR,li1,18.6300,100.3330,1.799995
TAP_TAPCELL_ROW_31_209,VPWR,li1,108.7900,95.5060,1.799998
TAP_TAPCELL_ROW_31_208,VPWR,li1,83.0300,95.5060,1.799997
TAP_TAPCELL_ROW_31_207,VPWR,li1,57.2700,95.5060,1.799995
TAP_TAPCELL_ROW_31_206,VPWR,li1,31.5100,95.5060,1.799994
TAP_TAPCELL_ROW_30_205,VPWR,li1,95.9100,94.8930,1.799998
TAP_TAPCELL_ROW_30_204,VPWR,li1,70.1500,94.8930,1.799997
TAP_TAPCELL_ROW_30_203,VPWR,li1,44.3900,94.8930,1.799996
TAP_TAPCELL_ROW_30_202,VPWR,li1,18.6300,94.8930,1.799995
TAP_TAPCELL_ROW_29_201,VPWR,li1,108.7900,90.0660,1.799990
TAP_TAPCELL_ROW_29_200,VPWR,li1,83.0300,90.0660,1.799992
TAP_TAPCELL_ROW_29_199,VPWR,li1,57.2700,90.0660,1.799992
TAP_TAPCELL_ROW_29_198,VPWR,li1,31.5100,90.0660,1.799990
TAP_TAPCELL_ROW_28_197,VPWR,li1,95.9100,89.4530,1.799992
TAP_TAPCELL_ROW_28_196,VPWR,li1,70.1500,89.4530,1.799993
TAP_TAPCELL_ROW_28_195,VPWR,li1,44.3900,89.4530,1.799994
TAP_TAPCELL_ROW_28_194,VPWR,li1,18.6300,89.4530,1.799991
TAP_TAPCELL_ROW_27_193,VPWR,li1,108.7900,84.6260,1.799994
TAP_TAPCELL_ROW_27_192,VPWR,li1,83.0300,84.6260,1.799994
TAP_TAPCELL_ROW_27_191,VPWR,li1,57.2700,84.6260,1.799994
TAP_TAPCELL_ROW_27_190,VPWR,li1,31.5100,84.6260,1.799995
TAP_TAPCELL_ROW_26_189,VPWR,li1,95.9100,84.0130,1.799995
TAP_TAPCELL_ROW_26_188,VPWR,li1,70.1500,84.0130,1.799995
TAP_TAPCELL_ROW_26_187,VPWR,li1,44.3900,84.0130,1.799996
TAP_TAPCELL_ROW_26_186,VPWR,li1,18.6300,84.0130,1.799996
TAP_TAPCELL_ROW_25_185,VPWR,li1,108.7900,79.1860,1.799997
TAP_TAPCELL_ROW_25_184,VPWR,li1,83.0300,79.1860,1.799996
TAP_TAPCELL_ROW_25_183,VPWR,li1,57.2700,79.1860,1.799995
TAP_TAPCELL_ROW_25_182,VPWR,li1,31.5100,79.1860,1.799991
TAP_TAPCELL_ROW_24_181,VPWR,li1,95.9100,78.5730,1.799997
TAP_TAPCELL_ROW_24_180,VPWR,li1,70.1500,78.5730,1.799997
TAP_TAPCELL_ROW_24_179,VPWR,li1,44.3900,78.5730,1.799994
TAP_TAPCELL_ROW_24_178,VPWR,li1,18.6300,78.5730,1.799992
TAP_TAPCELL_ROW_23_177,VPWR,li1,108.7900,73.7460,1.799996
TAP_TAPCELL_ROW_23_176,VPWR,li1,83.0300,73.7460,1.799994
TAP_TAPCELL_ROW_23_175,VPWR,li1,57.2700,73.7460,1.799994
TAP_TAPCELL_ROW_23_174,VPWR,li1,31.5100,73.7460,1.799994
TAP_TAPCELL_ROW_22_173,VPWR,li1,95.9100,73.1330,1.799995
TAP_TAPCELL_ROW_22_172,VPWR,li1,70.1500,73.1330,1.799994
TAP_TAPCELL_ROW_22_171,VPWR,li1,44.3900,73.1330,1.799995
TAP_TAPCELL_ROW_22_170,VPWR,li1,18.6300,73.1330,1.799996
TAP_TAPCELL_ROW_21_169,VPWR,li1,108.7900,68.3060,1.799997
TAP_TAPCELL_ROW_21_168,VPWR,li1,83.0300,68.3060,1.799995
TAP_TAPCELL_ROW_21_167,VPWR,li1,57.2700,68.3060,1.799994
TAP_TAPCELL_ROW_21_166,VPWR,li1,31.5100,68.3060,1.799993
TAP_TAPCELL_ROW_20_165,VPWR,li1,95.9100,67.6930,1.799997
TAP_TAPCELL_ROW_20_164,VPWR,li1,70.1500,67.6930,1.799995
TAP_TAPCELL_ROW_20_163,VPWR,li1,44.3900,67.6930,1.799994
TAP_TAPCELL_ROW_20_162,VPWR,li1,18.6300,67.6930,1.799996
TAP_TAPCELL_ROW_19_161,VPWR,li1,108.7900,62.8660,1.799997
TAP_TAPCELL_ROW_19_160,VPWR,li1,83.0300,62.8660,1.799996
TAP_TAPCELL_ROW_19_159,VPWR,li1,57.2700,62.8660,1.799997
TAP_TAPCELL_ROW_19_158,VPWR,li1,31.5100,62.8660,1.799996
TAP_TAPCELL_ROW_18_157,VPWR,li1,95.9100,62.2530,1.799997
TAP_TAPCELL_ROW_18_156,VPWR,li1,70.1500,62.2530,1.799997
TAP_TAPCELL_ROW_18_155,VPWR,li1,44.3900,62.2530,1.799997
TAP_TAPCELL_ROW_18_154,VPWR,li1,18.6300,62.2530,1.799997
TAP_TAPCELL_ROW_17_153,VPWR,li1,108.7900,57.4260,1.799995
TAP_TAPCELL_ROW_17_152,VPWR,li1,83.0300,57.4260,1.799992
TAP_TAPCELL_ROW_17_151,VPWR,li1,57.2700,57.4260,1.799992
TAP_TAPCELL_ROW_17_150,VPWR,li1,31.5100,57.4260,1.799993
TAP_TAPCELL_ROW_16_149,VPWR,li1,95.9100,56.8130,1.799994
TAP_TAPCELL_ROW_16_148,VPWR,li1,70.1500,56.8130,1.799993
TAP_TAPCELL_ROW_16_147,VPWR,li1,44.3900,56.8130,1.799995
TAP_TAPCELL_ROW_16_146,VPWR,li1,18.6300,56.8130,1.799995
TAP_TAPCELL_ROW_15_145,VPWR,li1,108.7900,51.9860,1.799990
TAP_TAPCELL_ROW_15_144,VPWR,li1,83.0300,51.9860,1.799993
TAP_TAPCELL_ROW_15_143,VPWR,li1,57.2700,51.9860,1.799993
TAP_TAPCELL_ROW_15_142,VPWR,li1,31.5100,51.9860,1.799989
TAP_TAPCELL_ROW_14_141,VPWR,li1,95.9100,51.3730,1.799993
TAP_TAPCELL_ROW_14_140,VPWR,li1,70.1500,51.3730,1.799995
TAP_TAPCELL_ROW_14_139,VPWR,li1,44.3900,51.3730,1.799993
TAP_TAPCELL_ROW_14_138,VPWR,li1,18.6300,51.3730,1.799991
TAP_TAPCELL_ROW_13_137,VPWR,li1,108.7900,46.5460,1.799991
TAP_TAPCELL_ROW_13_136,VPWR,li1,83.0300,46.5460,1.799991
TAP_TAPCELL_ROW_13_135,VPWR,li1,57.2700,46.5460,1.799992
TAP_TAPCELL_ROW_13_134,VPWR,li1,31.5100,46.5460,1.799993
TAP_TAPCELL_ROW_12_133,VPWR,li1,95.9100,45.9330,1.799993
TAP_TAPCELL_ROW_12_132,VPWR,li1,70.1500,45.9330,1.799993
TAP_TAPCELL_ROW_12_131,VPWR,li1,44.3900,45.9330,1.799994
TAP_TAPCELL_ROW_12_130,VPWR,li1,18.6300,45.9330,1.799995
TAP_TAPCELL_ROW_11_129,VPWR,li1,108.7900,41.1060,1.799988
TAP_TAPCELL_ROW_11_128,VPWR,li1,83.0300,41.1060,1.799992
TAP_TAPCELL_ROW_11_127,VPWR,li1,57.2700,41.1060,1.799991
TAP_TAPCELL_ROW_11_126,VPWR,li1,31.5100,41.1060,1.799991
TAP_TAPCELL_ROW_10_125,VPWR,li1,95.9100,40.4930,1.799992
TAP_TAPCELL_ROW_10_124,VPWR,li1,70.1500,40.4930,1.799993
TAP_TAPCELL_ROW_10_123,VPWR,li1,44.3900,40.4930,1.799992
TAP_TAPCELL_ROW_10_122,VPWR,li1,18.6300,40.4930,1.799992
TAP_TAPCELL_ROW_9_121,VPWR,li1,108.7900,35.6660,1.799994
TAP_TAPCELL_ROW_9_120,VPWR,li1,83.0300,35.6660,1.799994
TAP_TAPCELL_ROW_9_119,VPWR,li1,57.2700,35.6660,1.799995
TAP_TAPCELL_ROW_9_118,VPWR,li1,31.5100,35.6660,1.799994
TAP_TAPCELL_ROW_8_117,VPWR,li1,95.9100,35.0530,1.799995
TAP_TAPCELL_ROW_8_116,VPWR,li1,70.1500,35.0530,1.799996
TAP_TAPCELL_ROW_8_115,VPWR,li1,44.3900,35.0530,1.799996
TAP_TAPCELL_ROW_8_114,VPWR,li1,18.6300,35.0530,1.799996
TAP_TAPCELL_ROW_7_113,VPWR,li1,108.7900,30.2260,1.799994
TAP_TAPCELL_ROW_7_112,VPWR,li1,83.0300,30.2260,1.799995
TAP_TAPCELL_ROW_7_111,VPWR,li1,57.2700,30.2260,1.799992
TAP_TAPCELL_ROW_7_110,VPWR,li1,31.5100,30.2260,1.799992
TAP_TAPCELL_ROW_6_109,VPWR,li1,95.9100,29.6130,1.799995
TAP_TAPCELL_ROW_6_108,VPWR,li1,70.1500,29.6130,1.799994
TAP_TAPCELL_ROW_6_107,VPWR,li1,44.3900,29.6130,1.799994
TAP_TAPCELL_ROW_6_106,VPWR,li1,18.6300,29.6130,1.799994
TAP_TAPCELL_ROW_5_105,VPWR,li1,108.7900,24.7860,1.799995
TAP_TAPCELL_ROW_5_104,VPWR,li1,83.0300,24.7860,1.799993
TAP_TAPCELL_ROW_5_103,VPWR,li1,57.2700,24.7860,1.799995
TAP_TAPCELL_ROW_5_102,VPWR,li1,31.5100,24.7860,1.799994
TAP_TAPCELL_ROW_4_101,VPWR,li1,95.9100,24.1730,1.799994
TAP_TAPCELL_ROW_4_100,VPWR,li1,70.1500,24.1730,1.799995
TAP_TAPCELL_ROW_4_99,VPWR,li1,44.3900,24.1730,1.799995
TAP_TAPCELL_ROW_4_98,VPWR,li1,18.6300,24.1730,1.799997
TAP_TAPCELL_ROW_3_97,VPWR,li1,108.7900,19.3460,1.799998
TAP_TAPCELL_ROW_3_96,VPWR,li1,83.0300,19.3460,1.799995
TAP_TAPCELL_ROW_3_95,VPWR,li1,57.2700,19.3460,1.799995
TAP_TAPCELL_ROW_3_94,VPWR,li1,31.5100,19.3460,1.799994
TAP_TAPCELL_ROW_2_93,VPWR,li1,95.9100,18.7330,1.799997
TAP_TAPCELL_ROW_2_92,VPWR,li1,70.1500,18.7330,1.799995
TAP_TAPCELL_ROW_2_91,VPWR,li1,44.3900,18.7330,1.799996
TAP_TAPCELL_ROW_2_90,VPWR,li1,18.6300,18.7330,1.799996
TAP_TAPCELL_ROW_1_89,VPWR,li1,108.7900,13.9060,1.799992
TAP_TAPCELL_ROW_1_88,VPWR,li1,83.0300,13.9060,1.799986
TAP_TAPCELL_ROW_1_87,VPWR,li1,57.2700,13.9060,1.799990
TAP_TAPCELL_ROW_1_86,VPWR,li1,31.5100,13.9060,1.799989
TAP_TAPCELL_ROW_0_85,VPWR,li1,108.7900,13.2930,1.799992
TAP_TAPCELL_ROW_0_84,VPWR,li1,95.9100,13.2930,1.799988
TAP_TAPCELL_ROW_0_83,VPWR,li1,83.0300,13.2930,1.799986
TAP_TAPCELL_ROW_0_82,VPWR,li1,70.1500,13.2930,1.799990
TAP_TAPCELL_ROW_0_81,VPWR,li1,57.2700,13.2930,1.799990
TAP_TAPCELL_ROW_0_80,VPWR,li1,44.3900,13.2930,1.799990
TAP_TAPCELL_ROW_0_79,VPWR,li1,31.5100,13.2930,1.799989
TAP_TAPCELL_ROW_0_78,VPWR,li1,18.6300,13.2930,1.799994
PHY_EDGE_ROW_38_Left_77,VPWR,li1,6.2100,116.9600,1.799997
PHY_EDGE_ROW_37_Left_76,VPWR,li1,6.2100,111.5200,1.799996
PHY_EDGE_ROW_36_Left_75,VPWR,li1,6.2100,111.5200,1.799996
PHY_EDGE_ROW_35_Left_74,VPWR,li1,6.2100,106.0800,1.799992
PHY_EDGE_ROW_34_Left_73,VPWR,li1,6.2100,106.0800,1.799992
PHY_EDGE_ROW_33_Left_72,VPWR,li1,6.2100,100.6400,1.799992
PHY_EDGE_ROW_32_Left_71,VPWR,li1,6.2100,100.6400,1.799992
PHY_EDGE_ROW_31_Left_70,VPWR,li1,6.2100,95.2000,1.799992
PHY_EDGE_ROW_30_Left_69,VPWR,li1,6.2100,95.2000,1.799992
PHY_EDGE_ROW_29_Left_68,VPWR,li1,6.2100,89.7600,1.799987
PHY_EDGE_ROW_28_Left_67,VPWR,li1,6.2100,89.7600,1.799987
PHY_EDGE_ROW_27_Left_66,VPWR,li1,6.2100,84.3200,1.799993
PHY_EDGE_ROW_26_Left_65,VPWR,li1,6.2100,84.3200,1.799993
PHY_EDGE_ROW_25_Left_64,VPWR,li1,6.2100,78.8800,1.799987
PHY_EDGE_ROW_24_Left_63,VPWR,li1,6.2100,78.8800,1.799987
PHY_EDGE_ROW_23_Left_62,VPWR,li1,6.2100,73.4400,1.799995
PHY_EDGE_ROW_22_Left_61,VPWR,li1,6.2100,73.4400,1.799995
PHY_EDGE_ROW_21_Left_60,VPWR,li1,6.2100,68.0000,1.799995
PHY_EDGE_ROW_20_Left_59,VPWR,li1,6.2100,68.0000,1.799995
PHY_EDGE_ROW_19_Left_58,VPWR,li1,6.2100,62.5600,1.799997
PHY_EDGE_ROW_18_Left_57,VPWR,li1,6.2100,62.5600,1.799997
PHY_EDGE_ROW_17_Left_56,VPWR,li1,6.2100,57.1200,1.799992
PHY_EDGE_ROW_16_Left_55,VPWR,li1,6.2100,57.1200,1.799992
PHY_EDGE_ROW_15_Left_54,VPWR,li1,6.2100,51.6800,1.799987
PHY_EDGE_ROW_14_Left_53,VPWR,li1,6.2100,51.6800,1.799987
PHY_EDGE_ROW_13_Left_52,VPWR,li1,6.2100,46.2400,1.799992
PHY_EDGE_ROW_12_Left_51,VPWR,li1,6.2100,46.2400,1.799992
PHY_EDGE_ROW_11_Left_50,VPWR,li1,6.2100,40.8000,1.799988
PHY_EDGE_ROW_10_Left_49,VPWR,li1,6.2100,40.8000,1.799988
PHY_EDGE_ROW_9_Left_48,VPWR,li1,6.2100,35.3600,1.799995
PHY_EDGE_ROW_8_Left_47,VPWR,li1,6.2100,35.3600,1.799995
PHY_EDGE_ROW_7_Left_46,VPWR,li1,6.2100,29.9200,1.799991
PHY_EDGE_ROW_6_Left_45,VPWR,li1,6.2100,29.9200,1.799991
PHY_EDGE_ROW_5_Left_44,VPWR,li1,6.2100,24.4800,1.799996
PHY_EDGE_ROW_4_Left_43,VPWR,li1,6.2100,24.4800,1.799996
PHY_EDGE_ROW_3_Left_42,VPWR,li1,6.2100,19.0400,1.799996
PHY_EDGE_ROW_2_Left_41,VPWR,li1,6.2100,19.0400,1.799996
PHY_EDGE_ROW_1_Left_40,VPWR,li1,6.2100,13.6000,1.799994
PHY_EDGE_ROW_0_Left_39,VPWR,li1,6.2100,13.6000,1.799994
PHY_EDGE_ROW_38_Right_38,VPWR,li1,111.0900,116.9600,1.799993
PHY_EDGE_ROW_37_Right_37,VPWR,li1,111.0900,111.5200,1.799998
PHY_EDGE_ROW_36_Right_36,VPWR,li1,111.0900,111.5200,1.799998
PHY_EDGE_ROW_35_Right_35,VPWR,li1,111.0900,106.0800,1.799998
PHY_EDGE_ROW_34_Right_34,VPWR,li1,111.0900,106.0800,1.799998
PHY_EDGE_ROW_33_Right_33,VPWR,li1,111.0900,100.6400,1.799996
PHY_EDGE_ROW_32_Right_32,VPWR,li1,111.0900,100.6400,1.799996
PHY_EDGE_ROW_31_Right_31,VPWR,li1,111.0900,95.2000,1.799998
PHY_EDGE_ROW_30_Right_30,VPWR,li1,111.0900,95.2000,1.799998
PHY_EDGE_ROW_29_Right_29,VPWR,li1,111.0900,89.7600,1.799990
PHY_EDGE_ROW_28_Right_28,VPWR,li1,111.0900,89.7600,1.799990
PHY_EDGE_ROW_27_Right_27,VPWR,li1,111.0900,84.3200,1.799994
PHY_EDGE_ROW_26_Right_26,VPWR,li1,111.0900,84.3200,1.799994
PHY_EDGE_ROW_25_Right_25,VPWR,li1,111.0900,78.8800,1.799997
PHY_EDGE_ROW_24_Right_24,VPWR,li1,111.0900,78.8800,1.799997
PHY_EDGE_ROW_23_Right_23,VPWR,li1,111.0900,73.4400,1.799996
PHY_EDGE_ROW_22_Right_22,VPWR,li1,111.0900,73.4400,1.799996
PHY_EDGE_ROW_21_Right_21,VPWR,li1,111.0900,68.0000,1.799997
PHY_EDGE_ROW_20_Right_20,VPWR,li1,111.0900,68.0000,1.799997
PHY_EDGE_ROW_19_Right_19,VPWR,li1,111.0900,62.5600,1.799997
PHY_EDGE_ROW_18_Right_18,VPWR,li1,111.0900,62.5600,1.799997
PHY_EDGE_ROW_17_Right_17,VPWR,li1,111.0900,57.1200,1.799995
PHY_EDGE_ROW_16_Right_16,VPWR,li1,111.0900,57.1200,1.799995
PHY_EDGE_ROW_15_Right_15,VPWR,li1,111.0900,51.6800,1.799990
PHY_EDGE_ROW_14_Right_14,VPWR,li1,111.0900,51.6800,1.799990
PHY_EDGE_ROW_13_Right_13,VPWR,li1,111.0900,46.2400,1.799991
PHY_EDGE_ROW_12_Right_12,VPWR,li1,111.0900,46.2400,1.799991
PHY_EDGE_ROW_11_Right_11,VPWR,li1,111.0900,40.8000,1.799988
PHY_EDGE_ROW_10_Right_10,VPWR,li1,111.0900,40.8000,1.799988
PHY_EDGE_ROW_9_Right_9,VPWR,li1,111.0900,35.3600,1.799994
PHY_EDGE_ROW_8_Right_8,VPWR,li1,111.0900,35.3600,1.799994
PHY_EDGE_ROW_7_Right_7,VPWR,li1,111.0900,29.9200,1.799994
PHY_EDGE_ROW_6_Right_6,VPWR,li1,111.0900,29.9200,1.799994
PHY_EDGE_ROW_5_Right_5,VPWR,li1,111.0900,24.4800,1.799995
PHY_EDGE_ROW_4_Right_4,VPWR,li1,111.0900,24.4800,1.799995
PHY_EDGE_ROW_3_Right_3,VPWR,li1,111.0900,19.0400,1.799998
PHY_EDGE_ROW_2_Right_2,VPWR,li1,111.0900,19.0400,1.799998
PHY_EDGE_ROW_1_Right_1,VPWR,li1,111.0900,13.6000,1.799992
PHY_EDGE_ROW_0_Right_0,VPWR,li1,111.0900,13.6000,1.799992
_1941_,VPWR,li1,80.2700,46.2400,1.799992
_1940_,VPWR,li1,72.9100,35.3600,1.799996
_1939_,VPWR,li1,76.1300,35.3600,1.799995
_1938_,VPWR,li1,83.9500,40.8000,1.799992
_1937_,VPWR,li1,78.8900,40.8000,1.799992
_1936_,VPWR,li1,82.1100,46.2400,1.799991
_1935_,VPWR,li1,83.0300,51.6800,1.799993
_1934_,VPWR,li1,73.8300,40.8000,1.799993
_1933_,VPWR,li1,62.7900,78.8800,1.799995
_1932_,VPWR,li1,79.8100,84.3200,1.799994
_1931_,VPWR,li1,82.1100,84.3200,1.799994
_1930_,VPWR,li1,81.1900,89.7600,1.799992
_1929_,VPWR,li1,79.8100,89.7600,1.799992
_1928_,VPWR,li1,69.6900,95.2000,1.799996
_1927_,VPWR,li1,68.3100,95.2000,1.799996
_1926_,VPWR,li1,78.8900,84.3200,1.799994
_1925_,VPWR,li1,35.6500,84.3200,1.799995
_1924_,VPWR,li1,38.4100,89.7600,1.799992
_1923_,VPWR,li1,36.5700,89.7600,1.799991
_1922_,VPWR,li1,30.5900,84.3200,1.799995
_1921_,VPWR,li1,35.1900,89.7600,1.799991
_1920_,VPWR,li1,34.7300,78.8800,1.799992
_1919_,VPWR,li1,31.9700,78.8800,1.799991
_1918_,VPWR,li1,38.4100,84.3200,1.799995
_1917_,VPWR,li1,40.7100,40.8000,1.799992
_1916_,VPWR,li1,32.8900,51.6800,1.799989
_1915_,VPWR,li1,27.8300,51.6800,1.799989
_1914_,VPWR,li1,36.5700,40.8000,1.799991
_1913_,VPWR,li1,32.8900,40.8000,1.799991
_1912_,VPWR,li1,38.8700,35.3600,1.799995
_1911_,VPWR,li1,42.5500,35.3600,1.799996
_1910_,VPWR,li1,38.8700,46.2400,1.799993
_1847_,VPWR,li1,25.5300,68.0000,1.799993
_1846_,VPWR,li1,28.7500,73.4400,1.799994
_1845_,VPWR,li1,32.8900,73.4400,1.799994
_1844_,VPWR,li1,19.5500,62.5600,1.799997
_1843_,VPWR,li1,23.6900,62.5600,1.799997
_1842_,VPWR,li1,33.3500,68.0000,1.799993
_1841_,VPWR,li1,28.7500,68.0000,1.799993
_1840_,VPWR,li1,21.8500,68.0000,1.799995
_1839_,VPWR,li1,26.9100,62.5600,1.799996
_1838_,VPWR,li1,23.2300,68.0000,1.799994
_1837_,VPWR,li1,28.7500,68.0000,1.799993
_1836_,VPWR,li1,31.0500,68.0000,1.799993
_1835_,VPWR,li1,21.8500,62.5600,1.799997
_1834_,VPWR,li1,23.6900,62.5600,1.799997
_1833_,VPWR,li1,44.8500,73.4400,1.799995
_1832_,VPWR,li1,40.7100,78.8800,1.799993
_1831_,VPWR,li1,40.7100,73.4400,1.799994
_1830_,VPWR,li1,51.2900,68.0000,1.799994
_1829_,VPWR,li1,51.2900,68.0000,1.799994
_1828_,VPWR,li1,43.0100,68.0000,1.799994
_1827_,VPWR,li1,50.8300,73.4400,1.799994
_1826_,VPWR,li1,46.2300,68.0000,1.799995
_1825_,VPWR,li1,45.7700,68.0000,1.799995
_1824_,VPWR,li1,48.0700,68.0000,1.799994
_1823_,VPWR,li1,45.7700,73.4400,1.799995
_1822_,VPWR,li1,48.0700,73.4400,1.799995
_1821_,VPWR,li1,55.4300,68.0000,1.799994
_1820_,VPWR,li1,54.0500,68.0000,1.799994
_1819_,VPWR,li1,53.1300,57.1200,1.799992
_1818_,VPWR,li1,45.7700,51.6800,1.799993
_1817_,VPWR,li1,47.1500,57.1200,1.799994
_1816_,VPWR,li1,61.8700,57.1200,1.799992
_1815_,VPWR,li1,57.7300,57.1200,1.799992
_1814_,VPWR,li1,46.6900,57.1200,1.799994
_1813_,VPWR,li1,43.9300,57.1200,1.799995
_1812_,VPWR,li1,50.8300,57.1200,1.799993
_1811_,VPWR,li1,50.8300,62.5600,1.799997
_1810_,VPWR,li1,48.0700,62.5600,1.799997
_1809_,VPWR,li1,53.1300,51.6800,1.799992
_1808_,VPWR,li1,53.5900,57.1200,1.799992
_1807_,VPWR,li1,60.0300,51.6800,1.799993
_1806_,VPWR,li1,58.6500,51.6800,1.799993
_1805_,VPWR,li1,35.6500,57.1200,1.799993
_1804_,VPWR,li1,31.9700,46.2400,1.799993
_1803_,VPWR,li1,36.1100,46.2400,1.799992
_1802_,VPWR,li1,36.5700,62.5600,1.799996
_1801_,VPWR,li1,37.0300,62.5600,1.799996
_1800_,VPWR,li1,35.1900,51.6800,1.799989
_1799_,VPWR,li1,38.4100,51.6800,1.799990
_1798_,VPWR,li1,34.7300,57.1200,1.799993
_1797_,VPWR,li1,38.8700,57.1200,1.799993
_1796_,VPWR,li1,39.3300,57.1200,1.799994
_1795_,VPWR,li1,41.1700,57.1200,1.799994
_1794_,VPWR,li1,33.8100,62.5600,1.799996
_1793_,VPWR,li1,39.3300,62.5600,1.799996
_1792_,VPWR,li1,39.7900,62.5600,1.799996
_1791_,VPWR,li1,16.3300,51.6800,1.799990
_1790_,VPWR,li1,25.0700,51.6800,1.799989
_1789_,VPWR,li1,25.5300,51.6800,1.799989
_1788_,VPWR,li1,11.7300,51.6800,1.799988
_1787_,VPWR,li1,12.1900,51.6800,1.799988
_1786_,VPWR,li1,21.3900,51.6800,1.799990
_1785_,VPWR,li1,22.7700,46.2400,1.799994
_1784_,VPWR,li1,20.0100,51.6800,1.799991
_1783_,VPWR,li1,16.3300,51.6800,1.799990
_1782_,VPWR,li1,23.6900,57.1200,1.799994
_1781_,VPWR,li1,15.4100,57.1200,1.799994
_1780_,VPWR,li1,8.9700,51.6800,1.799987
_1779_,VPWR,li1,10.8100,57.1200,1.799992
_1778_,VPWR,li1,14.4900,51.6800,1.799989
_1777_,VPWR,li1,20.9300,40.8000,1.799992
_1776_,VPWR,li1,27.3700,35.3600,1.799994
_1775_,VPWR,li1,27.8300,40.8000,1.799991
_1774_,VPWR,li1,9.4300,40.8000,1.799989
_1773_,VPWR,li1,13.5700,40.8000,1.799990
_1772_,VPWR,li1,24.6100,40.8000,1.799991
_1771_,VPWR,li1,23.6900,35.3600,1.799994
_1770_,VPWR,li1,16.7900,35.3600,1.799995
_1769_,VPWR,li1,16.7900,40.8000,1.799992
_1768_,VPWR,li1,21.3900,40.8000,1.799992
_1767_,VPWR,li1,14.9500,40.8000,1.799991
_1766_,VPWR,li1,17.2500,40.8000,1.799992
_1765_,VPWR,li1,10.8100,35.3600,1.799995
_1764_,VPWR,li1,13.5700,35.3600,1.799995
_1763_,VPWR,li1,24.6100,29.9200,1.799992
_1762_,VPWR,li1,31.0500,35.3600,1.799994
_1761_,VPWR,li1,33.8100,29.9200,1.799992
_1760_,VPWR,li1,20.9300,29.9200,1.799993
_1759_,VPWR,li1,22.3100,19.0400,1.799995
_1758_,VPWR,li1,29.2100,29.9200,1.799992
_1757_,VPWR,li1,26.4500,24.4800,1.799995
_1756_,VPWR,li1,24.6100,29.9200,1.799992
_1755_,VPWR,li1,17.2500,29.9200,1.799994
_1754_,VPWR,li1,21.3900,29.9200,1.799993
_1753_,VPWR,li1,22.7700,24.4800,1.799995
_1752_,VPWR,li1,20.4700,24.4800,1.799996
_1751_,VPWR,li1,19.0900,29.9200,1.799993
_1750_,VPWR,li1,30.5900,19.0400,1.799994
_1749_,VPWR,li1,71.9900,19.0400,1.799995
_1748_,VPWR,li1,72.4500,29.9200,1.799995
_1747_,VPWR,li1,74.2900,29.9200,1.799995
_1746_,VPWR,li1,71.0700,13.6000,1.799990
_1745_,VPWR,li1,75.2100,13.6000,1.799989
_1744_,VPWR,li1,77.0500,24.4800,1.799994
_1743_,VPWR,li1,71.0700,24.4800,1.799995
_1742_,VPWR,li1,68.3100,19.0400,1.799995
_1741_,VPWR,li1,65.5500,19.0400,1.799995
_1740_,VPWR,li1,68.7700,24.4800,1.799995
_1739_,VPWR,li1,68.7700,19.0400,1.799995
_1738_,VPWR,li1,66.4700,19.0400,1.799995
_1737_,VPWR,li1,71.0700,19.0400,1.799995
_1736_,VPWR,li1,68.3100,13.6000,1.799990
_1735_,VPWR,li1,37.4900,19.0400,1.799995
_1734_,VPWR,li1,38.4100,29.9200,1.799993
_1733_,VPWR,li1,39.7900,29.9200,1.799993
_1732_,VPWR,li1,35.1900,13.6000,1.799988
_1731_,VPWR,li1,37.4900,13.6000,1.799988
_1730_,VPWR,li1,38.4100,24.4800,1.799994
_1729_,VPWR,li1,41.1700,24.4800,1.799995
_1728_,VPWR,li1,33.8100,19.0400,1.799994
_1727_,VPWR,li1,30.1300,19.0400,1.799994
_1726_,VPWR,li1,35.1900,24.4800,1.799994
_1725_,VPWR,li1,36.1100,19.0400,1.799995
_1724_,VPWR,li1,36.1100,24.4800,1.799994
_1723_,VPWR,li1,34.7300,13.6000,1.799988
_1722_,VPWR,li1,40.2500,13.6000,1.799988
_1721_,VPWR,li1,85.3300,19.0400,1.799995
_1720_,VPWR,li1,79.8100,35.3600,1.799994
_1719_,VPWR,li1,85.3300,29.9200,1.799995
_1718_,VPWR,li1,85.3300,13.6000,1.799986
_1717_,VPWR,li1,89.4700,13.6000,1.799986
_1716_,VPWR,li1,84.8700,24.4800,1.799993
_1715_,VPWR,li1,83.4900,24.4800,1.799993
_1714_,VPWR,li1,81.1900,19.0400,1.799995
_1713_,VPWR,li1,82.1100,19.0400,1.799995
_1712_,VPWR,li1,85.7900,24.4800,1.799993
_1711_,VPWR,li1,78.4300,19.0400,1.799995
_1710_,VPWR,li1,84.4100,19.0400,1.799995
_1709_,VPWR,li1,82.1100,13.6000,1.799986
_1708_,VPWR,li1,86.2500,19.0400,1.799995
_1707_,VPWR,li1,93.1500,24.4800,1.799993
_1706_,VPWR,li1,86.2500,35.3600,1.799994
_1705_,VPWR,li1,90.3900,35.3600,1.799994
_1704_,VPWR,li1,95.9100,19.0400,1.799997
_1703_,VPWR,li1,101.8900,24.4800,1.799995
_1702_,VPWR,li1,93.6100,29.9200,1.799995
_1701_,VPWR,li1,94.5300,29.9200,1.799995
_1700_,VPWR,li1,96.8300,24.4800,1.799994
_1699_,VPWR,li1,91.7700,24.4800,1.799993
_1698_,VPWR,li1,94.0700,24.4800,1.799994
_1697_,VPWR,li1,97.2900,24.4800,1.799994
_1696_,VPWR,li1,89.4700,24.4800,1.799993
_1695_,VPWR,li1,96.8300,19.0400,1.799997
_1694_,VPWR,li1,104.6500,24.4800,1.799995
_1693_,VPWR,li1,98.2100,40.8000,1.799992
_1692_,VPWR,li1,83.9500,40.8000,1.799992
_1691_,VPWR,li1,88.0900,40.8000,1.799992
_1690_,VPWR,li1,103.2700,35.3600,1.799994
_1689_,VPWR,li1,104.1900,35.3600,1.799994
_1688_,VPWR,li1,94.0700,40.8000,1.799992
_1687_,VPWR,li1,95.9100,40.8000,1.799992
_1686_,VPWR,li1,97.7500,35.3600,1.799995
_1685_,VPWR,li1,100.5100,29.9200,1.799995
_1684_,VPWR,li1,92.6900,35.3600,1.799994
_1683_,VPWR,li1,100.5100,35.3600,1.799994
_1682_,VPWR,li1,94.9900,35.3600,1.799995
_1681_,VPWR,li1,106.0300,35.3600,1.799994
_1680_,VPWR,li1,107.4100,35.3600,1.799994
_1679_,VPWR,li1,98.2100,51.6800,1.799993
_1678_,VPWR,li1,86.2500,51.6800,1.799992
_1677_,VPWR,li1,90.3900,51.6800,1.799992
_1676_,VPWR,li1,102.3500,51.6800,1.799992
_1675_,VPWR,li1,106.4900,51.6800,1.799991
_1674_,VPWR,li1,94.0700,46.2400,1.799992
_1673_,VPWR,li1,93.1500,46.2400,1.799992
_1672_,VPWR,li1,97.2900,46.2400,1.799993
_1671_,VPWR,li1,99.5900,51.6800,1.799993
_1670_,VPWR,li1,100.0500,46.2400,1.799993
_1669_,VPWR,li1,97.2900,51.6800,1.799993
_1668_,VPWR,li1,102.3500,46.2400,1.799992
_1667_,VPWR,li1,102.3500,51.6800,1.799992
_1666_,VPWR,li1,104.1900,46.2400,1.799992
_1665_,VPWR,li1,92.2300,62.5600,1.799996
_1664_,VPWR,li1,85.3300,57.1200,1.799992
_1663_,VPWR,li1,89.4700,57.1200,1.799993
_1662_,VPWR,li1,98.2100,62.5600,1.799997
_1661_,VPWR,li1,102.3500,62.5600,1.799997
_1660_,VPWR,li1,89.4700,57.1200,1.799993
_1659_,VPWR,li1,92.2300,57.1200,1.799994
_1658_,VPWR,li1,88.5500,62.5600,1.799996
_1657_,VPWR,li1,91.3100,62.5600,1.799996
_1656_,VPWR,li1,94.5300,57.1200,1.799994
_1655_,VPWR,li1,92.6900,57.1200,1.799994
_1654_,VPWR,li1,93.6100,62.5600,1.799996
_1653_,VPWR,li1,97.7500,62.5600,1.799997
_1652_,VPWR,li1,99.1300,62.5600,1.799997
_1651_,VPWR,li1,73.3700,51.6800,1.799995
_1650_,VPWR,li1,73.3700,46.2400,1.799993
_1649_,VPWR,li1,77.5100,46.2400,1.799992
_1648_,VPWR,li1,72.4500,57.1200,1.799994
_1647_,VPWR,li1,76.5900,57.1200,1.799993
_1646_,VPWR,li1,72.9100,51.6800,1.799995
_1645_,VPWR,li1,77.9700,57.1200,1.799992
_1644_,VPWR,li1,71.9900,57.1200,1.799994
_1643_,VPWR,li1,68.7700,57.1200,1.799993
_1642_,VPWR,li1,80.2700,57.1200,1.799992
_1641_,VPWR,li1,75.6700,51.6800,1.799994
_1640_,VPWR,li1,70.1500,51.6800,1.799995
_1639_,VPWR,li1,66.9300,57.1200,1.799993
_1638_,VPWR,li1,79.3500,57.1200,1.799992
_1637_,VPWR,li1,63.2500,68.0000,1.799994
_1636_,VPWR,li1,63.2500,73.4400,1.799993
_1635_,VPWR,li1,67.3900,73.4400,1.799994
_1634_,VPWR,li1,60.9500,68.0000,1.799994
_1633_,VPWR,li1,63.2500,62.5600,1.799996
_1632_,VPWR,li1,68.3100,68.0000,1.799995
_1631_,VPWR,li1,68.3100,68.0000,1.799995
_1630_,VPWR,li1,64.6300,68.0000,1.799994
_1629_,VPWR,li1,66.4700,62.5600,1.799997
_1628_,VPWR,li1,69.2300,62.5600,1.799997
_1627_,VPWR,li1,60.0300,68.0000,1.799994
_1626_,VPWR,li1,57.7300,68.0000,1.799994
_1625_,VPWR,li1,60.4900,62.5600,1.799997
_1624_,VPWR,li1,63.2500,62.5600,1.799996
_1623_,VPWR,li1,79.8100,73.4400,1.799994
_1622_,VPWR,li1,78.4300,78.8800,1.799997
_1621_,VPWR,li1,80.7300,78.8800,1.799996
_1620_,VPWR,li1,78.4300,68.0000,1.799995
_1619_,VPWR,li1,85.3300,68.0000,1.799996
_1618_,VPWR,li1,80.2700,73.4400,1.799994
_1617_,VPWR,li1,79.3500,68.0000,1.799995
_1616_,VPWR,li1,76.1300,73.4400,1.799994
_1615_,VPWR,li1,77.0500,68.0000,1.799995
_1614_,VPWR,li1,81.6500,68.0000,1.799995
_1613_,VPWR,li1,86.2500,73.4400,1.799994
_1612_,VPWR,li1,88.5500,73.4400,1.799994
_1611_,VPWR,li1,81.1900,68.0000,1.799995
_1610_,VPWR,li1,88.0900,68.0000,1.799996
_1609_,VPWR,li1,93.6100,73.4400,1.799995
_1608_,VPWR,li1,88.0900,78.8800,1.799996
_1607_,VPWR,li1,92.2300,78.8800,1.799996
_1606_,VPWR,li1,101.4300,73.4400,1.799996
_1605_,VPWR,li1,105.5700,73.4400,1.799996
_1604_,VPWR,li1,93.6100,78.8800,1.799996
_1603_,VPWR,li1,97.7500,78.8800,1.799997
_1602_,VPWR,li1,97.2900,73.4400,1.799995
_1601_,VPWR,li1,94.0700,68.0000,1.799997
_1600_,VPWR,li1,93.6100,73.4400,1.799995
_1599_,VPWR,li1,90.3900,73.4400,1.799994
_1598_,VPWR,li1,97.2900,73.4400,1.799995
_1597_,VPWR,li1,102.3500,73.4400,1.799996
_1596_,VPWR,li1,102.8100,78.8800,1.799997
_1595_,VPWR,li1,95.4500,89.7600,1.799992
_1594_,VPWR,li1,86.2500,89.7600,1.799991
_1593_,VPWR,li1,90.3900,89.7600,1.799991
_1592_,VPWR,li1,101.8900,89.7600,1.799991
_1591_,VPWR,li1,102.8100,89.7600,1.799991
_1590_,VPWR,li1,91.7700,89.7600,1.799991
_1589_,VPWR,li1,93.1500,84.3200,1.799995
_1588_,VPWR,li1,97.7500,89.7600,1.799993
_1587_,VPWR,li1,95.4500,84.3200,1.799995
_1586_,VPWR,li1,94.5300,89.7600,1.799992
_1585_,VPWR,li1,98.6700,89.7600,1.799993
_1584_,VPWR,li1,97.7500,84.3200,1.799996
_1583_,VPWR,li1,104.6500,89.7600,1.799990
_1582_,VPWR,li1,105.5700,89.7600,1.799990
_1581_,VPWR,li1,49.4500,24.4800,1.799995
_1580_,VPWR,li1,46.2300,29.9200,1.799994
_1579_,VPWR,li1,50.3700,29.9200,1.799993
_1578_,VPWR,li1,48.9900,19.0400,1.799995
_1577_,VPWR,li1,59.5700,19.0400,1.799995
_1576_,VPWR,li1,50.3700,29.9200,1.799993
_1575_,VPWR,li1,53.5900,29.9200,1.799993
_1574_,VPWR,li1,53.1300,24.4800,1.799995
_1573_,VPWR,li1,46.2300,24.4800,1.799996
_1572_,VPWR,li1,48.9900,24.4800,1.799995
_1571_,VPWR,li1,49.4500,19.0400,1.799995
_1570_,VPWR,li1,51.7500,19.0400,1.799995
_1569_,VPWR,li1,49.4500,13.6000,1.799991
_1568_,VPWR,li1,57.2700,19.0400,1.799995
_1567_,VPWR,li1,91.7700,100.6400,1.799994
_1566_,VPWR,li1,85.3300,95.2000,1.799997
_1565_,VPWR,li1,83.9500,100.6400,1.799994
_1564_,VPWR,li1,98.2100,106.0800,1.799998
_1563_,VPWR,li1,98.2100,100.6400,1.799996
_1562_,VPWR,li1,85.3300,100.6400,1.799994
_1561_,VPWR,li1,88.5500,106.0800,1.799997
_1560_,VPWR,li1,90.8500,100.6400,1.799994
_1559_,VPWR,li1,94.9900,100.6400,1.799995
_1558_,VPWR,li1,93.6100,100.6400,1.799995
_1557_,VPWR,li1,94.5300,106.0800,1.799997
_1556_,VPWR,li1,92.2300,106.0800,1.799997
_1555_,VPWR,li1,100.9700,106.0800,1.799998
_1554_,VPWR,li1,100.9700,100.6400,1.799996
_1553_,VPWR,li1,77.0500,111.5200,1.799996
_1552_,VPWR,li1,73.3700,95.2000,1.799997
_1551_,VPWR,li1,76.1300,100.6400,1.799994
_1550_,VPWR,li1,79.3500,111.5200,1.799996
_1549_,VPWR,li1,80.2700,116.9600,1.799988
_1548_,VPWR,li1,76.1300,100.6400,1.799994
_1547_,VPWR,li1,77.0500,106.0800,1.799997
_1546_,VPWR,li1,80.7300,111.5200,1.799996
_1545_,VPWR,li1,78.4300,106.0800,1.799997
_1544_,VPWR,li1,80.7300,106.0800,1.799997
_1543_,VPWR,li1,80.7300,106.0800,1.799997
_1542_,VPWR,li1,73.8300,111.5200,1.799997
_1541_,VPWR,li1,82.1100,111.5200,1.799996
_1540_,VPWR,li1,76.5900,111.5200,1.799996
_1539_,VPWR,li1,65.5500,111.5200,1.799997
_1538_,VPWR,li1,62.3300,100.6400,1.799994
_1537_,VPWR,li1,66.4700,100.6400,1.799994
_1536_,VPWR,li1,65.0900,116.9600,1.799988
_1535_,VPWR,li1,65.5500,111.5200,1.799997
_1534_,VPWR,li1,66.0100,95.2000,1.799996
_1533_,VPWR,li1,66.9300,100.6400,1.799994
_1532_,VPWR,li1,64.6300,106.0800,1.799996
_1531_,VPWR,li1,67.3900,106.0800,1.799996
_1530_,VPWR,li1,68.3100,106.0800,1.799996
_1529_,VPWR,li1,62.3300,111.5200,1.799997
_1528_,VPWR,li1,68.7700,111.5200,1.799997
_1527_,VPWR,li1,68.3100,111.5200,1.799997
_1526_,VPWR,li1,71.0700,111.5200,1.799997
_1525_,VPWR,li1,69.6900,84.3200,1.799995
_1524_,VPWR,li1,76.1300,84.3200,1.799994
_1523_,VPWR,li1,77.0500,89.7600,1.799992
_1522_,VPWR,li1,63.2500,84.3200,1.799994
_1521_,VPWR,li1,67.3900,84.3200,1.799994
_1520_,VPWR,li1,67.8500,89.7600,1.799992
_1519_,VPWR,li1,61.4100,89.7600,1.799991
_1518_,VPWR,li1,64.6300,89.7600,1.799992
_1517_,VPWR,li1,64.6300,89.7600,1.799992
_1516_,VPWR,li1,66.9300,89.7600,1.799992
_1515_,VPWR,li1,64.1700,84.3200,1.799994
_1514_,VPWR,li1,66.4700,84.3200,1.799994
_1513_,VPWR,li1,65.5500,78.8800,1.799996
_1512_,VPWR,li1,67.3900,78.8800,1.799996
_1511_,VPWR,li1,49.4500,84.3200,1.799995
_1510_,VPWR,li1,41.1700,84.3200,1.799995
_1509_,VPWR,li1,44.3900,84.3200,1.799996
_1508_,VPWR,li1,54.5100,78.8800,1.799995
_1507_,VPWR,li1,54.9700,78.8800,1.799995
_1506_,VPWR,li1,50.8300,89.7600,1.799992
_1505_,VPWR,li1,54.0500,89.7600,1.799992
_1504_,VPWR,li1,51.7500,84.3200,1.799994
_1503_,VPWR,li1,54.5100,84.3200,1.799994
_1502_,VPWR,li1,56.8100,89.7600,1.799992
_1501_,VPWR,li1,54.9700,84.3200,1.799994
_1500_,VPWR,li1,52.6700,84.3200,1.799994
_1499_,VPWR,li1,52.2100,78.8800,1.799995
_1498_,VPWR,li1,58.1900,78.8800,1.799995
_1497_,VPWR,li1,50.8300,95.2000,1.799995
_1496_,VPWR,li1,41.6300,95.2000,1.799995
_1495_,VPWR,li1,43.9300,95.2000,1.799996
_1494_,VPWR,li1,54.0500,100.6400,1.799994
_1493_,VPWR,li1,55.4300,100.6400,1.799994
_1492_,VPWR,li1,46.2300,100.6400,1.799996
_1491_,VPWR,li1,48.0700,100.6400,1.799995
_1490_,VPWR,li1,49.9100,100.6400,1.799994
_1489_,VPWR,li1,47.6100,95.2000,1.799996
_1488_,VPWR,li1,54.0500,95.2000,1.799995
_1487_,VPWR,li1,58.6500,100.6400,1.799994
_1486_,VPWR,li1,51.2900,95.2000,1.799995
_1485_,VPWR,li1,58.1900,100.6400,1.799994
_1484_,VPWR,li1,58.1900,95.2000,1.799995
_1483_,VPWR,li1,38.8700,111.5200,1.799998
_1482_,VPWR,li1,37.0300,95.2000,1.799995
_1481_,VPWR,li1,37.9500,100.6400,1.799994
_1480_,VPWR,li1,38.8700,111.5200,1.799998
_1479_,VPWR,li1,39.7900,106.0800,1.799994
_1478_,VPWR,li1,37.0300,100.6400,1.799994
_1477_,VPWR,li1,37.4900,106.0800,1.799994
_1476_,VPWR,li1,36.1100,106.0800,1.799994
_1475_,VPWR,li1,43.0100,106.0800,1.799995
_1474_,VPWR,li1,40.7100,106.0800,1.799994
_1473_,VPWR,li1,35.6500,111.5200,1.799998
_1472_,VPWR,li1,42.0900,111.5200,1.799998
_1471_,VPWR,li1,43.0100,111.5200,1.799998
_1470_,VPWR,li1,41.6300,111.5200,1.799998
_1469_,VPWR,li1,26.9100,100.6400,1.799994
_1468_,VPWR,li1,28.7500,89.7600,1.799990
_1467_,VPWR,li1,29.6700,95.2000,1.799994
_1466_,VPWR,li1,22.3100,106.0800,1.799994
_1465_,VPWR,li1,25.9900,106.0800,1.799993
_1464_,VPWR,li1,26.4500,95.2000,1.799994
_1463_,VPWR,li1,26.4500,100.6400,1.799994
_1462_,VPWR,li1,23.2300,100.6400,1.799994
_1461_,VPWR,li1,20.4700,100.6400,1.799995
_1460_,VPWR,li1,30.1300,100.6400,1.799993
_1459_,VPWR,li1,28.2900,106.0800,1.799993
_1458_,VPWR,li1,29.2100,100.6400,1.799993
_1457_,VPWR,li1,22.3100,106.0800,1.799994
_1456_,VPWR,li1,28.7500,106.0800,1.799993
_1455_,VPWR,li1,16.7900,89.7600,1.799990
_1454_,VPWR,li1,30.1300,89.7600,1.799990
_1453_,VPWR,li1,25.9900,89.7600,1.799990
_1452_,VPWR,li1,10.3500,89.7600,1.799988
_1451_,VPWR,li1,12.6500,89.7600,1.799989
_1450_,VPWR,li1,20.9300,89.7600,1.799991
_1449_,VPWR,li1,20.4700,89.7600,1.799991
_1448_,VPWR,li1,15.4100,89.7600,1.799990
_1447_,VPWR,li1,15.4100,95.2000,1.799995
_1446_,VPWR,li1,24.6100,95.2000,1.799994
_1445_,VPWR,li1,13.1100,95.2000,1.799994
_1444_,VPWR,li1,22.3100,95.2000,1.799995
_1443_,VPWR,li1,9.8900,89.7600,1.799988
_1442_,VPWR,li1,13.1100,89.7600,1.799989
_1441_,VPWR,li1,20.9300,78.8800,1.799991
_1440_,VPWR,li1,27.8300,78.8800,1.799991
_1439_,VPWR,li1,28.2900,78.8800,1.799991
_1438_,VPWR,li1,10.3500,78.8800,1.799988
_1437_,VPWR,li1,14.4900,78.8800,1.799989
_1436_,VPWR,li1,26.9100,73.4400,1.799994
_1435_,VPWR,li1,23.6900,73.4400,1.799995
_1434_,VPWR,li1,16.3300,73.4400,1.799996
_1433_,VPWR,li1,13.5700,73.4400,1.799995
_1432_,VPWR,li1,19.0900,78.8800,1.799992
_1431_,VPWR,li1,13.1100,78.8800,1.799989
_1430_,VPWR,li1,19.0900,73.4400,1.799996
_1429_,VPWR,li1,10.3500,73.4400,1.799995
_1428_,VPWR,li1,17.2500,78.8800,1.799990
_1427_,VPWR,li1,65.0900,40.8000,1.799992
_1426_,VPWR,li1,63.9400,46.2400,1.799992
_1425_,VPWR,li1,66.2400,40.8000,1.799992
_1424_,VPWR,li1,60.4900,24.4800,1.799995
_1423_,VPWR,li1,61.4100,29.9200,1.799992
_1422_,VPWR,li1,64.6300,35.3600,1.799995
_1421_,VPWR,li1,65.0900,29.9200,1.799993
_1420_,VPWR,li1,62.3300,29.9200,1.799992
_1419_,VPWR,li1,59.5700,29.9200,1.799992
_1418_,VPWR,li1,66.0100,29.9200,1.799993
_1417_,VPWR,li1,62.7900,35.3600,1.799995
_1416_,VPWR,li1,65.0900,35.3600,1.799995
_1415_,VPWR,li1,58.6500,29.9200,1.799992
_1414_,VPWR,li1,64.1700,29.9200,1.799993
_1413_,VPWR,li1,46.2300,40.8000,1.799993
_1412_,VPWR,li1,47.3800,46.2400,1.799993
_1411_,VPWR,li1,60.2600,40.8000,1.799991
_1410_,VPWR,li1,52.9000,40.8000,1.799991
_1409_,VPWR,li1,55.6600,46.2400,1.799992
_1408_,VPWR,li1,57.2700,40.8000,1.799991
_1407_,VPWR,li1,60.0300,40.8000,1.799991
_1406_,VPWR,li1,51.2900,40.8000,1.799991
_1405_,VPWR,li1,48.9900,40.8000,1.799992
_1404_,VPWR,li1,50.8300,35.3600,1.799996
_1403_,VPWR,li1,46.6900,40.8000,1.799993
_1402_,VPWR,li1,43.0100,40.8000,1.799992
_1401_,VPWR,li1,52.2100,46.2400,1.799993
_1400_,VPWR,li1,59.1100,46.2400,1.799992
_1399_,VPWR,li1,67.8500,29.9200,1.799993
_1398_,VPWR,li1,60.9500,51.6800,1.799993
_1397_,VPWR,li1,65.0900,51.6800,1.799994
_1396_,VPWR,li1,32.8900,78.8800,1.799991
_1395_,VPWR,li1,35.6500,46.2400,1.799992
_1394_,VPWR,li1,74.9800,40.8000,1.799992
_1393_,VPWR,li1,69.2300,89.7600,1.799993
_1392_,VPWR,li1,62.7900,51.6800,1.799994
_1391_,VPWR,li1,37.4900,89.7600,1.799992
_1390_,VPWR,li1,40.2500,40.8000,1.799992
_1389_,VPWR,li1,87.1700,46.2400,1.799991
_1388_,VPWR,li1,77.9700,84.3200,1.799994
