Mon Apr 07 00:11:15 +0000 2025 - Executing "{openroad -exit -no_init -python /home/prajuval/Desktop/OpenLane/scripts/odbpy/lefutil.py get_metal_layers -o /home/prajuval/Desktop/OpenLane/openlane/n_bit_alu/runs/run_11/tmp/layers.list /home/prajuval/.volare/sky130A/libs.ref/sky130_fd_sc_hd/techlef/sky130_fd_sc_hd__nom.tlef}"

Mon Apr 07 00:11:15 +0000 2025 - Executing "{/home/prajuval/Desktop/OpenLane/scripts/mergeLef.py -o /home/prajuval/Desktop/OpenLane/openlane/n_bit_alu/runs/run_11/tmp/merged.nom.lef -i /home/prajuval/.volare/sky130A/libs.ref/sky130_fd_sc_hd/techlef/sky130_fd_sc_hd__nom.tlef {/home/prajuval/.volare/sky130A/libs.ref/sky130_fd_sc_hd/lef/sky130_fd_sc_hd.lef /home/prajuval/.volare/sky130A/libs.ref/sky130_fd_sc_hd/lef/sky130_ef_sc_hd.lef} |& tee /dev/null}"

Mon Apr 07 00:11:15 +0000 2025 - Executing "{/home/prajuval/Desktop/OpenLane/scripts/mergeLef.py -o /home/prajuval/Desktop/OpenLane/openlane/n_bit_alu/runs/run_11/tmp/merged.min.lef -i /home/prajuval/.volare/sky130A/libs.ref/sky130_fd_sc_hd/techlef/sky130_fd_sc_hd__min.tlef {/home/prajuval/.volare/sky130A/libs.ref/sky130_fd_sc_hd/lef/sky130_fd_sc_hd.lef /home/prajuval/.volare/sky130A/libs.ref/sky130_fd_sc_hd/lef/sky130_ef_sc_hd.lef} |& tee /dev/null}"

Mon Apr 07 00:11:15 +0000 2025 - Executing "{/home/prajuval/Desktop/OpenLane/scripts/mergeLef.py -o /home/prajuval/Desktop/OpenLane/openlane/n_bit_alu/runs/run_11/tmp/merged.max.lef -i /home/prajuval/.volare/sky130A/libs.ref/sky130_fd_sc_hd/techlef/sky130_fd_sc_hd__max.tlef {/home/prajuval/.volare/sky130A/libs.ref/sky130_fd_sc_hd/lef/sky130_fd_sc_hd.lef /home/prajuval/.volare/sky130A/libs.ref/sky130_fd_sc_hd/lef/sky130_ef_sc_hd.lef} |& tee /dev/null}"

Mon Apr 07 00:11:15 +0000 2025 - Executing "{python3 /home/prajuval/Desktop/OpenLane/scripts/mergeLib.py --output /home/prajuval/Desktop/OpenLane/openlane/n_bit_alu/runs/run_11/tmp/synthesis/merged.lib --name sky130A_merged /home/prajuval/.volare/sky130A/libs.ref/sky130_fd_sc_hd/lib/sky130_fd_sc_hd__tt_025C_1v80.lib}"

Mon Apr 07 00:11:15 +0000 2025 - Executing "{python3 /home/prajuval/Desktop/OpenLane/scripts/libtrim.py --cell-file /home/prajuval/Desktop/OpenLane/openlane/n_bit_alu/runs/run_11/tmp/synthesis/trimmed.lib.exclude.list --output /home/prajuval/Desktop/OpenLane/openlane/n_bit_alu/runs/run_11/tmp/synthesis/trimmed.lib /home/prajuval/Desktop/OpenLane/openlane/n_bit_alu/runs/run_11/tmp/synthesis/merged.lib}"

Mon Apr 07 00:11:15 +0000 2025 - Executing "{python3 /home/prajuval/Desktop/OpenLane/scripts/libtrim.py --cell-file /home/prajuval/Desktop/OpenLane/openlane/n_bit_alu/runs/run_11/tmp/cts/cts.lib.exclude.list --output /home/prajuval/Desktop/OpenLane/openlane/n_bit_alu/runs/run_11/tmp/cts/cts.lib /home/prajuval/.volare/sky130A/libs.ref/sky130_fd_sc_hd/lib/sky130_fd_sc_hd__tt_025C_1v80.lib}"

Mon Apr 07 00:11:15 +0000 2025 - Executing "{python3 /home/prajuval/Desktop/OpenLane/scripts/libtrim.py --cell-file /home/prajuval/Desktop/OpenLane/openlane/n_bit_alu/runs/run_11/tmp/cts/cts-fastest.lib.exclude.list --output /home/prajuval/Desktop/OpenLane/openlane/n_bit_alu/runs/run_11/tmp/cts/cts-fastest.lib /home/prajuval/.volare/sky130A/libs.ref/sky130_fd_sc_hd/lib/sky130_fd_sc_hd__ff_n40C_1v95.lib}"

Mon Apr 07 00:11:16 +0000 2025 - Executing "{python3 /home/prajuval/Desktop/OpenLane/scripts/libtrim.py --cell-file /home/prajuval/Desktop/OpenLane/openlane/n_bit_alu/runs/run_11/tmp/cts/cts-slowest.lib.exclude.list --output /home/prajuval/Desktop/OpenLane/openlane/n_bit_alu/runs/run_11/tmp/cts/cts-slowest.lib /home/prajuval/.volare/sky130A/libs.ref/sky130_fd_sc_hd/lib/sky130_fd_sc_hd__ss_100C_1v60.lib}"

Mon Apr 07 00:11:16 +0000 2025 - Executing "{python3 /home/prajuval/Desktop/OpenLane/scripts/new_tracks.py -i /home/prajuval/.volare/sky130A/libs.tech/openlane/sky130_fd_sc_hd/tracks.info -o /home/prajuval/Desktop/OpenLane/openlane/n_bit_alu/runs/run_11/tmp/routing/config.tracks}"

Mon Apr 07 00:11:16 +0000 2025 - Executing "{echo {OpenLane e73fb3c57e687a0023fcd4dcfd1566ecd478362a} > /home/prajuval/Desktop/OpenLane/openlane/n_bit_alu/runs/run_11/OPENLANE_COMMIT}"

Mon Apr 07 00:11:16 +0000 2025 - Executing "{sed -E {s/^([[:space:]]+)pg_pin(.*)/\1pin\2\n\1    direction : "inout";/g} /home/prajuval/.volare/sky130A/libs.ref/sky130_fd_sc_hd/lib/sky130_fd_sc_hd__tt_025C_1v80.lib > /home/prajuval/Desktop/OpenLane/openlane/n_bit_alu/runs/run_11/tmp/synthesis/1-sky130_fd_sc_hd__tt_025C_1v80.no_pg.lib}"

Mon Apr 07 00:11:16 +0000 2025 - Executing "{sed -E {s/^([[:space:]]+)pg_pin(.*)/\1pin\2\n\1    direction : "inout";/g} /home/prajuval/Desktop/OpenLane/openlane/n_bit_alu/runs/run_11/tmp/synthesis/trimmed.lib > /home/prajuval/Desktop/OpenLane/openlane/n_bit_alu/runs/run_11/tmp/synthesis/1-trimmed.no_pg.lib}"

Mon Apr 07 00:11:16 +0000 2025 - Executing "yosys -c /home/prajuval/Desktop/OpenLane/scripts/yosys/synth.tcl |& tee /dev/null /home/prajuval/Desktop/OpenLane/openlane/n_bit_alu/runs/run_11/logs/synthesis/1-synthesis.log"

Mon Apr 07 00:11:16 +0000 2025 - Executing "{yosys -c /home/prajuval/Desktop/OpenLane/scripts/yosys/synth.tcl |& tee /dev/null /home/prajuval/Desktop/OpenLane/openlane/n_bit_alu/runs/run_11/logs/synthesis/1-synthesis.log}"

Mon Apr 07 00:11:17 +0000 2025 - Executing "{sed -i.bak -e {s/\(set ::env(CURRENT_NETLIST)\).*/\1 \/home\/prajuval\/Desktop\/OpenLane\/openlane\/n_bit_alu\/runs\/run_11\/results\/synthesis\/n_bit_alu.v/} /home/prajuval/Desktop/OpenLane/openlane/n_bit_alu/runs/run_11/config.tcl}"

Mon Apr 07 00:11:17 +0000 2025 - Executing "{sed -i.bak /defparam/d /home/prajuval/Desktop/OpenLane/openlane/n_bit_alu/runs/run_11/results/synthesis/n_bit_alu.v}"

Mon Apr 07 00:11:17 +0000 2025 - Executing "sta -exit -no_init /home/prajuval/Desktop/OpenLane/scripts/openroad/sta/multi_corner.tcl |& tee /dev/null /home/prajuval/Desktop/OpenLane/openlane/n_bit_alu/runs/run_11/logs/synthesis/2-sta.log"

Mon Apr 07 00:11:17 +0000 2025 - Executing "{sta -exit -no_init /home/prajuval/Desktop/OpenLane/scripts/openroad/sta/multi_corner.tcl |& tee /dev/null /home/prajuval/Desktop/OpenLane/openlane/n_bit_alu/runs/run_11/logs/synthesis/2-sta.log}"

Mon Apr 07 00:11:18 +0000 2025 - Executing "openroad -exit /home/prajuval/Desktop/OpenLane/scripts/openroad/floorplan.tcl |& tee /dev/null /home/prajuval/Desktop/OpenLane/openlane/n_bit_alu/runs/run_11/logs/floorplan/3-initial_fp.log"

Mon Apr 07 00:11:18 +0000 2025 - Executing "{openroad -exit /home/prajuval/Desktop/OpenLane/scripts/openroad/floorplan.tcl |& tee /dev/null /home/prajuval/Desktop/OpenLane/openlane/n_bit_alu/runs/run_11/logs/floorplan/3-initial_fp.log}"

Mon Apr 07 00:11:18 +0000 2025 - Executing "{openroad -exit -no_init -python /home/prajuval/Desktop/OpenLane/scripts/odbpy/snap_to_grid.py --output /home/prajuval/Desktop/OpenLane/openlane/n_bit_alu/runs/run_11/tmp/floorplan/3-minimized_pdn.txt --input-lef /home/prajuval/Desktop/OpenLane/openlane/n_bit_alu/runs/run_11/tmp/merged.nom.lef 14.3175 14.280000000000001 28.635 28.560000000000002}"

Mon Apr 07 00:11:18 +0000 2025 - Executing "{openroad -exit -no_init -python /home/prajuval/Desktop/OpenLane/scripts/odbpy/defutil.py extract_core_dims --output-data /home/prajuval/Desktop/OpenLane/openlane/n_bit_alu/runs/run_11/tmp/dimensions.txt --input-lef /home/prajuval/Desktop/OpenLane/openlane/n_bit_alu/runs/run_11/tmp/merged.nom.lef /home/prajuval/Desktop/OpenLane/openlane/n_bit_alu/runs/run_11/tmp/floorplan/3-initial_fp.def}"

Mon Apr 07 00:11:19 +0000 2025 - Executing "openroad -exit /home/prajuval/Desktop/OpenLane/scripts/openroad/ioplacer.tcl |& tee /dev/null /home/prajuval/Desktop/OpenLane/openlane/n_bit_alu/runs/run_11/logs/floorplan/4-io.log"

Mon Apr 07 00:11:19 +0000 2025 - Executing "{openroad -exit /home/prajuval/Desktop/OpenLane/scripts/openroad/ioplacer.tcl |& tee /dev/null /home/prajuval/Desktop/OpenLane/openlane/n_bit_alu/runs/run_11/logs/floorplan/4-io.log}"

Mon Apr 07 00:11:19 +0000 2025 - Executing "openroad -exit /home/prajuval/Desktop/OpenLane/scripts/openroad/tapcell.tcl |& tee /dev/null /home/prajuval/Desktop/OpenLane/openlane/n_bit_alu/runs/run_11/logs/floorplan/5-tap.log"

Mon Apr 07 00:11:19 +0000 2025 - Executing "{openroad -exit /home/prajuval/Desktop/OpenLane/scripts/openroad/tapcell.tcl |& tee /dev/null /home/prajuval/Desktop/OpenLane/openlane/n_bit_alu/runs/run_11/logs/floorplan/5-tap.log}"

Mon Apr 07 00:11:20 +0000 2025 - Executing "openroad -exit /home/prajuval/Desktop/OpenLane/scripts/openroad/pdn.tcl |& tee /dev/null /home/prajuval/Desktop/OpenLane/openlane/n_bit_alu/runs/run_11/logs/floorplan/6-pdn.log"

Mon Apr 07 00:11:20 +0000 2025 - Executing "{openroad -exit /home/prajuval/Desktop/OpenLane/scripts/openroad/pdn.tcl |& tee /dev/null /home/prajuval/Desktop/OpenLane/openlane/n_bit_alu/runs/run_11/logs/floorplan/6-pdn.log}"

Mon Apr 07 00:11:20 +0000 2025 - Executing "openroad -exit /home/prajuval/Desktop/OpenLane/scripts/openroad/gpl.tcl |& tee /dev/null /home/prajuval/Desktop/OpenLane/openlane/n_bit_alu/runs/run_11/logs/placement/6-global_skip_io.log"

Mon Apr 07 00:11:20 +0000 2025 - Executing "{openroad -exit /home/prajuval/Desktop/OpenLane/scripts/openroad/gpl.tcl |& tee /dev/null /home/prajuval/Desktop/OpenLane/openlane/n_bit_alu/runs/run_11/logs/placement/6-global_skip_io.log}"

Mon Apr 07 00:11:21 +0000 2025 - Executing "{sed -i.bak -e {s/\(set ::env(CURRENT_NETLIST)\).*/\1 \/home\/prajuval\/Desktop\/OpenLane\/openlane\/n_bit_alu\/runs\/run_11\/tmp\/placement\/7-global_skip_io.nl.v/} /home/prajuval/Desktop/OpenLane/openlane/n_bit_alu/runs/run_11/config.tcl}"

Mon Apr 07 00:11:21 +0000 2025 - Executing "openroad -exit /home/prajuval/Desktop/OpenLane/scripts/openroad/sta/multi_corner.tcl |& tee /dev/null /home/prajuval/Desktop/OpenLane/openlane/n_bit_alu/runs/run_11/logs/placement/8-gpl_sta.log"

Mon Apr 07 00:11:21 +0000 2025 - Executing "{openroad -exit /home/prajuval/Desktop/OpenLane/scripts/openroad/sta/multi_corner.tcl |& tee /dev/null /home/prajuval/Desktop/OpenLane/openlane/n_bit_alu/runs/run_11/logs/placement/8-gpl_sta.log}"

Mon Apr 07 00:11:21 +0000 2025 - Executing "openroad -exit /home/prajuval/Desktop/OpenLane/scripts/openroad/ioplacer.tcl |& tee /dev/null /home/prajuval/Desktop/OpenLane/openlane/n_bit_alu/runs/run_11/logs/placement/9-io.log"

Mon Apr 07 00:11:21 +0000 2025 - Executing "{openroad -exit /home/prajuval/Desktop/OpenLane/scripts/openroad/ioplacer.tcl |& tee /dev/null /home/prajuval/Desktop/OpenLane/openlane/n_bit_alu/runs/run_11/logs/placement/9-io.log}"

Mon Apr 07 00:11:22 +0000 2025 - Executing "openroad -exit /home/prajuval/Desktop/OpenLane/scripts/openroad/gpl.tcl |& tee /dev/null /home/prajuval/Desktop/OpenLane/openlane/n_bit_alu/runs/run_11/logs/placement/9-global.log"

Mon Apr 07 00:11:22 +0000 2025 - Executing "{openroad -exit /home/prajuval/Desktop/OpenLane/scripts/openroad/gpl.tcl |& tee /dev/null /home/prajuval/Desktop/OpenLane/openlane/n_bit_alu/runs/run_11/logs/placement/9-global.log}"

Mon Apr 07 00:11:22 +0000 2025 - Executing "{sed -i.bak -e {s/\(set ::env(CURRENT_NETLIST)\).*/\1 \/home\/prajuval\/Desktop\/OpenLane\/openlane\/n_bit_alu\/runs\/run_11\/tmp\/placement\/10-global.nl.v/} /home/prajuval/Desktop/OpenLane/openlane/n_bit_alu/runs/run_11/config.tcl}"

Mon Apr 07 00:11:22 +0000 2025 - Executing "openroad -exit /home/prajuval/Desktop/OpenLane/scripts/openroad/sta/multi_corner.tcl |& tee /dev/null /home/prajuval/Desktop/OpenLane/openlane/n_bit_alu/runs/run_11/logs/placement/11-gpl_sta.log"

Mon Apr 07 00:11:22 +0000 2025 - Executing "{openroad -exit /home/prajuval/Desktop/OpenLane/scripts/openroad/sta/multi_corner.tcl |& tee /dev/null /home/prajuval/Desktop/OpenLane/openlane/n_bit_alu/runs/run_11/logs/placement/11-gpl_sta.log}"

Mon Apr 07 00:11:23 +0000 2025 - Executing "openroad -exit /home/prajuval/Desktop/OpenLane/scripts/openroad/resizer.tcl |& tee /dev/null /home/prajuval/Desktop/OpenLane/openlane/n_bit_alu/runs/run_11/logs/placement/12-resizer.log"

Mon Apr 07 00:11:23 +0000 2025 - Executing "{openroad -exit /home/prajuval/Desktop/OpenLane/scripts/openroad/resizer.tcl |& tee /dev/null /home/prajuval/Desktop/OpenLane/openlane/n_bit_alu/runs/run_11/logs/placement/12-resizer.log}"

Mon Apr 07 00:11:24 +0000 2025 - Executing "{sed -i.bak -e {s/\(set ::env(CURRENT_NETLIST)\).*/\1 \/home\/prajuval\/Desktop\/OpenLane\/openlane\/n_bit_alu\/runs\/run_11\/tmp\/placement\/12-resizer.nl.v/} /home/prajuval/Desktop/OpenLane/openlane/n_bit_alu/runs/run_11/config.tcl}"

Mon Apr 07 00:11:24 +0000 2025 - Executing "openroad -exit /home/prajuval/Desktop/OpenLane/scripts/openroad/dpl.tcl |& tee /dev/null /home/prajuval/Desktop/OpenLane/openlane/n_bit_alu/runs/run_11/logs/placement/13-detailed.log"

Mon Apr 07 00:11:24 +0000 2025 - Executing "{openroad -exit /home/prajuval/Desktop/OpenLane/scripts/openroad/dpl.tcl |& tee /dev/null /home/prajuval/Desktop/OpenLane/openlane/n_bit_alu/runs/run_11/logs/placement/13-detailed.log}"

Mon Apr 07 00:11:24 +0000 2025 - Executing "{sed -i.bak -e {s/\(set ::env(CURRENT_NETLIST)\).*/\1 \/home\/prajuval\/Desktop\/OpenLane\/openlane\/n_bit_alu\/runs\/run_11\/results\/placement\/n_bit_alu.nl.v/} /home/prajuval/Desktop/OpenLane/openlane/n_bit_alu/runs/run_11/config.tcl}"

Mon Apr 07 00:11:25 +0000 2025 - Executing "openroad -exit /home/prajuval/Desktop/OpenLane/scripts/openroad/sta/multi_corner.tcl |& tee /dev/null /home/prajuval/Desktop/OpenLane/openlane/n_bit_alu/runs/run_11/logs/placement/14-dpl_sta.log"

Mon Apr 07 00:11:25 +0000 2025 - Executing "{openroad -exit /home/prajuval/Desktop/OpenLane/scripts/openroad/sta/multi_corner.tcl |& tee /dev/null /home/prajuval/Desktop/OpenLane/openlane/n_bit_alu/runs/run_11/logs/placement/14-dpl_sta.log}"

Mon Apr 07 00:11:25 +0000 2025 - Executing "openroad -exit /home/prajuval/Desktop/OpenLane/scripts/openroad/cts.tcl |& tee /dev/null /home/prajuval/Desktop/OpenLane/openlane/n_bit_alu/runs/run_11/logs/cts/15-cts.log"

Mon Apr 07 00:11:25 +0000 2025 - Executing "{openroad -exit /home/prajuval/Desktop/OpenLane/scripts/openroad/cts.tcl |& tee /dev/null /home/prajuval/Desktop/OpenLane/openlane/n_bit_alu/runs/run_11/logs/cts/15-cts.log}"

Mon Apr 07 00:11:29 +0000 2025 - Executing "openroad -exit /home/prajuval/Desktop/OpenLane/scripts/openroad/sta/multi_corner.tcl |& tee /dev/null /home/prajuval/Desktop/OpenLane/openlane/n_bit_alu/runs/run_11/logs/cts/16-cts_sta.log"

Mon Apr 07 00:11:29 +0000 2025 - Executing "{openroad -exit /home/prajuval/Desktop/OpenLane/scripts/openroad/sta/multi_corner.tcl |& tee /dev/null /home/prajuval/Desktop/OpenLane/openlane/n_bit_alu/runs/run_11/logs/cts/16-cts_sta.log}"

Mon Apr 07 00:11:30 +0000 2025 - Executing "openroad -exit /home/prajuval/Desktop/OpenLane/scripts/openroad/resizer_timing.tcl |& tee /dev/null /home/prajuval/Desktop/OpenLane/openlane/n_bit_alu/runs/run_11/logs/cts/17-resizer.log"

Mon Apr 07 00:11:30 +0000 2025 - Executing "{openroad -exit /home/prajuval/Desktop/OpenLane/scripts/openroad/resizer_timing.tcl |& tee /dev/null /home/prajuval/Desktop/OpenLane/openlane/n_bit_alu/runs/run_11/logs/cts/17-resizer.log}"

Mon Apr 07 00:11:31 +0000 2025 - Executing "{sed -i.bak -e {s/\(set ::env(CURRENT_NETLIST)\).*/\1 \/home\/prajuval\/Desktop\/OpenLane\/openlane\/n_bit_alu\/runs\/run_11\/tmp\/cts\/17-n_bit_alu.resized.nl.v/} /home/prajuval/Desktop/OpenLane/openlane/n_bit_alu/runs/run_11/config.tcl}"

Mon Apr 07 00:11:31 +0000 2025 - Executing "openroad -exit /home/prajuval/Desktop/OpenLane/scripts/openroad/resizer_routing_design.tcl |& tee /dev/null /home/prajuval/Desktop/OpenLane/openlane/n_bit_alu/runs/run_11/logs/routing/18-resizer_design.log"

Mon Apr 07 00:11:31 +0000 2025 - Executing "{openroad -exit /home/prajuval/Desktop/OpenLane/scripts/openroad/resizer_routing_design.tcl |& tee /dev/null /home/prajuval/Desktop/OpenLane/openlane/n_bit_alu/runs/run_11/logs/routing/18-resizer_design.log}"

Mon Apr 07 00:11:33 +0000 2025 - Executing "{sed -i.bak -e {s/\(set ::env(CURRENT_NETLIST)\).*/\1 \/home\/prajuval\/Desktop\/OpenLane\/openlane\/n_bit_alu\/runs\/run_11\/tmp\/18-n_bit_alu.nl.v/} /home/prajuval/Desktop/OpenLane/openlane/n_bit_alu/runs/run_11/config.tcl}"

Mon Apr 07 00:11:33 +0000 2025 - Executing "openroad -exit /home/prajuval/Desktop/OpenLane/scripts/openroad/sta/multi_corner.tcl |& tee /dev/null /home/prajuval/Desktop/OpenLane/openlane/n_bit_alu/runs/run_11/logs/routing/19-rsz_design_sta.log"

Mon Apr 07 00:11:33 +0000 2025 - Executing "{openroad -exit /home/prajuval/Desktop/OpenLane/scripts/openroad/sta/multi_corner.tcl |& tee /dev/null /home/prajuval/Desktop/OpenLane/openlane/n_bit_alu/runs/run_11/logs/routing/19-rsz_design_sta.log}"

Mon Apr 07 00:11:33 +0000 2025 - Executing "openroad -exit /home/prajuval/Desktop/OpenLane/scripts/openroad/resizer_routing_timing.tcl |& tee /dev/null /home/prajuval/Desktop/OpenLane/openlane/n_bit_alu/runs/run_11/logs/routing/20-resizer_timing.log"

Mon Apr 07 00:11:33 +0000 2025 - Executing "{openroad -exit /home/prajuval/Desktop/OpenLane/scripts/openroad/resizer_routing_timing.tcl |& tee /dev/null /home/prajuval/Desktop/OpenLane/openlane/n_bit_alu/runs/run_11/logs/routing/20-resizer_timing.log}"

Mon Apr 07 00:11:35 +0000 2025 - Executing "{sed -i.bak -e {s/\(set ::env(CURRENT_NETLIST)\).*/\1 \/home\/prajuval\/Desktop\/OpenLane\/openlane\/n_bit_alu\/runs\/run_11\/tmp\/20-n_bit_alu.nl.v/} /home/prajuval/Desktop/OpenLane/openlane/n_bit_alu/runs/run_11/config.tcl}"

Mon Apr 07 00:11:35 +0000 2025 - Executing "openroad -exit /home/prajuval/Desktop/OpenLane/scripts/openroad/sta/multi_corner.tcl |& tee /dev/null /home/prajuval/Desktop/OpenLane/openlane/n_bit_alu/runs/run_11/logs/routing/21-rsz_timing_sta.log"

Mon Apr 07 00:11:35 +0000 2025 - Executing "{openroad -exit /home/prajuval/Desktop/OpenLane/scripts/openroad/sta/multi_corner.tcl |& tee /dev/null /home/prajuval/Desktop/OpenLane/openlane/n_bit_alu/runs/run_11/logs/routing/21-rsz_timing_sta.log}"

Mon Apr 07 00:11:35 +0000 2025 - Executing "openroad -exit /home/prajuval/Desktop/OpenLane/scripts/openroad/repair_antennas.tcl |& tee /dev/null /home/prajuval/Desktop/OpenLane/openlane/n_bit_alu/runs/run_11/logs/routing/22-global.log"

Mon Apr 07 00:11:35 +0000 2025 - Executing "{openroad -exit /home/prajuval/Desktop/OpenLane/scripts/openroad/repair_antennas.tcl |& tee /dev/null /home/prajuval/Desktop/OpenLane/openlane/n_bit_alu/runs/run_11/logs/routing/22-global.log}"

Mon Apr 07 00:11:36 +0000 2025 - Executing "openroad -exit /home/prajuval/Desktop/OpenLane/scripts/openroad/write_views.tcl |& tee /dev/null /home/prajuval/Desktop/OpenLane/openlane/n_bit_alu/runs/run_11/logs/routing/22-global_write_netlist.log"

Mon Apr 07 00:11:36 +0000 2025 - Executing "{openroad -exit /home/prajuval/Desktop/OpenLane/scripts/openroad/write_views.tcl |& tee /dev/null /home/prajuval/Desktop/OpenLane/openlane/n_bit_alu/runs/run_11/logs/routing/22-global_write_netlist.log}"

Mon Apr 07 00:11:36 +0000 2025 - Executing "{sed -i.bak -e {s/\(set ::env(CURRENT_NETLIST)\).*/\1 \/home\/prajuval\/Desktop\/OpenLane\/openlane\/n_bit_alu\/runs\/run_11\/tmp\/routing\/global.nl.v/} /home/prajuval/Desktop/OpenLane/openlane/n_bit_alu/runs/run_11/config.tcl}"

Mon Apr 07 00:11:36 +0000 2025 - Executing "openroad -exit /home/prajuval/Desktop/OpenLane/scripts/openroad/sta/multi_corner.tcl |& tee /dev/null /home/prajuval/Desktop/OpenLane/openlane/n_bit_alu/runs/run_11/logs/routing/24-grt_sta.log"

Mon Apr 07 00:11:36 +0000 2025 - Executing "{openroad -exit /home/prajuval/Desktop/OpenLane/scripts/openroad/sta/multi_corner.tcl |& tee /dev/null /home/prajuval/Desktop/OpenLane/openlane/n_bit_alu/runs/run_11/logs/routing/24-grt_sta.log}"

Mon Apr 07 00:11:37 +0000 2025 - Executing "openroad -exit /home/prajuval/Desktop/OpenLane/scripts/openroad/fill.tcl |& tee /dev/null /home/prajuval/Desktop/OpenLane/openlane/n_bit_alu/runs/run_11/logs/routing/25-fill.log"

Mon Apr 07 00:11:37 +0000 2025 - Executing "{openroad -exit /home/prajuval/Desktop/OpenLane/scripts/openroad/fill.tcl |& tee /dev/null /home/prajuval/Desktop/OpenLane/openlane/n_bit_alu/runs/run_11/logs/routing/25-fill.log}"

Mon Apr 07 00:11:37 +0000 2025 - Executing "{sed -i.bak -e {s/\(set ::env(CURRENT_NETLIST)\).*/\1 \/home\/prajuval\/Desktop\/OpenLane\/openlane\/n_bit_alu\/runs\/run_11\/tmp\/routing\/25-fill.nl.v/} /home/prajuval/Desktop/OpenLane/openlane/n_bit_alu/runs/run_11/config.tcl}"

Mon Apr 07 00:11:37 +0000 2025 - Executing "openroad -exit -metrics /home/prajuval/Desktop/OpenLane/openlane/n_bit_alu/runs/run_11/reports/routing/26-drt_metrics.json /home/prajuval/Desktop/OpenLane/scripts/openroad/droute.tcl |& tee /dev/null /home/prajuval/Desktop/OpenLane/openlane/n_bit_alu/runs/run_11/logs/routing/26-detailed.log"

Mon Apr 07 00:11:37 +0000 2025 - Executing "{openroad -exit -metrics /home/prajuval/Desktop/OpenLane/openlane/n_bit_alu/runs/run_11/reports/routing/26-drt_metrics.json /home/prajuval/Desktop/OpenLane/scripts/openroad/droute.tcl |& tee /dev/null /home/prajuval/Desktop/OpenLane/openlane/n_bit_alu/runs/run_11/logs/routing/26-detailed.log}"

Mon Apr 07 00:11:45 +0000 2025 - Executing "{sed -i.bak -e {s/\(set ::env(CURRENT_NETLIST)\).*/\1 \/home\/prajuval\/Desktop\/OpenLane\/openlane\/n_bit_alu\/runs\/run_11\/results\/routing\/n_bit_alu.nl.v/} /home/prajuval/Desktop/OpenLane/openlane/n_bit_alu/runs/run_11/config.tcl}"

Mon Apr 07 00:11:45 +0000 2025 - Executing "{python3 /home/prajuval/Desktop/OpenLane/scripts/drc_rosetta.py tr to_klayout -o /home/prajuval/Desktop/OpenLane/openlane/n_bit_alu/runs/run_11/reports/routing/drt.klayout.xml --design-name n_bit_alu /home/prajuval/Desktop/OpenLane/openlane/n_bit_alu/runs/run_11/reports/routing/drt.drc}"

Mon Apr 07 00:11:46 +0000 2025 - Executing "{openroad -exit -no_init -python /home/prajuval/Desktop/OpenLane/scripts/odbpy/wire_lengths.py --report-out /home/prajuval/Desktop/OpenLane/openlane/n_bit_alu/runs/run_11/reports/routing/27-wire_lengths.csv --input-lef /home/prajuval/Desktop/OpenLane/openlane/n_bit_alu/runs/run_11/tmp/merged.nom.lef --output-def /home/prajuval/Desktop/OpenLane/openlane/n_bit_alu/runs/run_11/results/routing/n_bit_alu.def --output /home/prajuval/Desktop/OpenLane/openlane/n_bit_alu/runs/run_11/results/routing/n_bit_alu.odb /home/prajuval/Desktop/OpenLane/openlane/n_bit_alu/runs/run_11/results/routing/n_bit_alu.odb |& tee /dev/null /home/prajuval/Desktop/OpenLane/openlane/n_bit_alu/runs/run_11/logs/routing/27-wire_lengths.log}"

Mon Apr 07 00:11:46 +0000 2025 - Executing "openroad -exit /home/prajuval/Desktop/OpenLane/scripts/openroad/rcx.tcl |& tee /dev/null /home/prajuval/Desktop/OpenLane/openlane/n_bit_alu/runs/run_11/logs/signoff/28-parasitics_extraction.min.log"

Mon Apr 07 00:11:46 +0000 2025 - Executing "{openroad -exit /home/prajuval/Desktop/OpenLane/scripts/openroad/rcx.tcl |& tee /dev/null /home/prajuval/Desktop/OpenLane/openlane/n_bit_alu/runs/run_11/logs/signoff/28-parasitics_extraction.min.log}"

Mon Apr 07 00:11:46 +0000 2025 - Executing "sta -exit -no_init /home/prajuval/Desktop/OpenLane/scripts/openroad/sta/multi_corner.tcl |& tee /dev/null /home/prajuval/Desktop/OpenLane/openlane/n_bit_alu/runs/run_11/logs/signoff/29-rcx_mcsta.min.log"

Mon Apr 07 00:11:46 +0000 2025 - Executing "{sta -exit -no_init /home/prajuval/Desktop/OpenLane/scripts/openroad/sta/multi_corner.tcl |& tee /dev/null /home/prajuval/Desktop/OpenLane/openlane/n_bit_alu/runs/run_11/logs/signoff/29-rcx_mcsta.min.log}"

Mon Apr 07 00:11:48 +0000 2025 - Executing "openroad -exit /home/prajuval/Desktop/OpenLane/scripts/openroad/rcx.tcl |& tee /dev/null /home/prajuval/Desktop/OpenLane/openlane/n_bit_alu/runs/run_11/logs/signoff/30-parasitics_extraction.max.log"

Mon Apr 07 00:11:48 +0000 2025 - Executing "{openroad -exit /home/prajuval/Desktop/OpenLane/scripts/openroad/rcx.tcl |& tee /dev/null /home/prajuval/Desktop/OpenLane/openlane/n_bit_alu/runs/run_11/logs/signoff/30-parasitics_extraction.max.log}"

Mon Apr 07 00:11:49 +0000 2025 - Executing "sta -exit -no_init /home/prajuval/Desktop/OpenLane/scripts/openroad/sta/multi_corner.tcl |& tee /dev/null /home/prajuval/Desktop/OpenLane/openlane/n_bit_alu/runs/run_11/logs/signoff/31-rcx_mcsta.max.log"

Mon Apr 07 00:11:49 +0000 2025 - Executing "{sta -exit -no_init /home/prajuval/Desktop/OpenLane/scripts/openroad/sta/multi_corner.tcl |& tee /dev/null /home/prajuval/Desktop/OpenLane/openlane/n_bit_alu/runs/run_11/logs/signoff/31-rcx_mcsta.max.log}"

Mon Apr 07 00:11:51 +0000 2025 - Executing "openroad -exit /home/prajuval/Desktop/OpenLane/scripts/openroad/rcx.tcl |& tee /dev/null /home/prajuval/Desktop/OpenLane/openlane/n_bit_alu/runs/run_11/logs/signoff/32-parasitics_extraction.nom.log"

Mon Apr 07 00:11:51 +0000 2025 - Executing "{openroad -exit /home/prajuval/Desktop/OpenLane/scripts/openroad/rcx.tcl |& tee /dev/null /home/prajuval/Desktop/OpenLane/openlane/n_bit_alu/runs/run_11/logs/signoff/32-parasitics_extraction.nom.log}"

Mon Apr 07 00:11:52 +0000 2025 - Executing "sta -exit -no_init /home/prajuval/Desktop/OpenLane/scripts/openroad/sta/multi_corner.tcl |& tee /dev/null /home/prajuval/Desktop/OpenLane/openlane/n_bit_alu/runs/run_11/logs/signoff/33-rcx_mcsta.nom.log"

Mon Apr 07 00:11:52 +0000 2025 - Executing "{sta -exit -no_init /home/prajuval/Desktop/OpenLane/scripts/openroad/sta/multi_corner.tcl |& tee /dev/null /home/prajuval/Desktop/OpenLane/openlane/n_bit_alu/runs/run_11/logs/signoff/33-rcx_mcsta.nom.log}"

Mon Apr 07 00:11:54 +0000 2025 - Executing "openroad -exit /home/prajuval/Desktop/OpenLane/scripts/openroad/irdrop.tcl |& tee /dev/null /home/prajuval/Desktop/OpenLane/openlane/n_bit_alu/runs/run_11/logs/signoff/34-irdrop.log"

Mon Apr 07 00:11:54 +0000 2025 - Executing "{openroad -exit /home/prajuval/Desktop/OpenLane/scripts/openroad/irdrop.tcl |& tee /dev/null /home/prajuval/Desktop/OpenLane/openlane/n_bit_alu/runs/run_11/logs/signoff/34-irdrop.log}"

Mon Apr 07 00:11:55 +0000 2025 - Executing "magic -noconsole -dnull -rcfile /home/prajuval/.volare/sky130A/libs.tech/magic/sky130A.magicrc < /home/prajuval/Desktop/OpenLane/scripts/magic/wrapper.tcl |& tee /dev/null /home/prajuval/Desktop/OpenLane/openlane/n_bit_alu/runs/run_11/logs/signoff/35-gdsii.log"

Mon Apr 07 00:11:55 +0000 2025 - Executing "{magic -noconsole -dnull -rcfile /home/prajuval/.volare/sky130A/libs.tech/magic/sky130A.magicrc < /home/prajuval/Desktop/OpenLane/scripts/magic/wrapper.tcl |& tee /dev/null /home/prajuval/Desktop/OpenLane/openlane/n_bit_alu/runs/run_11/logs/signoff/35-gdsii.log}"

Mon Apr 07 00:11:55 +0000 2025 - Executing "magic -noconsole -dnull -rcfile /home/prajuval/.volare/sky130A/libs.tech/magic/sky130A.magicrc < /home/prajuval/Desktop/OpenLane/scripts/magic/wrapper.tcl |& tee /dev/null /home/prajuval/Desktop/OpenLane/openlane/n_bit_alu/runs/run_11/logs/signoff/35-gds_ptrs.log"

Mon Apr 07 00:11:55 +0000 2025 - Executing "{magic -noconsole -dnull -rcfile /home/prajuval/.volare/sky130A/libs.tech/magic/sky130A.magicrc < /home/prajuval/Desktop/OpenLane/scripts/magic/wrapper.tcl |& tee /dev/null /home/prajuval/Desktop/OpenLane/openlane/n_bit_alu/runs/run_11/logs/signoff/35-gds_ptrs.log}"

Mon Apr 07 00:11:55 +0000 2025 - Executing "{sed -i.bak -n {/^<< properties >>/,/^<< end >>/p} /home/prajuval/Desktop/OpenLane/openlane/n_bit_alu/runs/run_11/tmp/signoff/gds_ptrs.mag}"

Mon Apr 07 00:11:55 +0000 2025 - Executing "magic -noconsole -dnull -rcfile /home/prajuval/.volare/sky130A/libs.tech/magic/sky130A.magicrc < /home/prajuval/Desktop/OpenLane/scripts/magic/wrapper.tcl |& tee /dev/null /home/prajuval/Desktop/OpenLane/openlane/n_bit_alu/runs/run_11/logs/signoff/35-lef.log"

Mon Apr 07 00:11:55 +0000 2025 - Executing "{magic -noconsole -dnull -rcfile /home/prajuval/.volare/sky130A/libs.tech/magic/sky130A.magicrc < /home/prajuval/Desktop/OpenLane/scripts/magic/wrapper.tcl |& tee /dev/null /home/prajuval/Desktop/OpenLane/openlane/n_bit_alu/runs/run_11/logs/signoff/35-lef.log}"

Mon Apr 07 00:11:56 +0000 2025 - Executing "magic -noconsole -dnull -rcfile /home/prajuval/.volare/sky130A/libs.tech/magic/sky130A.magicrc < /home/prajuval/Desktop/OpenLane/scripts/magic/wrapper.tcl |& tee /dev/null /home/prajuval/Desktop/OpenLane/openlane/n_bit_alu/runs/run_11/logs/signoff/35-maglef.log"

Mon Apr 07 00:11:56 +0000 2025 - Executing "{magic -noconsole -dnull -rcfile /home/prajuval/.volare/sky130A/libs.tech/magic/sky130A.magicrc < /home/prajuval/Desktop/OpenLane/scripts/magic/wrapper.tcl |& tee /dev/null /home/prajuval/Desktop/OpenLane/openlane/n_bit_alu/runs/run_11/logs/signoff/35-maglef.log}"

Mon Apr 07 00:11:56 +0000 2025 - Executing "{python3 /home/prajuval/Desktop/OpenLane/scripts/klayout/stream_out.py --output /home/prajuval/Desktop/OpenLane/openlane/n_bit_alu/runs/run_11/results/signoff/n_bit_alu.klayout.gds --lyt /home/prajuval/.volare/sky130A/libs.tech/klayout/tech/sky130A.lyt --lym /home/prajuval/.volare/sky130A/libs.tech/klayout/tech/sky130A.map --lyp /home/prajuval/.volare/sky130A/libs.tech/klayout/tech/sky130A.lyp --top n_bit_alu --with-gds-file /home/prajuval/.volare/sky130A/libs.ref/sky130_fd_sc_hd/gds/sky130_fd_sc_hd.gds --input-lef /home/prajuval/Desktop/OpenLane/openlane/n_bit_alu/runs/run_11/tmp/merged.nom.lef /home/prajuval/Desktop/OpenLane/openlane/n_bit_alu/runs/run_11/results/routing/n_bit_alu.def |& tee /dev/null /home/prajuval/Desktop/OpenLane/openlane/n_bit_alu/runs/run_11/logs/signoff/36-gdsii-klayout.log}"

Mon Apr 07 00:11:56 +0000 2025 - Executing "{klayout -b -r /home/prajuval/Desktop/OpenLane/scripts/klayout/xor.drc -rd a=/home/prajuval/Desktop/OpenLane/openlane/n_bit_alu/runs/run_11/results/signoff/n_bit_alu.gds -rd b=/home/prajuval/Desktop/OpenLane/openlane/n_bit_alu/runs/run_11/results/signoff/n_bit_alu.klayout.gds -rd jobs=1 -rd rdb_out=/home/prajuval/Desktop/OpenLane/openlane/n_bit_alu/runs/run_11/reports/signoff/37-xor.xml -rd ignore=81/14 -rd rpt_out=/home/prajuval/Desktop/OpenLane/openlane/n_bit_alu/runs/run_11/reports/signoff/37-xor.rpt |& tee /dev/null /home/prajuval/Desktop/OpenLane/openlane/n_bit_alu/runs/run_11/logs/signoff/37-xor.log}"

Mon Apr 07 00:11:57 +0000 2025 - Executing "magic -noconsole -dnull -rcfile /home/prajuval/.volare/sky130A/libs.tech/magic/sky130A.magicrc < /home/prajuval/Desktop/OpenLane/scripts/magic/wrapper.tcl |& tee /dev/null /home/prajuval/Desktop/OpenLane/openlane/n_bit_alu/runs/run_11/logs/signoff/38-spice.log"

Mon Apr 07 00:11:57 +0000 2025 - Executing "{magic -noconsole -dnull -rcfile /home/prajuval/.volare/sky130A/libs.tech/magic/sky130A.magicrc < /home/prajuval/Desktop/OpenLane/scripts/magic/wrapper.tcl |& tee /dev/null /home/prajuval/Desktop/OpenLane/openlane/n_bit_alu/runs/run_11/logs/signoff/38-spice.log}"

Mon Apr 07 00:11:58 +0000 2025 - Executing "{openroad -exit -no_init -python /home/prajuval/Desktop/OpenLane/scripts/odbpy/power_utils.py write_powered_def --output /home/prajuval/Desktop/OpenLane/openlane/n_bit_alu/runs/run_11/tmp/signoff/38-n_bit_alu.p.def --input-lef /home/prajuval/Desktop/OpenLane/openlane/n_bit_alu/runs/run_11/tmp/merged.nom.lef --power-port VPWR --ground-port VGND --powered-netlist {} /home/prajuval/Desktop/OpenLane/openlane/n_bit_alu/runs/run_11/results/routing/n_bit_alu.def |& tee /dev/null /home/prajuval/Desktop/OpenLane/openlane/n_bit_alu/runs/run_11/logs/signoff/39-write_powered_def.log}"

Mon Apr 07 00:11:58 +0000 2025 - Executing "openroad -exit /home/prajuval/Desktop/OpenLane/scripts/openroad/write_views.tcl |& tee /dev/null /home/prajuval/Desktop/OpenLane/openlane/n_bit_alu/runs/run_11/logs/signoff/39-write_powered_verilog.log"

Mon Apr 07 00:11:58 +0000 2025 - Executing "{openroad -exit /home/prajuval/Desktop/OpenLane/scripts/openroad/write_views.tcl |& tee /dev/null /home/prajuval/Desktop/OpenLane/openlane/n_bit_alu/runs/run_11/logs/signoff/39-write_powered_verilog.log}"

Mon Apr 07 00:11:58 +0000 2025 - Executing "{sed -i.bak -e {s/\(set ::env(CURRENT_NETLIST)\).*/\1 \/home\/prajuval\/Desktop\/OpenLane\/openlane\/n_bit_alu\/runs\/run_11\/tmp\/signoff\/38-n_bit_alu.nl.v/} /home/prajuval/Desktop/OpenLane/openlane/n_bit_alu/runs/run_11/config.tcl}"

Mon Apr 07 00:11:58 +0000 2025 - Executing "{netgen -batch source /home/prajuval/Desktop/OpenLane/openlane/n_bit_alu/runs/run_11/tmp/signoff/41-setup_file.lef.lvs |& tee /dev/null /home/prajuval/Desktop/OpenLane/openlane/n_bit_alu/runs/run_11/logs/signoff/41-lvs.lef.log}"

Mon Apr 07 00:11:59 +0000 2025 - Executing "magic -noconsole -dnull -rcfile /home/prajuval/.volare/sky130A/libs.tech/magic/sky130A.magicrc < /home/prajuval/Desktop/OpenLane/scripts/magic/wrapper.tcl |& tee /dev/null /home/prajuval/Desktop/OpenLane/openlane/n_bit_alu/runs/run_11/logs/signoff/42-drc.log"

Mon Apr 07 00:11:59 +0000 2025 - Executing "{magic -noconsole -dnull -rcfile /home/prajuval/.volare/sky130A/libs.tech/magic/sky130A.magicrc < /home/prajuval/Desktop/OpenLane/scripts/magic/wrapper.tcl |& tee /dev/null /home/prajuval/Desktop/OpenLane/openlane/n_bit_alu/runs/run_11/logs/signoff/42-drc.log}"

Mon Apr 07 00:12:00 +0000 2025 - Executing "{python3 /home/prajuval/Desktop/OpenLane/scripts/drc_rosetta.py magic to_tcl -o /home/prajuval/Desktop/OpenLane/openlane/n_bit_alu/runs/run_11/reports/signoff/drc.tcl /home/prajuval/Desktop/OpenLane/openlane/n_bit_alu/runs/run_11/reports/signoff/drc.rpt}"

Mon Apr 07 00:12:00 +0000 2025 - Executing "{python3 /home/prajuval/Desktop/OpenLane/scripts/drc_rosetta.py magic to_tr -o /home/prajuval/Desktop/OpenLane/openlane/n_bit_alu/runs/run_11/reports/signoff/drc.tr /home/prajuval/Desktop/OpenLane/openlane/n_bit_alu/runs/run_11/reports/signoff/drc.rpt}"

Mon Apr 07 00:12:00 +0000 2025 - Executing "{python3 /home/prajuval/Desktop/OpenLane/scripts/drc_rosetta.py tr to_klayout -o /home/prajuval/Desktop/OpenLane/openlane/n_bit_alu/runs/run_11/reports/signoff/drc.klayout.xml --design-name n_bit_alu /home/prajuval/Desktop/OpenLane/openlane/n_bit_alu/runs/run_11/reports/signoff/drc.tr}"

Mon Apr 07 00:12:00 +0000 2025 - Executing "{python3 /home/prajuval/Desktop/OpenLane/scripts/drc_rosetta.py magic to_rdb -o /home/prajuval/Desktop/OpenLane/openlane/n_bit_alu/runs/run_11/reports/signoff/drc.rdb /home/prajuval/Desktop/OpenLane/openlane/n_bit_alu/runs/run_11/reports/signoff/drc.rpt}"

Mon Apr 07 00:12:00 +0000 2025 - Executing "{klayout -b -zz -r /home/prajuval/.volare/sky130A/libs.tech/klayout/drc/sky130A_mr.drc -rd topcell=n_bit_alu -rd input=/home/prajuval/Desktop/OpenLane/openlane/n_bit_alu/runs/run_11/results/signoff/n_bit_alu.gds -rd report=/home/prajuval/Desktop/OpenLane/openlane/n_bit_alu/runs/run_11/reports/signoff/violations.xml -rd feol=true -rd beol=true -rd floating_metal=false -rd seal=true -rd thread=1 |& tee /dev/null /home/prajuval/Desktop/OpenLane/openlane/n_bit_alu/runs/run_11/logs/signoff/43-drc-klayout.log}"

Mon Apr 07 00:12:03 +0000 2025 - Executing "{python3 /home/prajuval/Desktop/OpenLane/scripts/klayout/xml_drc_report_to_json.py --xml-file /home/prajuval/Desktop/OpenLane/openlane/n_bit_alu/runs/run_11/reports/signoff/violations.xml --json-file /home/prajuval/Desktop/OpenLane/openlane/n_bit_alu/runs/run_11/reports/signoff/violations.json}"

Mon Apr 07 00:12:03 +0000 2025 - Executing "{python3 /home/prajuval/Desktop/OpenLane/scripts/write_runtime.py --conclude --seconds --time-in 1743984723 {flow failed}}"

Mon Apr 07 00:12:03 +0000 2025 - Executing "{python3 /home/prajuval/Desktop/OpenLane/scripts/generate_reports.py -d /home/prajuval/Desktop/OpenLane/openlane/n_bit_alu --design_name n_bit_alu --tag run_11 --output_file /home/prajuval/Desktop/OpenLane/openlane/n_bit_alu/runs/run_11/reports/metrics.csv --man_report /home/prajuval/Desktop/OpenLane/openlane/n_bit_alu/runs/run_11/reports/manufacturability.rpt --run_path /home/prajuval/Desktop/OpenLane/openlane/n_bit_alu/runs/run_11}"

